--- Log File Created: 2026-03-15 06:14:16.994 ---
[2026-03-15 06:14:17.163]<DEBUG> [Detector]Robot Inferencer initializing...
[2026-03-15 06:14:17.164]<DEBUG> [Yolov8Inferencer]Model loaded: car_v8n
[2026-03-15 06:14:17.164]<DEBUG> [Yolov8Inferencer]Model class count: 1
[2026-03-15 06:14:17.164]<DEBUG> [Yolov8Inferencer]Model loaded: armor_v8n
[2026-03-15 06:14:17.164]<DEBUG> [Yolov8Inferencer]Model class count: 12
[2026-03-15 06:14:17.164]<DEBUG> [Yolov8Inferencer]Model loaded: armor_v8n
[2026-03-15 06:14:17.164]<DEBUG> [Yolov8Inferencer]Model class count: 12
[2026-03-15 06:14:17.164]<DEBUG> [Yolov8Inferencer]Model loaded: armor_v8n
[2026-03-15 06:14:17.164]<DEBUG> [Yolov8Inferencer]Model class count: 12
[2026-03-15 06:14:17.164]<DEBUG> [Yolov8Inferencer]Model loaded: armor_v8n
[2026-03-15 06:14:17.164]<DEBUG> [Yolov8Inferencer]Model class count: 12
[2026-03-15 06:14:17.164]<DEBUG> [Yolov8Inferencer]Model loaded: armor_v8n
[2026-03-15 06:14:17.164]<DEBUG> [Yolov8Inferencer]Model class count: 12
[2026-03-15 06:14:17.164]<DEBUG> [Yolov8Inferencer]Model loaded: armor_v8n
[2026-03-15 06:14:17.164]<DEBUG> [Yolov8Inferencer]Model class count: 12
[2026-03-15 06:14:17.164]<DEBUG> [Yolov8Inferencer]Model loaded: armor_v8n
[2026-03-15 06:14:17.165]<DEBUG> [Yolov8Inferencer]Model class count: 12
[2026-03-15 06:14:17.165]<DEBUG> [Yolov8Inferencer]Model loaded: armor_v8n
[2026-03-15 06:14:17.165]<DEBUG> [Yolov8Inferencer]Model class count: 12
[2026-03-15 06:14:17.165]<DEBUG> [Yolov8Inferencer]Model loaded: armor_v8n
[2026-03-15 06:14:17.165]<DEBUG> [Yolov8Inferencer]Model class count: 12
[2026-03-15 06:14:17.165]<DEBUG> [Yolov8Inferencer]Model loaded: armor_v8n
[2026-03-15 06:14:17.165]<DEBUG> [Yolov8Inferencer]Model class count: 12
[2026-03-15 06:14:17.165]<DEBUG> [Yolov8Inferencer]Model loaded: armor_v8n
[2026-03-15 06:14:17.165]<DEBUG> [Yolov8Inferencer]Model class count: 12
[2026-03-15 06:14:17.165]<DEBUG> [Yolov8Inferencer]Model loaded: armor_v8n
[2026-03-15 06:14:17.165]<DEBUG> [Yolov8Inferencer]Model class count: 12
[2026-03-15 06:14:17.165]<DEBUG> [Detector]initialized.
[2026-03-15 06:14:32.805]<DEBUG> [WebCameraHandler]Camera devices scanned: 4 devices found.
[2026-03-15 06:14:32.806]<DEBUG> [WebCameraHandler]--- Camera device 0: UGREEN 95348: UGREEN 95348 (/dev/video0)
[2026-03-15 06:14:32.806]<DEBUG> [WebCameraHandler]--- Camera device 1: UGREEN 95348: UGREEN 95348 (/dev/video1)
[2026-03-15 06:14:32.806]<DEBUG> [WebCameraHandler]--- Camera device 2: USB2.0 FHD UVC WebCam: USB2.0 F (/dev/video2)
[2026-03-15 06:14:32.806]<DEBUG> [WebCameraHandler]--- Camera device 3: USB2.0 FHD UVC WebCam: USB2.0 F (/dev/video3)
[2026-03-15 06:14:48.826]<DEBUG> [WebCameraHandler]Camera devices scanned: 5 devices found.
[2026-03-15 06:14:48.826]<DEBUG> [WebCameraHandler]--- Camera device 0: UGREEN 95348: UGREEN 95348 (/dev/video0)
[2026-03-15 06:14:48.826]<DEBUG> [WebCameraHandler]--- Camera device 1: UGREEN 95348: UGREEN 95348 (/dev/video1)
[2026-03-15 06:14:48.826]<DEBUG> [WebCameraHandler]--- Camera device 2: USB2.0 FHD UVC WebCam: USB2.0 F (/dev/video2)
[2026-03-15 06:14:48.826]<DEBUG> [WebCameraHandler]--- Camera device 3: USB2.0 FHD UVC WebCam: USB2.0 F (/dev/video3)
[2026-03-15 06:14:48.826]<DEBUG> [WebCameraHandler]--- Camera device 4: UGREEN Virtual Camera (/dev/video4)
[2026-03-15 06:14:53.990]<ERROR> [WebCameraHandler]Failed to open UGREEN Virtual Camera (/dev/video4).
[2026-03-15 06:15:49.091]<DEBUG> [Detector]Robot Inferencer initializing...
[2026-03-15 06:15:49.091]<DEBUG> [Detector]initialized.
[2026-03-15 06:15:49.091]<DEBUG> [Detector]Detection started.
