--- Log File Created: 2026-03-17 22:21:28.537 ---
[2026-03-17 22:21:28.730]<DEBUG> [Detector]Robot Inferencer initializing...
[2026-03-17 22:21:28.731]<DEBUG> [Yolov8Inferencer]Model loaded: car_v8n
[2026-03-17 22:21:28.731]<DEBUG> [Yolov8Inferencer]Model class count: 1
[2026-03-17 22:21:28.731]<DEBUG> [Yolov8Inferencer]Model loaded: armor_v8n
[2026-03-17 22:21:28.731]<DEBUG> [Yolov8Inferencer]Model class count: 12
[2026-03-17 22:21:28.732]<DEBUG> [Yolov8Inferencer]Model loaded: armor_v8n
[2026-03-17 22:21:28.732]<DEBUG> [Yolov8Inferencer]Model class count: 12
[2026-03-17 22:21:28.732]<DEBUG> [Yolov8Inferencer]Model loaded: armor_v8n
[2026-03-17 22:21:28.732]<DEBUG> [Yolov8Inferencer]Model class count: 12
[2026-03-17 22:21:28.732]<DEBUG> [Yolov8Inferencer]Model loaded: armor_v8n
[2026-03-17 22:21:28.732]<DEBUG> [Yolov8Inferencer]Model class count: 12
[2026-03-17 22:21:28.732]<DEBUG> [Yolov8Inferencer]Model loaded: armor_v8n
[2026-03-17 22:21:28.732]<DEBUG> [Yolov8Inferencer]Model class count: 12
[2026-03-17 22:21:28.732]<DEBUG> [Yolov8Inferencer]Model loaded: armor_v8n
[2026-03-17 22:21:28.732]<DEBUG> [Yolov8Inferencer]Model class count: 12
[2026-03-17 22:21:28.732]<DEBUG> [Yolov8Inferencer]Model loaded: armor_v8n
[2026-03-17 22:21:28.732]<DEBUG> [Yolov8Inferencer]Model class count: 12
[2026-03-17 22:21:28.732]<DEBUG> [Yolov8Inferencer]Model loaded: armor_v8n
[2026-03-17 22:21:28.732]<DEBUG> [Yolov8Inferencer]Model class count: 12
[2026-03-17 22:21:28.732]<DEBUG> [Yolov8Inferencer]Model loaded: armor_v8n
[2026-03-17 22:21:28.732]<DEBUG> [Yolov8Inferencer]Model class count: 12
[2026-03-17 22:21:28.733]<DEBUG> [Yolov8Inferencer]Model loaded: armor_v8n
[2026-03-17 22:21:28.733]<DEBUG> [Yolov8Inferencer]Model class count: 12
[2026-03-17 22:21:28.733]<DEBUG> [Yolov8Inferencer]Model loaded: armor_v8n
[2026-03-17 22:21:28.733]<DEBUG> [Yolov8Inferencer]Model class count: 12
[2026-03-17 22:21:28.733]<DEBUG> [Yolov8Inferencer]Model loaded: armor_v8n
[2026-03-17 22:21:28.733]<DEBUG> [Yolov8Inferencer]Model class count: 12
[2026-03-17 22:21:28.733]<DEBUG> [Detector]initialized.
