--- Log File Created: 2026-03-06 11:20:55.254 ---
[2026-03-06 11:20:55.449]<DEBUG> [Detector]Robot Inferencer initializing...
[2026-03-06 11:20:55.454]<DEBUG> [Yolov8Inferencer]Model loaded: car_v8n
[2026-03-06 11:20:55.456]<DEBUG> [Yolov8Inferencer]Model class count: 1
[2026-03-06 11:20:55.459]<DEBUG> [Yolov8Inferencer]Model loaded: armor_v8n
[2026-03-06 11:20:55.461]<DEBUG> [Yolov8Inferencer]Model class count: 12
[2026-03-06 11:20:55.462]<DEBUG> [Yolov8Inferencer]Model loaded: armor_v8n
[2026-03-06 11:20:55.465]<DEBUG> [Yolov8Inferencer]Model class count: 12
[2026-03-06 11:20:55.466]<DEBUG> [Yolov8Inferencer]Model loaded: armor_v8n
[2026-03-06 11:20:55.468]<DEBUG> [Yolov8Inferencer]Model class count: 12
[2026-03-06 11:20:55.470]<DEBUG> [Yolov8Inferencer]Model loaded: armor_v8n
[2026-03-06 11:20:55.472]<DEBUG> [Yolov8Inferencer]Model class count: 12
[2026-03-06 11:20:55.473]<DEBUG> [Yolov8Inferencer]Model loaded: armor_v8n
[2026-03-06 11:20:55.475]<DEBUG> [Yolov8Inferencer]Model class count: 12
[2026-03-06 11:20:55.476]<DEBUG> [Yolov8Inferencer]Model loaded: armor_v8n
[2026-03-06 11:20:55.478]<DEBUG> [Yolov8Inferencer]Model class count: 12
[2026-03-06 11:20:55.479]<DEBUG> [Yolov8Inferencer]Model loaded: armor_v8n
[2026-03-06 11:20:55.480]<DEBUG> [Yolov8Inferencer]Model class count: 12
[2026-03-06 11:20:55.483]<DEBUG> [Yolov8Inferencer]Model loaded: armor_v8n
[2026-03-06 11:20:55.484]<DEBUG> [Yolov8Inferencer]Model class count: 12
[2026-03-06 11:20:55.486]<DEBUG> [Yolov8Inferencer]Model loaded: armor_v8n
[2026-03-06 11:20:55.487]<DEBUG> [Yolov8Inferencer]Model class count: 12
[2026-03-06 11:20:55.489]<DEBUG> [Yolov8Inferencer]Model loaded: armor_v8n
[2026-03-06 11:20:55.490]<DEBUG> [Yolov8Inferencer]Model class count: 12
[2026-03-06 11:20:55.492]<DEBUG> [Yolov8Inferencer]Model loaded: armor_v8n
[2026-03-06 11:20:55.493]<DEBUG> [Yolov8Inferencer]Model class count: 12
[2026-03-06 11:20:55.495]<DEBUG> [Yolov8Inferencer]Model loaded: armor_v8n
[2026-03-06 11:20:55.497]<DEBUG> [Yolov8Inferencer]Model class count: 12
[2026-03-06 11:20:55.498]<DEBUG> [Detector]initialized.
