--- Log File Created: 2026-05-08 06:25:48.390 ---
[2026-05-08 06:25:48.592]<DEBUG> [WebCameraHandler]Starting...
[2026-05-08 06:25:48.592]<DEBUG> [TCP]TCP receiver client starting, target 127.0.0.1:1400
[2026-05-08 06:25:48.593]<DEBUG> [TCP]TCP sender server listening at 0.0.0.0:1500
[2026-05-08 06:25:48.593]<DEBUG> [Detector]Robot Inferencer initializing...
[2026-05-08 06:25:48.593]<WARNING> [TCP]TCP receiver connect warning: Connection refused
[2026-05-08 06:25:48.593]<DEBUG> [Yolov8Inferencer]Model loaded: car_v8n
[2026-05-08 06:25:48.593]<DEBUG> [Yolov8Inferencer]Model class count: 1
[2026-05-08 06:25:48.593]<DEBUG> [Yolov8Inferencer]Model loaded: armor_v8n
[2026-05-08 06:25:48.594]<DEBUG> [Yolov8Inferencer]Model class count: 12
[2026-05-08 06:25:48.594]<DEBUG> [Yolov8Inferencer]Model loaded: armor_v8n
[2026-05-08 06:25:48.594]<DEBUG> [Yolov8Inferencer]Model class count: 12
[2026-05-08 06:25:48.594]<DEBUG> [Yolov8Inferencer]Model loaded: armor_v8n
[2026-05-08 06:25:48.594]<DEBUG> [Yolov8Inferencer]Model class count: 12
[2026-05-08 06:25:48.594]<DEBUG> [Yolov8Inferencer]Model loaded: armor_v8n
[2026-05-08 06:25:48.594]<DEBUG> [Yolov8Inferencer]Model class count: 12
[2026-05-08 06:25:48.594]<DEBUG> [Yolov8Inferencer]Model loaded: armor_v8n
[2026-05-08 06:25:48.594]<DEBUG> [Yolov8Inferencer]Model class count: 12
[2026-05-08 06:25:48.594]<DEBUG> [Yolov8Inferencer]Model loaded: armor_v8n
[2026-05-08 06:25:48.594]<DEBUG> [Yolov8Inferencer]Model class count: 12
[2026-05-08 06:25:48.594]<DEBUG> [Yolov8Inferencer]Model loaded: armor_v8n
[2026-05-08 06:25:48.594]<DEBUG> [Yolov8Inferencer]Model class count: 12
[2026-05-08 06:25:48.595]<DEBUG> [Yolov8Inferencer]Model loaded: armor_v8n
[2026-05-08 06:25:48.595]<DEBUG> [Yolov8Inferencer]Model class count: 12
[2026-05-08 06:25:48.595]<DEBUG> [Yolov8Inferencer]Model loaded: armor_v8n
[2026-05-08 06:25:48.595]<DEBUG> [Yolov8Inferencer]Model class count: 12
[2026-05-08 06:25:48.595]<DEBUG> [Yolov8Inferencer]Model loaded: armor_v8n
[2026-05-08 06:25:48.595]<DEBUG> [Yolov8Inferencer]Model class count: 12
[2026-05-08 06:25:48.595]<DEBUG> [Yolov8Inferencer]Model loaded: armor_v8n
[2026-05-08 06:25:48.595]<DEBUG> [Yolov8Inferencer]Model class count: 12
[2026-05-08 06:25:48.595]<DEBUG> [Yolov8Inferencer]Model loaded: armor_v8n
[2026-05-08 06:25:48.595]<DEBUG> [Yolov8Inferencer]Model class count: 12
[2026-05-08 06:25:48.595]<DEBUG> [Detector]initialized.
[2026-05-08 06:25:49.533]<WARNING> [TCP]TCP receiver connect warning: Connection refused
[2026-05-08 06:25:50.410]<WARNING> [TCP]TCP receiver connect warning: Connection refused
[2026-05-08 06:25:51.412]<WARNING> [TCP]TCP receiver connect warning: Connection refused
