--- Log File Created: 2026-05-08 10:39:20.519 ---
[2026-05-08 10:39:20.709]<DEBUG> [WebCameraHandler]Starting...
[2026-05-08 10:39:20.710]<DEBUG> [TCP]TCP receiver client starting, target 127.0.0.1:1400
[2026-05-08 10:39:20.710]<DEBUG> [TCP]TCP sender server listening at 0.0.0.0:1500
[2026-05-08 10:39:20.711]<DEBUG> [Detector]Robot Inferencer initializing...
[2026-05-08 10:39:20.711]<WARNING> [TCP]TCP receiver connect warning: Connection refused
[2026-05-08 10:39:20.711]<DEBUG> [Yolov8Inferencer]Model loaded: car_v8n
[2026-05-08 10:39:20.711]<DEBUG> [Yolov8Inferencer]Model class count: 1
[2026-05-08 10:39:20.711]<DEBUG> [Yolov8Inferencer]Model loaded: armor_v8n
[2026-05-08 10:39:20.711]<DEBUG> [Yolov8Inferencer]Model class count: 12
[2026-05-08 10:39:20.711]<DEBUG> [Yolov8Inferencer]Model loaded: armor_v8n
[2026-05-08 10:39:20.711]<DEBUG> [Yolov8Inferencer]Model class count: 12
[2026-05-08 10:39:20.711]<DEBUG> [Yolov8Inferencer]Model loaded: armor_v8n
[2026-05-08 10:39:20.712]<DEBUG> [Yolov8Inferencer]Model class count: 12
[2026-05-08 10:39:20.712]<DEBUG> [Yolov8Inferencer]Model loaded: armor_v8n
[2026-05-08 10:39:20.712]<DEBUG> [Yolov8Inferencer]Model class count: 12
[2026-05-08 10:39:20.712]<DEBUG> [Yolov8Inferencer]Model loaded: armor_v8n
[2026-05-08 10:39:20.712]<DEBUG> [Yolov8Inferencer]Model class count: 12
[2026-05-08 10:39:20.712]<DEBUG> [Yolov8Inferencer]Model loaded: armor_v8n
[2026-05-08 10:39:20.712]<DEBUG> [Yolov8Inferencer]Model class count: 12
[2026-05-08 10:39:20.712]<DEBUG> [Yolov8Inferencer]Model loaded: armor_v8n
[2026-05-08 10:39:20.712]<DEBUG> [Yolov8Inferencer]Model class count: 12
[2026-05-08 10:39:20.712]<DEBUG> [Yolov8Inferencer]Model loaded: armor_v8n
[2026-05-08 10:39:20.712]<DEBUG> [Yolov8Inferencer]Model class count: 12
[2026-05-08 10:39:20.712]<DEBUG> [Yolov8Inferencer]Model loaded: armor_v8n
[2026-05-08 10:39:20.712]<DEBUG> [Yolov8Inferencer]Model class count: 12
[2026-05-08 10:39:20.712]<DEBUG> [Yolov8Inferencer]Model loaded: armor_v8n
[2026-05-08 10:39:20.712]<DEBUG> [Yolov8Inferencer]Model class count: 12
[2026-05-08 10:39:20.713]<DEBUG> [Yolov8Inferencer]Model loaded: armor_v8n
[2026-05-08 10:39:20.713]<DEBUG> [Yolov8Inferencer]Model class count: 12
[2026-05-08 10:39:20.713]<DEBUG> [Yolov8Inferencer]Model loaded: armor_v8n
[2026-05-08 10:39:20.713]<DEBUG> [Yolov8Inferencer]Model class count: 12
[2026-05-08 10:39:20.713]<DEBUG> [Detector]initialized.
[2026-05-08 10:39:21.602]<WARNING> [TCP]TCP receiver connect warning: Connection refused
[2026-05-08 10:39:22.529]<WARNING> [TCP]TCP receiver connect warning: Connection refused
[2026-05-08 10:39:23.527]<WARNING> [TCP]TCP receiver connect warning: Connection refused
[2026-05-08 10:39:24.529]<WARNING> [TCP]TCP receiver connect warning: Connection refused
[2026-05-08 10:39:25.526]<WARNING> [TCP]TCP receiver connect warning: Connection refused
[2026-05-08 10:39:26.524]<WARNING> [TCP]TCP receiver connect warning: Connection refused
[2026-05-08 10:39:27.588]<WARNING> [TCP]TCP receiver connect warning: Connection refused
[2026-05-08 10:39:27.588]<DEBUG> [Python]Launching with enemySide=Blue
[2026-05-08 10:39:27.589]<DEBUG> [Python]Script: /home/pinkpanda/linux-RADAR/RADAR-2026/RADAR-SDR/thread_init.py
[2026-05-08 10:39:27.589]<DEBUG> [Python]Started: python3 "/home/pinkpanda/linux-RADAR/RADAR-2026/RADAR-SDR/thread_init.py" --enemySide "Blue"
[2026-05-08 10:39:28.534]<WARNING> [TCP]TCP receiver connect warning: Connection refused
[2026-05-08 10:39:29.538]<WARNING> [TCP]TCP receiver connect warning: Connection refused
[2026-05-08 10:39:30.530]<WARNING> [TCP]TCP receiver connect warning: Connection refused
[2026-05-08 10:39:30.847]<DEBUG> [TCP]TCP sender accepted client.
[2026-05-08 10:39:31.541]<DEBUG> [TCP]TCP receiver client connected to 127.0.0.1:1400
[2026-05-08 10:39:31.541]<DEBUG> [TCP]TCP 0x0A06 parsed, updated 7-byte decision suffix.
[2026-05-08 10:39:31.541]<DEBUG> [TCP]New decision suffix: 2, 0, 0, 0, 0, 0, 0
[2026-05-08 10:39:31.635]<DEBUG> [TCP]TCP 0x0A06 parsed, updated 7-byte decision suffix.
[2026-05-08 10:39:31.635]<DEBUG> [TCP]New decision suffix: 2, 0, 0, 0, 0, 0, 0
[2026-05-08 10:39:31.727]<DEBUG> [TCP]TCP 0x0A06 parsed, updated 7-byte decision suffix.
[2026-05-08 10:39:31.727]<DEBUG> [TCP]New decision suffix: 2, 0, 0, 0, 0, 0, 0
[2026-05-08 10:39:31.829]<DEBUG> [TCP]TCP 0x0A06 parsed, updated 7-byte decision suffix.
[2026-05-08 10:39:31.829]<DEBUG> [TCP]New decision suffix: 2, 0, 0, 0, 0, 0, 0
[2026-05-08 10:39:31.932]<DEBUG> [TCP]TCP 0x0A06 parsed, updated 7-byte decision suffix.
[2026-05-08 10:39:31.933]<DEBUG> [TCP]New decision suffix: 2, 0, 0, 0, 0, 0, 0
[2026-05-08 10:39:32.032]<DEBUG> [TCP]TCP 0x0A06 parsed, updated 7-byte decision suffix.
[2026-05-08 10:39:32.033]<DEBUG> [TCP]New decision suffix: 2, 0, 0, 0, 0, 0, 0
[2026-05-08 10:39:32.131]<DEBUG> [TCP]TCP 0x0A06 parsed, updated 7-byte decision suffix.
[2026-05-08 10:39:32.131]<DEBUG> [TCP]New decision suffix: 2, 0, 0, 0, 0, 0, 0
[2026-05-08 10:39:32.234]<DEBUG> [TCP]TCP 0x0A06 parsed, updated 7-byte decision suffix.
[2026-05-08 10:39:32.234]<DEBUG> [TCP]New decision suffix: 2, 0, 0, 0, 0, 0, 0
[2026-05-08 10:39:32.335]<DEBUG> [TCP]TCP 0x0A06 parsed, updated 7-byte decision suffix.
[2026-05-08 10:39:32.336]<DEBUG> [TCP]New decision suffix: 2, 0, 0, 0, 0, 0, 0
[2026-05-08 10:39:32.432]<DEBUG> [TCP]TCP 0x0A06 parsed, updated 7-byte decision suffix.
[2026-05-08 10:39:32.432]<DEBUG> [TCP]New decision suffix: 2, 0, 0, 0, 0, 0, 0
[2026-05-08 10:39:32.534]<DEBUG> [TCP]TCP 0x0A06 parsed, updated 7-byte decision suffix.
[2026-05-08 10:39:32.534]<DEBUG> [TCP]New decision suffix: 2, 0, 0, 0, 0, 0, 0
[2026-05-08 10:39:32.635]<DEBUG> [TCP]TCP 0x0A06 parsed, updated 7-byte decision suffix.
[2026-05-08 10:39:32.635]<DEBUG> [TCP]New decision suffix: 2, 0, 0, 0, 0, 0, 0
[2026-05-08 10:39:32.736]<DEBUG> [TCP]TCP 0x0A06 parsed, updated 7-byte decision suffix.
[2026-05-08 10:39:32.736]<DEBUG> [TCP]New decision suffix: 2, 0, 0, 0, 0, 0, 0
[2026-05-08 10:39:32.835]<DEBUG> [TCP]TCP 0x0A06 parsed, updated 7-byte decision suffix.
[2026-05-08 10:39:32.835]<DEBUG> [TCP]New decision suffix: 2, 0, 0, 0, 0, 0, 0
[2026-05-08 10:39:32.928]<DEBUG> [TCP]TCP 0x0A06 parsed, updated 7-byte decision suffix.
[2026-05-08 10:39:32.929]<DEBUG> [TCP]New decision suffix: 2, 0, 0, 0, 0, 0, 0
[2026-05-08 10:39:33.037]<DEBUG> [TCP]TCP 0x0A06 parsed, updated 7-byte decision suffix.
[2026-05-08 10:39:33.037]<DEBUG> [TCP]New decision suffix: 2, 0, 0, 0, 0, 0, 0
[2026-05-08 10:39:33.131]<DEBUG> [TCP]TCP 0x0A06 parsed, updated 7-byte decision suffix.
[2026-05-08 10:39:33.131]<DEBUG> [TCP]New decision suffix: 2, 0, 0, 0, 0, 0, 0
[2026-05-08 10:39:33.231]<DEBUG> [TCP]TCP 0x0A06 parsed, updated 7-byte decision suffix.
[2026-05-08 10:39:33.231]<DEBUG> [TCP]New decision suffix: 2, 0, 0, 0, 0, 0, 0
[2026-05-08 10:39:33.331]<DEBUG> [TCP]TCP 0x0A06 parsed, updated 7-byte decision suffix.
[2026-05-08 10:39:33.331]<DEBUG> [TCP]New decision suffix: 2, 0, 0, 0, 0, 0, 0
[2026-05-08 10:39:33.436]<DEBUG> [TCP]TCP 0x0A06 parsed, updated 7-byte decision suffix.
[2026-05-08 10:39:33.436]<DEBUG> [TCP]New decision suffix: 2, 0, 0, 0, 0, 0, 0
[2026-05-08 10:39:33.532]<DEBUG> [TCP]TCP 0x0A06 parsed, updated 7-byte decision suffix.
[2026-05-08 10:39:33.532]<DEBUG> [TCP]New decision suffix: 2, 0, 0, 0, 0, 0, 0
[2026-05-08 10:39:33.632]<DEBUG> [TCP]TCP 0x0A06 parsed, updated 7-byte decision suffix.
[2026-05-08 10:39:33.633]<DEBUG> [TCP]New decision suffix: 2, 0, 0, 0, 0, 0, 0
[2026-05-08 10:39:33.730]<DEBUG> [TCP]TCP 0x0A06 parsed, updated 7-byte decision suffix.
[2026-05-08 10:39:33.731]<DEBUG> [TCP]New decision suffix: 2, 0, 0, 0, 0, 0, 0
[2026-05-08 10:39:33.835]<DEBUG> [TCP]TCP 0x0A06 parsed, updated 7-byte decision suffix.
[2026-05-08 10:39:33.836]<DEBUG> [TCP]New decision suffix: 2, 0, 0, 0, 0, 0, 0
[2026-05-08 10:39:33.934]<DEBUG> [TCP]TCP 0x0A06 parsed, updated 7-byte decision suffix.
[2026-05-08 10:39:33.935]<DEBUG> [TCP]New decision suffix: 2, 0, 0, 0, 0, 0, 0
[2026-05-08 10:39:34.032]<DEBUG> [TCP]TCP 0x0A06 parsed, updated 7-byte decision suffix.
[2026-05-08 10:39:34.032]<DEBUG> [TCP]New decision suffix: 2, 0, 0, 0, 0, 0, 0
[2026-05-08 10:39:34.136]<DEBUG> [TCP]TCP 0x0A06 parsed, updated 7-byte decision suffix.
[2026-05-08 10:39:34.136]<DEBUG> [TCP]New decision suffix: 2, 0, 0, 0, 0, 0, 0
[2026-05-08 10:39:34.238]<DEBUG> [TCP]TCP 0x0A06 parsed, updated 7-byte decision suffix.
[2026-05-08 10:39:34.238]<DEBUG> [TCP]New decision suffix: 2, 0, 0, 0, 0, 0, 0
[2026-05-08 10:39:34.336]<DEBUG> [TCP]TCP 0x0A06 parsed, updated 7-byte decision suffix.
[2026-05-08 10:39:34.336]<DEBUG> [TCP]New decision suffix: 2, 0, 0, 0, 0, 0, 0
[2026-05-08 10:39:34.438]<DEBUG> [TCP]TCP 0x0A06 parsed, updated 7-byte decision suffix.
[2026-05-08 10:39:34.438]<DEBUG> [TCP]New decision suffix: 2, 0, 0, 0, 0, 0, 0
[2026-05-08 10:39:34.537]<DEBUG> [TCP]TCP 0x0A06 parsed, updated 7-byte decision suffix.
[2026-05-08 10:39:34.537]<DEBUG> [TCP]New decision suffix: 2, 0, 0, 0, 0, 0, 0
[2026-05-08 10:39:34.633]<DEBUG> [TCP]TCP 0x0A06 parsed, updated 7-byte decision suffix.
[2026-05-08 10:39:34.633]<DEBUG> [TCP]New decision suffix: 2, 0, 0, 0, 0, 0, 0
[2026-05-08 10:39:34.733]<DEBUG> [TCP]TCP 0x0A06 parsed, updated 7-byte decision suffix.
[2026-05-08 10:39:34.733]<DEBUG> [TCP]New decision suffix: 2, 0, 0, 0, 0, 0, 0
[2026-05-08 10:39:34.836]<DEBUG> [TCP]TCP 0x0A06 parsed, updated 7-byte decision suffix.
[2026-05-08 10:39:34.836]<DEBUG> [TCP]New decision suffix: 2, 0, 0, 0, 0, 0, 0
[2026-05-08 10:39:34.934]<DEBUG> [TCP]TCP 0x0A06 parsed, updated 7-byte decision suffix.
[2026-05-08 10:39:34.935]<DEBUG> [TCP]New decision suffix: 2, 0, 0, 0, 0, 0, 0
[2026-05-08 10:39:35.037]<DEBUG> [TCP]TCP 0x0A06 parsed, updated 7-byte decision suffix.
[2026-05-08 10:39:35.037]<DEBUG> [TCP]New decision suffix: 2, 0, 0, 0, 0, 0, 0
[2026-05-08 10:39:35.134]<DEBUG> [TCP]TCP 0x0A06 parsed, updated 7-byte decision suffix.
[2026-05-08 10:39:35.134]<DEBUG> [TCP]New decision suffix: 2, 0, 0, 0, 0, 0, 0
[2026-05-08 10:39:35.236]<DEBUG> [TCP]TCP 0x0A06 parsed, updated 7-byte decision suffix.
[2026-05-08 10:39:35.237]<DEBUG> [TCP]New decision suffix: 2, 0, 0, 0, 0, 0, 0
[2026-05-08 10:39:35.337]<DEBUG> [TCP]TCP 0x0A06 parsed, updated 7-byte decision suffix.
[2026-05-08 10:39:35.337]<DEBUG> [TCP]New decision suffix: 2, 0, 0, 0, 0, 0, 0
[2026-05-08 10:39:35.438]<DEBUG> [TCP]TCP 0x0A06 parsed, updated 7-byte decision suffix.
[2026-05-08 10:39:35.438]<DEBUG> [TCP]New decision suffix: 2, 0, 0, 0, 0, 0, 0
[2026-05-08 10:39:35.534]<DEBUG> [TCP]TCP 0x0A06 parsed, updated 7-byte decision suffix.
[2026-05-08 10:39:35.535]<DEBUG> [TCP]New decision suffix: 2, 0, 0, 0, 0, 0, 0
[2026-05-08 10:39:35.643]<DEBUG> [TCP]TCP 0x0A06 parsed, updated 7-byte decision suffix.
[2026-05-08 10:39:35.643]<DEBUG> [TCP]New decision suffix: 2, 0, 0, 0, 0, 0, 0
[2026-05-08 10:39:35.742]<DEBUG> [TCP]TCP 0x0A06 parsed, updated 7-byte decision suffix.
[2026-05-08 10:39:35.742]<DEBUG> [TCP]New decision suffix: 2, 0, 0, 0, 0, 0, 0
[2026-05-08 10:39:35.839]<DEBUG> [TCP]TCP 0x0A06 parsed, updated 7-byte decision suffix.
[2026-05-08 10:39:35.840]<DEBUG> [TCP]New decision suffix: 2, 0, 0, 0, 0, 0, 0
[2026-05-08 10:39:35.947]<DEBUG> [TCP]TCP 0x0A06 parsed, updated 7-byte decision suffix.
[2026-05-08 10:39:35.947]<DEBUG> [TCP]New decision suffix: 2, 0, 0, 0, 0, 0, 0
[2026-05-08 10:39:36.036]<DEBUG> [TCP]TCP 0x0A06 parsed, updated 7-byte decision suffix.
[2026-05-08 10:39:36.037]<DEBUG> [TCP]New decision suffix: 2, 0, 0, 0, 0, 0, 0
[2026-05-08 10:39:36.139]<DEBUG> [TCP]TCP 0x0A06 parsed, updated 7-byte decision suffix.
[2026-05-08 10:39:36.139]<DEBUG> [TCP]New decision suffix: 2, 0, 0, 0, 0, 0, 0
[2026-05-08 10:39:36.247]<DEBUG> [TCP]TCP 0x0A06 parsed, updated 7-byte decision suffix.
[2026-05-08 10:39:36.247]<DEBUG> [TCP]New decision suffix: 2, 0, 0, 0, 0, 0, 0
[2026-05-08 10:39:36.339]<DEBUG> [TCP]TCP 0x0A06 parsed, updated 7-byte decision suffix.
[2026-05-08 10:39:36.340]<DEBUG> [TCP]New decision suffix: 2, 0, 0, 0, 0, 0, 0
[2026-05-08 10:39:36.444]<DEBUG> [TCP]TCP 0x0A06 parsed, updated 7-byte decision suffix.
[2026-05-08 10:39:36.444]<DEBUG> [TCP]New decision suffix: 2, 0, 0, 0, 0, 0, 0
[2026-05-08 10:39:36.539]<DEBUG> [TCP]TCP 0x0A06 parsed, updated 7-byte decision suffix.
[2026-05-08 10:39:36.539]<DEBUG> [TCP]New decision suffix: 2, 0, 0, 0, 0, 0, 0
[2026-05-08 10:39:36.638]<DEBUG> [TCP]TCP 0x0A06 parsed, updated 7-byte decision suffix.
[2026-05-08 10:39:36.638]<DEBUG> [TCP]New decision suffix: 2, 0, 0, 0, 0, 0, 0
[2026-05-08 10:39:36.739]<DEBUG> [TCP]TCP 0x0A06 parsed, updated 7-byte decision suffix.
[2026-05-08 10:39:36.739]<DEBUG> [TCP]New decision suffix: 2, 0, 0, 0, 0, 0, 0
[2026-05-08 10:39:36.842]<DEBUG> [TCP]TCP 0x0A06 parsed, updated 7-byte decision suffix.
[2026-05-08 10:39:36.842]<DEBUG> [TCP]New decision suffix: 2, 0, 0, 0, 0, 0, 0
[2026-05-08 10:39:36.940]<DEBUG> [TCP]TCP 0x0A06 parsed, updated 7-byte decision suffix.
[2026-05-08 10:39:36.941]<DEBUG> [TCP]New decision suffix: 2, 0, 0, 0, 0, 0, 0
[2026-05-08 10:39:37.039]<DEBUG> [TCP]TCP 0x0A06 parsed, updated 7-byte decision suffix.
[2026-05-08 10:39:37.039]<DEBUG> [TCP]New decision suffix: 2, 0, 0, 0, 0, 0, 0
[2026-05-08 10:39:37.139]<DEBUG> [TCP]TCP 0x0A06 parsed, updated 7-byte decision suffix.
[2026-05-08 10:39:37.139]<DEBUG> [TCP]New decision suffix: 2, 0, 0, 0, 0, 0, 0
[2026-05-08 10:39:37.240]<DEBUG> [TCP]TCP 0x0A06 parsed, updated 7-byte decision suffix.
[2026-05-08 10:39:37.241]<DEBUG> [TCP]New decision suffix: 2, 0, 0, 0, 0, 0, 0
[2026-05-08 10:39:37.339]<DEBUG> [TCP]TCP 0x0A06 parsed, updated 7-byte decision suffix.
[2026-05-08 10:39:37.339]<DEBUG> [TCP]New decision suffix: 2, 0, 0, 0, 0, 0, 0
[2026-05-08 10:39:37.441]<DEBUG> [TCP]TCP 0x0A06 parsed, updated 7-byte decision suffix.
[2026-05-08 10:39:37.441]<DEBUG> [TCP]New decision suffix: 2, 0, 0, 0, 0, 0, 0
[2026-05-08 10:39:37.545]<DEBUG> [TCP]TCP 0x0A06 parsed, updated 7-byte decision suffix.
[2026-05-08 10:39:37.545]<DEBUG> [TCP]New decision suffix: 2, 0, 0, 0, 0, 0, 0
[2026-05-08 10:39:37.645]<DEBUG> [TCP]TCP 0x0A06 parsed, updated 7-byte decision suffix.
[2026-05-08 10:39:37.645]<DEBUG> [TCP]New decision suffix: 2, 0, 0, 0, 0, 0, 0
[2026-05-08 10:39:37.740]<DEBUG> [TCP]TCP 0x0A06 parsed, updated 7-byte decision suffix.
[2026-05-08 10:39:37.740]<DEBUG> [TCP]New decision suffix: 2, 0, 0, 0, 0, 0, 0
[2026-05-08 10:39:37.845]<DEBUG> [TCP]TCP 0x0A06 parsed, updated 7-byte decision suffix.
[2026-05-08 10:39:37.845]<DEBUG> [TCP]New decision suffix: 2, 0, 0, 0, 0, 0, 0
[2026-05-08 10:39:37.945]<DEBUG> [TCP]TCP 0x0A06 parsed, updated 7-byte decision suffix.
[2026-05-08 10:39:37.945]<DEBUG> [TCP]New decision suffix: 2, 0, 0, 0, 0, 0, 0
[2026-05-08 10:39:38.044]<DEBUG> [TCP]TCP 0x0A06 parsed, updated 7-byte decision suffix.
[2026-05-08 10:39:38.045]<DEBUG> [TCP]New decision suffix: 2, 0, 0, 0, 0, 0, 0
[2026-05-08 10:39:38.148]<DEBUG> [TCP]TCP 0x0A06 parsed, updated 7-byte decision suffix.
[2026-05-08 10:39:38.148]<DEBUG> [TCP]New decision suffix: 2, 0, 0, 0, 0, 0, 0
[2026-05-08 10:39:38.247]<DEBUG> [TCP]TCP 0x0A06 parsed, updated 7-byte decision suffix.
[2026-05-08 10:39:38.248]<DEBUG> [TCP]New decision suffix: 2, 0, 0, 0, 0, 0, 0
[2026-05-08 10:39:38.341]<DEBUG> [TCP]TCP 0x0A06 parsed, updated 7-byte decision suffix.
[2026-05-08 10:39:38.341]<DEBUG> [TCP]New decision suffix: 2, 0, 0, 0, 0, 0, 0
[2026-05-08 10:39:38.441]<DEBUG> [TCP]TCP 0x0A06 parsed, updated 7-byte decision suffix.
[2026-05-08 10:39:38.442]<DEBUG> [TCP]New decision suffix: 2, 0, 0, 0, 0, 0, 0
[2026-05-08 10:39:38.541]<DEBUG> [TCP]TCP 0x0A06 parsed, updated 7-byte decision suffix.
[2026-05-08 10:39:38.541]<DEBUG> [TCP]New decision suffix: 2, 0, 0, 0, 0, 0, 0
[2026-05-08 10:39:38.642]<DEBUG> [TCP]TCP 0x0A06 parsed, updated 7-byte decision suffix.
[2026-05-08 10:39:38.642]<DEBUG> [TCP]New decision suffix: 2, 0, 0, 0, 0, 0, 0
[2026-05-08 10:39:38.743]<DEBUG> [TCP]TCP 0x0A06 parsed, updated 7-byte decision suffix.
[2026-05-08 10:39:38.744]<DEBUG> [TCP]New decision suffix: 2, 0, 0, 0, 0, 0, 0
[2026-05-08 10:39:38.842]<DEBUG> [TCP]TCP 0x0A06 parsed, updated 7-byte decision suffix.
[2026-05-08 10:39:38.842]<DEBUG> [TCP]New decision suffix: 2, 0, 0, 0, 0, 0, 0
[2026-05-08 10:39:38.950]<DEBUG> [TCP]TCP 0x0A06 parsed, updated 7-byte decision suffix.
[2026-05-08 10:39:38.951]<DEBUG> [TCP]New decision suffix: 2, 0, 0, 0, 0, 0, 0
[2026-05-08 10:39:39.050]<DEBUG> [TCP]TCP 0x0A06 parsed, updated 7-byte decision suffix.
[2026-05-08 10:39:39.050]<DEBUG> [TCP]New decision suffix: 2, 0, 0, 0, 0, 0, 0
[2026-05-08 10:39:39.148]<DEBUG> [TCP]TCP 0x0A06 parsed, updated 7-byte decision suffix.
[2026-05-08 10:39:39.149]<DEBUG> [TCP]New decision suffix: 2, 0, 0, 0, 0, 0, 0
[2026-05-08 10:39:39.247]<DEBUG> [TCP]TCP 0x0A06 parsed, updated 7-byte decision suffix.
[2026-05-08 10:39:39.247]<DEBUG> [TCP]New decision suffix: 2, 0, 0, 0, 0, 0, 0
[2026-05-08 10:39:39.352]<DEBUG> [TCP]TCP 0x0A06 parsed, updated 7-byte decision suffix.
[2026-05-08 10:39:39.352]<DEBUG> [TCP]New decision suffix: 2, 0, 0, 0, 0, 0, 0
[2026-05-08 10:39:39.446]<DEBUG> [TCP]TCP 0x0A06 parsed, updated 7-byte decision suffix.
[2026-05-08 10:39:39.446]<DEBUG> [TCP]New decision suffix: 2, 0, 0, 0, 0, 0, 0
[2026-05-08 10:39:39.543]<DEBUG> [TCP]TCP 0x0A06 parsed, updated 7-byte decision suffix.
[2026-05-08 10:39:39.544]<DEBUG> [TCP]New decision suffix: 2, 0, 0, 0, 0, 0, 0
[2026-05-08 10:39:39.650]<DEBUG> [TCP]TCP 0x0A06 parsed, updated 7-byte decision suffix.
[2026-05-08 10:39:39.650]<DEBUG> [TCP]New decision suffix: 2, 0, 0, 0, 0, 0, 0
[2026-05-08 10:39:39.746]<DEBUG> [TCP]TCP 0x0A06 parsed, updated 7-byte decision suffix.
[2026-05-08 10:39:39.746]<DEBUG> [TCP]New decision suffix: 2, 0, 0, 0, 0, 0, 0
[2026-05-08 10:39:39.847]<DEBUG> [TCP]TCP 0x0A06 parsed, updated 7-byte decision suffix.
[2026-05-08 10:39:39.848]<DEBUG> [TCP]New decision suffix: 2, 0, 0, 0, 0, 0, 0
[2026-05-08 10:39:39.949]<DEBUG> [TCP]TCP 0x0A06 parsed, updated 7-byte decision suffix.
[2026-05-08 10:39:39.949]<DEBUG> [TCP]New decision suffix: 2, 0, 0, 0, 0, 0, 0
[2026-05-08 10:39:40.050]<DEBUG> [TCP]TCP 0x0A06 parsed, updated 7-byte decision suffix.
[2026-05-08 10:39:40.050]<DEBUG> [TCP]New decision suffix: 2, 0, 0, 0, 0, 0, 0
[2026-05-08 10:39:40.145]<DEBUG> [TCP]TCP 0x0A06 parsed, updated 7-byte decision suffix.
[2026-05-08 10:39:40.145]<DEBUG> [TCP]New decision suffix: 2, 0, 0, 0, 0, 0, 0
[2026-05-08 10:39:40.249]<DEBUG> [TCP]TCP 0x0A06 parsed, updated 7-byte decision suffix.
[2026-05-08 10:39:40.249]<DEBUG> [TCP]New decision suffix: 2, 0, 0, 0, 0, 0, 0
[2026-05-08 10:39:40.347]<DEBUG> [TCP]TCP 0x0A06 parsed, updated 7-byte decision suffix.
[2026-05-08 10:39:40.347]<DEBUG> [TCP]New decision suffix: 2, 0, 0, 0, 0, 0, 0
[2026-05-08 10:39:40.449]<DEBUG> [TCP]TCP 0x0A06 parsed, updated 7-byte decision suffix.
[2026-05-08 10:39:40.449]<DEBUG> [TCP]New decision suffix: 2, 0, 0, 0, 0, 0, 0
[2026-05-08 10:39:40.559]<DEBUG> [TCP]TCP 0x0A06 parsed, updated 7-byte decision suffix.
[2026-05-08 10:39:40.559]<DEBUG> [TCP]New decision suffix: 2, 0, 0, 0, 0, 0, 0
[2026-05-08 10:39:40.649]<DEBUG> [TCP]TCP 0x0A06 parsed, updated 7-byte decision suffix.
[2026-05-08 10:39:40.649]<DEBUG> [TCP]New decision suffix: 2, 0, 0, 0, 0, 0, 0
[2026-05-08 10:39:40.751]<DEBUG> [TCP]TCP 0x0A06 parsed, updated 7-byte decision suffix.
[2026-05-08 10:39:40.751]<DEBUG> [TCP]New decision suffix: 2, 0, 0, 0, 0, 0, 0
[2026-05-08 10:39:40.850]<DEBUG> [TCP]TCP 0x0A06 parsed, updated 7-byte decision suffix.
[2026-05-08 10:39:40.851]<DEBUG> [TCP]New decision suffix: 2, 0, 0, 0, 0, 0, 0
[2026-05-08 10:39:40.954]<DEBUG> [TCP]TCP 0x0A06 parsed, updated 7-byte decision suffix.
[2026-05-08 10:39:40.954]<DEBUG> [TCP]New decision suffix: 2, 0, 0, 0, 0, 0, 0
[2026-05-08 10:39:41.047]<DEBUG> [TCP]TCP 0x0A06 parsed, updated 7-byte decision suffix.
[2026-05-08 10:39:41.047]<DEBUG> [TCP]New decision suffix: 2, 0, 0, 0, 0, 0, 0
[2026-05-08 10:39:41.150]<DEBUG> [TCP]TCP 0x0A06 parsed, updated 7-byte decision suffix.
[2026-05-08 10:39:41.150]<DEBUG> [TCP]New decision suffix: 2, 0, 0, 0, 0, 0, 0
[2026-05-08 10:39:41.251]<DEBUG> [TCP]TCP 0x0A06 parsed, updated 7-byte decision suffix.
[2026-05-08 10:39:41.251]<DEBUG> [TCP]New decision suffix: 2, 0, 0, 0, 0, 0, 0
[2026-05-08 10:39:41.351]<DEBUG> [TCP]TCP 0x0A06 parsed, updated 7-byte decision suffix.
[2026-05-08 10:39:41.351]<DEBUG> [TCP]New decision suffix: 2, 0, 0, 0, 0, 0, 0
[2026-05-08 10:39:41.448]<DEBUG> [TCP]TCP 0x0A06 parsed, updated 7-byte decision suffix.
[2026-05-08 10:39:41.449]<DEBUG> [TCP]New decision suffix: 2, 0, 0, 0, 0, 0, 0
[2026-05-08 10:39:41.551]<DEBUG> [TCP]TCP 0x0A06 parsed, updated 7-byte decision suffix.
[2026-05-08 10:39:41.551]<DEBUG> [TCP]New decision suffix: 2, 0, 0, 0, 0, 0, 0
[2026-05-08 10:39:41.650]<DEBUG> [TCP]TCP 0x0A06 parsed, updated 7-byte decision suffix.
[2026-05-08 10:39:41.650]<DEBUG> [TCP]New decision suffix: 2, 0, 0, 0, 0, 0, 0
[2026-05-08 10:39:41.750]<DEBUG> [TCP]TCP 0x0A06 parsed, updated 7-byte decision suffix.
[2026-05-08 10:39:41.750]<DEBUG> [TCP]New decision suffix: 2, 0, 0, 0, 0, 0, 0
[2026-05-08 10:39:41.851]<DEBUG> [TCP]TCP 0x0A06 parsed, updated 7-byte decision suffix.
[2026-05-08 10:39:41.851]<DEBUG> [TCP]New decision suffix: 2, 0, 0, 0, 0, 0, 0
[2026-05-08 10:39:41.949]<DEBUG> [TCP]TCP 0x0A06 parsed, updated 7-byte decision suffix.
[2026-05-08 10:39:41.949]<DEBUG> [TCP]New decision suffix: 2, 0, 0, 0, 0, 0, 0
[2026-05-08 10:39:42.055]<DEBUG> [TCP]TCP 0x0A06 parsed, updated 7-byte decision suffix.
[2026-05-08 10:39:42.056]<DEBUG> [TCP]New decision suffix: 2, 0, 0, 0, 0, 0, 0
[2026-05-08 10:39:42.151]<DEBUG> [TCP]TCP 0x0A06 parsed, updated 7-byte decision suffix.
[2026-05-08 10:39:42.152]<DEBUG> [TCP]New decision suffix: 2, 0, 0, 0, 0, 0, 0
[2026-05-08 10:39:42.254]<DEBUG> [TCP]TCP 0x0A06 parsed, updated 7-byte decision suffix.
[2026-05-08 10:39:42.254]<DEBUG> [TCP]New decision suffix: 2, 0, 0, 0, 0, 0, 0
[2026-05-08 10:39:42.356]<DEBUG> [TCP]TCP 0x0A06 parsed, updated 7-byte decision suffix.
[2026-05-08 10:39:42.356]<DEBUG> [TCP]New decision suffix: 2, 0, 0, 0, 0, 0, 0
[2026-05-08 10:39:42.450]<DEBUG> [TCP]TCP 0x0A06 parsed, updated 7-byte decision suffix.
[2026-05-08 10:39:42.450]<DEBUG> [TCP]New decision suffix: 2, 0, 0, 0, 0, 0, 0
[2026-05-08 10:39:42.551]<DEBUG> [TCP]TCP 0x0A06 parsed, updated 7-byte decision suffix.
[2026-05-08 10:39:42.551]<DEBUG> [TCP]New decision suffix: 2, 0, 0, 0, 0, 0, 0
[2026-05-08 10:39:42.660]<DEBUG> [TCP]TCP 0x0A06 parsed, updated 7-byte decision suffix.
[2026-05-08 10:39:42.661]<DEBUG> [TCP]New decision suffix: 2, 0, 0, 0, 0, 0, 0
[2026-05-08 10:39:42.753]<DEBUG> [TCP]TCP 0x0A06 parsed, updated 7-byte decision suffix.
[2026-05-08 10:39:42.753]<DEBUG> [TCP]New decision suffix: 2, 0, 0, 0, 0, 0, 0
[2026-05-08 10:39:42.854]<DEBUG> [TCP]TCP 0x0A06 parsed, updated 7-byte decision suffix.
[2026-05-08 10:39:42.854]<DEBUG> [TCP]New decision suffix: 2, 0, 0, 0, 0, 0, 0
[2026-05-08 10:39:42.956]<DEBUG> [TCP]TCP 0x0A06 parsed, updated 7-byte decision suffix.
[2026-05-08 10:39:42.956]<DEBUG> [TCP]New decision suffix: 2, 0, 0, 0, 0, 0, 0
[2026-05-08 10:39:43.052]<DEBUG> [TCP]TCP 0x0A06 parsed, updated 7-byte decision suffix.
[2026-05-08 10:39:43.052]<DEBUG> [TCP]New decision suffix: 2, 0, 0, 0, 0, 0, 0
[2026-05-08 10:39:43.156]<DEBUG> [TCP]TCP 0x0A06 parsed, updated 7-byte decision suffix.
[2026-05-08 10:39:43.156]<DEBUG> [TCP]New decision suffix: 2, 0, 0, 0, 0, 0, 0
[2026-05-08 10:39:43.258]<DEBUG> [TCP]TCP 0x0A06 parsed, updated 7-byte decision suffix.
[2026-05-08 10:39:43.258]<DEBUG> [TCP]New decision suffix: 2, 0, 0, 0, 0, 0, 0
[2026-05-08 10:39:43.360]<DEBUG> [TCP]TCP 0x0A06 parsed, updated 7-byte decision suffix.
[2026-05-08 10:39:43.361]<DEBUG> [TCP]New decision suffix: 2, 0, 0, 0, 0, 0, 0
[2026-05-08 10:39:43.459]<DEBUG> [TCP]TCP 0x0A06 parsed, updated 7-byte decision suffix.
[2026-05-08 10:39:43.459]<DEBUG> [TCP]New decision suffix: 2, 0, 0, 0, 0, 0, 0
[2026-05-08 10:39:43.552]<DEBUG> [TCP]TCP 0x0A06 parsed, updated 7-byte decision suffix.
[2026-05-08 10:39:43.552]<DEBUG> [TCP]New decision suffix: 2, 0, 0, 0, 0, 0, 0
[2026-05-08 10:39:43.655]<DEBUG> [TCP]TCP 0x0A06 parsed, updated 7-byte decision suffix.
[2026-05-08 10:39:43.655]<DEBUG> [TCP]New decision suffix: 2, 0, 0, 0, 0, 0, 0
[2026-05-08 10:39:43.758]<DEBUG> [TCP]TCP 0x0A06 parsed, updated 7-byte decision suffix.
[2026-05-08 10:39:43.758]<DEBUG> [TCP]New decision suffix: 2, 0, 0, 0, 0, 0, 0
[2026-05-08 10:39:43.856]<DEBUG> [TCP]TCP 0x0A06 parsed, updated 7-byte decision suffix.
[2026-05-08 10:39:43.856]<DEBUG> [TCP]New decision suffix: 2, 0, 0, 0, 0, 0, 0
[2026-05-08 10:39:43.960]<DEBUG> [TCP]TCP 0x0A06 parsed, updated 7-byte decision suffix.
[2026-05-08 10:39:43.960]<DEBUG> [TCP]New decision suffix: 2, 0, 0, 0, 0, 0, 0
[2026-05-08 10:39:44.058]<DEBUG> [TCP]TCP 0x0A06 parsed, updated 7-byte decision suffix.
[2026-05-08 10:39:44.059]<DEBUG> [TCP]New decision suffix: 2, 0, 0, 0, 0, 0, 0
[2026-05-08 10:39:44.157]<DEBUG> [TCP]TCP 0x0A06 parsed, updated 7-byte decision suffix.
[2026-05-08 10:39:44.158]<DEBUG> [TCP]New decision suffix: 2, 0, 0, 0, 0, 0, 0
[2026-05-08 10:39:44.259]<DEBUG> [TCP]TCP 0x0A06 parsed, updated 7-byte decision suffix.
[2026-05-08 10:39:44.259]<DEBUG> [TCP]New decision suffix: 2, 0, 0, 0, 0, 0, 0
[2026-05-08 10:39:44.357]<DEBUG> [TCP]TCP 0x0A06 parsed, updated 7-byte decision suffix.
[2026-05-08 10:39:44.357]<DEBUG> [TCP]New decision suffix: 2, 0, 0, 0, 0, 0, 0
[2026-05-08 10:39:44.455]<DEBUG> [TCP]TCP 0x0A06 parsed, updated 7-byte decision suffix.
[2026-05-08 10:39:44.455]<DEBUG> [TCP]New decision suffix: 2, 0, 0, 0, 0, 0, 0
[2026-05-08 10:39:44.556]<DEBUG> [TCP]TCP 0x0A06 parsed, updated 7-byte decision suffix.
[2026-05-08 10:39:44.556]<DEBUG> [TCP]New decision suffix: 2, 0, 0, 0, 0, 0, 0
[2026-05-08 10:39:44.655]<DEBUG> [TCP]TCP 0x0A06 parsed, updated 7-byte decision suffix.
[2026-05-08 10:39:44.655]<DEBUG> [TCP]New decision suffix: 2, 0, 0, 0, 0, 0, 0
[2026-05-08 10:39:44.758]<DEBUG> [TCP]TCP 0x0A06 parsed, updated 7-byte decision suffix.
[2026-05-08 10:39:44.758]<DEBUG> [TCP]New decision suffix: 2, 0, 0, 0, 0, 0, 0
[2026-05-08 10:39:44.856]<DEBUG> [TCP]TCP 0x0A06 parsed, updated 7-byte decision suffix.
[2026-05-08 10:39:44.856]<DEBUG> [TCP]New decision suffix: 2, 0, 0, 0, 0, 0, 0
[2026-05-08 10:39:44.957]<DEBUG> [TCP]TCP 0x0A06 parsed, updated 7-byte decision suffix.
[2026-05-08 10:39:44.957]<DEBUG> [TCP]New decision suffix: 2, 0, 0, 0, 0, 0, 0
[2026-05-08 10:39:45.058]<DEBUG> [TCP]TCP 0x0A06 parsed, updated 7-byte decision suffix.
[2026-05-08 10:39:45.058]<DEBUG> [TCP]New decision suffix: 2, 0, 0, 0, 0, 0, 0
[2026-05-08 10:39:45.158]<DEBUG> [TCP]TCP 0x0A06 parsed, updated 7-byte decision suffix.
[2026-05-08 10:39:45.158]<DEBUG> [TCP]New decision suffix: 2, 0, 0, 0, 0, 0, 0
[2026-05-08 10:39:45.258]<DEBUG> [TCP]TCP 0x0A06 parsed, updated 7-byte decision suffix.
[2026-05-08 10:39:45.258]<DEBUG> [TCP]New decision suffix: 2, 0, 0, 0, 0, 0, 0
[2026-05-08 10:39:45.356]<DEBUG> [TCP]TCP 0x0A06 parsed, updated 7-byte decision suffix.
[2026-05-08 10:39:45.356]<DEBUG> [TCP]New decision suffix: 2, 0, 0, 0, 0, 0, 0
[2026-05-08 10:39:45.459]<DEBUG> [TCP]TCP 0x0A06 parsed, updated 7-byte decision suffix.
[2026-05-08 10:39:45.459]<DEBUG> [TCP]New decision suffix: 2, 0, 0, 0, 0, 0, 0
[2026-05-08 10:39:45.563]<DEBUG> [TCP]TCP 0x0A06 parsed, updated 7-byte decision suffix.
[2026-05-08 10:39:45.563]<DEBUG> [TCP]New decision suffix: 2, 0, 0, 0, 0, 0, 0
[2026-05-08 10:39:45.658]<DEBUG> [TCP]TCP 0x0A06 parsed, updated 7-byte decision suffix.
[2026-05-08 10:39:45.659]<DEBUG> [TCP]New decision suffix: 2, 0, 0, 0, 0, 0, 0
[2026-05-08 10:39:45.765]<DEBUG> [TCP]TCP 0x0A06 parsed, updated 7-byte decision suffix.
[2026-05-08 10:39:45.765]<DEBUG> [TCP]New decision suffix: 2, 0, 0, 0, 0, 0, 0
[2026-05-08 10:39:45.858]<DEBUG> [TCP]TCP 0x0A06 parsed, updated 7-byte decision suffix.
[2026-05-08 10:39:45.858]<DEBUG> [TCP]New decision suffix: 2, 0, 0, 0, 0, 0, 0
[2026-05-08 10:39:45.965]<DEBUG> [TCP]TCP 0x0A06 parsed, updated 7-byte decision suffix.
[2026-05-08 10:39:45.965]<DEBUG> [TCP]New decision suffix: 2, 0, 0, 0, 0, 0, 0
[2026-05-08 10:39:46.059]<DEBUG> [TCP]TCP 0x0A06 parsed, updated 7-byte decision suffix.
[2026-05-08 10:39:46.059]<DEBUG> [TCP]New decision suffix: 2, 0, 0, 0, 0, 0, 0
[2026-05-08 10:39:46.162]<DEBUG> [TCP]TCP 0x0A06 parsed, updated 7-byte decision suffix.
[2026-05-08 10:39:46.162]<DEBUG> [TCP]New decision suffix: 2, 0, 0, 0, 0, 0, 0
[2026-05-08 10:39:46.263]<DEBUG> [TCP]TCP 0x0A06 parsed, updated 7-byte decision suffix.
[2026-05-08 10:39:46.263]<DEBUG> [TCP]New decision suffix: 2, 0, 0, 0, 0, 0, 0
[2026-05-08 10:39:46.366]<DEBUG> [TCP]TCP 0x0A06 parsed, updated 7-byte decision suffix.
[2026-05-08 10:39:46.366]<DEBUG> [TCP]New decision suffix: 2, 0, 0, 0, 0, 0, 0
[2026-05-08 10:39:46.462]<DEBUG> [TCP]TCP 0x0A06 parsed, updated 7-byte decision suffix.
[2026-05-08 10:39:46.462]<DEBUG> [TCP]New decision suffix: 2, 0, 0, 0, 0, 0, 0
[2026-05-08 10:39:46.562]<DEBUG> [TCP]TCP 0x0A06 parsed, updated 7-byte decision suffix.
[2026-05-08 10:39:46.562]<DEBUG> [TCP]New decision suffix: 2, 0, 0, 0, 0, 0, 0
[2026-05-08 10:39:46.660]<DEBUG> [TCP]TCP 0x0A06 parsed, updated 7-byte decision suffix.
[2026-05-08 10:39:46.661]<DEBUG> [TCP]New decision suffix: 2, 0, 0, 0, 0, 0, 0
[2026-05-08 10:39:46.765]<DEBUG> [TCP]TCP 0x0A06 parsed, updated 7-byte decision suffix.
[2026-05-08 10:39:46.765]<DEBUG> [TCP]New decision suffix: 2, 0, 0, 0, 0, 0, 0
[2026-05-08 10:39:46.867]<DEBUG> [TCP]TCP 0x0A06 parsed, updated 7-byte decision suffix.
[2026-05-08 10:39:46.867]<DEBUG> [TCP]New decision suffix: 2, 0, 0, 0, 0, 0, 0
[2026-05-08 10:39:46.960]<DEBUG> [TCP]TCP 0x0A06 parsed, updated 7-byte decision suffix.
[2026-05-08 10:39:46.961]<DEBUG> [TCP]New decision suffix: 2, 0, 0, 0, 0, 0, 0
[2026-05-08 10:39:47.065]<DEBUG> [TCP]TCP 0x0A06 parsed, updated 7-byte decision suffix.
[2026-05-08 10:39:47.065]<DEBUG> [TCP]New decision suffix: 2, 0, 0, 0, 0, 0, 0
[2026-05-08 10:39:47.164]<DEBUG> [TCP]TCP 0x0A06 parsed, updated 7-byte decision suffix.
[2026-05-08 10:39:47.164]<DEBUG> [TCP]New decision suffix: 2, 0, 0, 0, 0, 0, 0
[2026-05-08 10:39:47.267]<DEBUG> [TCP]TCP 0x0A06 parsed, updated 7-byte decision suffix.
[2026-05-08 10:39:47.267]<DEBUG> [TCP]New decision suffix: 2, 0, 0, 0, 0, 0, 0
[2026-05-08 10:39:47.367]<DEBUG> [TCP]TCP 0x0A06 parsed, updated 7-byte decision suffix.
[2026-05-08 10:39:47.368]<DEBUG> [TCP]New decision suffix: 2, 0, 0, 0, 0, 0, 0
[2026-05-08 10:39:47.467]<DEBUG> [TCP]TCP 0x0A06 parsed, updated 7-byte decision suffix.
[2026-05-08 10:39:47.468]<DEBUG> [TCP]New decision suffix: 2, 0, 0, 0, 0, 0, 0
[2026-05-08 10:39:47.565]<DEBUG> [TCP]TCP 0x0A06 parsed, updated 7-byte decision suffix.
[2026-05-08 10:39:47.566]<DEBUG> [TCP]New decision suffix: 2, 0, 0, 0, 0, 0, 0
[2026-05-08 10:39:47.662]<DEBUG> [TCP]TCP 0x0A06 parsed, updated 7-byte decision suffix.
[2026-05-08 10:39:47.663]<DEBUG> [TCP]New decision suffix: 2, 0, 0, 0, 0, 0, 0
[2026-05-08 10:39:47.769]<DEBUG> [TCP]TCP 0x0A06 parsed, updated 7-byte decision suffix.
[2026-05-08 10:39:47.769]<DEBUG> [TCP]New decision suffix: 2, 0, 0, 0, 0, 0, 0
[2026-05-08 10:39:47.864]<DEBUG> [TCP]TCP 0x0A06 parsed, updated 7-byte decision suffix.
[2026-05-08 10:39:47.864]<DEBUG> [TCP]New decision suffix: 2, 0, 0, 0, 0, 0, 0
[2026-05-08 10:39:47.970]<DEBUG> [TCP]TCP 0x0A06 parsed, updated 7-byte decision suffix.
[2026-05-08 10:39:47.971]<DEBUG> [TCP]New decision suffix: 2, 0, 0, 0, 0, 0, 0
[2026-05-08 10:39:48.069]<DEBUG> [TCP]TCP 0x0A06 parsed, updated 7-byte decision suffix.
[2026-05-08 10:39:48.069]<DEBUG> [TCP]New decision suffix: 2, 0, 0, 0, 0, 0, 0
[2026-05-08 10:39:48.168]<DEBUG> [TCP]TCP 0x0A06 parsed, updated 7-byte decision suffix.
[2026-05-08 10:39:48.168]<DEBUG> [TCP]New decision suffix: 2, 0, 0, 0, 0, 0, 0
[2026-05-08 10:39:48.269]<DEBUG> [TCP]TCP 0x0A06 parsed, updated 7-byte decision suffix.
[2026-05-08 10:39:48.270]<DEBUG> [TCP]New decision suffix: 2, 0, 0, 0, 0, 0, 0
[2026-05-08 10:39:48.364]<DEBUG> [TCP]TCP 0x0A06 parsed, updated 7-byte decision suffix.
[2026-05-08 10:39:48.364]<DEBUG> [TCP]New decision suffix: 2, 0, 0, 0, 0, 0, 0
[2026-05-08 10:39:48.466]<DEBUG> [TCP]TCP 0x0A06 parsed, updated 7-byte decision suffix.
[2026-05-08 10:39:48.467]<DEBUG> [TCP]New decision suffix: 2, 0, 0, 0, 0, 0, 0
[2026-05-08 10:39:48.564]<DEBUG> [TCP]TCP 0x0A06 parsed, updated 7-byte decision suffix.
[2026-05-08 10:39:48.564]<DEBUG> [TCP]New decision suffix: 2, 0, 0, 0, 0, 0, 0
[2026-05-08 10:39:48.664]<DEBUG> [TCP]TCP 0x0A06 parsed, updated 7-byte decision suffix.
[2026-05-08 10:39:48.664]<DEBUG> [TCP]New decision suffix: 2, 0, 0, 0, 0, 0, 0
[2026-05-08 10:39:48.771]<DEBUG> [TCP]TCP 0x0A06 parsed, updated 7-byte decision suffix.
[2026-05-08 10:39:48.771]<DEBUG> [TCP]New decision suffix: 2, 0, 0, 0, 0, 0, 0
[2026-05-08 10:39:48.867]<DEBUG> [TCP]TCP 0x0A06 parsed, updated 7-byte decision suffix.
[2026-05-08 10:39:48.868]<DEBUG> [TCP]New decision suffix: 2, 0, 0, 0, 0, 0, 0
[2026-05-08 10:39:48.972]<DEBUG> [TCP]TCP 0x0A06 parsed, updated 7-byte decision suffix.
[2026-05-08 10:39:48.972]<DEBUG> [TCP]New decision suffix: 2, 0, 0, 0, 0, 0, 0
[2026-05-08 10:39:49.070]<DEBUG> [TCP]TCP 0x0A06 parsed, updated 7-byte decision suffix.
[2026-05-08 10:39:49.071]<DEBUG> [TCP]New decision suffix: 2, 0, 0, 0, 0, 0, 0
[2026-05-08 10:39:49.166]<DEBUG> [TCP]TCP 0x0A06 parsed, updated 7-byte decision suffix.
[2026-05-08 10:39:49.166]<DEBUG> [TCP]New decision suffix: 2, 0, 0, 0, 0, 0, 0
[2026-05-08 10:39:49.267]<DEBUG> [TCP]TCP 0x0A06 parsed, updated 7-byte decision suffix.
[2026-05-08 10:39:49.268]<DEBUG> [TCP]New decision suffix: 2, 0, 0, 0, 0, 0, 0
[2026-05-08 10:39:49.369]<DEBUG> [TCP]TCP 0x0A06 parsed, updated 7-byte decision suffix.
[2026-05-08 10:39:49.369]<DEBUG> [TCP]New decision suffix: 2, 0, 0, 0, 0, 0, 0
[2026-05-08 10:39:49.467]<DEBUG> [TCP]TCP 0x0A06 parsed, updated 7-byte decision suffix.
[2026-05-08 10:39:49.467]<DEBUG> [TCP]New decision suffix: 2, 0, 0, 0, 0, 0, 0
[2026-05-08 10:39:49.570]<DEBUG> [TCP]TCP 0x0A06 parsed, updated 7-byte decision suffix.
[2026-05-08 10:39:49.570]<DEBUG> [TCP]New decision suffix: 2, 0, 0, 0, 0, 0, 0
[2026-05-08 10:39:49.668]<DEBUG> [TCP]TCP 0x0A06 parsed, updated 7-byte decision suffix.
[2026-05-08 10:39:49.668]<DEBUG> [TCP]New decision suffix: 2, 0, 0, 0, 0, 0, 0
[2026-05-08 10:39:49.770]<DEBUG> [TCP]TCP 0x0A06 parsed, updated 7-byte decision suffix.
[2026-05-08 10:39:49.770]<DEBUG> [TCP]New decision suffix: 2, 0, 0, 0, 0, 0, 0
[2026-05-08 10:39:49.870]<DEBUG> [TCP]TCP 0x0A06 parsed, updated 7-byte decision suffix.
[2026-05-08 10:39:49.870]<DEBUG> [TCP]New decision suffix: 2, 0, 0, 0, 0, 0, 0
[2026-05-08 10:39:49.973]<DEBUG> [TCP]TCP 0x0A06 parsed, updated 7-byte decision suffix.
[2026-05-08 10:39:49.973]<DEBUG> [TCP]New decision suffix: 2, 0, 0, 0, 0, 0, 0
[2026-05-08 10:39:50.068]<DEBUG> [TCP]TCP 0x0A06 parsed, updated 7-byte decision suffix.
[2026-05-08 10:39:50.068]<DEBUG> [TCP]New decision suffix: 2, 0, 0, 0, 0, 0, 0
[2026-05-08 10:39:50.169]<DEBUG> [TCP]TCP 0x0A06 parsed, updated 7-byte decision suffix.
[2026-05-08 10:39:50.169]<DEBUG> [TCP]New decision suffix: 2, 0, 0, 0, 0, 0, 0
[2026-05-08 10:39:50.270]<DEBUG> [TCP]TCP 0x0A06 parsed, updated 7-byte decision suffix.
[2026-05-08 10:39:50.270]<DEBUG> [TCP]New decision suffix: 2, 0, 0, 0, 0, 0, 0
[2026-05-08 10:39:50.371]<DEBUG> [TCP]TCP 0x0A06 parsed, updated 7-byte decision suffix.
[2026-05-08 10:39:50.371]<DEBUG> [TCP]New decision suffix: 2, 0, 0, 0, 0, 0, 0
[2026-05-08 10:39:50.470]<DEBUG> [TCP]TCP 0x0A06 parsed, updated 7-byte decision suffix.
[2026-05-08 10:39:50.470]<DEBUG> [TCP]New decision suffix: 2, 0, 0, 0, 0, 0, 0
[2026-05-08 10:39:50.572]<DEBUG> [TCP]TCP 0x0A06 parsed, updated 7-byte decision suffix.
[2026-05-08 10:39:50.572]<DEBUG> [TCP]New decision suffix: 2, 0, 0, 0, 0, 0, 0
[2026-05-08 10:39:50.670]<DEBUG> [TCP]TCP 0x0A06 parsed, updated 7-byte decision suffix.
[2026-05-08 10:39:50.670]<DEBUG> [TCP]New decision suffix: 2, 0, 0, 0, 0, 0, 0
[2026-05-08 10:39:50.770]<DEBUG> [TCP]TCP 0x0A06 parsed, updated 7-byte decision suffix.
[2026-05-08 10:39:50.770]<DEBUG> [TCP]New decision suffix: 2, 0, 0, 0, 0, 0, 0
[2026-05-08 10:39:50.872]<DEBUG> [TCP]TCP 0x0A06 parsed, updated 7-byte decision suffix.
[2026-05-08 10:39:50.872]<DEBUG> [TCP]New decision suffix: 2, 0, 0, 0, 0, 0, 0
[2026-05-08 10:39:50.973]<DEBUG> [TCP]TCP 0x0A06 parsed, updated 7-byte decision suffix.
[2026-05-08 10:39:50.974]<DEBUG> [TCP]New decision suffix: 2, 0, 0, 0, 0, 0, 0
[2026-05-08 10:39:51.071]<DEBUG> [TCP]TCP 0x0A06 parsed, updated 7-byte decision suffix.
[2026-05-08 10:39:51.072]<DEBUG> [TCP]New decision suffix: 2, 0, 0, 0, 0, 0, 0
[2026-05-08 10:39:51.171]<DEBUG> [TCP]TCP 0x0A06 parsed, updated 7-byte decision suffix.
[2026-05-08 10:39:51.171]<DEBUG> [TCP]New decision suffix: 2, 0, 0, 0, 0, 0, 0
[2026-05-08 10:39:51.270]<DEBUG> [TCP]TCP 0x0A06 parsed, updated 7-byte decision suffix.
[2026-05-08 10:39:51.270]<DEBUG> [TCP]New decision suffix: 2, 0, 0, 0, 0, 0, 0
[2026-05-08 10:39:51.372]<DEBUG> [TCP]TCP 0x0A06 parsed, updated 7-byte decision suffix.
[2026-05-08 10:39:51.372]<DEBUG> [TCP]New decision suffix: 2, 0, 0, 0, 0, 0, 0
[2026-05-08 10:39:51.475]<DEBUG> [TCP]TCP 0x0A06 parsed, updated 7-byte decision suffix.
[2026-05-08 10:39:51.475]<DEBUG> [TCP]New decision suffix: 2, 0, 0, 0, 0, 0, 0
[2026-05-08 10:39:51.573]<DEBUG> [TCP]TCP 0x0A06 parsed, updated 7-byte decision suffix.
[2026-05-08 10:39:51.573]<DEBUG> [TCP]New decision suffix: 2, 0, 0, 0, 0, 0, 0
[2026-05-08 10:39:51.678]<DEBUG> [TCP]TCP 0x0A06 parsed, updated 7-byte decision suffix.
[2026-05-08 10:39:51.678]<DEBUG> [TCP]New decision suffix: 2, 0, 0, 0, 0, 0, 0
[2026-05-08 10:39:51.776]<DEBUG> [TCP]TCP 0x0A06 parsed, updated 7-byte decision suffix.
[2026-05-08 10:39:51.776]<DEBUG> [TCP]New decision suffix: 2, 0, 0, 0, 0, 0, 0
[2026-05-08 10:39:51.874]<DEBUG> [TCP]TCP 0x0A06 parsed, updated 7-byte decision suffix.
[2026-05-08 10:39:51.874]<DEBUG> [TCP]New decision suffix: 2, 0, 0, 0, 0, 0, 0
[2026-05-08 10:39:51.975]<DEBUG> [TCP]TCP 0x0A06 parsed, updated 7-byte decision suffix.
[2026-05-08 10:39:51.976]<DEBUG> [TCP]New decision suffix: 2, 0, 0, 0, 0, 0, 0
[2026-05-08 10:39:52.076]<DEBUG> [TCP]TCP 0x0A06 parsed, updated 7-byte decision suffix.
[2026-05-08 10:39:52.076]<DEBUG> [TCP]New decision suffix: 2, 0, 0, 0, 0, 0, 0
[2026-05-08 10:39:52.178]<DEBUG> [TCP]TCP 0x0A06 parsed, updated 7-byte decision suffix.
[2026-05-08 10:39:52.179]<DEBUG> [TCP]New decision suffix: 2, 0, 0, 0, 0, 0, 0
[2026-05-08 10:39:52.279]<DEBUG> [TCP]TCP 0x0A06 parsed, updated 7-byte decision suffix.
[2026-05-08 10:39:52.279]<DEBUG> [TCP]New decision suffix: 2, 0, 0, 0, 0, 0, 0
[2026-05-08 10:39:52.378]<DEBUG> [TCP]TCP 0x0A06 parsed, updated 7-byte decision suffix.
[2026-05-08 10:39:52.378]<DEBUG> [TCP]New decision suffix: 2, 0, 0, 0, 0, 0, 0
[2026-05-08 10:39:52.474]<DEBUG> [TCP]TCP 0x0A06 parsed, updated 7-byte decision suffix.
[2026-05-08 10:39:52.474]<DEBUG> [TCP]New decision suffix: 2, 0, 0, 0, 0, 0, 0
[2026-05-08 10:39:52.579]<DEBUG> [TCP]TCP 0x0A06 parsed, updated 7-byte decision suffix.
[2026-05-08 10:39:52.579]<DEBUG> [TCP]New decision suffix: 2, 0, 0, 0, 0, 0, 0
[2026-05-08 10:39:52.678]<DEBUG> [TCP]TCP 0x0A06 parsed, updated 7-byte decision suffix.
[2026-05-08 10:39:52.678]<DEBUG> [TCP]New decision suffix: 2, 0, 0, 0, 0, 0, 0
[2026-05-08 10:39:52.776]<DEBUG> [TCP]TCP 0x0A06 parsed, updated 7-byte decision suffix.
[2026-05-08 10:39:52.776]<DEBUG> [TCP]New decision suffix: 2, 0, 0, 0, 0, 0, 0
[2026-05-08 10:39:52.876]<DEBUG> [TCP]TCP 0x0A06 parsed, updated 7-byte decision suffix.
[2026-05-08 10:39:52.876]<DEBUG> [TCP]New decision suffix: 2, 0, 0, 0, 0, 0, 0
[2026-05-08 10:39:52.977]<DEBUG> [TCP]TCP 0x0A06 parsed, updated 7-byte decision suffix.
[2026-05-08 10:39:52.977]<DEBUG> [TCP]New decision suffix: 2, 0, 0, 0, 0, 0, 0
[2026-05-08 10:39:53.076]<DEBUG> [TCP]TCP 0x0A06 parsed, updated 7-byte decision suffix.
[2026-05-08 10:39:53.076]<DEBUG> [TCP]New decision suffix: 2, 0, 0, 0, 0, 0, 0
[2026-05-08 10:39:53.181]<DEBUG> [TCP]TCP 0x0A06 parsed, updated 7-byte decision suffix.
[2026-05-08 10:39:53.182]<DEBUG> [TCP]New decision suffix: 2, 0, 0, 0, 0, 0, 0
[2026-05-08 10:39:53.279]<DEBUG> [TCP]TCP 0x0A06 parsed, updated 7-byte decision suffix.
[2026-05-08 10:39:53.279]<DEBUG> [TCP]New decision suffix: 2, 0, 0, 0, 0, 0, 0
[2026-05-08 10:39:53.377]<DEBUG> [TCP]TCP 0x0A06 parsed, updated 7-byte decision suffix.
[2026-05-08 10:39:53.377]<DEBUG> [TCP]New decision suffix: 2, 0, 0, 0, 0, 0, 0
[2026-05-08 10:39:53.477]<DEBUG> [TCP]TCP 0x0A06 parsed, updated 7-byte decision suffix.
[2026-05-08 10:39:53.478]<DEBUG> [TCP]New decision suffix: 2, 0, 0, 0, 0, 0, 0
[2026-05-08 10:39:53.582]<DEBUG> [TCP]TCP 0x0A06 parsed, updated 7-byte decision suffix.
[2026-05-08 10:39:53.582]<DEBUG> [TCP]New decision suffix: 2, 0, 0, 0, 0, 0, 0
[2026-05-08 10:39:53.680]<DEBUG> [TCP]TCP 0x0A06 parsed, updated 7-byte decision suffix.
[2026-05-08 10:39:53.680]<DEBUG> [TCP]New decision suffix: 2, 0, 0, 0, 0, 0, 0
[2026-05-08 10:39:53.785]<DEBUG> [TCP]TCP 0x0A06 parsed, updated 7-byte decision suffix.
[2026-05-08 10:39:53.785]<DEBUG> [TCP]New decision suffix: 2, 0, 0, 0, 0, 0, 0
[2026-05-08 10:39:53.882]<DEBUG> [TCP]TCP 0x0A06 parsed, updated 7-byte decision suffix.
[2026-05-08 10:39:53.882]<DEBUG> [TCP]New decision suffix: 2, 0, 0, 0, 0, 0, 0
[2026-05-08 10:39:53.978]<DEBUG> [TCP]TCP 0x0A06 parsed, updated 7-byte decision suffix.
[2026-05-08 10:39:53.979]<DEBUG> [TCP]New decision suffix: 2, 0, 0, 0, 0, 0, 0
[2026-05-08 10:39:54.078]<DEBUG> [TCP]TCP 0x0A06 parsed, updated 7-byte decision suffix.
[2026-05-08 10:39:54.078]<DEBUG> [TCP]New decision suffix: 2, 0, 0, 0, 0, 0, 0
[2026-05-08 10:39:54.183]<DEBUG> [TCP]TCP 0x0A06 parsed, updated 7-byte decision suffix.
[2026-05-08 10:39:54.183]<DEBUG> [TCP]New decision suffix: 2, 0, 0, 0, 0, 0, 0
[2026-05-08 10:39:54.277]<DEBUG> [TCP]TCP 0x0A06 parsed, updated 7-byte decision suffix.
[2026-05-08 10:39:54.277]<DEBUG> [TCP]New decision suffix: 2, 0, 0, 0, 0, 0, 0
[2026-05-08 10:39:54.378]<DEBUG> [TCP]TCP 0x0A06 parsed, updated 7-byte decision suffix.
[2026-05-08 10:39:54.378]<DEBUG> [TCP]New decision suffix: 2, 0, 0, 0, 0, 0, 0
[2026-05-08 10:39:54.479]<DEBUG> [TCP]TCP 0x0A06 parsed, updated 7-byte decision suffix.
[2026-05-08 10:39:54.480]<DEBUG> [TCP]New decision suffix: 2, 0, 0, 0, 0, 0, 0
[2026-05-08 10:39:54.583]<DEBUG> [TCP]TCP 0x0A06 parsed, updated 7-byte decision suffix.
[2026-05-08 10:39:54.583]<DEBUG> [TCP]New decision suffix: 2, 0, 0, 0, 0, 0, 0
[2026-05-08 10:39:54.681]<DEBUG> [TCP]TCP 0x0A06 parsed, updated 7-byte decision suffix.
[2026-05-08 10:39:54.681]<DEBUG> [TCP]New decision suffix: 2, 0, 0, 0, 0, 0, 0
[2026-05-08 10:39:54.780]<DEBUG> [TCP]TCP 0x0A06 parsed, updated 7-byte decision suffix.
[2026-05-08 10:39:54.780]<DEBUG> [TCP]New decision suffix: 2, 0, 0, 0, 0, 0, 0
[2026-05-08 10:39:54.886]<DEBUG> [TCP]TCP 0x0A06 parsed, updated 7-byte decision suffix.
[2026-05-08 10:39:54.887]<DEBUG> [TCP]New decision suffix: 2, 0, 0, 0, 0, 0, 0
[2026-05-08 10:39:54.981]<DEBUG> [TCP]TCP 0x0A06 parsed, updated 7-byte decision suffix.
[2026-05-08 10:39:54.981]<DEBUG> [TCP]New decision suffix: 2, 0, 0, 0, 0, 0, 0
[2026-05-08 10:39:55.084]<DEBUG> [TCP]TCP 0x0A06 parsed, updated 7-byte decision suffix.
[2026-05-08 10:39:55.084]<DEBUG> [TCP]New decision suffix: 2, 0, 0, 0, 0, 0, 0
[2026-05-08 10:39:55.184]<DEBUG> [TCP]TCP 0x0A06 parsed, updated 7-byte decision suffix.
[2026-05-08 10:39:55.184]<DEBUG> [TCP]New decision suffix: 2, 0, 0, 0, 0, 0, 0
[2026-05-08 10:39:55.279]<DEBUG> [TCP]TCP 0x0A06 parsed, updated 7-byte decision suffix.
[2026-05-08 10:39:55.279]<DEBUG> [TCP]New decision suffix: 2, 0, 0, 0, 0, 0, 0
[2026-05-08 10:39:55.383]<DEBUG> [TCP]TCP 0x0A06 parsed, updated 7-byte decision suffix.
[2026-05-08 10:39:55.383]<DEBUG> [TCP]New decision suffix: 2, 0, 0, 0, 0, 0, 0
[2026-05-08 10:39:55.490]<DEBUG> [TCP]TCP 0x0A06 parsed, updated 7-byte decision suffix.
[2026-05-08 10:39:55.491]<DEBUG> [TCP]New decision suffix: 2, 0, 0, 0, 0, 0, 0
[2026-05-08 10:39:55.583]<DEBUG> [TCP]TCP 0x0A06 parsed, updated 7-byte decision suffix.
[2026-05-08 10:39:55.584]<DEBUG> [TCP]New decision suffix: 2, 0, 0, 0, 0, 0, 0
[2026-05-08 10:39:55.692]<DEBUG> [TCP]TCP 0x0A06 parsed, updated 7-byte decision suffix.
[2026-05-08 10:39:55.693]<DEBUG> [TCP]New decision suffix: 2, 0, 0, 0, 0, 0, 0
[2026-05-08 10:39:55.782]<DEBUG> [TCP]TCP 0x0A06 parsed, updated 7-byte decision suffix.
[2026-05-08 10:39:55.783]<DEBUG> [TCP]New decision suffix: 2, 0, 0, 0, 0, 0, 0
[2026-05-08 10:39:55.894]<DEBUG> [TCP]TCP 0x0A06 parsed, updated 7-byte decision suffix.
[2026-05-08 10:39:55.894]<DEBUG> [TCP]New decision suffix: 2, 0, 0, 0, 0, 0, 0
[2026-05-08 10:39:55.987]<DEBUG> [TCP]TCP 0x0A06 parsed, updated 7-byte decision suffix.
[2026-05-08 10:39:55.987]<DEBUG> [TCP]New decision suffix: 2, 0, 0, 0, 0, 0, 0
[2026-05-08 10:39:56.085]<DEBUG> [TCP]TCP 0x0A06 parsed, updated 7-byte decision suffix.
[2026-05-08 10:39:56.085]<DEBUG> [TCP]New decision suffix: 2, 0, 0, 0, 0, 0, 0
[2026-05-08 10:39:56.189]<DEBUG> [TCP]TCP 0x0A06 parsed, updated 7-byte decision suffix.
[2026-05-08 10:39:56.189]<DEBUG> [TCP]New decision suffix: 2, 0, 0, 0, 0, 0, 0
[2026-05-08 10:39:56.283]<DEBUG> [TCP]TCP 0x0A06 parsed, updated 7-byte decision suffix.
[2026-05-08 10:39:56.283]<DEBUG> [TCP]New decision suffix: 2, 0, 0, 0, 0, 0, 0
[2026-05-08 10:39:56.387]<DEBUG> [TCP]TCP 0x0A06 parsed, updated 7-byte decision suffix.
[2026-05-08 10:39:56.388]<DEBUG> [TCP]New decision suffix: 2, 0, 0, 0, 0, 0, 0
[2026-05-08 10:39:56.483]<DEBUG> [TCP]TCP 0x0A06 parsed, updated 7-byte decision suffix.
[2026-05-08 10:39:56.483]<DEBUG> [TCP]New decision suffix: 2, 0, 0, 0, 0, 0, 0
[2026-05-08 10:39:56.584]<DEBUG> [TCP]TCP 0x0A06 parsed, updated 7-byte decision suffix.
[2026-05-08 10:39:56.584]<DEBUG> [TCP]New decision suffix: 2, 0, 0, 0, 0, 0, 0
[2026-05-08 10:39:56.689]<DEBUG> [TCP]TCP 0x0A06 parsed, updated 7-byte decision suffix.
[2026-05-08 10:39:56.689]<DEBUG> [TCP]New decision suffix: 2, 0, 0, 0, 0, 0, 0
[2026-05-08 10:39:56.785]<DEBUG> [TCP]TCP 0x0A06 parsed, updated 7-byte decision suffix.
[2026-05-08 10:39:56.785]<DEBUG> [TCP]New decision suffix: 2, 0, 0, 0, 0, 0, 0
[2026-05-08 10:39:56.888]<DEBUG> [TCP]TCP 0x0A06 parsed, updated 7-byte decision suffix.
[2026-05-08 10:39:56.888]<DEBUG> [TCP]New decision suffix: 2, 0, 0, 0, 0, 0, 0
[2026-05-08 10:39:56.984]<DEBUG> [TCP]TCP 0x0A06 parsed, updated 7-byte decision suffix.
[2026-05-08 10:39:56.984]<DEBUG> [TCP]New decision suffix: 2, 0, 0, 0, 0, 0, 0
[2026-05-08 10:39:57.083]<DEBUG> [TCP]TCP 0x0A06 parsed, updated 7-byte decision suffix.
[2026-05-08 10:39:57.083]<DEBUG> [TCP]New decision suffix: 2, 0, 0, 0, 0, 0, 0
[2026-05-08 10:39:57.188]<DEBUG> [TCP]TCP 0x0A06 parsed, updated 7-byte decision suffix.
[2026-05-08 10:39:57.188]<DEBUG> [TCP]New decision suffix: 2, 0, 0, 0, 0, 0, 0
[2026-05-08 10:39:57.286]<DEBUG> [TCP]TCP 0x0A06 parsed, updated 7-byte decision suffix.
[2026-05-08 10:39:57.286]<DEBUG> [TCP]New decision suffix: 2, 0, 0, 0, 0, 0, 0
[2026-05-08 10:39:57.390]<DEBUG> [TCP]TCP 0x0A06 parsed, updated 7-byte decision suffix.
[2026-05-08 10:39:57.390]<DEBUG> [TCP]New decision suffix: 2, 0, 0, 0, 0, 0, 0
[2026-05-08 10:39:57.489]<DEBUG> [TCP]TCP 0x0A06 parsed, updated 7-byte decision suffix.
[2026-05-08 10:39:57.490]<DEBUG> [TCP]New decision suffix: 2, 0, 0, 0, 0, 0, 0
[2026-05-08 10:39:57.591]<DEBUG> [TCP]TCP 0x0A06 parsed, updated 7-byte decision suffix.
[2026-05-08 10:39:57.591]<DEBUG> [TCP]New decision suffix: 2, 0, 0, 0, 0, 0, 0
[2026-05-08 10:39:57.697]<DEBUG> [TCP]TCP 0x0A06 parsed, updated 7-byte decision suffix.
[2026-05-08 10:39:57.698]<DEBUG> [TCP]New decision suffix: 2, 0, 0, 0, 0, 0, 0
[2026-05-08 10:39:57.786]<DEBUG> [TCP]TCP 0x0A06 parsed, updated 7-byte decision suffix.
[2026-05-08 10:39:57.786]<DEBUG> [TCP]New decision suffix: 2, 0, 0, 0, 0, 0, 0
[2026-05-08 10:39:57.888]<DEBUG> [TCP]TCP 0x0A06 parsed, updated 7-byte decision suffix.
[2026-05-08 10:39:57.888]<DEBUG> [TCP]New decision suffix: 2, 0, 0, 0, 0, 0, 0
[2026-05-08 10:39:57.990]<DEBUG> [TCP]TCP 0x0A06 parsed, updated 7-byte decision suffix.
[2026-05-08 10:39:57.990]<DEBUG> [TCP]New decision suffix: 2, 0, 0, 0, 0, 0, 0
[2026-05-08 10:39:58.089]<DEBUG> [TCP]TCP 0x0A06 parsed, updated 7-byte decision suffix.
[2026-05-08 10:39:58.089]<DEBUG> [TCP]New decision suffix: 2, 0, 0, 0, 0, 0, 0
[2026-05-08 10:39:58.190]<DEBUG> [TCP]TCP 0x0A06 parsed, updated 7-byte decision suffix.
[2026-05-08 10:39:58.190]<DEBUG> [TCP]New decision suffix: 2, 0, 0, 0, 0, 0, 0
[2026-05-08 10:39:58.289]<DEBUG> [TCP]TCP 0x0A06 parsed, updated 7-byte decision suffix.
[2026-05-08 10:39:58.289]<DEBUG> [TCP]New decision suffix: 2, 0, 0, 0, 0, 0, 0
[2026-05-08 10:39:58.389]<DEBUG> [TCP]TCP 0x0A06 parsed, updated 7-byte decision suffix.
[2026-05-08 10:39:58.389]<DEBUG> [TCP]New decision suffix: 2, 0, 0, 0, 0, 0, 0
[2026-05-08 10:39:58.488]<DEBUG> [TCP]TCP 0x0A06 parsed, updated 7-byte decision suffix.
[2026-05-08 10:39:58.489]<DEBUG> [TCP]New decision suffix: 2, 0, 0, 0, 0, 0, 0
[2026-05-08 10:39:58.591]<DEBUG> [TCP]TCP 0x0A06 parsed, updated 7-byte decision suffix.
[2026-05-08 10:39:58.591]<DEBUG> [TCP]New decision suffix: 2, 0, 0, 0, 0, 0, 0
[2026-05-08 10:39:58.688]<DEBUG> [TCP]TCP 0x0A06 parsed, updated 7-byte decision suffix.
[2026-05-08 10:39:58.688]<DEBUG> [TCP]New decision suffix: 2, 0, 0, 0, 0, 0, 0
[2026-05-08 10:39:58.794]<DEBUG> [TCP]TCP 0x0A06 parsed, updated 7-byte decision suffix.
[2026-05-08 10:39:58.795]<DEBUG> [TCP]New decision suffix: 2, 0, 0, 0, 0, 0, 0
[2026-05-08 10:39:58.890]<DEBUG> [TCP]TCP 0x0A06 parsed, updated 7-byte decision suffix.
[2026-05-08 10:39:58.890]<DEBUG> [TCP]New decision suffix: 2, 0, 0, 0, 0, 0, 0
[2026-05-08 10:39:58.990]<DEBUG> [TCP]TCP 0x0A06 parsed, updated 7-byte decision suffix.
[2026-05-08 10:39:58.990]<DEBUG> [TCP]New decision suffix: 2, 0, 0, 0, 0, 0, 0
[2026-05-08 10:39:59.092]<DEBUG> [TCP]TCP 0x0A06 parsed, updated 7-byte decision suffix.
[2026-05-08 10:39:59.092]<DEBUG> [TCP]New decision suffix: 2, 0, 0, 0, 0, 0, 0
[2026-05-08 10:39:59.194]<DEBUG> [TCP]TCP 0x0A06 parsed, updated 7-byte decision suffix.
[2026-05-08 10:39:59.194]<DEBUG> [TCP]New decision suffix: 2, 0, 0, 0, 0, 0, 0
[2026-05-08 10:39:59.295]<DEBUG> [TCP]TCP 0x0A06 parsed, updated 7-byte decision suffix.
[2026-05-08 10:39:59.295]<DEBUG> [TCP]New decision suffix: 2, 0, 0, 0, 0, 0, 0
[2026-05-08 10:39:59.395]<DEBUG> [TCP]TCP 0x0A06 parsed, updated 7-byte decision suffix.
[2026-05-08 10:39:59.395]<DEBUG> [TCP]New decision suffix: 2, 0, 0, 0, 0, 0, 0
[2026-05-08 10:39:59.498]<DEBUG> [TCP]TCP 0x0A06 parsed, updated 7-byte decision suffix.
[2026-05-08 10:39:59.498]<DEBUG> [TCP]New decision suffix: 2, 0, 0, 0, 0, 0, 0
[2026-05-08 10:39:59.598]<DEBUG> [TCP]TCP 0x0A06 parsed, updated 7-byte decision suffix.
[2026-05-08 10:39:59.598]<DEBUG> [TCP]New decision suffix: 2, 0, 0, 0, 0, 0, 0
[2026-05-08 10:39:59.691]<DEBUG> [TCP]TCP 0x0A06 parsed, updated 7-byte decision suffix.
[2026-05-08 10:39:59.692]<DEBUG> [TCP]New decision suffix: 2, 0, 0, 0, 0, 0, 0
[2026-05-08 10:39:59.795]<DEBUG> [TCP]TCP 0x0A06 parsed, updated 7-byte decision suffix.
[2026-05-08 10:39:59.795]<DEBUG> [TCP]New decision suffix: 2, 0, 0, 0, 0, 0, 0
[2026-05-08 10:39:59.892]<DEBUG> [TCP]TCP 0x0A06 parsed, updated 7-byte decision suffix.
[2026-05-08 10:39:59.892]<DEBUG> [TCP]New decision suffix: 2, 0, 0, 0, 0, 0, 0
[2026-05-08 10:39:59.994]<DEBUG> [TCP]TCP 0x0A06 parsed, updated 7-byte decision suffix.
[2026-05-08 10:39:59.995]<DEBUG> [TCP]New decision suffix: 2, 0, 0, 0, 0, 0, 0
[2026-05-08 10:40:00.091]<DEBUG> [TCP]TCP 0x0A06 parsed, updated 7-byte decision suffix.
[2026-05-08 10:40:00.091]<DEBUG> [TCP]New decision suffix: 2, 0, 0, 0, 0, 0, 0
[2026-05-08 10:40:00.198]<DEBUG> [TCP]TCP 0x0A06 parsed, updated 7-byte decision suffix.
[2026-05-08 10:40:00.198]<DEBUG> [TCP]New decision suffix: 2, 0, 0, 0, 0, 0, 0
[2026-05-08 10:40:00.300]<DEBUG> [TCP]TCP 0x0A06 parsed, updated 7-byte decision suffix.
[2026-05-08 10:40:00.301]<DEBUG> [TCP]New decision suffix: 2, 0, 0, 0, 0, 0, 0
[2026-05-08 10:40:00.398]<DEBUG> [TCP]TCP 0x0A06 parsed, updated 7-byte decision suffix.
[2026-05-08 10:40:00.399]<DEBUG> [TCP]New decision suffix: 2, 0, 0, 0, 0, 0, 0
[2026-05-08 10:40:00.492]<DEBUG> [TCP]TCP 0x0A06 parsed, updated 7-byte decision suffix.
[2026-05-08 10:40:00.492]<DEBUG> [TCP]New decision suffix: 2, 0, 0, 0, 0, 0, 0
[2026-05-08 10:40:00.886]<DEBUG> [TCP]TCP 0x0A06 parsed, updated 7-byte decision suffix.
[2026-05-08 10:40:00.886]<DEBUG> [TCP]New decision suffix: 2, 0, 0, 0, 0, 0, 0
[2026-05-08 10:40:00.886]<DEBUG> [TCP]TCP 0x0A06 parsed, updated 7-byte decision suffix.
[2026-05-08 10:40:00.886]<DEBUG> [TCP]New decision suffix: 2, 0, 0, 0, 0, 0, 0
[2026-05-08 10:40:00.886]<DEBUG> [TCP]TCP 0x0A06 parsed, updated 7-byte decision suffix.
[2026-05-08 10:40:00.887]<DEBUG> [TCP]New decision suffix: 2, 0, 0, 0, 0, 0, 0
[2026-05-08 10:40:01.000]<DEBUG> [TCP]TCP 0x0A06 parsed, updated 7-byte decision suffix.
[2026-05-08 10:40:01.001]<DEBUG> [TCP]New decision suffix: 2, 0, 0, 0, 0, 0, 0
[2026-05-08 10:40:01.001]<DEBUG> [TCP]TCP 0x0A06 parsed, updated 7-byte decision suffix.
[2026-05-08 10:40:01.001]<DEBUG> [TCP]New decision suffix: 2, 0, 0, 0, 0, 0, 0
[2026-05-08 10:40:01.101]<DEBUG> [TCP]TCP 0x0A06 parsed, updated 7-byte decision suffix.
[2026-05-08 10:40:01.102]<DEBUG> [TCP]New decision suffix: 2, 0, 0, 0, 0, 0, 0
[2026-05-08 10:40:01.194]<DEBUG> [TCP]TCP 0x0A06 parsed, updated 7-byte decision suffix.
[2026-05-08 10:40:01.194]<DEBUG> [TCP]New decision suffix: 2, 0, 0, 0, 0, 0, 0
[2026-05-08 10:40:01.294]<DEBUG> [TCP]TCP 0x0A06 parsed, updated 7-byte decision suffix.
[2026-05-08 10:40:01.294]<DEBUG> [TCP]New decision suffix: 2, 0, 0, 0, 0, 0, 0
[2026-05-08 10:40:01.394]<DEBUG> [TCP]TCP 0x0A06 parsed, updated 7-byte decision suffix.
[2026-05-08 10:40:01.395]<DEBUG> [TCP]New decision suffix: 2, 0, 0, 0, 0, 0, 0
[2026-05-08 10:40:01.506]<DEBUG> [TCP]TCP 0x0A06 parsed, updated 7-byte decision suffix.
[2026-05-08 10:40:01.507]<DEBUG> [TCP]New decision suffix: 2, 0, 0, 0, 0, 0, 0
[2026-05-08 10:40:01.596]<DEBUG> [TCP]TCP 0x0A06 parsed, updated 7-byte decision suffix.
[2026-05-08 10:40:01.596]<DEBUG> [TCP]New decision suffix: 2, 0, 0, 0, 0, 0, 0
