--- Log File Created: 2026-05-01 03:53:29.582 ---
[2026-05-01 03:53:29.761]<DEBUG> [WebCameraHandler]Starting...
[2026-05-01 03:53:29.762]<DEBUG> [TCP]TCP bridge started at 0.0.0.0:2000
[2026-05-01 03:53:29.762]<WARNING> [TCP]TCP sender connect warning: Connection refused
[2026-05-01 03:53:29.762]<DEBUG> [Detector]Robot Inferencer initializing...
[2026-05-01 03:53:29.762]<DEBUG> [Yolov8Inferencer]Model loaded: car_v8n
[2026-05-01 03:53:29.762]<DEBUG> [Yolov8Inferencer]Model class count: 1
[2026-05-01 03:53:29.762]<DEBUG> [Yolov8Inferencer]Model loaded: armor_v8n
[2026-05-01 03:53:29.763]<DEBUG> [Yolov8Inferencer]Model class count: 12
[2026-05-01 03:53:29.763]<DEBUG> [Yolov8Inferencer]Model loaded: armor_v8n
[2026-05-01 03:53:29.763]<DEBUG> [Yolov8Inferencer]Model class count: 12
[2026-05-01 03:53:29.763]<DEBUG> [Yolov8Inferencer]Model loaded: armor_v8n
[2026-05-01 03:53:29.763]<DEBUG> [Yolov8Inferencer]Model class count: 12
[2026-05-01 03:53:29.763]<DEBUG> [Yolov8Inferencer]Model loaded: armor_v8n
[2026-05-01 03:53:29.763]<DEBUG> [Yolov8Inferencer]Model class count: 12
[2026-05-01 03:53:29.763]<DEBUG> [Yolov8Inferencer]Model loaded: armor_v8n
[2026-05-01 03:53:29.763]<DEBUG> [Yolov8Inferencer]Model class count: 12
[2026-05-01 03:53:29.763]<DEBUG> [Yolov8Inferencer]Model loaded: armor_v8n
[2026-05-01 03:53:29.763]<DEBUG> [Yolov8Inferencer]Model class count: 12
[2026-05-01 03:53:29.763]<DEBUG> [Yolov8Inferencer]Model loaded: armor_v8n
[2026-05-01 03:53:29.763]<DEBUG> [Yolov8Inferencer]Model class count: 12
[2026-05-01 03:53:29.763]<DEBUG> [Yolov8Inferencer]Model loaded: armor_v8n
[2026-05-01 03:53:29.763]<DEBUG> [Yolov8Inferencer]Model class count: 12
[2026-05-01 03:53:29.763]<DEBUG> [Yolov8Inferencer]Model loaded: armor_v8n
[2026-05-01 03:53:29.763]<DEBUG> [Yolov8Inferencer]Model class count: 12
[2026-05-01 03:53:29.764]<DEBUG> [Yolov8Inferencer]Model loaded: armor_v8n
[2026-05-01 03:53:29.764]<DEBUG> [Yolov8Inferencer]Model class count: 12
[2026-05-01 03:53:29.764]<DEBUG> [Yolov8Inferencer]Model loaded: armor_v8n
[2026-05-01 03:53:29.764]<DEBUG> [Yolov8Inferencer]Model class count: 12
[2026-05-01 03:53:29.764]<DEBUG> [Yolov8Inferencer]Model loaded: armor_v8n
[2026-05-01 03:53:29.764]<DEBUG> [Yolov8Inferencer]Model class count: 12
[2026-05-01 03:53:29.764]<DEBUG> [Detector]initialized.
