--- Log File Created: 2026-03-15 08:41:49.051 ---
[2026-03-15 08:41:49.212]<DEBUG> [Detector]Robot Inferencer initializing...
[2026-03-15 08:41:49.212]<DEBUG> [Yolov8Inferencer]Model loaded: car_v8n
[2026-03-15 08:41:49.212]<DEBUG> [Yolov8Inferencer]Model class count: 1
[2026-03-15 08:41:49.212]<DEBUG> [Yolov8Inferencer]Model loaded: armor_v8n
[2026-03-15 08:41:49.212]<DEBUG> [Yolov8Inferencer]Model class count: 12
[2026-03-15 08:41:49.213]<DEBUG> [Yolov8Inferencer]Model loaded: armor_v8n
[2026-03-15 08:41:49.213]<DEBUG> [Yolov8Inferencer]Model class count: 12
[2026-03-15 08:41:49.213]<DEBUG> [Yolov8Inferencer]Model loaded: armor_v8n
[2026-03-15 08:41:49.213]<DEBUG> [Yolov8Inferencer]Model class count: 12
[2026-03-15 08:41:49.213]<DEBUG> [Yolov8Inferencer]Model loaded: armor_v8n
[2026-03-15 08:41:49.213]<DEBUG> [Yolov8Inferencer]Model class count: 12
[2026-03-15 08:41:49.213]<DEBUG> [Yolov8Inferencer]Model loaded: armor_v8n
[2026-03-15 08:41:49.213]<DEBUG> [Yolov8Inferencer]Model class count: 12
[2026-03-15 08:41:49.213]<DEBUG> [Yolov8Inferencer]Model loaded: armor_v8n
[2026-03-15 08:41:49.213]<DEBUG> [Yolov8Inferencer]Model class count: 12
[2026-03-15 08:41:49.213]<DEBUG> [Yolov8Inferencer]Model loaded: armor_v8n
[2026-03-15 08:41:49.213]<DEBUG> [Yolov8Inferencer]Model class count: 12
[2026-03-15 08:41:49.213]<DEBUG> [Yolov8Inferencer]Model loaded: armor_v8n
[2026-03-15 08:41:49.213]<DEBUG> [Yolov8Inferencer]Model class count: 12
[2026-03-15 08:41:49.213]<DEBUG> [Yolov8Inferencer]Model loaded: armor_v8n
[2026-03-15 08:41:49.213]<DEBUG> [Yolov8Inferencer]Model class count: 12
[2026-03-15 08:41:49.213]<DEBUG> [Yolov8Inferencer]Model loaded: armor_v8n
[2026-03-15 08:41:49.213]<DEBUG> [Yolov8Inferencer]Model class count: 12
[2026-03-15 08:41:49.213]<DEBUG> [Yolov8Inferencer]Model loaded: armor_v8n
[2026-03-15 08:41:49.213]<DEBUG> [Yolov8Inferencer]Model class count: 12
[2026-03-15 08:41:49.214]<DEBUG> [Yolov8Inferencer]Model loaded: armor_v8n
[2026-03-15 08:41:49.214]<DEBUG> [Yolov8Inferencer]Model class count: 12
[2026-03-15 08:41:49.214]<DEBUG> [Detector]initialized.
[2026-03-15 08:42:04.162]<DEBUG> [WebCameraHandler]Camera devices scanned: 4 devices found.
[2026-03-15 08:42:04.162]<DEBUG> [WebCameraHandler]--- Camera device 0: UGREEN 95348: UGREEN 95348 (/dev/video0)
[2026-03-15 08:42:04.162]<DEBUG> [WebCameraHandler]--- Camera device 1: UGREEN 95348: UGREEN 95348 (/dev/video1)
[2026-03-15 08:42:04.162]<DEBUG> [WebCameraHandler]--- Camera device 2: USB2.0 FHD UVC WebCam: USB2.0 F (/dev/video2)
[2026-03-15 08:42:04.162]<DEBUG> [WebCameraHandler]--- Camera device 3: USB2.0 FHD UVC WebCam: USB2.0 F (/dev/video3)
