--- Log File Created: 2026-03-15 06:15:57.652 ---
[2026-03-15 06:15:57.833]<DEBUG> [Detector]Robot Inferencer initializing...
[2026-03-15 06:15:57.834]<DEBUG> [Yolov8Inferencer]Model loaded: car_v8n
[2026-03-15 06:15:57.834]<DEBUG> [Yolov8Inferencer]Model class count: 1
[2026-03-15 06:15:57.834]<DEBUG> [Yolov8Inferencer]Model loaded: armor_v8n
[2026-03-15 06:15:57.834]<DEBUG> [Yolov8Inferencer]Model class count: 12
[2026-03-15 06:15:57.835]<DEBUG> [Yolov8Inferencer]Model loaded: armor_v8n
[2026-03-15 06:15:57.835]<DEBUG> [Yolov8Inferencer]Model class count: 12
[2026-03-15 06:15:57.835]<DEBUG> [Yolov8Inferencer]Model loaded: armor_v8n
[2026-03-15 06:15:57.835]<DEBUG> [Yolov8Inferencer]Model class count: 12
[2026-03-15 06:15:57.835]<DEBUG> [Yolov8Inferencer]Model loaded: armor_v8n
[2026-03-15 06:15:57.835]<DEBUG> [Yolov8Inferencer]Model class count: 12
[2026-03-15 06:15:57.835]<DEBUG> [Yolov8Inferencer]Model loaded: armor_v8n
[2026-03-15 06:15:57.835]<DEBUG> [Yolov8Inferencer]Model class count: 12
[2026-03-15 06:15:57.835]<DEBUG> [Yolov8Inferencer]Model loaded: armor_v8n
[2026-03-15 06:15:57.835]<DEBUG> [Yolov8Inferencer]Model class count: 12
[2026-03-15 06:15:57.835]<DEBUG> [Yolov8Inferencer]Model loaded: armor_v8n
[2026-03-15 06:15:57.835]<DEBUG> [Yolov8Inferencer]Model class count: 12
[2026-03-15 06:15:57.835]<DEBUG> [Yolov8Inferencer]Model loaded: armor_v8n
[2026-03-15 06:15:57.835]<DEBUG> [Yolov8Inferencer]Model class count: 12
[2026-03-15 06:15:57.835]<DEBUG> [Yolov8Inferencer]Model loaded: armor_v8n
[2026-03-15 06:15:57.835]<DEBUG> [Yolov8Inferencer]Model class count: 12
[2026-03-15 06:15:57.836]<DEBUG> [Yolov8Inferencer]Model loaded: armor_v8n
[2026-03-15 06:15:57.836]<DEBUG> [Yolov8Inferencer]Model class count: 12
[2026-03-15 06:15:57.836]<DEBUG> [Yolov8Inferencer]Model loaded: armor_v8n
[2026-03-15 06:15:57.836]<DEBUG> [Yolov8Inferencer]Model class count: 12
[2026-03-15 06:15:57.836]<DEBUG> [Yolov8Inferencer]Model loaded: armor_v8n
[2026-03-15 06:15:57.836]<DEBUG> [Yolov8Inferencer]Model class count: 12
[2026-03-15 06:15:57.836]<DEBUG> [Detector]initialized.
[2026-03-15 06:16:14.958]<DEBUG> [Detector]Robot Inferencer initializing...
[2026-03-15 06:16:14.958]<DEBUG> [Detector]initialized.
[2026-03-15 06:16:14.959]<DEBUG> [Detector]Detection started.
[2026-03-15 06:16:15.375]<DEBUG> [Detector]Detection stopped.
[2026-03-15 06:16:15.836]<DEBUG> [Detector]Robot Inferencer initializing...
[2026-03-15 06:16:15.836]<DEBUG> [Yolov8Inferencer]Model loaded: car_v8n
[2026-03-15 06:16:15.836]<DEBUG> [Yolov8Inferencer]Model class count: 1
[2026-03-15 06:16:15.836]<DEBUG> [Yolov8Inferencer]Model loaded: armor_v8n
[2026-03-15 06:16:15.837]<DEBUG> [Yolov8Inferencer]Model class count: 12
[2026-03-15 06:16:15.837]<DEBUG> [Yolov8Inferencer]Model loaded: armor_v8n
[2026-03-15 06:16:15.837]<DEBUG> [Yolov8Inferencer]Model class count: 12
[2026-03-15 06:16:15.837]<DEBUG> [Yolov8Inferencer]Model loaded: armor_v8n
[2026-03-15 06:16:15.837]<DEBUG> [Yolov8Inferencer]Model class count: 12
[2026-03-15 06:16:15.837]<DEBUG> [Yolov8Inferencer]Model loaded: armor_v8n
[2026-03-15 06:16:15.837]<DEBUG> [Yolov8Inferencer]Model class count: 12
[2026-03-15 06:16:15.837]<DEBUG> [Yolov8Inferencer]Model loaded: armor_v8n
[2026-03-15 06:16:15.837]<DEBUG> [Yolov8Inferencer]Model class count: 12
[2026-03-15 06:16:15.837]<DEBUG> [Yolov8Inferencer]Model loaded: armor_v8n
[2026-03-15 06:16:15.837]<DEBUG> [Yolov8Inferencer]Model class count: 12
[2026-03-15 06:16:15.837]<DEBUG> [Yolov8Inferencer]Model loaded: armor_v8n
[2026-03-15 06:16:15.837]<DEBUG> [Yolov8Inferencer]Model class count: 12
[2026-03-15 06:16:15.837]<DEBUG> [Yolov8Inferencer]Model loaded: armor_v8n
[2026-03-15 06:16:15.837]<DEBUG> [Yolov8Inferencer]Model class count: 12
[2026-03-15 06:16:15.837]<DEBUG> [Yolov8Inferencer]Model loaded: armor_v8n
[2026-03-15 06:16:15.837]<DEBUG> [Yolov8Inferencer]Model class count: 12
[2026-03-15 06:16:15.837]<DEBUG> [Yolov8Inferencer]Model loaded: armor_v8n
[2026-03-15 06:16:15.837]<DEBUG> [Yolov8Inferencer]Model class count: 12
[2026-03-15 06:16:15.837]<DEBUG> [Yolov8Inferencer]Model loaded: armor_v8n
[2026-03-15 06:16:15.837]<DEBUG> [Yolov8Inferencer]Model class count: 12
[2026-03-15 06:16:15.838]<DEBUG> [Yolov8Inferencer]Model loaded: armor_v8n
[2026-03-15 06:16:15.838]<DEBUG> [Yolov8Inferencer]Model class count: 12
[2026-03-15 06:16:15.838]<DEBUG> [Detector]initialized.
[2026-03-15 06:16:15.838]<DEBUG> [Detector]Detection started.
[2026-03-15 06:16:16.054]<DEBUG> [Detector]Detection stopped.
[2026-03-15 06:16:43.528]<DEBUG> [Detector]Robot Inferencer initializing...
[2026-03-15 06:16:43.528]<DEBUG> [Yolov8Inferencer]Model loaded: car_v8n
[2026-03-15 06:16:43.528]<DEBUG> [Yolov8Inferencer]Model class count: 1
[2026-03-15 06:16:43.528]<DEBUG> [Yolov8Inferencer]Model loaded: armor_v8n
[2026-03-15 06:16:43.528]<DEBUG> [Yolov8Inferencer]Model class count: 12
[2026-03-15 06:16:43.528]<DEBUG> [Yolov8Inferencer]Model loaded: armor_v8n
[2026-03-15 06:16:43.528]<DEBUG> [Yolov8Inferencer]Model class count: 12
[2026-03-15 06:16:43.528]<DEBUG> [Yolov8Inferencer]Model loaded: armor_v8n
[2026-03-15 06:16:43.529]<DEBUG> [Yolov8Inferencer]Model class count: 12
[2026-03-15 06:16:43.529]<DEBUG> [Yolov8Inferencer]Model loaded: armor_v8n
[2026-03-15 06:16:43.529]<DEBUG> [Yolov8Inferencer]Model class count: 12
[2026-03-15 06:16:43.529]<DEBUG> [Yolov8Inferencer]Model loaded: armor_v8n
[2026-03-15 06:16:43.529]<DEBUG> [Yolov8Inferencer]Model class count: 12
[2026-03-15 06:16:43.529]<DEBUG> [Yolov8Inferencer]Model loaded: armor_v8n
[2026-03-15 06:16:43.529]<DEBUG> [Yolov8Inferencer]Model class count: 12
[2026-03-15 06:16:43.529]<DEBUG> [Yolov8Inferencer]Model loaded: armor_v8n
[2026-03-15 06:16:43.529]<DEBUG> [Yolov8Inferencer]Model class count: 12
[2026-03-15 06:16:43.529]<DEBUG> [Yolov8Inferencer]Model loaded: armor_v8n
[2026-03-15 06:16:43.529]<DEBUG> [Yolov8Inferencer]Model class count: 12
[2026-03-15 06:16:43.529]<DEBUG> [Yolov8Inferencer]Model loaded: armor_v8n
[2026-03-15 06:16:43.529]<DEBUG> [Yolov8Inferencer]Model class count: 12
[2026-03-15 06:16:43.529]<DEBUG> [Yolov8Inferencer]Model loaded: armor_v8n
[2026-03-15 06:16:43.529]<DEBUG> [Yolov8Inferencer]Model class count: 12
[2026-03-15 06:16:43.529]<DEBUG> [Yolov8Inferencer]Model loaded: armor_v8n
[2026-03-15 06:16:43.529]<DEBUG> [Yolov8Inferencer]Model class count: 12
[2026-03-15 06:16:43.530]<DEBUG> [Yolov8Inferencer]Model loaded: armor_v8n
[2026-03-15 06:16:43.530]<DEBUG> [Yolov8Inferencer]Model class count: 12
[2026-03-15 06:16:43.530]<DEBUG> [Detector]initialized.
[2026-03-15 06:16:43.530]<DEBUG> [Detector]Detection started.
[2026-03-15 06:17:15.771]<DEBUG> [Detector]Detection stopped.
[2026-03-15 06:17:30.180]<DEBUG> [WebCameraHandler]Camera devices scanned: 5 devices found.
[2026-03-15 06:17:30.180]<DEBUG> [WebCameraHandler]--- Camera device 0: UGREEN 95348: UGREEN 95348 (/dev/video0)
[2026-03-15 06:17:30.180]<DEBUG> [WebCameraHandler]--- Camera device 1: UGREEN 95348: UGREEN 95348 (/dev/video1)
[2026-03-15 06:17:30.180]<DEBUG> [WebCameraHandler]--- Camera device 2: USB2.0 FHD UVC WebCam: USB2.0 F (/dev/video2)
[2026-03-15 06:17:30.180]<DEBUG> [WebCameraHandler]--- Camera device 3: USB2.0 FHD UVC WebCam: USB2.0 F (/dev/video3)
[2026-03-15 06:17:30.180]<DEBUG> [WebCameraHandler]--- Camera device 4: UGREEN Virtual Camera (/dev/video4)
[2026-03-15 06:17:44.693]<ERROR> [WebCameraHandler]Failed to open UGREEN Virtual Camera (/dev/video4).
[2026-03-15 06:18:12.017]<DEBUG> [WebCameraHandler]Camera devices scanned: 5 devices found.
[2026-03-15 06:18:12.018]<DEBUG> [WebCameraHandler]--- Camera device 0: UGREEN 95348: UGREEN 95348 (/dev/video0)
[2026-03-15 06:18:12.018]<DEBUG> [WebCameraHandler]--- Camera device 1: UGREEN 95348: UGREEN 95348 (/dev/video1)
[2026-03-15 06:18:12.018]<DEBUG> [WebCameraHandler]--- Camera device 2: USB2.0 FHD UVC WebCam: USB2.0 F (/dev/video2)
[2026-03-15 06:18:12.018]<DEBUG> [WebCameraHandler]--- Camera device 3: USB2.0 FHD UVC WebCam: USB2.0 F (/dev/video3)
[2026-03-15 06:18:12.018]<DEBUG> [WebCameraHandler]--- Camera device 4: UGREEN Virtual Camera (/dev/video4)
[2026-03-15 06:18:13.067]<DEBUG> [WebCameraHandler]Camera devices scanned: 5 devices found.
[2026-03-15 06:18:13.067]<DEBUG> [WebCameraHandler]--- Camera device 0: UGREEN 95348: UGREEN 95348 (/dev/video0)
[2026-03-15 06:18:13.067]<DEBUG> [WebCameraHandler]--- Camera device 1: UGREEN 95348: UGREEN 95348 (/dev/video1)
[2026-03-15 06:18:13.067]<DEBUG> [WebCameraHandler]--- Camera device 2: USB2.0 FHD UVC WebCam: USB2.0 F (/dev/video2)
[2026-03-15 06:18:13.067]<DEBUG> [WebCameraHandler]--- Camera device 3: USB2.0 FHD UVC WebCam: USB2.0 F (/dev/video3)
[2026-03-15 06:18:13.068]<DEBUG> [WebCameraHandler]--- Camera device 4: UGREEN Virtual Camera (/dev/video4)
[2026-03-15 06:18:33.619]<ERROR> [WebCameraHandler]Failed to open UGREEN Virtual Camera (/dev/video4).
[2026-03-15 06:18:51.262]<ERROR> [WebCameraHandler]Failed to open UGREEN Virtual Camera (/dev/video4).
[2026-03-15 06:19:07.774]<ERROR> [WebCameraHandler]Failed to open UGREEN Virtual Camera (/dev/video4).
[2026-03-15 06:19:26.865]<ERROR> [WebCameraHandler]Failed to open USB2.0 FHD UVC WebCam: USB2.0 F (/dev/video3).
[2026-03-15 06:19:29.349]<DEBUG> [WebCameraHandler]USB2.0 FHD UVC WebCam: USB2.0 F (/dev/video2) opened successfully.
