---WebCameraHandler Log File Created: 2026-03-15 06:17:30.180 ---
[2026-03-15 06:17:30.180]<DEBUG> [WebCameraHandler]Camera devices scanned: 5 devices found.
[2026-03-15 06:17:30.180]<DEBUG> [WebCameraHandler]--- Camera device 0: UGREEN 95348: UGREEN 95348 (/dev/video0)
[2026-03-15 06:17:30.180]<DEBUG> [WebCameraHandler]--- Camera device 1: UGREEN 95348: UGREEN 95348 (/dev/video1)
[2026-03-15 06:17:30.180]<DEBUG> [WebCameraHandler]--- Camera device 2: USB2.0 FHD UVC WebCam: USB2.0 F (/dev/video2)
[2026-03-15 06:17:30.180]<DEBUG> [WebCameraHandler]--- Camera device 3: USB2.0 FHD UVC WebCam: USB2.0 F (/dev/video3)
[2026-03-15 06:17:30.180]<DEBUG> [WebCameraHandler]--- Camera device 4: UGREEN Virtual Camera (/dev/video4)
[2026-03-15 06:17:44.693]<ERROR> [WebCameraHandler]Failed to open UGREEN Virtual Camera (/dev/video4).
[2026-03-15 06:18:12.017]<DEBUG> [WebCameraHandler]Camera devices scanned: 5 devices found.
[2026-03-15 06:18:12.018]<DEBUG> [WebCameraHandler]--- Camera device 0: UGREEN 95348: UGREEN 95348 (/dev/video0)
[2026-03-15 06:18:12.018]<DEBUG> [WebCameraHandler]--- Camera device 1: UGREEN 95348: UGREEN 95348 (/dev/video1)
[2026-03-15 06:18:12.018]<DEBUG> [WebCameraHandler]--- Camera device 2: USB2.0 FHD UVC WebCam: USB2.0 F (/dev/video2)
[2026-03-15 06:18:12.018]<DEBUG> [WebCameraHandler]--- Camera device 3: USB2.0 FHD UVC WebCam: USB2.0 F (/dev/video3)
[2026-03-15 06:18:12.018]<DEBUG> [WebCameraHandler]--- Camera device 4: UGREEN Virtual Camera (/dev/video4)
[2026-03-15 06:18:13.067]<DEBUG> [WebCameraHandler]Camera devices scanned: 5 devices found.
[2026-03-15 06:18:13.067]<DEBUG> [WebCameraHandler]--- Camera device 0: UGREEN 95348: UGREEN 95348 (/dev/video0)
[2026-03-15 06:18:13.067]<DEBUG> [WebCameraHandler]--- Camera device 1: UGREEN 95348: UGREEN 95348 (/dev/video1)
[2026-03-15 06:18:13.067]<DEBUG> [WebCameraHandler]--- Camera device 2: USB2.0 FHD UVC WebCam: USB2.0 F (/dev/video2)
[2026-03-15 06:18:13.067]<DEBUG> [WebCameraHandler]--- Camera device 3: USB2.0 FHD UVC WebCam: USB2.0 F (/dev/video3)
[2026-03-15 06:18:13.068]<DEBUG> [WebCameraHandler]--- Camera device 4: UGREEN Virtual Camera (/dev/video4)
[2026-03-15 06:18:33.619]<ERROR> [WebCameraHandler]Failed to open UGREEN Virtual Camera (/dev/video4).
[2026-03-15 06:18:51.262]<ERROR> [WebCameraHandler]Failed to open UGREEN Virtual Camera (/dev/video4).
[2026-03-15 06:19:07.774]<ERROR> [WebCameraHandler]Failed to open UGREEN Virtual Camera (/dev/video4).
[2026-03-15 06:19:26.865]<ERROR> [WebCameraHandler]Failed to open USB2.0 FHD UVC WebCam: USB2.0 F (/dev/video3).
[2026-03-15 06:19:29.349]<DEBUG> [WebCameraHandler]USB2.0 FHD UVC WebCam: USB2.0 F (/dev/video2) opened successfully.
