--- Log File Created: 2026-05-16 10:39:44.828 ---
[2026-05-16 10:39:44.987]<DEBUG> [WebCameraHandler]Starting...
[2026-05-16 10:39:44.988]<DEBUG> [TCP]TCP receiver client starting, target 127.0.0.1:1400
[2026-05-16 10:39:44.989]<DEBUG> [TCP]TCP sender server listening at 0.0.0.0:1500
[2026-05-16 10:39:44.989]<DEBUG> [Detector]Robot Inferencer initializing...
[2026-05-16 10:39:44.989]<WARNING> [TCP]TCP receiver connect warning: Connection refused
[2026-05-16 10:39:44.989]<DEBUG> [Yolov8Inferencer]Model loaded: car_v8n
[2026-05-16 10:39:44.989]<DEBUG> [Yolov8Inferencer]Model class count: 1
[2026-05-16 10:39:44.989]<DEBUG> [Yolov8Inferencer]Model loaded: armor_v8n
[2026-05-16 10:39:44.989]<DEBUG> [Yolov8Inferencer]Model class count: 12
[2026-05-16 10:39:44.989]<DEBUG> [Yolov8Inferencer]Model loaded: armor_v8n
[2026-05-16 10:39:44.989]<DEBUG> [Yolov8Inferencer]Model class count: 12
[2026-05-16 10:39:44.990]<DEBUG> [Yolov8Inferencer]Model loaded: armor_v8n
[2026-05-16 10:39:44.990]<DEBUG> [Yolov8Inferencer]Model class count: 12
[2026-05-16 10:39:44.990]<DEBUG> [Yolov8Inferencer]Model loaded: armor_v8n
[2026-05-16 10:39:44.990]<DEBUG> [Yolov8Inferencer]Model class count: 12
[2026-05-16 10:39:44.990]<DEBUG> [Yolov8Inferencer]Model loaded: armor_v8n
[2026-05-16 10:39:44.990]<DEBUG> [Yolov8Inferencer]Model class count: 12
[2026-05-16 10:39:44.990]<DEBUG> [Yolov8Inferencer]Model loaded: armor_v8n
[2026-05-16 10:39:44.990]<DEBUG> [Yolov8Inferencer]Model class count: 12
[2026-05-16 10:39:44.990]<DEBUG> [Yolov8Inferencer]Model loaded: armor_v8n
[2026-05-16 10:39:44.990]<DEBUG> [Yolov8Inferencer]Model class count: 12
[2026-05-16 10:39:44.990]<DEBUG> [Yolov8Inferencer]Model loaded: armor_v8n
[2026-05-16 10:39:44.990]<DEBUG> [Yolov8Inferencer]Model class count: 12
[2026-05-16 10:39:44.990]<DEBUG> [Yolov8Inferencer]Model loaded: armor_v8n
[2026-05-16 10:39:44.990]<DEBUG> [Yolov8Inferencer]Model class count: 12
[2026-05-16 10:39:44.990]<DEBUG> [Yolov8Inferencer]Model loaded: armor_v8n
[2026-05-16 10:39:44.990]<DEBUG> [Yolov8Inferencer]Model class count: 12
[2026-05-16 10:39:44.990]<DEBUG> [Yolov8Inferencer]Model loaded: armor_v8n
[2026-05-16 10:39:44.991]<DEBUG> [Yolov8Inferencer]Model class count: 12
[2026-05-16 10:39:44.991]<DEBUG> [Yolov8Inferencer]Model loaded: armor_v8n
[2026-05-16 10:39:44.991]<DEBUG> [Yolov8Inferencer]Model class count: 12
[2026-05-16 10:39:44.991]<DEBUG> [Detector]initialized.
[2026-05-16 10:39:45.850]<WARNING> [TCP]TCP receiver connect warning: Connection refused
[2026-05-16 10:39:46.847]<WARNING> [TCP]TCP receiver connect warning: Connection refused
[2026-05-16 10:39:47.844]<WARNING> [TCP]TCP receiver connect warning: Connection refused
[2026-05-16 10:39:48.845]<WARNING> [TCP]TCP receiver connect warning: Connection refused
[2026-05-16 10:39:49.841]<WARNING> [TCP]TCP receiver connect warning: Connection refused
[2026-05-16 10:39:50.846]<WARNING> [TCP]TCP receiver connect warning: Connection refused
[2026-05-16 10:39:51.842]<WARNING> [TCP]TCP receiver connect warning: Connection refused
[2026-05-16 10:39:52.846]<WARNING> [TCP]TCP receiver connect warning: Connection refused
[2026-05-16 10:39:53.843]<WARNING> [TCP]TCP receiver connect warning: Connection refused
[2026-05-16 10:39:54.842]<WARNING> [TCP]TCP receiver connect warning: Connection refused
[2026-05-16 10:39:55.846]<WARNING> [TCP]TCP receiver connect warning: Connection refused
[2026-05-16 10:39:56.844]<WARNING> [TCP]TCP receiver connect warning: Connection refused
[2026-05-16 10:39:57.845]<WARNING> [TCP]TCP receiver connect warning: Connection refused
[2026-05-16 10:39:58.848]<WARNING> [TCP]TCP receiver connect warning: Connection refused
[2026-05-16 10:39:59.846]<WARNING> [TCP]TCP receiver connect warning: Connection refused
[2026-05-16 10:40:00.843]<WARNING> [TCP]TCP receiver connect warning: Connection refused
[2026-05-16 10:40:01.851]<WARNING> [TCP]TCP receiver connect warning: Connection refused
[2026-05-16 10:40:02.844]<WARNING> [TCP]TCP receiver connect warning: Connection refused
[2026-05-16 10:40:03.851]<WARNING> [TCP]TCP receiver connect warning: Connection refused
[2026-05-16 10:40:04.847]<WARNING> [TCP]TCP receiver connect warning: Connection refused
[2026-05-16 10:40:05.849]<WARNING> [TCP]TCP receiver connect warning: Connection refused
[2026-05-16 10:40:06.852]<WARNING> [TCP]TCP receiver connect warning: Connection refused
[2026-05-16 10:40:07.850]<WARNING> [TCP]TCP receiver connect warning: Connection refused
[2026-05-16 10:40:08.849]<WARNING> [TCP]TCP receiver connect warning: Connection refused
[2026-05-16 10:40:09.849]<WARNING> [TCP]TCP receiver connect warning: Connection refused
[2026-05-16 10:40:10.848]<WARNING> [TCP]TCP receiver connect warning: Connection refused
[2026-05-16 10:40:11.847]<WARNING> [TCP]TCP receiver connect warning: Connection refused
[2026-05-16 10:40:12.848]<WARNING> [TCP]TCP receiver connect warning: Connection refused
[2026-05-16 10:40:13.851]<WARNING> [TCP]TCP receiver connect warning: Connection refused
[2026-05-16 10:40:14.849]<WARNING> [TCP]TCP receiver connect warning: Connection refused
[2026-05-16 10:40:15.851]<WARNING> [TCP]TCP receiver connect warning: Connection refused
[2026-05-16 10:40:16.849]<WARNING> [TCP]TCP receiver connect warning: Connection refused
[2026-05-16 10:40:17.848]<WARNING> [TCP]TCP receiver connect warning: Connection refused
[2026-05-16 10:40:18.852]<WARNING> [TCP]TCP receiver connect warning: Connection refused
[2026-05-16 10:40:19.852]<WARNING> [TCP]TCP receiver connect warning: Connection refused
[2026-05-16 10:40:20.849]<WARNING> [TCP]TCP receiver connect warning: Connection refused
[2026-05-16 10:40:21.853]<WARNING> [TCP]TCP receiver connect warning: Connection refused
[2026-05-16 10:40:22.848]<WARNING> [TCP]TCP receiver connect warning: Connection refused
[2026-05-16 10:40:23.855]<WARNING> [TCP]TCP receiver connect warning: Connection refused
[2026-05-16 10:40:24.850]<WARNING> [TCP]TCP receiver connect warning: Connection refused
[2026-05-16 10:40:25.850]<WARNING> [TCP]TCP receiver connect warning: Connection refused
[2026-05-16 10:40:26.849]<WARNING> [TCP]TCP receiver connect warning: Connection refused
[2026-05-16 10:40:27.853]<WARNING> [TCP]TCP receiver connect warning: Connection refused
[2026-05-16 10:40:28.854]<WARNING> [TCP]TCP receiver connect warning: Connection refused
[2026-05-16 10:40:29.851]<WARNING> [TCP]TCP receiver connect warning: Connection refused
[2026-05-16 10:40:30.853]<WARNING> [TCP]TCP receiver connect warning: Connection refused
[2026-05-16 10:40:31.856]<WARNING> [TCP]TCP receiver connect warning: Connection refused
[2026-05-16 10:40:32.854]<WARNING> [TCP]TCP receiver connect warning: Connection refused
[2026-05-16 10:40:33.853]<WARNING> [TCP]TCP receiver connect warning: Connection refused
[2026-05-16 10:40:34.852]<WARNING> [TCP]TCP receiver connect warning: Connection refused
[2026-05-16 10:40:35.857]<WARNING> [TCP]TCP receiver connect warning: Connection refused
[2026-05-16 10:40:36.854]<WARNING> [TCP]TCP receiver connect warning: Connection refused
[2026-05-16 10:40:37.854]<WARNING> [TCP]TCP receiver connect warning: Connection refused
[2026-05-16 10:40:38.857]<WARNING> [TCP]TCP receiver connect warning: Connection refused
[2026-05-16 10:40:39.855]<WARNING> [TCP]TCP receiver connect warning: Connection refused
[2026-05-16 10:40:40.857]<WARNING> [TCP]TCP receiver connect warning: Connection refused
[2026-05-16 10:40:41.855]<WARNING> [TCP]TCP receiver connect warning: Connection refused
[2026-05-16 10:40:42.858]<WARNING> [TCP]TCP receiver connect warning: Connection refused
[2026-05-16 10:40:43.854]<WARNING> [TCP]TCP receiver connect warning: Connection refused
[2026-05-16 10:40:44.856]<WARNING> [TCP]TCP receiver connect warning: Connection refused
[2026-05-16 10:40:45.859]<WARNING> [TCP]TCP receiver connect warning: Connection refused
[2026-05-16 10:40:46.855]<WARNING> [TCP]TCP receiver connect warning: Connection refused
[2026-05-16 10:40:47.860]<WARNING> [TCP]TCP receiver connect warning: Connection refused
[2026-05-16 10:40:48.858]<WARNING> [TCP]TCP receiver connect warning: Connection refused
[2026-05-16 10:40:49.855]<WARNING> [TCP]TCP receiver connect warning: Connection refused
[2026-05-16 10:40:50.855]<WARNING> [TCP]TCP receiver connect warning: Connection refused
[2026-05-16 10:40:51.856]<WARNING> [TCP]TCP receiver connect warning: Connection refused
[2026-05-16 10:40:52.861]<WARNING> [TCP]TCP receiver connect warning: Connection refused
[2026-05-16 10:40:53.859]<WARNING> [TCP]TCP receiver connect warning: Connection refused
[2026-05-16 10:40:54.862]<WARNING> [TCP]TCP receiver connect warning: Connection refused
[2026-05-16 10:40:55.861]<WARNING> [TCP]TCP receiver connect warning: Connection refused
[2026-05-16 10:40:56.856]<WARNING> [TCP]TCP receiver connect warning: Connection refused
[2026-05-16 10:40:57.858]<WARNING> [TCP]TCP receiver connect warning: Connection refused
[2026-05-16 10:40:58.859]<WARNING> [TCP]TCP receiver connect warning: Connection refused
[2026-05-16 10:40:59.857]<WARNING> [TCP]TCP receiver connect warning: Connection refused
[2026-05-16 10:41:00.860]<WARNING> [TCP]TCP receiver connect warning: Connection refused
[2026-05-16 10:41:01.858]<WARNING> [TCP]TCP receiver connect warning: Connection refused
[2026-05-16 10:41:02.863]<WARNING> [TCP]TCP receiver connect warning: Connection refused
[2026-05-16 10:41:03.862]<WARNING> [TCP]TCP receiver connect warning: Connection refused
[2026-05-16 10:41:04.858]<WARNING> [TCP]TCP receiver connect warning: Connection refused
[2026-05-16 10:41:05.860]<WARNING> [TCP]TCP receiver connect warning: Connection refused
[2026-05-16 10:41:06.861]<WARNING> [TCP]TCP receiver connect warning: Connection refused
[2026-05-16 10:41:07.865]<WARNING> [TCP]TCP receiver connect warning: Connection refused
[2026-05-16 10:41:08.863]<WARNING> [TCP]TCP receiver connect warning: Connection refused
[2026-05-16 10:41:09.862]<WARNING> [TCP]TCP receiver connect warning: Connection refused
[2026-05-16 10:41:10.860]<WARNING> [TCP]TCP receiver connect warning: Connection refused
[2026-05-16 10:41:11.860]<WARNING> [TCP]TCP receiver connect warning: Connection refused
[2026-05-16 10:41:12.860]<WARNING> [TCP]TCP receiver connect warning: Connection refused
[2026-05-16 10:41:13.865]<WARNING> [TCP]TCP receiver connect warning: Connection refused
[2026-05-16 10:41:14.866]<WARNING> [TCP]TCP receiver connect warning: Connection refused
[2026-05-16 10:41:15.865]<WARNING> [TCP]TCP receiver connect warning: Connection refused
[2026-05-16 10:41:16.861]<WARNING> [TCP]TCP receiver connect warning: Connection refused
[2026-05-16 10:41:17.863]<WARNING> [TCP]TCP receiver connect warning: Connection refused
[2026-05-16 10:41:18.864]<WARNING> [TCP]TCP receiver connect warning: Connection refused
[2026-05-16 10:41:19.862]<WARNING> [TCP]TCP receiver connect warning: Connection refused
[2026-05-16 10:41:20.866]<WARNING> [TCP]TCP receiver connect warning: Connection refused
[2026-05-16 10:41:21.864]<WARNING> [TCP]TCP receiver connect warning: Connection refused
[2026-05-16 10:41:22.870]<WARNING> [TCP]TCP receiver connect warning: Connection refused
[2026-05-16 10:41:23.863]<WARNING> [TCP]TCP receiver connect warning: Connection refused
[2026-05-16 10:41:24.865]<WARNING> [TCP]TCP receiver connect warning: Connection refused
[2026-05-16 10:41:25.864]<WARNING> [TCP]TCP receiver connect warning: Connection refused
[2026-05-16 10:41:26.863]<WARNING> [TCP]TCP receiver connect warning: Connection refused
[2026-05-16 10:41:27.866]<WARNING> [TCP]TCP receiver connect warning: Connection refused
[2026-05-16 10:41:28.867]<WARNING> [TCP]TCP receiver connect warning: Connection refused
[2026-05-16 10:41:29.864]<WARNING> [TCP]TCP receiver connect warning: Connection refused
[2026-05-16 10:41:30.866]<WARNING> [TCP]TCP receiver connect warning: Connection refused
[2026-05-16 10:41:31.867]<WARNING> [TCP]TCP receiver connect warning: Connection refused
[2026-05-16 10:41:32.866]<WARNING> [TCP]TCP receiver connect warning: Connection refused
[2026-05-16 10:41:33.874]<WARNING> [TCP]TCP receiver connect warning: Connection refused
[2026-05-16 10:41:34.871]<WARNING> [TCP]TCP receiver connect warning: Connection refused
[2026-05-16 10:41:35.872]<WARNING> [TCP]TCP receiver connect warning: Connection refused
[2026-05-16 10:41:36.870]<WARNING> [TCP]TCP receiver connect warning: Connection refused
[2026-05-16 10:41:37.872]<WARNING> [TCP]TCP receiver connect warning: Connection refused
[2026-05-16 10:41:38.866]<WARNING> [TCP]TCP receiver connect warning: Connection refused
[2026-05-16 10:41:39.867]<WARNING> [TCP]TCP receiver connect warning: Connection refused
[2026-05-16 10:41:40.872]<WARNING> [TCP]TCP receiver connect warning: Connection refused
[2026-05-16 10:41:41.869]<WARNING> [TCP]TCP receiver connect warning: Connection refused
[2026-05-16 10:41:42.868]<WARNING> [TCP]TCP receiver connect warning: Connection refused
[2026-05-16 10:41:43.868]<WARNING> [TCP]TCP receiver connect warning: Connection refused
[2026-05-16 10:41:44.867]<WARNING> [TCP]TCP receiver connect warning: Connection refused
[2026-05-16 10:41:45.868]<WARNING> [TCP]TCP receiver connect warning: Connection refused
[2026-05-16 10:41:46.872]<WARNING> [TCP]TCP receiver connect warning: Connection refused
[2026-05-16 10:41:47.874]<WARNING> [TCP]TCP receiver connect warning: Connection refused
[2026-05-16 10:41:48.870]<WARNING> [TCP]TCP receiver connect warning: Connection refused
[2026-05-16 10:41:49.872]<WARNING> [TCP]TCP receiver connect warning: Connection refused
[2026-05-16 10:41:50.870]<WARNING> [TCP]TCP receiver connect warning: Connection refused
[2026-05-16 10:41:51.872]<WARNING> [TCP]TCP receiver connect warning: Connection refused
[2026-05-16 10:41:52.877]<WARNING> [TCP]TCP receiver connect warning: Connection refused
[2026-05-16 10:41:53.874]<WARNING> [TCP]TCP receiver connect warning: Connection refused
[2026-05-16 10:41:54.875]<WARNING> [TCP]TCP receiver connect warning: Connection refused
[2026-05-16 10:41:55.870]<WARNING> [TCP]TCP receiver connect warning: Connection refused
[2026-05-16 10:41:56.873]<WARNING> [TCP]TCP receiver connect warning: Connection refused
[2026-05-16 10:41:57.874]<WARNING> [TCP]TCP receiver connect warning: Connection refused
[2026-05-16 10:41:58.871]<WARNING> [TCP]TCP receiver connect warning: Connection refused
[2026-05-16 10:41:59.876]<WARNING> [TCP]TCP receiver connect warning: Connection refused
[2026-05-16 10:42:00.872]<WARNING> [TCP]TCP receiver connect warning: Connection refused
[2026-05-16 10:42:01.873]<WARNING> [TCP]TCP receiver connect warning: Connection refused
[2026-05-16 10:42:02.881]<WARNING> [TCP]TCP receiver connect warning: Connection refused
[2026-05-16 10:42:03.877]<WARNING> [TCP]TCP receiver connect warning: Connection refused
[2026-05-16 10:42:04.874]<WARNING> [TCP]TCP receiver connect warning: Connection refused
[2026-05-16 10:42:05.877]<WARNING> [TCP]TCP receiver connect warning: Connection refused
[2026-05-16 10:42:06.876]<WARNING> [TCP]TCP receiver connect warning: Connection refused
[2026-05-16 10:42:07.877]<WARNING> [TCP]TCP receiver connect warning: Connection refused
[2026-05-16 10:42:08.878]<WARNING> [TCP]TCP receiver connect warning: Connection refused
[2026-05-16 10:42:09.876]<WARNING> [TCP]TCP receiver connect warning: Connection refused
[2026-05-16 10:42:10.875]<WARNING> [TCP]TCP receiver connect warning: Connection refused
[2026-05-16 10:42:11.877]<WARNING> [TCP]TCP receiver connect warning: Connection refused
[2026-05-16 10:42:12.874]<WARNING> [TCP]TCP receiver connect warning: Connection refused
[2026-05-16 10:42:13.876]<WARNING> [TCP]TCP receiver connect warning: Connection refused
[2026-05-16 10:42:14.875]<WARNING> [TCP]TCP receiver connect warning: Connection refused
[2026-05-16 10:42:15.876]<WARNING> [TCP]TCP receiver connect warning: Connection refused
[2026-05-16 10:42:16.882]<WARNING> [TCP]TCP receiver connect warning: Connection refused
[2026-05-16 10:42:17.880]<WARNING> [TCP]TCP receiver connect warning: Connection refused
[2026-05-16 10:42:18.880]<WARNING> [TCP]TCP receiver connect warning: Connection refused
[2026-05-16 10:42:19.878]<WARNING> [TCP]TCP receiver connect warning: Connection refused
[2026-05-16 10:42:20.881]<WARNING> [TCP]TCP receiver connect warning: Connection refused
[2026-05-16 10:42:21.876]<WARNING> [TCP]TCP receiver connect warning: Connection refused
[2026-05-16 10:42:22.883]<WARNING> [TCP]TCP receiver connect warning: Connection refused
[2026-05-16 10:42:23.881]<WARNING> [TCP]TCP receiver connect warning: Connection refused
[2026-05-16 10:42:24.884]<WARNING> [TCP]TCP receiver connect warning: Connection refused
[2026-05-16 10:42:25.885]<WARNING> [TCP]TCP receiver connect warning: Connection refused
[2026-05-16 10:42:26.878]<WARNING> [TCP]TCP receiver connect warning: Connection refused
[2026-05-16 10:42:27.878]<WARNING> [TCP]TCP receiver connect warning: Connection refused
[2026-05-16 10:42:28.881]<WARNING> [TCP]TCP receiver connect warning: Connection refused
[2026-05-16 10:42:29.883]<WARNING> [TCP]TCP receiver connect warning: Connection refused
[2026-05-16 10:42:30.881]<WARNING> [TCP]TCP receiver connect warning: Connection refused
[2026-05-16 10:42:31.880]<WARNING> [TCP]TCP receiver connect warning: Connection refused
[2026-05-16 10:42:32.885]<WARNING> [TCP]TCP receiver connect warning: Connection refused
[2026-05-16 10:42:33.885]<WARNING> [TCP]TCP receiver connect warning: Connection refused
[2026-05-16 10:42:34.886]<WARNING> [TCP]TCP receiver connect warning: Connection refused
[2026-05-16 10:42:35.890]<WARNING> [TCP]TCP receiver connect warning: Connection refused
[2026-05-16 10:42:36.885]<WARNING> [TCP]TCP receiver connect warning: Connection refused
[2026-05-16 10:42:37.884]<WARNING> [TCP]TCP receiver connect warning: Connection refused
[2026-05-16 10:42:38.882]<WARNING> [TCP]TCP receiver connect warning: Connection refused
[2026-05-16 10:42:39.881]<WARNING> [TCP]TCP receiver connect warning: Connection refused
[2026-05-16 10:42:40.886]<WARNING> [TCP]TCP receiver connect warning: Connection refused
[2026-05-16 10:42:41.889]<WARNING> [TCP]TCP receiver connect warning: Connection refused
[2026-05-16 10:42:42.881]<WARNING> [TCP]TCP receiver connect warning: Connection refused
[2026-05-16 10:42:43.885]<WARNING> [TCP]TCP receiver connect warning: Connection refused
[2026-05-16 10:42:44.882]<WARNING> [TCP]TCP receiver connect warning: Connection refused
[2026-05-16 10:42:45.887]<WARNING> [TCP]TCP receiver connect warning: Connection refused
[2026-05-16 10:42:46.886]<WARNING> [TCP]TCP receiver connect warning: Connection refused
[2026-05-16 10:42:47.886]<WARNING> [TCP]TCP receiver connect warning: Connection refused
[2026-05-16 10:42:48.884]<WARNING> [TCP]TCP receiver connect warning: Connection refused
[2026-05-16 10:42:49.886]<WARNING> [TCP]TCP receiver connect warning: Connection refused
[2026-05-16 10:42:50.891]<WARNING> [TCP]TCP receiver connect warning: Connection refused
[2026-05-16 10:42:51.895]<WARNING> [TCP]TCP receiver connect warning: Connection refused
[2026-05-16 10:42:52.886]<WARNING> [TCP]TCP receiver connect warning: Connection refused
[2026-05-16 10:42:53.891]<WARNING> [TCP]TCP receiver connect warning: Connection refused
[2026-05-16 10:42:54.886]<WARNING> [TCP]TCP receiver connect warning: Connection refused
[2026-05-16 10:42:55.889]<WARNING> [TCP]TCP receiver connect warning: Connection refused
[2026-05-16 10:42:56.888]<WARNING> [TCP]TCP receiver connect warning: Connection refused
[2026-05-16 10:42:57.888]<WARNING> [TCP]TCP receiver connect warning: Connection refused
[2026-05-16 10:42:58.893]<WARNING> [TCP]TCP receiver connect warning: Connection refused
[2026-05-16 10:42:59.891]<WARNING> [TCP]TCP receiver connect warning: Connection refused
[2026-05-16 10:43:00.890]<WARNING> [TCP]TCP receiver connect warning: Connection refused
[2026-05-16 10:43:01.889]<WARNING> [TCP]TCP receiver connect warning: Connection refused
[2026-05-16 10:43:02.893]<WARNING> [TCP]TCP receiver connect warning: Connection refused
[2026-05-16 10:43:03.886]<WARNING> [TCP]TCP receiver connect warning: Connection refused
[2026-05-16 10:43:04.889]<WARNING> [TCP]TCP receiver connect warning: Connection refused
[2026-05-16 10:43:05.890]<WARNING> [TCP]TCP receiver connect warning: Connection refused
[2026-05-16 10:43:06.893]<WARNING> [TCP]TCP receiver connect warning: Connection refused
[2026-05-16 10:43:07.888]<WARNING> [TCP]TCP receiver connect warning: Connection refused
[2026-05-16 10:43:08.890]<WARNING> [TCP]TCP receiver connect warning: Connection refused
[2026-05-16 10:43:09.892]<WARNING> [TCP]TCP receiver connect warning: Connection refused
[2026-05-16 10:43:10.891]<WARNING> [TCP]TCP receiver connect warning: Connection refused
[2026-05-16 10:43:11.892]<WARNING> [TCP]TCP receiver connect warning: Connection refused
[2026-05-16 10:43:12.897]<WARNING> [TCP]TCP receiver connect warning: Connection refused
[2026-05-16 10:43:13.893]<WARNING> [TCP]TCP receiver connect warning: Connection refused
[2026-05-16 10:43:14.896]<WARNING> [TCP]TCP receiver connect warning: Connection refused
[2026-05-16 10:43:15.893]<WARNING> [TCP]TCP receiver connect warning: Connection refused
[2026-05-16 10:43:16.892]<WARNING> [TCP]TCP receiver connect warning: Connection refused
[2026-05-16 10:43:17.891]<WARNING> [TCP]TCP receiver connect warning: Connection refused
[2026-05-16 10:43:18.894]<WARNING> [TCP]TCP receiver connect warning: Connection refused
[2026-05-16 10:43:19.892]<WARNING> [TCP]TCP receiver connect warning: Connection refused
[2026-05-16 10:43:20.897]<WARNING> [TCP]TCP receiver connect warning: Connection refused
[2026-05-16 10:43:21.891]<WARNING> [TCP]TCP receiver connect warning: Connection refused
[2026-05-16 10:43:22.893]<WARNING> [TCP]TCP receiver connect warning: Connection refused
[2026-05-16 10:43:23.897]<WARNING> [TCP]TCP receiver connect warning: Connection refused
[2026-05-16 10:43:24.893]<WARNING> [TCP]TCP receiver connect warning: Connection refused
[2026-05-16 10:43:25.893]<WARNING> [TCP]TCP receiver connect warning: Connection refused
[2026-05-16 10:43:26.900]<WARNING> [TCP]TCP receiver connect warning: Connection refused
[2026-05-16 10:43:27.897]<WARNING> [TCP]TCP receiver connect warning: Connection refused
[2026-05-16 10:43:28.898]<WARNING> [TCP]TCP receiver connect warning: Connection refused
[2026-05-16 10:43:29.896]<WARNING> [TCP]TCP receiver connect warning: Connection refused
[2026-05-16 10:43:30.898]<WARNING> [TCP]TCP receiver connect warning: Connection refused
[2026-05-16 10:43:31.898]<WARNING> [TCP]TCP receiver connect warning: Connection refused
[2026-05-16 10:43:32.903]<WARNING> [TCP]TCP receiver connect warning: Connection refused
[2026-05-16 10:43:33.899]<WARNING> [TCP]TCP receiver connect warning: Connection refused
[2026-05-16 10:43:34.898]<WARNING> [TCP]TCP receiver connect warning: Connection refused
[2026-05-16 10:43:35.904]<WARNING> [TCP]TCP receiver connect warning: Connection refused
[2026-05-16 10:43:36.897]<WARNING> [TCP]TCP receiver connect warning: Connection refused
[2026-05-16 10:43:37.898]<WARNING> [TCP]TCP receiver connect warning: Connection refused
[2026-05-16 10:43:38.904]<WARNING> [TCP]TCP receiver connect warning: Connection refused
[2026-05-16 10:43:39.904]<WARNING> [TCP]TCP receiver connect warning: Connection refused
[2026-05-16 10:43:40.902]<WARNING> [TCP]TCP receiver connect warning: Connection refused
[2026-05-16 10:43:41.902]<WARNING> [TCP]TCP receiver connect warning: Connection refused
[2026-05-16 10:43:42.899]<WARNING> [TCP]TCP receiver connect warning: Connection refused
[2026-05-16 10:43:43.905]<WARNING> [TCP]TCP receiver connect warning: Connection refused
[2026-05-16 10:43:44.900]<WARNING> [TCP]TCP receiver connect warning: Connection refused
[2026-05-16 10:43:45.905]<WARNING> [TCP]TCP receiver connect warning: Connection refused
[2026-05-16 10:43:46.902]<WARNING> [TCP]TCP receiver connect warning: Connection refused
[2026-05-16 10:43:47.906]<WARNING> [TCP]TCP receiver connect warning: Connection refused
[2026-05-16 10:43:48.907]<WARNING> [TCP]TCP receiver connect warning: Connection refused
[2026-05-16 10:43:49.906]<WARNING> [TCP]TCP receiver connect warning: Connection refused
[2026-05-16 10:43:50.902]<WARNING> [TCP]TCP receiver connect warning: Connection refused
[2026-05-16 10:43:51.905]<WARNING> [TCP]TCP receiver connect warning: Connection refused
[2026-05-16 10:43:52.903]<WARNING> [TCP]TCP receiver connect warning: Connection refused
[2026-05-16 10:43:53.907]<WARNING> [TCP]TCP receiver connect warning: Connection refused
[2026-05-16 10:43:54.908]<WARNING> [TCP]TCP receiver connect warning: Connection refused
[2026-05-16 10:43:55.905]<WARNING> [TCP]TCP receiver connect warning: Connection refused
[2026-05-16 10:43:56.909]<WARNING> [TCP]TCP receiver connect warning: Connection refused
[2026-05-16 10:43:57.907]<WARNING> [TCP]TCP receiver connect warning: Connection refused
[2026-05-16 10:43:58.906]<WARNING> [TCP]TCP receiver connect warning: Connection refused
[2026-05-16 10:43:59.905]<WARNING> [TCP]TCP receiver connect warning: Connection refused
[2026-05-16 10:44:00.906]<WARNING> [TCP]TCP receiver connect warning: Connection refused
[2026-05-16 10:44:01.906]<WARNING> [TCP]TCP receiver connect warning: Connection refused
[2026-05-16 10:44:02.910]<WARNING> [TCP]TCP receiver connect warning: Connection refused
[2026-05-16 10:44:03.910]<WARNING> [TCP]TCP receiver connect warning: Connection refused
[2026-05-16 10:44:04.908]<WARNING> [TCP]TCP receiver connect warning: Connection refused
[2026-05-16 10:44:05.907]<WARNING> [TCP]TCP receiver connect warning: Connection refused
[2026-05-16 10:44:06.907]<WARNING> [TCP]TCP receiver connect warning: Connection refused
[2026-05-16 10:44:07.911]<WARNING> [TCP]TCP receiver connect warning: Connection refused
[2026-05-16 10:44:08.909]<WARNING> [TCP]TCP receiver connect warning: Connection refused
[2026-05-16 10:44:09.907]<WARNING> [TCP]TCP receiver connect warning: Connection refused
[2026-05-16 10:44:10.910]<WARNING> [TCP]TCP receiver connect warning: Connection refused
[2026-05-16 10:44:11.910]<WARNING> [TCP]TCP receiver connect warning: Connection refused
[2026-05-16 10:44:12.908]<WARNING> [TCP]TCP receiver connect warning: Connection refused
[2026-05-16 10:44:13.907]<WARNING> [TCP]TCP receiver connect warning: Connection refused
[2026-05-16 10:44:14.909]<WARNING> [TCP]TCP receiver connect warning: Connection refused
[2026-05-16 10:44:15.907]<WARNING> [TCP]TCP receiver connect warning: Connection refused
[2026-05-16 10:44:16.909]<WARNING> [TCP]TCP receiver connect warning: Connection refused
[2026-05-16 10:44:17.911]<WARNING> [TCP]TCP receiver connect warning: Connection refused
[2026-05-16 10:44:18.911]<WARNING> [TCP]TCP receiver connect warning: Connection refused
[2026-05-16 10:44:19.913]<WARNING> [TCP]TCP receiver connect warning: Connection refused
[2026-05-16 10:44:20.914]<WARNING> [TCP]TCP receiver connect warning: Connection refused
[2026-05-16 10:44:21.909]<WARNING> [TCP]TCP receiver connect warning: Connection refused
[2026-05-16 10:44:22.915]<WARNING> [TCP]TCP receiver connect warning: Connection refused
[2026-05-16 10:44:23.915]<WARNING> [TCP]TCP receiver connect warning: Connection refused
[2026-05-16 10:44:24.910]<WARNING> [TCP]TCP receiver connect warning: Connection refused
[2026-05-16 10:44:25.915]<WARNING> [TCP]TCP receiver connect warning: Connection refused
[2026-05-16 10:44:26.911]<WARNING> [TCP]TCP receiver connect warning: Connection refused
[2026-05-16 10:44:27.913]<WARNING> [TCP]TCP receiver connect warning: Connection refused
[2026-05-16 10:44:28.911]<WARNING> [TCP]TCP receiver connect warning: Connection refused
[2026-05-16 10:44:29.916]<WARNING> [TCP]TCP receiver connect warning: Connection refused
[2026-05-16 10:44:30.916]<WARNING> [TCP]TCP receiver connect warning: Connection refused
[2026-05-16 10:44:31.917]<WARNING> [TCP]TCP receiver connect warning: Connection refused
[2026-05-16 10:44:32.916]<WARNING> [TCP]TCP receiver connect warning: Connection refused
[2026-05-16 10:44:33.916]<WARNING> [TCP]TCP receiver connect warning: Connection refused
[2026-05-16 10:44:34.917]<WARNING> [TCP]TCP receiver connect warning: Connection refused
[2026-05-16 10:44:35.913]<WARNING> [TCP]TCP receiver connect warning: Connection refused
[2026-05-16 10:44:36.917]<WARNING> [TCP]TCP receiver connect warning: Connection refused
[2026-05-16 10:44:37.915]<WARNING> [TCP]TCP receiver connect warning: Connection refused
[2026-05-16 10:44:38.916]<WARNING> [TCP]TCP receiver connect warning: Connection refused
[2026-05-16 10:44:39.913]<WARNING> [TCP]TCP receiver connect warning: Connection refused
[2026-05-16 10:44:40.919]<WARNING> [TCP]TCP receiver connect warning: Connection refused
[2026-05-16 10:44:41.918]<WARNING> [TCP]TCP receiver connect warning: Connection refused
[2026-05-16 10:44:42.915]<WARNING> [TCP]TCP receiver connect warning: Connection refused
[2026-05-16 10:44:43.916]<WARNING> [TCP]TCP receiver connect warning: Connection refused
[2026-05-16 10:44:44.915]<WARNING> [TCP]TCP receiver connect warning: Connection refused
[2026-05-16 10:44:45.916]<WARNING> [TCP]TCP receiver connect warning: Connection refused
[2026-05-16 10:44:46.917]<WARNING> [TCP]TCP receiver connect warning: Connection refused
[2026-05-16 10:44:47.915]<WARNING> [TCP]TCP receiver connect warning: Connection refused
[2026-05-16 10:44:48.918]<WARNING> [TCP]TCP receiver connect warning: Connection refused
[2026-05-16 10:44:49.915]<WARNING> [TCP]TCP receiver connect warning: Connection refused
[2026-05-16 10:44:50.918]<WARNING> [TCP]TCP receiver connect warning: Connection refused
[2026-05-16 10:44:51.919]<WARNING> [TCP]TCP receiver connect warning: Connection refused
[2026-05-16 10:44:52.916]<WARNING> [TCP]TCP receiver connect warning: Connection refused
[2026-05-16 10:44:53.916]<WARNING> [TCP]TCP receiver connect warning: Connection refused
[2026-05-16 10:44:54.921]<WARNING> [TCP]TCP receiver connect warning: Connection refused
[2026-05-16 10:44:55.919]<WARNING> [TCP]TCP receiver connect warning: Connection refused
[2026-05-16 10:44:56.920]<WARNING> [TCP]TCP receiver connect warning: Connection refused
[2026-05-16 10:44:57.917]<WARNING> [TCP]TCP receiver connect warning: Connection refused
[2026-05-16 10:44:58.918]<WARNING> [TCP]TCP receiver connect warning: Connection refused
[2026-05-16 10:44:59.919]<WARNING> [TCP]TCP receiver connect warning: Connection refused
[2026-05-16 10:45:00.921]<WARNING> [TCP]TCP receiver connect warning: Connection refused
[2026-05-16 10:45:01.922]<WARNING> [TCP]TCP receiver connect warning: Connection refused
[2026-05-16 10:45:02.922]<WARNING> [TCP]TCP receiver connect warning: Connection refused
[2026-05-16 10:45:03.925]<WARNING> [TCP]TCP receiver connect warning: Connection refused
[2026-05-16 10:45:04.921]<WARNING> [TCP]TCP receiver connect warning: Connection refused
[2026-05-16 10:45:05.919]<WARNING> [TCP]TCP receiver connect warning: Connection refused
[2026-05-16 10:45:06.922]<WARNING> [TCP]TCP receiver connect warning: Connection refused
[2026-05-16 10:45:07.919]<WARNING> [TCP]TCP receiver connect warning: Connection refused
[2026-05-16 10:45:08.919]<WARNING> [TCP]TCP receiver connect warning: Connection refused
[2026-05-16 10:45:09.926]<WARNING> [TCP]TCP receiver connect warning: Connection refused
[2026-05-16 10:45:10.922]<WARNING> [TCP]TCP receiver connect warning: Connection refused
[2026-05-16 10:45:11.923]<WARNING> [TCP]TCP receiver connect warning: Connection refused
[2026-05-16 10:45:12.926]<WARNING> [TCP]TCP receiver connect warning: Connection refused
[2026-05-16 10:45:13.926]<WARNING> [TCP]TCP receiver connect warning: Connection refused
[2026-05-16 10:45:14.925]<WARNING> [TCP]TCP receiver connect warning: Connection refused
[2026-05-16 10:45:15.924]<WARNING> [TCP]TCP receiver connect warning: Connection refused
[2026-05-16 10:45:16.924]<WARNING> [TCP]TCP receiver connect warning: Connection refused
[2026-05-16 10:45:17.925]<WARNING> [TCP]TCP receiver connect warning: Connection refused
[2026-05-16 10:45:18.923]<WARNING> [TCP]TCP receiver connect warning: Connection refused
[2026-05-16 10:45:19.927]<WARNING> [TCP]TCP receiver connect warning: Connection refused
[2026-05-16 10:45:20.927]<WARNING> [TCP]TCP receiver connect warning: Connection refused
[2026-05-16 10:45:21.927]<WARNING> [TCP]TCP receiver connect warning: Connection refused
[2026-05-16 10:45:22.927]<WARNING> [TCP]TCP receiver connect warning: Connection refused
[2026-05-16 10:45:23.922]<WARNING> [TCP]TCP receiver connect warning: Connection refused
[2026-05-16 10:45:24.929]<WARNING> [TCP]TCP receiver connect warning: Connection refused
[2026-05-16 10:45:25.926]<WARNING> [TCP]TCP receiver connect warning: Connection refused
[2026-05-16 10:45:26.925]<WARNING> [TCP]TCP receiver connect warning: Connection refused
[2026-05-16 10:45:27.925]<WARNING> [TCP]TCP receiver connect warning: Connection refused
[2026-05-16 10:45:28.929]<WARNING> [TCP]TCP receiver connect warning: Connection refused
[2026-05-16 10:45:29.930]<WARNING> [TCP]TCP receiver connect warning: Connection refused
[2026-05-16 10:45:30.928]<WARNING> [TCP]TCP receiver connect warning: Connection refused
[2026-05-16 10:45:31.926]<WARNING> [TCP]TCP receiver connect warning: Connection refused
[2026-05-16 10:45:32.926]<WARNING> [TCP]TCP receiver connect warning: Connection refused
[2026-05-16 10:45:33.927]<WARNING> [TCP]TCP receiver connect warning: Connection refused
[2026-05-16 10:45:34.930]<WARNING> [TCP]TCP receiver connect warning: Connection refused
[2026-05-16 10:45:35.929]<WARNING> [TCP]TCP receiver connect warning: Connection refused
[2026-05-16 10:45:36.925]<WARNING> [TCP]TCP receiver connect warning: Connection refused
[2026-05-16 10:45:37.931]<WARNING> [TCP]TCP receiver connect warning: Connection refused
[2026-05-16 10:45:38.930]<WARNING> [TCP]TCP receiver connect warning: Connection refused
[2026-05-16 10:45:39.930]<WARNING> [TCP]TCP receiver connect warning: Connection refused
[2026-05-16 10:45:40.929]<WARNING> [TCP]TCP receiver connect warning: Connection refused
[2026-05-16 10:45:41.930]<WARNING> [TCP]TCP receiver connect warning: Connection refused
[2026-05-16 10:45:42.932]<WARNING> [TCP]TCP receiver connect warning: Connection refused
[2026-05-16 10:45:43.930]<WARNING> [TCP]TCP receiver connect warning: Connection refused
[2026-05-16 10:45:44.932]<WARNING> [TCP]TCP receiver connect warning: Connection refused
[2026-05-16 10:45:45.932]<WARNING> [TCP]TCP receiver connect warning: Connection refused
[2026-05-16 10:45:46.932]<WARNING> [TCP]TCP receiver connect warning: Connection refused
[2026-05-16 10:45:47.931]<WARNING> [TCP]TCP receiver connect warning: Connection refused
[2026-05-16 10:45:48.933]<WARNING> [TCP]TCP receiver connect warning: Connection refused
[2026-05-16 10:45:49.932]<WARNING> [TCP]TCP receiver connect warning: Connection refused
[2026-05-16 10:45:50.929]<WARNING> [TCP]TCP receiver connect warning: Connection refused
[2026-05-16 10:45:51.930]<WARNING> [TCP]TCP receiver connect warning: Connection refused
[2026-05-16 10:45:52.929]<WARNING> [TCP]TCP receiver connect warning: Connection refused
[2026-05-16 10:45:53.934]<WARNING> [TCP]TCP receiver connect warning: Connection refused
[2026-05-16 10:45:54.934]<WARNING> [TCP]TCP receiver connect warning: Connection refused
[2026-05-16 10:45:55.934]<WARNING> [TCP]TCP receiver connect warning: Connection refused
[2026-05-16 10:45:56.934]<WARNING> [TCP]TCP receiver connect warning: Connection refused
[2026-05-16 10:45:57.930]<WARNING> [TCP]TCP receiver connect warning: Connection refused
[2026-05-16 10:45:58.933]<WARNING> [TCP]TCP receiver connect warning: Connection refused
[2026-05-16 10:45:59.931]<WARNING> [TCP]TCP receiver connect warning: Connection refused
[2026-05-16 10:46:00.932]<WARNING> [TCP]TCP receiver connect warning: Connection refused
[2026-05-16 10:46:01.936]<WARNING> [TCP]TCP receiver connect warning: Connection refused
[2026-05-16 10:46:02.936]<WARNING> [TCP]TCP receiver connect warning: Connection refused
[2026-05-16 10:46:03.932]<WARNING> [TCP]TCP receiver connect warning: Connection refused
[2026-05-16 10:46:04.936]<WARNING> [TCP]TCP receiver connect warning: Connection refused
[2026-05-16 10:46:05.936]<WARNING> [TCP]TCP receiver connect warning: Connection refused
[2026-05-16 10:46:06.935]<WARNING> [TCP]TCP receiver connect warning: Connection refused
[2026-05-16 10:46:07.932]<WARNING> [TCP]TCP receiver connect warning: Connection refused
[2026-05-16 10:46:08.932]<WARNING> [TCP]TCP receiver connect warning: Connection refused
[2026-05-16 10:46:09.932]<WARNING> [TCP]TCP receiver connect warning: Connection refused
[2026-05-16 10:46:10.933]<WARNING> [TCP]TCP receiver connect warning: Connection refused
[2026-05-16 10:46:11.938]<WARNING> [TCP]TCP receiver connect warning: Connection refused
[2026-05-16 10:46:12.936]<WARNING> [TCP]TCP receiver connect warning: Connection refused
[2026-05-16 10:46:13.936]<WARNING> [TCP]TCP receiver connect warning: Connection refused
[2026-05-16 10:46:14.935]<WARNING> [TCP]TCP receiver connect warning: Connection refused
[2026-05-16 10:46:15.937]<WARNING> [TCP]TCP receiver connect warning: Connection refused
[2026-05-16 10:46:16.938]<WARNING> [TCP]TCP receiver connect warning: Connection refused
[2026-05-16 10:46:17.938]<WARNING> [TCP]TCP receiver connect warning: Connection refused
[2026-05-16 10:46:18.936]<WARNING> [TCP]TCP receiver connect warning: Connection refused
[2026-05-16 10:46:19.939]<WARNING> [TCP]TCP receiver connect warning: Connection refused
[2026-05-16 10:46:20.935]<WARNING> [TCP]TCP receiver connect warning: Connection refused
[2026-05-16 10:46:21.939]<WARNING> [TCP]TCP receiver connect warning: Connection refused
[2026-05-16 10:46:22.936]<WARNING> [TCP]TCP receiver connect warning: Connection refused
[2026-05-16 10:46:23.941]<WARNING> [TCP]TCP receiver connect warning: Connection refused
[2026-05-16 10:46:24.939]<WARNING> [TCP]TCP receiver connect warning: Connection refused
[2026-05-16 10:46:25.936]<WARNING> [TCP]TCP receiver connect warning: Connection refused
[2026-05-16 10:46:26.941]<WARNING> [TCP]TCP receiver connect warning: Connection refused
[2026-05-16 10:46:27.938]<WARNING> [TCP]TCP receiver connect warning: Connection refused
[2026-05-16 10:46:28.942]<WARNING> [TCP]TCP receiver connect warning: Connection refused
[2026-05-16 10:46:29.940]<WARNING> [TCP]TCP receiver connect warning: Connection refused
[2026-05-16 10:46:30.939]<WARNING> [TCP]TCP receiver connect warning: Connection refused
[2026-05-16 10:46:31.943]<WARNING> [TCP]TCP receiver connect warning: Connection refused
[2026-05-16 10:46:32.939]<WARNING> [TCP]TCP receiver connect warning: Connection refused
[2026-05-16 10:46:33.944]<WARNING> [TCP]TCP receiver connect warning: Connection refused
[2026-05-16 10:46:34.941]<WARNING> [TCP]TCP receiver connect warning: Connection refused
[2026-05-16 10:46:35.943]<WARNING> [TCP]TCP receiver connect warning: Connection refused
[2026-05-16 10:46:36.939]<WARNING> [TCP]TCP receiver connect warning: Connection refused
[2026-05-16 10:46:37.939]<WARNING> [TCP]TCP receiver connect warning: Connection refused
[2026-05-16 10:46:38.943]<WARNING> [TCP]TCP receiver connect warning: Connection refused
[2026-05-16 10:46:39.945]<WARNING> [TCP]TCP receiver connect warning: Connection refused
[2026-05-16 10:46:40.943]<WARNING> [TCP]TCP receiver connect warning: Connection refused
[2026-05-16 10:46:41.941]<WARNING> [TCP]TCP receiver connect warning: Connection refused
[2026-05-16 10:46:42.942]<WARNING> [TCP]TCP receiver connect warning: Connection refused
[2026-05-16 10:46:43.943]<WARNING> [TCP]TCP receiver connect warning: Connection refused
[2026-05-16 10:46:44.942]<WARNING> [TCP]TCP receiver connect warning: Connection refused
[2026-05-16 10:46:45.942]<WARNING> [TCP]TCP receiver connect warning: Connection refused
[2026-05-16 10:46:46.945]<WARNING> [TCP]TCP receiver connect warning: Connection refused
[2026-05-16 10:46:47.945]<WARNING> [TCP]TCP receiver connect warning: Connection refused
[2026-05-16 10:46:48.947]<WARNING> [TCP]TCP receiver connect warning: Connection refused
[2026-05-16 10:46:49.947]<WARNING> [TCP]TCP receiver connect warning: Connection refused
[2026-05-16 10:46:50.944]<WARNING> [TCP]TCP receiver connect warning: Connection refused
[2026-05-16 10:46:51.948]<WARNING> [TCP]TCP receiver connect warning: Connection refused
[2026-05-16 10:46:52.947]<WARNING> [TCP]TCP receiver connect warning: Connection refused
[2026-05-16 10:46:53.947]<WARNING> [TCP]TCP receiver connect warning: Connection refused
[2026-05-16 10:46:54.943]<WARNING> [TCP]TCP receiver connect warning: Connection refused
[2026-05-16 10:46:55.944]<WARNING> [TCP]TCP receiver connect warning: Connection refused
[2026-05-16 10:46:56.943]<WARNING> [TCP]TCP receiver connect warning: Connection refused
[2026-05-16 10:46:57.945]<WARNING> [TCP]TCP receiver connect warning: Connection refused
[2026-05-16 10:46:58.945]<WARNING> [TCP]TCP receiver connect warning: Connection refused
[2026-05-16 10:46:59.946]<WARNING> [TCP]TCP receiver connect warning: Connection refused
[2026-05-16 10:47:00.950]<WARNING> [TCP]TCP receiver connect warning: Connection refused
[2026-05-16 10:47:01.946]<WARNING> [TCP]TCP receiver connect warning: Connection refused
[2026-05-16 10:47:02.949]<WARNING> [TCP]TCP receiver connect warning: Connection refused
[2026-05-16 10:47:03.948]<WARNING> [TCP]TCP receiver connect warning: Connection refused
[2026-05-16 10:47:04.951]<WARNING> [TCP]TCP receiver connect warning: Connection refused
[2026-05-16 10:47:05.946]<WARNING> [TCP]TCP receiver connect warning: Connection refused
[2026-05-16 10:47:06.951]<WARNING> [TCP]TCP receiver connect warning: Connection refused
[2026-05-16 10:47:07.950]<WARNING> [TCP]TCP receiver connect warning: Connection refused
[2026-05-16 10:47:08.949]<WARNING> [TCP]TCP receiver connect warning: Connection refused
[2026-05-16 10:47:09.952]<WARNING> [TCP]TCP receiver connect warning: Connection refused
[2026-05-16 10:47:10.950]<WARNING> [TCP]TCP receiver connect warning: Connection refused
[2026-05-16 10:47:11.953]<WARNING> [TCP]TCP receiver connect warning: Connection refused
[2026-05-16 10:47:12.953]<WARNING> [TCP]TCP receiver connect warning: Connection refused
[2026-05-16 10:47:13.947]<WARNING> [TCP]TCP receiver connect warning: Connection refused
[2026-05-16 10:47:14.947]<WARNING> [TCP]TCP receiver connect warning: Connection refused
[2026-05-16 10:47:15.954]<WARNING> [TCP]TCP receiver connect warning: Connection refused
[2026-05-16 10:47:16.950]<WARNING> [TCP]TCP receiver connect warning: Connection refused
[2026-05-16 10:47:17.949]<WARNING> [TCP]TCP receiver connect warning: Connection refused
[2026-05-16 10:47:18.951]<WARNING> [TCP]TCP receiver connect warning: Connection refused
[2026-05-16 10:47:19.950]<WARNING> [TCP]TCP receiver connect warning: Connection refused
[2026-05-16 10:47:20.952]<WARNING> [TCP]TCP receiver connect warning: Connection refused
[2026-05-16 10:47:21.952]<WARNING> [TCP]TCP receiver connect warning: Connection refused
[2026-05-16 10:47:22.952]<WARNING> [TCP]TCP receiver connect warning: Connection refused
[2026-05-16 10:47:23.953]<WARNING> [TCP]TCP receiver connect warning: Connection refused
[2026-05-16 10:47:24.949]<WARNING> [TCP]TCP receiver connect warning: Connection refused
[2026-05-16 10:47:25.952]<WARNING> [TCP]TCP receiver connect warning: Connection refused
[2026-05-16 10:47:26.954]<WARNING> [TCP]TCP receiver connect warning: Connection refused
[2026-05-16 10:47:27.951]<WARNING> [TCP]TCP receiver connect warning: Connection refused
[2026-05-16 10:47:28.956]<WARNING> [TCP]TCP receiver connect warning: Connection refused
[2026-05-16 10:47:29.955]<WARNING> [TCP]TCP receiver connect warning: Connection refused
[2026-05-16 10:47:30.956]<WARNING> [TCP]TCP receiver connect warning: Connection refused
[2026-05-16 10:47:31.955]<WARNING> [TCP]TCP receiver connect warning: Connection refused
[2026-05-16 10:47:32.956]<WARNING> [TCP]TCP receiver connect warning: Connection refused
[2026-05-16 10:47:33.954]<WARNING> [TCP]TCP receiver connect warning: Connection refused
[2026-05-16 10:47:34.953]<WARNING> [TCP]TCP receiver connect warning: Connection refused
[2026-05-16 10:47:35.956]<WARNING> [TCP]TCP receiver connect warning: Connection refused
[2026-05-16 10:47:36.958]<WARNING> [TCP]TCP receiver connect warning: Connection refused
[2026-05-16 10:47:37.953]<WARNING> [TCP]TCP receiver connect warning: Connection refused
[2026-05-16 10:47:38.956]<WARNING> [TCP]TCP receiver connect warning: Connection refused
[2026-05-16 10:47:39.954]<WARNING> [TCP]TCP receiver connect warning: Connection refused
[2026-05-16 10:47:40.956]<WARNING> [TCP]TCP receiver connect warning: Connection refused
[2026-05-16 10:47:41.958]<WARNING> [TCP]TCP receiver connect warning: Connection refused
[2026-05-16 10:47:42.960]<WARNING> [TCP]TCP receiver connect warning: Connection refused
[2026-05-16 10:47:43.956]<WARNING> [TCP]TCP receiver connect warning: Connection refused
[2026-05-16 10:47:44.955]<WARNING> [TCP]TCP receiver connect warning: Connection refused
[2026-05-16 10:47:45.956]<WARNING> [TCP]TCP receiver connect warning: Connection refused
[2026-05-16 10:47:46.956]<WARNING> [TCP]TCP receiver connect warning: Connection refused
[2026-05-16 10:47:47.961]<WARNING> [TCP]TCP receiver connect warning: Connection refused
[2026-05-16 10:47:48.964]<WARNING> [TCP]TCP receiver connect warning: Connection refused
[2026-05-16 10:47:49.956]<WARNING> [TCP]TCP receiver connect warning: Connection refused
[2026-05-16 10:47:50.958]<WARNING> [TCP]TCP receiver connect warning: Connection refused
[2026-05-16 10:47:51.960]<WARNING> [TCP]TCP receiver connect warning: Connection refused
[2026-05-16 10:47:52.960]<WARNING> [TCP]TCP receiver connect warning: Connection refused
[2026-05-16 10:47:53.961]<WARNING> [TCP]TCP receiver connect warning: Connection refused
[2026-05-16 10:47:54.960]<WARNING> [TCP]TCP receiver connect warning: Connection refused
[2026-05-16 10:47:55.960]<WARNING> [TCP]TCP receiver connect warning: Connection refused
[2026-05-16 10:47:56.963]<WARNING> [TCP]TCP receiver connect warning: Connection refused
[2026-05-16 10:47:57.960]<WARNING> [TCP]TCP receiver connect warning: Connection refused
[2026-05-16 10:47:58.958]<WARNING> [TCP]TCP receiver connect warning: Connection refused
[2026-05-16 10:47:59.963]<WARNING> [TCP]TCP receiver connect warning: Connection refused
[2026-05-16 10:48:00.958]<WARNING> [TCP]TCP receiver connect warning: Connection refused
[2026-05-16 10:48:01.964]<WARNING> [TCP]TCP receiver connect warning: Connection refused
[2026-05-16 10:48:02.961]<WARNING> [TCP]TCP receiver connect warning: Connection refused
[2026-05-16 10:48:03.964]<WARNING> [TCP]TCP receiver connect warning: Connection refused
[2026-05-16 10:48:04.964]<WARNING> [TCP]TCP receiver connect warning: Connection refused
[2026-05-16 10:48:05.965]<WARNING> [TCP]TCP receiver connect warning: Connection refused
[2026-05-16 10:48:06.961]<WARNING> [TCP]TCP receiver connect warning: Connection refused
[2026-05-16 10:48:07.964]<WARNING> [TCP]TCP receiver connect warning: Connection refused
[2026-05-16 10:48:08.965]<WARNING> [TCP]TCP receiver connect warning: Connection refused
[2026-05-16 10:48:09.963]<WARNING> [TCP]TCP receiver connect warning: Connection refused
[2026-05-16 10:48:10.964]<WARNING> [TCP]TCP receiver connect warning: Connection refused
[2026-05-16 10:48:11.966]<WARNING> [TCP]TCP receiver connect warning: Connection refused
[2026-05-16 10:48:12.965]<WARNING> [TCP]TCP receiver connect warning: Connection refused
[2026-05-16 10:48:13.961]<WARNING> [TCP]TCP receiver connect warning: Connection refused
[2026-05-16 10:48:14.965]<WARNING> [TCP]TCP receiver connect warning: Connection refused
[2026-05-16 10:48:15.963]<WARNING> [TCP]TCP receiver connect warning: Connection refused
[2026-05-16 10:48:16.965]<WARNING> [TCP]TCP receiver connect warning: Connection refused
[2026-05-16 10:48:17.963]<WARNING> [TCP]TCP receiver connect warning: Connection refused
[2026-05-16 10:48:18.963]<WARNING> [TCP]TCP receiver connect warning: Connection refused
[2026-05-16 10:48:19.963]<WARNING> [TCP]TCP receiver connect warning: Connection refused
[2026-05-16 10:48:20.969]<WARNING> [TCP]TCP receiver connect warning: Connection refused
[2026-05-16 10:48:21.966]<WARNING> [TCP]TCP receiver connect warning: Connection refused
[2026-05-16 10:48:22.968]<WARNING> [TCP]TCP receiver connect warning: Connection refused
[2026-05-16 10:48:23.966]<WARNING> [TCP]TCP receiver connect warning: Connection refused
[2026-05-16 10:48:24.970]<WARNING> [TCP]TCP receiver connect warning: Connection refused
[2026-05-16 10:48:25.968]<WARNING> [TCP]TCP receiver connect warning: Connection refused
[2026-05-16 10:48:26.969]<WARNING> [TCP]TCP receiver connect warning: Connection refused
[2026-05-16 10:48:27.968]<WARNING> [TCP]TCP receiver connect warning: Connection refused
[2026-05-16 10:48:28.966]<WARNING> [TCP]TCP receiver connect warning: Connection refused
[2026-05-16 10:48:29.971]<WARNING> [TCP]TCP receiver connect warning: Connection refused
[2026-05-16 10:48:30.969]<WARNING> [TCP]TCP receiver connect warning: Connection refused
[2026-05-16 10:48:31.971]<WARNING> [TCP]TCP receiver connect warning: Connection refused
[2026-05-16 10:48:32.967]<WARNING> [TCP]TCP receiver connect warning: Connection refused
[2026-05-16 10:48:33.971]<WARNING> [TCP]TCP receiver connect warning: Connection refused
[2026-05-16 10:48:34.966]<WARNING> [TCP]TCP receiver connect warning: Connection refused
[2026-05-16 10:48:35.967]<WARNING> [TCP]TCP receiver connect warning: Connection refused
[2026-05-16 10:48:36.969]<WARNING> [TCP]TCP receiver connect warning: Connection refused
[2026-05-16 10:48:37.968]<WARNING> [TCP]TCP receiver connect warning: Connection refused
[2026-05-16 10:48:38.967]<WARNING> [TCP]TCP receiver connect warning: Connection refused
[2026-05-16 10:48:39.972]<WARNING> [TCP]TCP receiver connect warning: Connection refused
[2026-05-16 10:48:40.973]<WARNING> [TCP]TCP receiver connect warning: Connection refused
[2026-05-16 10:48:41.968]<WARNING> [TCP]TCP receiver connect warning: Connection refused
[2026-05-16 10:48:42.970]<WARNING> [TCP]TCP receiver connect warning: Connection refused
[2026-05-16 10:48:43.970]<WARNING> [TCP]TCP receiver connect warning: Connection refused
[2026-05-16 10:48:44.971]<WARNING> [TCP]TCP receiver connect warning: Connection refused
[2026-05-16 10:48:45.996]<WARNING> [TCP]TCP receiver connect warning: Connection refused
[2026-05-16 10:48:46.973]<WARNING> [TCP]TCP receiver connect warning: Connection refused
[2026-05-16 10:48:47.974]<WARNING> [TCP]TCP receiver connect warning: Connection refused
[2026-05-16 10:48:48.970]<WARNING> [TCP]TCP receiver connect warning: Connection refused
[2026-05-16 10:48:49.970]<WARNING> [TCP]TCP receiver connect warning: Connection refused
[2026-05-16 10:48:50.974]<WARNING> [TCP]TCP receiver connect warning: Connection refused
[2026-05-16 10:48:51.973]<WARNING> [TCP]TCP receiver connect warning: Connection refused
[2026-05-16 10:48:52.974]<WARNING> [TCP]TCP receiver connect warning: Connection refused
[2026-05-16 10:48:53.976]<WARNING> [TCP]TCP receiver connect warning: Connection refused
[2026-05-16 10:48:54.973]<WARNING> [TCP]TCP receiver connect warning: Connection refused
[2026-05-16 10:48:55.974]<WARNING> [TCP]TCP receiver connect warning: Connection refused
[2026-05-16 10:48:56.974]<WARNING> [TCP]TCP receiver connect warning: Connection refused
[2026-05-16 10:48:57.977]<WARNING> [TCP]TCP receiver connect warning: Connection refused
[2026-05-16 10:48:58.973]<WARNING> [TCP]TCP receiver connect warning: Connection refused
[2026-05-16 10:48:59.974]<WARNING> [TCP]TCP receiver connect warning: Connection refused
[2026-05-16 10:49:00.978]<WARNING> [TCP]TCP receiver connect warning: Connection refused
[2026-05-16 10:49:01.974]<WARNING> [TCP]TCP receiver connect warning: Connection refused
[2026-05-16 10:49:02.977]<WARNING> [TCP]TCP receiver connect warning: Connection refused
[2026-05-16 10:49:03.976]<WARNING> [TCP]TCP receiver connect warning: Connection refused
[2026-05-16 10:49:04.976]<WARNING> [TCP]TCP receiver connect warning: Connection refused
[2026-05-16 10:49:05.977]<WARNING> [TCP]TCP receiver connect warning: Connection refused
[2026-05-16 10:49:06.978]<WARNING> [TCP]TCP receiver connect warning: Connection refused
[2026-05-16 10:49:07.979]<WARNING> [TCP]TCP receiver connect warning: Connection refused
[2026-05-16 10:49:08.978]<WARNING> [TCP]TCP receiver connect warning: Connection refused
[2026-05-16 10:49:09.977]<WARNING> [TCP]TCP receiver connect warning: Connection refused
[2026-05-16 10:49:10.980]<WARNING> [TCP]TCP receiver connect warning: Connection refused
[2026-05-16 10:49:11.975]<WARNING> [TCP]TCP receiver connect warning: Connection refused
[2026-05-16 10:49:12.979]<WARNING> [TCP]TCP receiver connect warning: Connection refused
[2026-05-16 10:49:13.982]<WARNING> [TCP]TCP receiver connect warning: Connection refused
[2026-05-16 10:49:14.980]<WARNING> [TCP]TCP receiver connect warning: Connection refused
[2026-05-16 10:49:15.978]<WARNING> [TCP]TCP receiver connect warning: Connection refused
[2026-05-16 10:49:16.977]<WARNING> [TCP]TCP receiver connect warning: Connection refused
[2026-05-16 10:49:17.979]<WARNING> [TCP]TCP receiver connect warning: Connection refused
[2026-05-16 10:49:18.978]<WARNING> [TCP]TCP receiver connect warning: Connection refused
[2026-05-16 10:49:19.981]<WARNING> [TCP]TCP receiver connect warning: Connection refused
[2026-05-16 10:49:20.979]<WARNING> [TCP]TCP receiver connect warning: Connection refused
[2026-05-16 10:49:21.982]<WARNING> [TCP]TCP receiver connect warning: Connection refused
[2026-05-16 10:49:22.979]<WARNING> [TCP]TCP receiver connect warning: Connection refused
[2026-05-16 10:49:23.978]<WARNING> [TCP]TCP receiver connect warning: Connection refused
[2026-05-16 10:49:24.978]<WARNING> [TCP]TCP receiver connect warning: Connection refused
[2026-05-16 10:49:25.980]<WARNING> [TCP]TCP receiver connect warning: Connection refused
[2026-05-16 10:49:26.982]<WARNING> [TCP]TCP receiver connect warning: Connection refused
[2026-05-16 10:49:27.981]<WARNING> [TCP]TCP receiver connect warning: Connection refused
[2026-05-16 10:49:28.984]<WARNING> [TCP]TCP receiver connect warning: Connection refused
[2026-05-16 10:49:29.981]<WARNING> [TCP]TCP receiver connect warning: Connection refused
[2026-05-16 10:49:30.983]<WARNING> [TCP]TCP receiver connect warning: Connection refused
[2026-05-16 10:49:31.981]<WARNING> [TCP]TCP receiver connect warning: Connection refused
[2026-05-16 10:49:32.986]<WARNING> [TCP]TCP receiver connect warning: Connection refused
[2026-05-16 10:49:33.986]<WARNING> [TCP]TCP receiver connect warning: Connection refused
[2026-05-16 10:49:34.982]<WARNING> [TCP]TCP receiver connect warning: Connection refused
[2026-05-16 10:49:35.982]<WARNING> [TCP]TCP receiver connect warning: Connection refused
[2026-05-16 10:49:36.985]<WARNING> [TCP]TCP receiver connect warning: Connection refused
[2026-05-16 10:49:37.983]<WARNING> [TCP]TCP receiver connect warning: Connection refused
[2026-05-16 10:49:38.981]<WARNING> [TCP]TCP receiver connect warning: Connection refused
[2026-05-16 10:49:39.986]<WARNING> [TCP]TCP receiver connect warning: Connection refused
[2026-05-16 10:49:40.984]<WARNING> [TCP]TCP receiver connect warning: Connection refused
[2026-05-16 10:49:41.982]<WARNING> [TCP]TCP receiver connect warning: Connection refused
[2026-05-16 10:49:42.983]<WARNING> [TCP]TCP receiver connect warning: Connection refused
[2026-05-16 10:49:43.988]<WARNING> [TCP]TCP receiver connect warning: Connection refused
[2026-05-16 10:49:44.983]<WARNING> [TCP]TCP receiver connect warning: Connection refused
[2026-05-16 10:49:45.988]<WARNING> [TCP]TCP receiver connect warning: Connection refused
[2026-05-16 10:49:46.985]<WARNING> [TCP]TCP receiver connect warning: Connection refused
[2026-05-16 10:49:47.987]<WARNING> [TCP]TCP receiver connect warning: Connection refused
[2026-05-16 10:49:48.984]<WARNING> [TCP]TCP receiver connect warning: Connection refused
[2026-05-16 10:49:49.985]<WARNING> [TCP]TCP receiver connect warning: Connection refused
[2026-05-16 10:49:50.990]<WARNING> [TCP]TCP receiver connect warning: Connection refused
[2026-05-16 10:49:51.987]<WARNING> [TCP]TCP receiver connect warning: Connection refused
[2026-05-16 10:49:52.986]<WARNING> [TCP]TCP receiver connect warning: Connection refused
[2026-05-16 10:49:53.988]<WARNING> [TCP]TCP receiver connect warning: Connection refused
[2026-05-16 10:49:54.988]<WARNING> [TCP]TCP receiver connect warning: Connection refused
[2026-05-16 10:49:55.986]<WARNING> [TCP]TCP receiver connect warning: Connection refused
[2026-05-16 10:49:56.986]<WARNING> [TCP]TCP receiver connect warning: Connection refused
[2026-05-16 10:49:57.992]<WARNING> [TCP]TCP receiver connect warning: Connection refused
[2026-05-16 10:49:58.990]<WARNING> [TCP]TCP receiver connect warning: Connection refused
[2026-05-16 10:49:59.987]<WARNING> [TCP]TCP receiver connect warning: Connection refused
[2026-05-16 10:50:00.986]<WARNING> [TCP]TCP receiver connect warning: Connection refused
[2026-05-16 10:50:01.987]<WARNING> [TCP]TCP receiver connect warning: Connection refused
[2026-05-16 10:50:02.988]<WARNING> [TCP]TCP receiver connect warning: Connection refused
[2026-05-16 10:50:03.991]<WARNING> [TCP]TCP receiver connect warning: Connection refused
[2026-05-16 10:50:04.990]<WARNING> [TCP]TCP receiver connect warning: Connection refused
[2026-05-16 10:50:05.989]<WARNING> [TCP]TCP receiver connect warning: Connection refused
[2026-05-16 10:50:06.990]<WARNING> [TCP]TCP receiver connect warning: Connection refused
[2026-05-16 10:50:07.993]<WARNING> [TCP]TCP receiver connect warning: Connection refused
[2026-05-16 10:50:08.992]<WARNING> [TCP]TCP receiver connect warning: Connection refused
[2026-05-16 10:50:09.988]<WARNING> [TCP]TCP receiver connect warning: Connection refused
[2026-05-16 10:50:10.989]<WARNING> [TCP]TCP receiver connect warning: Connection refused
[2026-05-16 10:50:11.990]<WARNING> [TCP]TCP receiver connect warning: Connection refused
[2026-05-16 10:50:12.999]<WARNING> [TCP]TCP receiver connect warning: Connection refused
[2026-05-16 10:50:13.995]<WARNING> [TCP]TCP receiver connect warning: Connection refused
[2026-05-16 10:50:14.992]<WARNING> [TCP]TCP receiver connect warning: Connection refused
[2026-05-16 10:50:15.990]<WARNING> [TCP]TCP receiver connect warning: Connection refused
[2026-05-16 10:50:16.994]<WARNING> [TCP]TCP receiver connect warning: Connection refused
[2026-05-16 10:50:17.990]<WARNING> [TCP]TCP receiver connect warning: Connection refused
[2026-05-16 10:50:18.997]<WARNING> [TCP]TCP receiver connect warning: Connection refused
[2026-05-16 10:50:19.991]<WARNING> [TCP]TCP receiver connect warning: Connection refused
[2026-05-16 10:50:20.995]<WARNING> [TCP]TCP receiver connect warning: Connection refused
[2026-05-16 10:50:21.991]<WARNING> [TCP]TCP receiver connect warning: Connection refused
[2026-05-16 10:50:22.998]<WARNING> [TCP]TCP receiver connect warning: Connection refused
[2026-05-16 10:50:23.996]<WARNING> [TCP]TCP receiver connect warning: Connection refused
[2026-05-16 10:50:24.997]<WARNING> [TCP]TCP receiver connect warning: Connection refused
[2026-05-16 10:50:25.996]<WARNING> [TCP]TCP receiver connect warning: Connection refused
[2026-05-16 10:50:26.994]<WARNING> [TCP]TCP receiver connect warning: Connection refused
[2026-05-16 10:50:27.996]<WARNING> [TCP]TCP receiver connect warning: Connection refused
[2026-05-16 10:50:28.994]<WARNING> [TCP]TCP receiver connect warning: Connection refused
[2026-05-16 10:50:29.994]<WARNING> [TCP]TCP receiver connect warning: Connection refused
[2026-05-16 10:50:30.995]<WARNING> [TCP]TCP receiver connect warning: Connection refused
[2026-05-16 10:50:31.996]<WARNING> [TCP]TCP receiver connect warning: Connection refused
[2026-05-16 10:50:32.994]<WARNING> [TCP]TCP receiver connect warning: Connection refused
[2026-05-16 10:50:33.998]<WARNING> [TCP]TCP receiver connect warning: Connection refused
[2026-05-16 10:50:34.997]<WARNING> [TCP]TCP receiver connect warning: Connection refused
[2026-05-16 10:50:35.997]<WARNING> [TCP]TCP receiver connect warning: Connection refused
[2026-05-16 10:50:37.001]<WARNING> [TCP]TCP receiver connect warning: Connection refused
[2026-05-16 10:50:37.998]<WARNING> [TCP]TCP receiver connect warning: Connection refused
[2026-05-16 10:50:38.996]<WARNING> [TCP]TCP receiver connect warning: Connection refused
[2026-05-16 10:50:39.996]<WARNING> [TCP]TCP receiver connect warning: Connection refused
[2026-05-16 10:50:40.998]<WARNING> [TCP]TCP receiver connect warning: Connection refused
[2026-05-16 10:50:42.006]<WARNING> [TCP]TCP receiver connect warning: Connection refused
[2026-05-16 10:50:43.003]<WARNING> [TCP]TCP receiver connect warning: Connection refused
[2026-05-16 10:50:44.004]<WARNING> [TCP]TCP receiver connect warning: Connection refused
