--- Log File Created: 2026-03-06 11:29:14.536 ---
[2026-03-06 11:29:14.752]<DEBUG> [Detector]Robot Inferencer initializing...
[2026-03-06 11:29:14.758]<DEBUG> [Yolov8Inferencer]Model loaded: car_v8n
[2026-03-06 11:29:14.764]<DEBUG> [Yolov8Inferencer]Model class count: 1
[2026-03-06 11:29:14.766]<DEBUG> [Yolov8Inferencer]Model loaded: armor_v8n
[2026-03-06 11:29:14.768]<DEBUG> [Yolov8Inferencer]Model class count: 12
[2026-03-06 11:29:14.771]<DEBUG> [Yolov8Inferencer]Model loaded: armor_v8n
[2026-03-06 11:29:14.774]<DEBUG> [Yolov8Inferencer]Model class count: 12
[2026-03-06 11:29:14.776]<DEBUG> [Yolov8Inferencer]Model loaded: armor_v8n
[2026-03-06 11:29:14.778]<DEBUG> [Yolov8Inferencer]Model class count: 12
[2026-03-06 11:29:14.788]<DEBUG> [Yolov8Inferencer]Model loaded: armor_v8n
[2026-03-06 11:29:14.790]<DEBUG> [Yolov8Inferencer]Model class count: 12
[2026-03-06 11:29:14.792]<DEBUG> [Yolov8Inferencer]Model loaded: armor_v8n
[2026-03-06 11:29:14.793]<DEBUG> [Yolov8Inferencer]Model class count: 12
[2026-03-06 11:29:14.796]<DEBUG> [Yolov8Inferencer]Model loaded: armor_v8n
[2026-03-06 11:29:14.797]<DEBUG> [Yolov8Inferencer]Model class count: 12
[2026-03-06 11:29:14.800]<DEBUG> [Yolov8Inferencer]Model loaded: armor_v8n
[2026-03-06 11:29:14.801]<DEBUG> [Yolov8Inferencer]Model class count: 12
[2026-03-06 11:29:14.803]<DEBUG> [Yolov8Inferencer]Model loaded: armor_v8n
[2026-03-06 11:29:14.805]<DEBUG> [Yolov8Inferencer]Model class count: 12
[2026-03-06 11:29:14.806]<DEBUG> [Yolov8Inferencer]Model loaded: armor_v8n
[2026-03-06 11:29:14.809]<DEBUG> [Yolov8Inferencer]Model class count: 12
[2026-03-06 11:29:14.812]<DEBUG> [Yolov8Inferencer]Model loaded: armor_v8n
[2026-03-06 11:29:14.813]<DEBUG> [Yolov8Inferencer]Model class count: 12
[2026-03-06 11:29:14.814]<DEBUG> [Yolov8Inferencer]Model loaded: armor_v8n
[2026-03-06 11:29:14.816]<DEBUG> [Yolov8Inferencer]Model class count: 12
[2026-03-06 11:29:14.818]<DEBUG> [Yolov8Inferencer]Model loaded: armor_v8n
[2026-03-06 11:29:14.819]<DEBUG> [Yolov8Inferencer]Model class count: 12
[2026-03-06 11:29:14.821]<DEBUG> [Detector]initialized.
