--- Log File Created: 2026-03-17 22:38:20.938 ---
[2026-03-17 22:38:21.087]<DEBUG> [Detector]Robot Inferencer initializing...
[2026-03-17 22:38:21.087]<DEBUG> [Yolov8Inferencer]Model loaded: car_v8n
[2026-03-17 22:38:21.088]<DEBUG> [Yolov8Inferencer]Model class count: 1
[2026-03-17 22:38:21.088]<DEBUG> [Yolov8Inferencer]Model loaded: armor_v8n
[2026-03-17 22:38:21.088]<DEBUG> [Yolov8Inferencer]Model class count: 12
[2026-03-17 22:38:21.088]<DEBUG> [Yolov8Inferencer]Model loaded: armor_v8n
[2026-03-17 22:38:21.088]<DEBUG> [Yolov8Inferencer]Model class count: 12
[2026-03-17 22:38:21.088]<DEBUG> [Yolov8Inferencer]Model loaded: armor_v8n
[2026-03-17 22:38:21.088]<DEBUG> [Yolov8Inferencer]Model class count: 12
[2026-03-17 22:38:21.088]<DEBUG> [Yolov8Inferencer]Model loaded: armor_v8n
[2026-03-17 22:38:21.088]<DEBUG> [Yolov8Inferencer]Model class count: 12
[2026-03-17 22:38:21.088]<DEBUG> [Yolov8Inferencer]Model loaded: armor_v8n
[2026-03-17 22:38:21.088]<DEBUG> [Yolov8Inferencer]Model class count: 12
[2026-03-17 22:38:21.088]<DEBUG> [Yolov8Inferencer]Model loaded: armor_v8n
[2026-03-17 22:38:21.088]<DEBUG> [Yolov8Inferencer]Model class count: 12
[2026-03-17 22:38:21.088]<DEBUG> [Yolov8Inferencer]Model loaded: armor_v8n
[2026-03-17 22:38:21.088]<DEBUG> [Yolov8Inferencer]Model class count: 12
[2026-03-17 22:38:21.088]<DEBUG> [Yolov8Inferencer]Model loaded: armor_v8n
[2026-03-17 22:38:21.088]<DEBUG> [Yolov8Inferencer]Model class count: 12
[2026-03-17 22:38:21.088]<DEBUG> [Yolov8Inferencer]Model loaded: armor_v8n
[2026-03-17 22:38:21.089]<DEBUG> [Yolov8Inferencer]Model class count: 12
[2026-03-17 22:38:21.089]<DEBUG> [Yolov8Inferencer]Model loaded: armor_v8n
[2026-03-17 22:38:21.089]<DEBUG> [Yolov8Inferencer]Model class count: 12
[2026-03-17 22:38:21.089]<DEBUG> [Yolov8Inferencer]Model loaded: armor_v8n
[2026-03-17 22:38:21.089]<DEBUG> [Yolov8Inferencer]Model class count: 12
[2026-03-17 22:38:21.089]<DEBUG> [Yolov8Inferencer]Model loaded: armor_v8n
[2026-03-17 22:38:21.089]<DEBUG> [Yolov8Inferencer]Model class count: 12
[2026-03-17 22:38:21.089]<DEBUG> [Detector]initialized.
