--- Log File Created: 2026-05-15 09:57:38.706 ---
[2026-05-15 09:57:38.855]<DEBUG> [WebCameraHandler]Starting...
[2026-05-15 09:57:38.856]<DEBUG> [TCP]TCP receiver client starting, target 127.0.0.1:1400
[2026-05-15 09:57:38.856]<DEBUG> [TCP]TCP sender server listening at 0.0.0.0:1500
[2026-05-15 09:57:38.856]<DEBUG> [Detector]Robot Inferencer initializing...
[2026-05-15 09:57:38.856]<WARNING> [TCP]TCP receiver connect warning: Connection refused
[2026-05-15 09:57:38.856]<DEBUG> [Yolov8Inferencer]Model loaded: car_v8n
[2026-05-15 09:57:38.856]<DEBUG> [Yolov8Inferencer]Model class count: 1
[2026-05-15 09:57:38.856]<DEBUG> [Yolov8Inferencer]Model loaded: armor_v8n
[2026-05-15 09:57:38.856]<DEBUG> [Yolov8Inferencer]Model class count: 12
[2026-05-15 09:57:38.856]<DEBUG> [Yolov8Inferencer]Model loaded: armor_v8n
[2026-05-15 09:57:38.857]<DEBUG> [Yolov8Inferencer]Model class count: 12
[2026-05-15 09:57:38.857]<DEBUG> [Yolov8Inferencer]Model loaded: armor_v8n
[2026-05-15 09:57:38.857]<DEBUG> [Yolov8Inferencer]Model class count: 12
[2026-05-15 09:57:38.857]<DEBUG> [Yolov8Inferencer]Model loaded: armor_v8n
[2026-05-15 09:57:38.857]<DEBUG> [Yolov8Inferencer]Model class count: 12
[2026-05-15 09:57:38.857]<DEBUG> [Yolov8Inferencer]Model loaded: armor_v8n
[2026-05-15 09:57:38.857]<DEBUG> [Yolov8Inferencer]Model class count: 12
[2026-05-15 09:57:38.857]<DEBUG> [Yolov8Inferencer]Model loaded: armor_v8n
[2026-05-15 09:57:38.857]<DEBUG> [Yolov8Inferencer]Model class count: 12
[2026-05-15 09:57:38.857]<DEBUG> [Yolov8Inferencer]Model loaded: armor_v8n
[2026-05-15 09:57:38.857]<DEBUG> [Yolov8Inferencer]Model class count: 12
[2026-05-15 09:57:38.857]<DEBUG> [Yolov8Inferencer]Model loaded: armor_v8n
[2026-05-15 09:57:38.857]<DEBUG> [Yolov8Inferencer]Model class count: 12
[2026-05-15 09:57:38.857]<DEBUG> [Yolov8Inferencer]Model loaded: armor_v8n
[2026-05-15 09:57:38.857]<DEBUG> [Yolov8Inferencer]Model class count: 12
[2026-05-15 09:57:38.857]<DEBUG> [Yolov8Inferencer]Model loaded: armor_v8n
[2026-05-15 09:57:38.857]<DEBUG> [Yolov8Inferencer]Model class count: 12
[2026-05-15 09:57:38.858]<DEBUG> [Yolov8Inferencer]Model loaded: armor_v8n
[2026-05-15 09:57:38.858]<DEBUG> [Yolov8Inferencer]Model class count: 12
[2026-05-15 09:57:38.858]<DEBUG> [Yolov8Inferencer]Model loaded: armor_v8n
[2026-05-15 09:57:38.858]<DEBUG> [Yolov8Inferencer]Model class count: 12
[2026-05-15 09:57:38.858]<DEBUG> [Detector]initialized.
[2026-05-15 09:57:39.722]<WARNING> [TCP]TCP receiver connect warning: Connection refused
[2026-05-15 09:57:40.723]<WARNING> [TCP]TCP receiver connect warning: Connection refused
[2026-05-15 09:57:41.720]<WARNING> [TCP]TCP receiver connect warning: Connection refused
[2026-05-15 09:57:42.372]<DEBUG> [Python]Launching with enemySide=Blue
[2026-05-15 09:57:42.373]<DEBUG> [Python]Script: /home/pinkpanda/linux-RADAR/RADAR-2026/RADAR-SDR/thread_init.py
[2026-05-15 09:57:42.373]<DEBUG> [Python]Started: python3 "/home/pinkpanda/linux-RADAR/RADAR-2026/RADAR-SDR/thread_init.py" --enemySide "Blue"
[2026-05-15 09:57:42.722]<WARNING> [TCP]TCP receiver connect warning: Connection refused
[2026-05-15 09:57:43.719]<WARNING> [TCP]TCP receiver connect warning: Connection refused
[2026-05-15 09:57:44.725]<WARNING> [TCP]TCP receiver connect warning: Connection refused
[2026-05-15 09:57:45.726]<WARNING> [TCP]TCP receiver connect warning: Connection refused
[2026-05-15 09:57:46.723]<WARNING> [TCP]TCP receiver connect warning: Connection refused
[2026-05-15 09:57:47.722]<WARNING> [TCP]TCP receiver connect warning: Connection refused
[2026-05-15 09:57:48.722]<WARNING> [TCP]TCP receiver connect warning: Connection refused
[2026-05-15 09:57:49.725]<WARNING> [TCP]TCP receiver connect warning: Connection refused
[2026-05-15 09:57:50.727]<WARNING> [TCP]TCP receiver connect warning: Connection refused
[2026-05-15 09:57:51.724]<WARNING> [TCP]TCP receiver connect warning: Connection refused
[2026-05-15 09:57:52.726]<WARNING> [TCP]TCP receiver connect warning: Connection refused
[2026-05-15 09:57:53.722]<WARNING> [TCP]TCP receiver connect warning: Connection refused
[2026-05-15 09:57:54.722]<WARNING> [TCP]TCP receiver connect warning: Connection refused
[2026-05-15 09:57:55.723]<WARNING> [TCP]TCP receiver connect warning: Connection refused
[2026-05-15 09:57:56.725]<WARNING> [TCP]TCP receiver connect warning: Connection refused
[2026-05-15 09:57:57.735]<WARNING> [TCP]TCP receiver connect warning: Connection refused
[2026-05-15 09:57:58.724]<WARNING> [TCP]TCP receiver connect warning: Connection refused
[2026-05-15 09:57:59.726]<WARNING> [TCP]TCP receiver connect warning: Connection refused
[2026-05-15 09:58:00.729]<WARNING> [TCP]TCP receiver connect warning: Connection refused
[2026-05-15 09:58:01.725]<WARNING> [TCP]TCP receiver connect warning: Connection refused
[2026-05-15 09:58:02.659]<DEBUG> [TCP]TCP sender accepted client.
[2026-05-15 09:58:02.726]<DEBUG> [TCP]TCP receiver client connected to 127.0.0.1:1400
[2026-05-15 09:58:02.732]<DEBUG> [TCP]TCP 0x0A06 parsed, updated 7-byte decision suffix.
[2026-05-15 09:58:02.732]<DEBUG> [TCP]New decision suffix: 2, 0, 0, 0, 0, 0, 0
[2026-05-15 09:58:02.826]<DEBUG> [TCP]TCP 0x0A06 parsed, updated 7-byte decision suffix.
[2026-05-15 09:58:02.826]<DEBUG> [TCP]New decision suffix: 2, 0, 0, 0, 0, 0, 0
[2026-05-15 09:58:02.931]<DEBUG> [TCP]TCP 0x0A06 parsed, updated 7-byte decision suffix.
[2026-05-15 09:58:02.931]<DEBUG> [TCP]New decision suffix: 2, 0, 0, 0, 0, 0, 0
[2026-05-15 09:58:03.035]<DEBUG> [TCP]TCP 0x0A06 parsed, updated 7-byte decision suffix.
[2026-05-15 09:58:03.035]<DEBUG> [TCP]New decision suffix: 2, 0, 0, 0, 0, 0, 0
[2026-05-15 09:58:03.133]<DEBUG> [TCP]TCP 0x0A06 parsed, updated 7-byte decision suffix.
[2026-05-15 09:58:03.134]<DEBUG> [TCP]New decision suffix: 2, 0, 0, 0, 0, 0, 0
[2026-05-15 09:58:03.235]<DEBUG> [TCP]TCP 0x0A06 parsed, updated 7-byte decision suffix.
[2026-05-15 09:58:03.235]<DEBUG> [TCP]New decision suffix: 2, 0, 0, 0, 0, 0, 0
[2026-05-15 09:58:03.333]<DEBUG> [TCP]TCP 0x0A06 parsed, updated 7-byte decision suffix.
[2026-05-15 09:58:03.333]<DEBUG> [TCP]New decision suffix: 2, 0, 0, 0, 0, 0, 0
[2026-05-15 09:58:03.433]<DEBUG> [TCP]TCP 0x0A06 parsed, updated 7-byte decision suffix.
[2026-05-15 09:58:03.433]<DEBUG> [TCP]New decision suffix: 2, 0, 0, 0, 0, 0, 0
[2026-05-15 09:58:03.539]<DEBUG> [TCP]TCP 0x0A06 parsed, updated 7-byte decision suffix.
[2026-05-15 09:58:03.539]<DEBUG> [TCP]New decision suffix: 2, 0, 0, 0, 0, 0, 0
[2026-05-15 09:58:03.634]<DEBUG> [TCP]TCP 0x0A06 parsed, updated 7-byte decision suffix.
[2026-05-15 09:58:03.634]<DEBUG> [TCP]New decision suffix: 2, 0, 0, 0, 0, 0, 0
[2026-05-15 09:58:03.736]<DEBUG> [TCP]TCP 0x0A06 parsed, updated 7-byte decision suffix.
[2026-05-15 09:58:03.736]<DEBUG> [TCP]New decision suffix: 2, 0, 0, 0, 0, 0, 0
[2026-05-15 09:58:03.835]<DEBUG> [TCP]TCP 0x0A06 parsed, updated 7-byte decision suffix.
[2026-05-15 09:58:03.836]<DEBUG> [TCP]New decision suffix: 2, 0, 0, 0, 0, 0, 0
[2026-05-15 09:58:03.941]<DEBUG> [TCP]TCP 0x0A06 parsed, updated 7-byte decision suffix.
[2026-05-15 09:58:03.942]<DEBUG> [TCP]New decision suffix: 2, 0, 0, 0, 0, 0, 0
[2026-05-15 09:58:04.041]<DEBUG> [TCP]TCP 0x0A06 parsed, updated 7-byte decision suffix.
[2026-05-15 09:58:04.041]<DEBUG> [TCP]New decision suffix: 2, 0, 0, 0, 0, 0, 0
[2026-05-15 09:58:04.141]<DEBUG> [TCP]TCP 0x0A06 parsed, updated 7-byte decision suffix.
[2026-05-15 09:58:04.141]<DEBUG> [TCP]New decision suffix: 2, 0, 0, 0, 0, 0, 0
[2026-05-15 09:58:04.240]<DEBUG> [TCP]TCP 0x0A06 parsed, updated 7-byte decision suffix.
[2026-05-15 09:58:04.240]<DEBUG> [TCP]New decision suffix: 2, 0, 0, 0, 0, 0, 0
[2026-05-15 09:58:04.342]<DEBUG> [TCP]TCP 0x0A06 parsed, updated 7-byte decision suffix.
[2026-05-15 09:58:04.342]<DEBUG> [TCP]New decision suffix: 2, 0, 0, 0, 0, 0, 0
[2026-05-15 09:58:04.442]<DEBUG> [TCP]TCP 0x0A06 parsed, updated 7-byte decision suffix.
[2026-05-15 09:58:04.442]<DEBUG> [TCP]New decision suffix: 2, 0, 0, 0, 0, 0, 0
[2026-05-15 09:58:04.544]<DEBUG> [TCP]TCP 0x0A06 parsed, updated 7-byte decision suffix.
[2026-05-15 09:58:04.544]<DEBUG> [TCP]New decision suffix: 2, 0, 0, 0, 0, 0, 0
[2026-05-15 09:58:04.644]<DEBUG> [TCP]TCP 0x0A06 parsed, updated 7-byte decision suffix.
[2026-05-15 09:58:04.645]<DEBUG> [TCP]New decision suffix: 2, 0, 0, 0, 0, 0, 0
[2026-05-15 09:58:04.749]<DEBUG> [TCP]TCP 0x0A06 parsed, updated 7-byte decision suffix.
[2026-05-15 09:58:04.749]<DEBUG> [TCP]New decision suffix: 2, 0, 0, 0, 0, 0, 0
[2026-05-15 09:58:04.852]<DEBUG> [TCP]TCP 0x0A06 parsed, updated 7-byte decision suffix.
[2026-05-15 09:58:04.853]<DEBUG> [TCP]New decision suffix: 2, 0, 0, 0, 0, 0, 0
[2026-05-15 09:58:04.947]<DEBUG> [TCP]TCP 0x0A06 parsed, updated 7-byte decision suffix.
[2026-05-15 09:58:04.948]<DEBUG> [TCP]New decision suffix: 2, 0, 0, 0, 0, 0, 0
[2026-05-15 09:58:05.058]<DEBUG> [TCP]TCP 0x0A06 parsed, updated 7-byte decision suffix.
[2026-05-15 09:58:05.058]<DEBUG> [TCP]New decision suffix: 2, 0, 0, 0, 0, 0, 0
[2026-05-15 09:58:05.152]<DEBUG> [TCP]TCP 0x0A06 parsed, updated 7-byte decision suffix.
[2026-05-15 09:58:05.153]<DEBUG> [TCP]New decision suffix: 2, 0, 0, 0, 0, 0, 0
[2026-05-15 09:58:05.254]<DEBUG> [TCP]TCP 0x0A06 parsed, updated 7-byte decision suffix.
[2026-05-15 09:58:05.255]<DEBUG> [TCP]New decision suffix: 2, 0, 0, 0, 0, 0, 0
[2026-05-15 09:58:05.349]<DEBUG> [TCP]TCP 0x0A06 parsed, updated 7-byte decision suffix.
[2026-05-15 09:58:05.349]<DEBUG> [TCP]New decision suffix: 2, 0, 0, 0, 0, 0, 0
[2026-05-15 09:58:05.454]<DEBUG> [TCP]TCP 0x0A06 parsed, updated 7-byte decision suffix.
[2026-05-15 09:58:05.454]<DEBUG> [TCP]New decision suffix: 2, 0, 0, 0, 0, 0, 0
[2026-05-15 09:58:05.554]<DEBUG> [TCP]TCP 0x0A06 parsed, updated 7-byte decision suffix.
[2026-05-15 09:58:05.554]<DEBUG> [TCP]New decision suffix: 2, 0, 0, 0, 0, 0, 0
[2026-05-15 09:58:05.651]<DEBUG> [TCP]TCP 0x0A06 parsed, updated 7-byte decision suffix.
[2026-05-15 09:58:05.651]<DEBUG> [TCP]New decision suffix: 2, 0, 0, 0, 0, 0, 0
[2026-05-15 09:58:05.754]<DEBUG> [TCP]TCP 0x0A06 parsed, updated 7-byte decision suffix.
[2026-05-15 09:58:05.754]<DEBUG> [TCP]New decision suffix: 2, 0, 0, 0, 0, 0, 0
[2026-05-15 09:58:05.855]<DEBUG> [TCP]TCP 0x0A06 parsed, updated 7-byte decision suffix.
[2026-05-15 09:58:05.855]<DEBUG> [TCP]New decision suffix: 2, 0, 0, 0, 0, 0, 0
[2026-05-15 09:58:05.956]<DEBUG> [TCP]TCP 0x0A06 parsed, updated 7-byte decision suffix.
[2026-05-15 09:58:05.956]<DEBUG> [TCP]New decision suffix: 2, 0, 0, 0, 0, 0, 0
[2026-05-15 09:58:06.057]<DEBUG> [TCP]TCP 0x0A06 parsed, updated 7-byte decision suffix.
[2026-05-15 09:58:06.058]<DEBUG> [TCP]New decision suffix: 2, 0, 0, 0, 0, 0, 0
[2026-05-15 09:58:06.155]<DEBUG> [TCP]TCP 0x0A06 parsed, updated 7-byte decision suffix.
[2026-05-15 09:58:06.155]<DEBUG> [TCP]New decision suffix: 2, 0, 0, 0, 0, 0, 0
[2026-05-15 09:58:06.259]<DEBUG> [TCP]TCP 0x0A06 parsed, updated 7-byte decision suffix.
[2026-05-15 09:58:06.259]<DEBUG> [TCP]New decision suffix: 2, 0, 0, 0, 0, 0, 0
[2026-05-15 09:58:06.360]<DEBUG> [TCP]TCP 0x0A06 parsed, updated 7-byte decision suffix.
[2026-05-15 09:58:06.360]<DEBUG> [TCP]New decision suffix: 2, 0, 0, 0, 0, 0, 0
[2026-05-15 09:58:06.459]<DEBUG> [TCP]TCP 0x0A06 parsed, updated 7-byte decision suffix.
[2026-05-15 09:58:06.459]<DEBUG> [TCP]New decision suffix: 2, 0, 0, 0, 0, 0, 0
[2026-05-15 09:58:06.558]<DEBUG> [TCP]TCP 0x0A06 parsed, updated 7-byte decision suffix.
[2026-05-15 09:58:06.559]<DEBUG> [TCP]New decision suffix: 2, 0, 0, 0, 0, 0, 0
[2026-05-15 09:58:06.664]<DEBUG> [TCP]TCP 0x0A06 parsed, updated 7-byte decision suffix.
[2026-05-15 09:58:06.664]<DEBUG> [TCP]New decision suffix: 2, 0, 0, 0, 0, 0, 0
[2026-05-15 09:58:06.764]<DEBUG> [TCP]TCP 0x0A06 parsed, updated 7-byte decision suffix.
[2026-05-15 09:58:06.764]<DEBUG> [TCP]New decision suffix: 2, 0, 0, 0, 0, 0, 0
[2026-05-15 09:58:06.866]<DEBUG> [TCP]TCP 0x0A06 parsed, updated 7-byte decision suffix.
[2026-05-15 09:58:06.866]<DEBUG> [TCP]New decision suffix: 2, 0, 0, 0, 0, 0, 0
[2026-05-15 09:58:06.966]<DEBUG> [TCP]TCP 0x0A06 parsed, updated 7-byte decision suffix.
[2026-05-15 09:58:06.966]<DEBUG> [TCP]New decision suffix: 2, 0, 0, 0, 0, 0, 0
[2026-05-15 09:58:07.068]<DEBUG> [TCP]TCP 0x0A06 parsed, updated 7-byte decision suffix.
[2026-05-15 09:58:07.068]<DEBUG> [TCP]New decision suffix: 2, 0, 0, 0, 0, 0, 0
[2026-05-15 09:58:07.164]<DEBUG> [TCP]TCP 0x0A06 parsed, updated 7-byte decision suffix.
[2026-05-15 09:58:07.165]<DEBUG> [TCP]New decision suffix: 2, 0, 0, 0, 0, 0, 0
[2026-05-15 09:58:07.267]<DEBUG> [TCP]TCP 0x0A06 parsed, updated 7-byte decision suffix.
[2026-05-15 09:58:07.267]<DEBUG> [TCP]New decision suffix: 2, 0, 0, 0, 0, 0, 0
[2026-05-15 09:58:07.369]<DEBUG> [TCP]TCP 0x0A06 parsed, updated 7-byte decision suffix.
[2026-05-15 09:58:07.370]<DEBUG> [TCP]New decision suffix: 2, 0, 0, 0, 0, 0, 0
[2026-05-15 09:58:07.470]<DEBUG> [TCP]TCP 0x0A06 parsed, updated 7-byte decision suffix.
[2026-05-15 09:58:07.470]<DEBUG> [TCP]New decision suffix: 2, 0, 0, 0, 0, 0, 0
[2026-05-15 09:58:07.568]<DEBUG> [TCP]TCP 0x0A06 parsed, updated 7-byte decision suffix.
[2026-05-15 09:58:07.569]<DEBUG> [TCP]New decision suffix: 2, 0, 0, 0, 0, 0, 0
[2026-05-15 09:58:07.671]<DEBUG> [TCP]TCP 0x0A06 parsed, updated 7-byte decision suffix.
[2026-05-15 09:58:07.671]<DEBUG> [TCP]New decision suffix: 2, 0, 0, 0, 0, 0, 0
[2026-05-15 09:58:07.768]<DEBUG> [TCP]TCP 0x0A06 parsed, updated 7-byte decision suffix.
[2026-05-15 09:58:07.769]<DEBUG> [TCP]New decision suffix: 2, 0, 0, 0, 0, 0, 0
[2026-05-15 09:58:07.875]<DEBUG> [TCP]TCP 0x0A06 parsed, updated 7-byte decision suffix.
[2026-05-15 09:58:07.875]<DEBUG> [TCP]New decision suffix: 2, 0, 0, 0, 0, 0, 0
[2026-05-15 09:58:07.975]<DEBUG> [TCP]TCP 0x0A06 parsed, updated 7-byte decision suffix.
[2026-05-15 09:58:07.975]<DEBUG> [TCP]New decision suffix: 2, 0, 0, 0, 0, 0, 0
[2026-05-15 09:58:08.071]<DEBUG> [TCP]TCP 0x0A06 parsed, updated 7-byte decision suffix.
[2026-05-15 09:58:08.071]<DEBUG> [TCP]New decision suffix: 2, 0, 0, 0, 0, 0, 0
[2026-05-15 09:58:08.171]<DEBUG> [TCP]TCP 0x0A06 parsed, updated 7-byte decision suffix.
[2026-05-15 09:58:08.172]<DEBUG> [TCP]New decision suffix: 2, 0, 0, 0, 0, 0, 0
[2026-05-15 09:58:08.274]<DEBUG> [TCP]TCP 0x0A06 parsed, updated 7-byte decision suffix.
[2026-05-15 09:58:08.274]<DEBUG> [TCP]New decision suffix: 2, 0, 0, 0, 0, 0, 0
[2026-05-15 09:58:08.377]<DEBUG> [TCP]TCP 0x0A06 parsed, updated 7-byte decision suffix.
[2026-05-15 09:58:08.377]<DEBUG> [TCP]New decision suffix: 2, 0, 0, 0, 0, 0, 0
[2026-05-15 09:58:08.475]<DEBUG> [TCP]TCP 0x0A06 parsed, updated 7-byte decision suffix.
[2026-05-15 09:58:08.475]<DEBUG> [TCP]New decision suffix: 2, 0, 0, 0, 0, 0, 0
[2026-05-15 09:58:08.574]<DEBUG> [TCP]TCP 0x0A06 parsed, updated 7-byte decision suffix.
[2026-05-15 09:58:08.574]<DEBUG> [TCP]New decision suffix: 2, 0, 0, 0, 0, 0, 0
[2026-05-15 09:58:08.675]<DEBUG> [TCP]TCP 0x0A06 parsed, updated 7-byte decision suffix.
[2026-05-15 09:58:08.675]<DEBUG> [TCP]New decision suffix: 2, 0, 0, 0, 0, 0, 0
[2026-05-15 09:58:08.782]<DEBUG> [TCP]TCP 0x0A06 parsed, updated 7-byte decision suffix.
[2026-05-15 09:58:08.783]<DEBUG> [TCP]New decision suffix: 2, 0, 0, 0, 0, 0, 0
[2026-05-15 09:58:08.883]<DEBUG> [TCP]TCP 0x0A06 parsed, updated 7-byte decision suffix.
[2026-05-15 09:58:08.883]<DEBUG> [TCP]New decision suffix: 2, 0, 0, 0, 0, 0, 0
[2026-05-15 09:58:08.979]<DEBUG> [TCP]TCP 0x0A06 parsed, updated 7-byte decision suffix.
[2026-05-15 09:58:08.980]<DEBUG> [TCP]New decision suffix: 2, 0, 0, 0, 0, 0, 0
[2026-05-15 09:58:09.082]<DEBUG> [TCP]TCP 0x0A06 parsed, updated 7-byte decision suffix.
[2026-05-15 09:58:09.082]<DEBUG> [TCP]New decision suffix: 2, 0, 0, 0, 0, 0, 0
[2026-05-15 09:58:09.183]<DEBUG> [TCP]TCP 0x0A06 parsed, updated 7-byte decision suffix.
[2026-05-15 09:58:09.183]<DEBUG> [TCP]New decision suffix: 2, 0, 0, 0, 0, 0, 0
[2026-05-15 09:58:09.284]<DEBUG> [TCP]TCP 0x0A06 parsed, updated 7-byte decision suffix.
[2026-05-15 09:58:09.284]<DEBUG> [TCP]New decision suffix: 2, 0, 0, 0, 0, 0, 0
[2026-05-15 09:58:09.382]<DEBUG> [TCP]TCP 0x0A06 parsed, updated 7-byte decision suffix.
[2026-05-15 09:58:09.382]<DEBUG> [TCP]New decision suffix: 2, 0, 0, 0, 0, 0, 0
[2026-05-15 09:58:09.490]<DEBUG> [TCP]TCP 0x0A06 parsed, updated 7-byte decision suffix.
[2026-05-15 09:58:09.490]<DEBUG> [TCP]New decision suffix: 2, 0, 0, 0, 0, 0, 0
[2026-05-15 09:58:09.589]<DEBUG> [TCP]TCP 0x0A06 parsed, updated 7-byte decision suffix.
[2026-05-15 09:58:09.589]<DEBUG> [TCP]New decision suffix: 2, 0, 0, 0, 0, 0, 0
[2026-05-15 09:58:09.686]<DEBUG> [TCP]TCP 0x0A06 parsed, updated 7-byte decision suffix.
[2026-05-15 09:58:09.686]<DEBUG> [TCP]New decision suffix: 2, 0, 0, 0, 0, 0, 0
[2026-05-15 09:58:09.789]<DEBUG> [TCP]TCP 0x0A06 parsed, updated 7-byte decision suffix.
[2026-05-15 09:58:09.789]<DEBUG> [TCP]New decision suffix: 2, 0, 0, 0, 0, 0, 0
[2026-05-15 09:58:09.889]<DEBUG> [TCP]TCP 0x0A06 parsed, updated 7-byte decision suffix.
[2026-05-15 09:58:09.889]<DEBUG> [TCP]New decision suffix: 2, 0, 0, 0, 0, 0, 0
[2026-05-15 09:58:09.991]<DEBUG> [TCP]TCP 0x0A06 parsed, updated 7-byte decision suffix.
[2026-05-15 09:58:09.992]<DEBUG> [TCP]New decision suffix: 2, 0, 0, 0, 0, 0, 0
[2026-05-15 09:58:10.092]<DEBUG> [TCP]TCP 0x0A06 parsed, updated 7-byte decision suffix.
[2026-05-15 09:58:10.092]<DEBUG> [TCP]New decision suffix: 2, 0, 0, 0, 0, 0, 0
[2026-05-15 09:58:10.192]<DEBUG> [TCP]TCP 0x0A06 parsed, updated 7-byte decision suffix.
[2026-05-15 09:58:10.192]<DEBUG> [TCP]New decision suffix: 2, 0, 0, 0, 0, 0, 0
[2026-05-15 09:58:10.294]<DEBUG> [TCP]TCP 0x0A06 parsed, updated 7-byte decision suffix.
[2026-05-15 09:58:10.294]<DEBUG> [TCP]New decision suffix: 2, 0, 0, 0, 0, 0, 0
[2026-05-15 09:58:10.391]<DEBUG> [TCP]TCP 0x0A06 parsed, updated 7-byte decision suffix.
[2026-05-15 09:58:10.391]<DEBUG> [TCP]New decision suffix: 2, 0, 0, 0, 0, 0, 0
[2026-05-15 09:58:10.493]<DEBUG> [TCP]TCP 0x0A06 parsed, updated 7-byte decision suffix.
[2026-05-15 09:58:10.493]<DEBUG> [TCP]New decision suffix: 2, 0, 0, 0, 0, 0, 0
[2026-05-15 09:58:10.591]<DEBUG> [TCP]TCP 0x0A06 parsed, updated 7-byte decision suffix.
[2026-05-15 09:58:10.591]<DEBUG> [TCP]New decision suffix: 2, 0, 0, 0, 0, 0, 0
[2026-05-15 09:58:10.698]<DEBUG> [TCP]TCP 0x0A06 parsed, updated 7-byte decision suffix.
[2026-05-15 09:58:10.699]<DEBUG> [TCP]New decision suffix: 2, 0, 0, 0, 0, 0, 0
[2026-05-15 09:58:10.797]<DEBUG> [TCP]TCP 0x0A06 parsed, updated 7-byte decision suffix.
[2026-05-15 09:58:10.797]<DEBUG> [TCP]New decision suffix: 2, 0, 0, 0, 0, 0, 0
[2026-05-15 09:58:10.902]<DEBUG> [TCP]TCP 0x0A06 parsed, updated 7-byte decision suffix.
[2026-05-15 09:58:10.902]<DEBUG> [TCP]New decision suffix: 2, 0, 0, 0, 0, 0, 0
[2026-05-15 09:58:11.009]<DEBUG> [TCP]TCP 0x0A06 parsed, updated 7-byte decision suffix.
[2026-05-15 09:58:11.009]<DEBUG> [TCP]New decision suffix: 2, 0, 0, 0, 0, 0, 0
[2026-05-15 09:58:11.099]<DEBUG> [TCP]TCP 0x0A06 parsed, updated 7-byte decision suffix.
[2026-05-15 09:58:11.099]<DEBUG> [TCP]New decision suffix: 2, 0, 0, 0, 0, 0, 0
[2026-05-15 09:58:11.205]<DEBUG> [TCP]TCP 0x0A06 parsed, updated 7-byte decision suffix.
[2026-05-15 09:58:11.205]<DEBUG> [TCP]New decision suffix: 2, 0, 0, 0, 0, 0, 0
[2026-05-15 09:58:11.298]<DEBUG> [TCP]TCP 0x0A06 parsed, updated 7-byte decision suffix.
[2026-05-15 09:58:11.298]<DEBUG> [TCP]New decision suffix: 2, 0, 0, 0, 0, 0, 0
[2026-05-15 09:58:11.398]<DEBUG> [TCP]TCP 0x0A06 parsed, updated 7-byte decision suffix.
[2026-05-15 09:58:11.398]<DEBUG> [TCP]New decision suffix: 2, 0, 0, 0, 0, 0, 0
[2026-05-15 09:58:11.504]<DEBUG> [TCP]TCP 0x0A06 parsed, updated 7-byte decision suffix.
[2026-05-15 09:58:11.504]<DEBUG> [TCP]New decision suffix: 2, 0, 0, 0, 0, 0, 0
[2026-05-15 09:58:11.604]<DEBUG> [TCP]TCP 0x0A06 parsed, updated 7-byte decision suffix.
[2026-05-15 09:58:11.604]<DEBUG> [TCP]New decision suffix: 2, 0, 0, 0, 0, 0, 0
[2026-05-15 09:58:11.701]<DEBUG> [TCP]TCP 0x0A06 parsed, updated 7-byte decision suffix.
[2026-05-15 09:58:11.701]<DEBUG> [TCP]New decision suffix: 2, 0, 0, 0, 0, 0, 0
[2026-05-15 09:58:11.800]<DEBUG> [TCP]TCP 0x0A06 parsed, updated 7-byte decision suffix.
[2026-05-15 09:58:11.800]<DEBUG> [TCP]New decision suffix: 2, 0, 0, 0, 0, 0, 0
[2026-05-15 09:58:11.904]<DEBUG> [TCP]TCP 0x0A06 parsed, updated 7-byte decision suffix.
[2026-05-15 09:58:11.904]<DEBUG> [TCP]New decision suffix: 2, 0, 0, 0, 0, 0, 0
[2026-05-15 09:58:12.001]<DEBUG> [TCP]TCP 0x0A06 parsed, updated 7-byte decision suffix.
[2026-05-15 09:58:12.001]<DEBUG> [TCP]New decision suffix: 2, 0, 0, 0, 0, 0, 0
[2026-05-15 09:58:12.105]<DEBUG> [TCP]TCP 0x0A06 parsed, updated 7-byte decision suffix.
[2026-05-15 09:58:12.105]<DEBUG> [TCP]New decision suffix: 2, 0, 0, 0, 0, 0, 0
[2026-05-15 09:58:12.203]<DEBUG> [TCP]TCP 0x0A06 parsed, updated 7-byte decision suffix.
[2026-05-15 09:58:12.203]<DEBUG> [TCP]New decision suffix: 2, 0, 0, 0, 0, 0, 0
[2026-05-15 09:58:12.305]<DEBUG> [TCP]TCP 0x0A06 parsed, updated 7-byte decision suffix.
[2026-05-15 09:58:12.305]<DEBUG> [TCP]New decision suffix: 2, 0, 0, 0, 0, 0, 0
[2026-05-15 09:58:12.409]<DEBUG> [TCP]TCP 0x0A06 parsed, updated 7-byte decision suffix.
[2026-05-15 09:58:12.410]<DEBUG> [TCP]New decision suffix: 2, 0, 0, 0, 0, 0, 0
[2026-05-15 09:58:12.513]<DEBUG> [TCP]TCP 0x0A06 parsed, updated 7-byte decision suffix.
[2026-05-15 09:58:12.513]<DEBUG> [TCP]New decision suffix: 2, 0, 0, 0, 0, 0, 0
[2026-05-15 09:58:12.605]<DEBUG> [TCP]TCP 0x0A06 parsed, updated 7-byte decision suffix.
[2026-05-15 09:58:12.606]<DEBUG> [TCP]New decision suffix: 2, 0, 0, 0, 0, 0, 0
[2026-05-15 09:58:12.707]<DEBUG> [TCP]TCP 0x0A06 parsed, updated 7-byte decision suffix.
[2026-05-15 09:58:12.708]<DEBUG> [TCP]New decision suffix: 2, 0, 0, 0, 0, 0, 0
[2026-05-15 09:58:13.037]<DEBUG> [TCP]TCP 0x0A06 parsed, updated 7-byte decision suffix.
[2026-05-15 09:58:13.038]<DEBUG> [TCP]New decision suffix: 2, 0, 0, 0, 0, 0, 0
[2026-05-15 09:58:13.038]<DEBUG> [TCP]TCP 0x0A06 parsed, updated 7-byte decision suffix.
[2026-05-15 09:58:13.038]<DEBUG> [TCP]New decision suffix: 2, 0, 0, 0, 0, 0, 0
[2026-05-15 09:58:13.038]<DEBUG> [TCP]TCP 0x0A06 parsed, updated 7-byte decision suffix.
[2026-05-15 09:58:13.038]<DEBUG> [TCP]New decision suffix: 2, 0, 0, 0, 0, 0, 0
