--- Log File Created: 2026-03-13 07:06:24.852 ---
[2026-03-13 07:06:25.044]<DEBUG> [Detector]Robot Inferencer initializing...
[2026-03-13 07:06:25.044]<DEBUG> [Yolov8Inferencer]Model loaded: car_v8n
[2026-03-13 07:06:25.045]<DEBUG> [Yolov8Inferencer]Model class count: 1
[2026-03-13 07:06:25.045]<DEBUG> [Yolov8Inferencer]Model loaded: armor_v8n
[2026-03-13 07:06:25.045]<DEBUG> [Yolov8Inferencer]Model class count: 12
[2026-03-13 07:06:25.045]<DEBUG> [Yolov8Inferencer]Model loaded: armor_v8n
[2026-03-13 07:06:25.045]<DEBUG> [Yolov8Inferencer]Model class count: 12
[2026-03-13 07:06:25.045]<DEBUG> [Yolov8Inferencer]Model loaded: armor_v8n
[2026-03-13 07:06:25.045]<DEBUG> [Yolov8Inferencer]Model class count: 12
[2026-03-13 07:06:25.045]<DEBUG> [Yolov8Inferencer]Model loaded: armor_v8n
[2026-03-13 07:06:25.045]<DEBUG> [Yolov8Inferencer]Model class count: 12
[2026-03-13 07:06:25.045]<DEBUG> [Yolov8Inferencer]Model loaded: armor_v8n
[2026-03-13 07:06:25.045]<DEBUG> [Yolov8Inferencer]Model class count: 12
[2026-03-13 07:06:25.045]<DEBUG> [Yolov8Inferencer]Model loaded: armor_v8n
[2026-03-13 07:06:25.045]<DEBUG> [Yolov8Inferencer]Model class count: 12
[2026-03-13 07:06:25.045]<DEBUG> [Yolov8Inferencer]Model loaded: armor_v8n
[2026-03-13 07:06:25.045]<DEBUG> [Yolov8Inferencer]Model class count: 12
[2026-03-13 07:06:25.045]<DEBUG> [Yolov8Inferencer]Model loaded: armor_v8n
[2026-03-13 07:06:25.045]<DEBUG> [Yolov8Inferencer]Model class count: 12
[2026-03-13 07:06:25.046]<DEBUG> [Yolov8Inferencer]Model loaded: armor_v8n
[2026-03-13 07:06:25.046]<DEBUG> [Yolov8Inferencer]Model class count: 12
[2026-03-13 07:06:25.046]<DEBUG> [Yolov8Inferencer]Model loaded: armor_v8n
[2026-03-13 07:06:25.046]<DEBUG> [Yolov8Inferencer]Model class count: 12
[2026-03-13 07:06:25.046]<DEBUG> [Yolov8Inferencer]Model loaded: armor_v8n
[2026-03-13 07:06:25.046]<DEBUG> [Yolov8Inferencer]Model class count: 12
[2026-03-13 07:06:25.046]<DEBUG> [Yolov8Inferencer]Model loaded: armor_v8n
[2026-03-13 07:06:25.046]<DEBUG> [Yolov8Inferencer]Model class count: 12
[2026-03-13 07:06:25.046]<DEBUG> [Detector]initialized.
