--- Log File Created: 2026-03-15 10:09:58.261 ---
[2026-03-15 10:09:58.415]<DEBUG> [Detector]Robot Inferencer initializing...
[2026-03-15 10:09:58.416]<DEBUG> [Yolov8Inferencer]Model loaded: car_v8n
[2026-03-15 10:09:58.416]<DEBUG> [Yolov8Inferencer]Model class count: 1
[2026-03-15 10:09:58.416]<DEBUG> [Yolov8Inferencer]Model loaded: armor_v8n
[2026-03-15 10:09:58.416]<DEBUG> [Yolov8Inferencer]Model class count: 12
[2026-03-15 10:09:58.416]<DEBUG> [Yolov8Inferencer]Model loaded: armor_v8n
[2026-03-15 10:09:58.417]<DEBUG> [Yolov8Inferencer]Model class count: 12
[2026-03-15 10:09:58.417]<DEBUG> [Yolov8Inferencer]Model loaded: armor_v8n
[2026-03-15 10:09:58.417]<DEBUG> [Yolov8Inferencer]Model class count: 12
[2026-03-15 10:09:58.417]<DEBUG> [Yolov8Inferencer]Model loaded: armor_v8n
[2026-03-15 10:09:58.417]<DEBUG> [Yolov8Inferencer]Model class count: 12
[2026-03-15 10:09:58.417]<DEBUG> [Yolov8Inferencer]Model loaded: armor_v8n
[2026-03-15 10:09:58.417]<DEBUG> [Yolov8Inferencer]Model class count: 12
[2026-03-15 10:09:58.417]<DEBUG> [Yolov8Inferencer]Model loaded: armor_v8n
[2026-03-15 10:09:58.417]<DEBUG> [Yolov8Inferencer]Model class count: 12
[2026-03-15 10:09:58.417]<DEBUG> [Yolov8Inferencer]Model loaded: armor_v8n
[2026-03-15 10:09:58.417]<DEBUG> [Yolov8Inferencer]Model class count: 12
[2026-03-15 10:09:58.417]<DEBUG> [Yolov8Inferencer]Model loaded: armor_v8n
[2026-03-15 10:09:58.417]<DEBUG> [Yolov8Inferencer]Model class count: 12
[2026-03-15 10:09:58.417]<DEBUG> [Yolov8Inferencer]Model loaded: armor_v8n
[2026-03-15 10:09:58.417]<DEBUG> [Yolov8Inferencer]Model class count: 12
[2026-03-15 10:09:58.417]<DEBUG> [Yolov8Inferencer]Model loaded: armor_v8n
[2026-03-15 10:09:58.417]<DEBUG> [Yolov8Inferencer]Model class count: 12
[2026-03-15 10:09:58.418]<DEBUG> [Yolov8Inferencer]Model loaded: armor_v8n
[2026-03-15 10:09:58.418]<DEBUG> [Yolov8Inferencer]Model class count: 12
[2026-03-15 10:09:58.418]<DEBUG> [Yolov8Inferencer]Model loaded: armor_v8n
[2026-03-15 10:09:58.418]<DEBUG> [Yolov8Inferencer]Model class count: 12
[2026-03-15 10:09:58.418]<DEBUG> [Detector]initialized.
[2026-03-15 10:10:07.548]<DEBUG> [WebCameraHandler]Camera devices scanned: 5 devices found.
[2026-03-15 10:10:07.548]<DEBUG> [WebCameraHandler]--- Camera device 0: UGREEN 95348: UGREEN 95348 (/dev/video0)
[2026-03-15 10:10:07.548]<DEBUG> [WebCameraHandler]--- Camera device 1: UGREEN 95348: UGREEN 95348 (/dev/video1)
[2026-03-15 10:10:07.548]<DEBUG> [WebCameraHandler]--- Camera device 2: USB2.0 FHD UVC WebCam: USB2.0 F (/dev/video2)
[2026-03-15 10:10:07.548]<DEBUG> [WebCameraHandler]--- Camera device 3: USB2.0 FHD UVC WebCam: USB2.0 F (/dev/video3)
[2026-03-15 10:10:07.548]<DEBUG> [WebCameraHandler]--- Camera device 4: VirtualCamera (/dev/video4)
[2026-03-15 10:10:10.911]<DEBUG> [WebCameraHandler]VirtualCamera (/dev/video4) opened successfully.
