--- Log File Created: 2026-03-02 03:28:17.075 ---
[2026-03-02 03:28:17.269]<DEBUG> [Detector]Robot Inferencer initializing...
[2026-03-02 03:28:17.273]<DEBUG> [Yolov8Inferencer]Model loaded: car_v8n
[2026-03-02 03:28:17.277]<DEBUG> [Yolov8Inferencer]Model class count: 1
[2026-03-02 03:28:17.278]<DEBUG> [Yolov8Inferencer]Model loaded: armor_v8n
[2026-03-02 03:28:17.280]<DEBUG> [Yolov8Inferencer]Model class count: 12
[2026-03-02 03:28:17.281]<DEBUG> [Yolov8Inferencer]Model loaded: armor_v8n
[2026-03-02 03:28:17.283]<DEBUG> [Yolov8Inferencer]Model class count: 12
[2026-03-02 03:28:17.286]<DEBUG> [Yolov8Inferencer]Model loaded: armor_v8n
[2026-03-02 03:28:17.287]<DEBUG> [Yolov8Inferencer]Model class count: 12
[2026-03-02 03:28:17.289]<DEBUG> [Yolov8Inferencer]Model loaded: armor_v8n
[2026-03-02 03:28:17.290]<DEBUG> [Yolov8Inferencer]Model class count: 12
[2026-03-02 03:28:17.292]<DEBUG> [Yolov8Inferencer]Model loaded: armor_v8n
[2026-03-02 03:28:17.294]<DEBUG> [Yolov8Inferencer]Model class count: 12
[2026-03-02 03:28:17.295]<DEBUG> [Yolov8Inferencer]Model loaded: armor_v8n
[2026-03-02 03:28:17.297]<DEBUG> [Yolov8Inferencer]Model class count: 12
[2026-03-02 03:28:17.298]<DEBUG> [Yolov8Inferencer]Model loaded: armor_v8n
[2026-03-02 03:28:17.300]<DEBUG> [Yolov8Inferencer]Model class count: 12
[2026-03-02 03:28:17.302]<DEBUG> [Yolov8Inferencer]Model loaded: armor_v8n
[2026-03-02 03:28:17.304]<DEBUG> [Yolov8Inferencer]Model class count: 12
[2026-03-02 03:28:17.305]<DEBUG> [Yolov8Inferencer]Model loaded: armor_v8n
[2026-03-02 03:28:17.307]<DEBUG> [Yolov8Inferencer]Model class count: 12
[2026-03-02 03:28:17.309]<DEBUG> [Yolov8Inferencer]Model loaded: armor_v8n
[2026-03-02 03:28:17.311]<DEBUG> [Yolov8Inferencer]Model class count: 12
[2026-03-02 03:28:17.313]<DEBUG> [Yolov8Inferencer]Model loaded: armor_v8n
[2026-03-02 03:28:17.314]<DEBUG> [Yolov8Inferencer]Model class count: 12
[2026-03-02 03:28:17.315]<DEBUG> [Yolov8Inferencer]Model loaded: armor_v8n
[2026-03-02 03:28:17.318]<DEBUG> [Yolov8Inferencer]Model class count: 12
[2026-03-02 03:28:17.319]<DEBUG> [Detector]initialized.
