--- Log File Created: 2026-03-17 21:26:49.234 ---
[2026-03-17 21:26:49.388]<DEBUG> [Detector]Robot Inferencer initializing...
[2026-03-17 21:26:49.388]<DEBUG> [Yolov8Inferencer]Model loaded: car_v8n
[2026-03-17 21:26:49.389]<DEBUG> [Yolov8Inferencer]Model class count: 1
[2026-03-17 21:26:49.389]<DEBUG> [Yolov8Inferencer]Model loaded: armor_v8n
[2026-03-17 21:26:49.389]<DEBUG> [Yolov8Inferencer]Model class count: 12
[2026-03-17 21:26:49.389]<DEBUG> [Yolov8Inferencer]Model loaded: armor_v8n
[2026-03-17 21:26:49.389]<DEBUG> [Yolov8Inferencer]Model class count: 12
[2026-03-17 21:26:49.389]<DEBUG> [Yolov8Inferencer]Model loaded: armor_v8n
[2026-03-17 21:26:49.389]<DEBUG> [Yolov8Inferencer]Model class count: 12
[2026-03-17 21:26:49.389]<DEBUG> [Yolov8Inferencer]Model loaded: armor_v8n
[2026-03-17 21:26:49.389]<DEBUG> [Yolov8Inferencer]Model class count: 12
[2026-03-17 21:26:49.389]<DEBUG> [Yolov8Inferencer]Model loaded: armor_v8n
[2026-03-17 21:26:49.389]<DEBUG> [Yolov8Inferencer]Model class count: 12
[2026-03-17 21:26:49.389]<DEBUG> [Yolov8Inferencer]Model loaded: armor_v8n
[2026-03-17 21:26:49.389]<DEBUG> [Yolov8Inferencer]Model class count: 12
[2026-03-17 21:26:49.389]<DEBUG> [Yolov8Inferencer]Model loaded: armor_v8n
[2026-03-17 21:26:49.389]<DEBUG> [Yolov8Inferencer]Model class count: 12
[2026-03-17 21:26:49.389]<DEBUG> [Yolov8Inferencer]Model loaded: armor_v8n
[2026-03-17 21:26:49.390]<DEBUG> [Yolov8Inferencer]Model class count: 12
[2026-03-17 21:26:49.390]<DEBUG> [Yolov8Inferencer]Model loaded: armor_v8n
[2026-03-17 21:26:49.390]<DEBUG> [Yolov8Inferencer]Model class count: 12
[2026-03-17 21:26:49.390]<DEBUG> [Yolov8Inferencer]Model loaded: armor_v8n
[2026-03-17 21:26:49.390]<DEBUG> [Yolov8Inferencer]Model class count: 12
[2026-03-17 21:26:49.390]<DEBUG> [Yolov8Inferencer]Model loaded: armor_v8n
[2026-03-17 21:26:49.390]<DEBUG> [Yolov8Inferencer]Model class count: 12
[2026-03-17 21:26:49.390]<DEBUG> [Yolov8Inferencer]Model loaded: armor_v8n
[2026-03-17 21:26:49.390]<DEBUG> [Yolov8Inferencer]Model class count: 12
[2026-03-17 21:26:49.390]<DEBUG> [Detector]initialized.
[2026-03-17 21:30:45.172]<DEBUG> [WebCameraHandler]Camera devices scanned: 4 devices found.
[2026-03-17 21:30:45.173]<DEBUG> [WebCameraHandler]--- Camera device 0: UGREEN 95348: UGREEN 95348 (/dev/video0)
[2026-03-17 21:30:45.173]<DEBUG> [WebCameraHandler]--- Camera device 1: UGREEN 95348: UGREEN 95348 (/dev/video1)
[2026-03-17 21:30:45.173]<DEBUG> [WebCameraHandler]--- Camera device 2: USB2.0 FHD UVC WebCam: USB2.0 F (/dev/video2)
[2026-03-17 21:30:45.173]<DEBUG> [WebCameraHandler]--- Camera device 3: USB2.0 FHD UVC WebCam: USB2.0 F (/dev/video3)
[2026-03-17 21:31:59.152]<ERROR> [WebCameraHandler]Failed to open USB2.0 FHD UVC WebCam: USB2.0 F (/dev/video3).
[2026-03-17 21:32:05.514]<DEBUG> [WebCameraHandler]Camera devices scanned: 5 devices found.
[2026-03-17 21:32:05.514]<DEBUG> [WebCameraHandler]--- Camera device 0: UGREEN 95348: UGREEN 95348 (/dev/video0)
[2026-03-17 21:32:05.514]<DEBUG> [WebCameraHandler]--- Camera device 1: UGREEN 95348: UGREEN 95348 (/dev/video1)
[2026-03-17 21:32:05.514]<DEBUG> [WebCameraHandler]--- Camera device 2: USB2.0 FHD UVC WebCam: USB2.0 F (/dev/video2)
[2026-03-17 21:32:05.514]<DEBUG> [WebCameraHandler]--- Camera device 3: USB2.0 FHD UVC WebCam: USB2.0 F (/dev/video3)
[2026-03-17 21:32:05.514]<DEBUG> [WebCameraHandler]--- Camera device 4: VirtualCamera (/dev/video4)
[2026-03-17 21:32:06.481]<DEBUG> [WebCameraHandler]VirtualCamera (/dev/video4) opened successfully.
[2026-03-17 21:43:02.751]<DEBUG> [Detector]Robot Inferencer initializing...
[2026-03-17 21:43:02.751]<DEBUG> [Detector]initialized.
[2026-03-17 21:43:02.751]<DEBUG> [Detector]Detection started.
[2026-03-17 21:45:22.945]<DEBUG> [Detector]Detection stopped.
[2026-03-17 21:45:24.611]<DEBUG> [Detector]Robot Inferencer initializing...
[2026-03-17 21:45:24.611]<DEBUG> [Yolov8Inferencer]Model loaded: car_v8n
[2026-03-17 21:45:24.611]<DEBUG> [Yolov8Inferencer]Model class count: 1
[2026-03-17 21:45:24.611]<DEBUG> [Yolov8Inferencer]Model loaded: armor_v8n
[2026-03-17 21:45:24.611]<DEBUG> [Yolov8Inferencer]Model class count: 12
[2026-03-17 21:45:24.612]<DEBUG> [Yolov8Inferencer]Model loaded: armor_v8n
[2026-03-17 21:45:24.612]<DEBUG> [Yolov8Inferencer]Model class count: 12
[2026-03-17 21:45:24.612]<DEBUG> [Yolov8Inferencer]Model loaded: armor_v8n
[2026-03-17 21:45:24.612]<DEBUG> [Yolov8Inferencer]Model class count: 12
[2026-03-17 21:45:24.612]<DEBUG> [Yolov8Inferencer]Model loaded: armor_v8n
[2026-03-17 21:45:24.612]<DEBUG> [Yolov8Inferencer]Model class count: 12
[2026-03-17 21:45:24.612]<DEBUG> [Yolov8Inferencer]Model loaded: armor_v8n
[2026-03-17 21:45:24.612]<DEBUG> [Yolov8Inferencer]Model class count: 12
[2026-03-17 21:45:24.612]<DEBUG> [Yolov8Inferencer]Model loaded: armor_v8n
[2026-03-17 21:45:24.612]<DEBUG> [Yolov8Inferencer]Model class count: 12
[2026-03-17 21:45:24.612]<DEBUG> [Yolov8Inferencer]Model loaded: armor_v8n
[2026-03-17 21:45:24.612]<DEBUG> [Yolov8Inferencer]Model class count: 12
[2026-03-17 21:45:24.612]<DEBUG> [Yolov8Inferencer]Model loaded: armor_v8n
[2026-03-17 21:45:24.612]<DEBUG> [Yolov8Inferencer]Model class count: 12
[2026-03-17 21:45:24.612]<DEBUG> [Yolov8Inferencer]Model loaded: armor_v8n
[2026-03-17 21:45:24.613]<DEBUG> [Yolov8Inferencer]Model class count: 12
[2026-03-17 21:45:24.613]<DEBUG> [Yolov8Inferencer]Model loaded: armor_v8n
[2026-03-17 21:45:24.613]<DEBUG> [Yolov8Inferencer]Model class count: 12
[2026-03-17 21:45:24.613]<DEBUG> [Yolov8Inferencer]Model loaded: armor_v8n
[2026-03-17 21:45:24.613]<DEBUG> [Yolov8Inferencer]Model class count: 12
[2026-03-17 21:45:24.613]<DEBUG> [Yolov8Inferencer]Model loaded: armor_v8n
[2026-03-17 21:45:24.613]<DEBUG> [Yolov8Inferencer]Model class count: 12
[2026-03-17 21:45:24.613]<DEBUG> [Detector]initialized.
[2026-03-17 21:45:24.613]<DEBUG> [Detector]Detection started.
[2026-03-17 21:45:55.881]<DEBUG> [Detector]Detection stopped.
[2026-03-17 21:47:59.436]<DEBUG> [WebCameraHandler]VirtualCamera (/dev/video4) opened successfully.
[2026-03-17 21:48:14.987]<DEBUG> [WebCameraHandler]VirtualCamera (/dev/video4) opened successfully.
