---TCP Log File Created: 2026-05-15 10:04:14.328 ---
[2026-05-15 10:04:14.328]<DEBUG> [TCP]TCP receiver client starting, target 127.0.0.1:1400
[2026-05-15 10:04:14.328]<DEBUG> [TCP]TCP sender server listening at 0.0.0.0:1500
[2026-05-15 10:04:14.329]<WARNING> [TCP]TCP receiver connect warning: Connection refused
[2026-05-15 10:04:15.188]<WARNING> [TCP]TCP receiver connect warning: Connection refused
[2026-05-15 10:04:16.184]<WARNING> [TCP]TCP receiver connect warning: Connection refused
[2026-05-15 10:04:17.184]<WARNING> [TCP]TCP receiver connect warning: Connection refused
[2026-05-15 10:04:18.182]<WARNING> [TCP]TCP receiver connect warning: Connection refused
[2026-05-15 10:04:19.181]<WARNING> [TCP]TCP receiver connect warning: Connection refused
[2026-05-15 10:04:20.183]<WARNING> [TCP]TCP receiver connect warning: Connection refused
[2026-05-15 10:04:21.189]<WARNING> [TCP]TCP receiver connect warning: Connection refused
[2026-05-15 10:04:22.188]<WARNING> [TCP]TCP receiver connect warning: Connection refused
[2026-05-15 10:04:23.181]<WARNING> [TCP]TCP receiver connect warning: Connection refused
[2026-05-15 10:04:24.181]<WARNING> [TCP]TCP receiver connect warning: Connection refused
[2026-05-15 10:04:25.186]<WARNING> [TCP]TCP receiver connect warning: Connection refused
[2026-05-15 10:04:26.185]<WARNING> [TCP]TCP receiver connect warning: Connection refused
[2026-05-15 10:04:27.184]<WARNING> [TCP]TCP receiver connect warning: Connection refused
[2026-05-15 10:04:28.183]<WARNING> [TCP]TCP receiver connect warning: Connection refused
[2026-05-15 10:04:29.184]<WARNING> [TCP]TCP receiver connect warning: Connection refused
[2026-05-15 10:04:30.183]<WARNING> [TCP]TCP receiver connect warning: Connection refused
[2026-05-15 10:04:31.184]<WARNING> [TCP]TCP receiver connect warning: Connection refused
[2026-05-15 10:04:32.185]<WARNING> [TCP]TCP receiver connect warning: Connection refused
[2026-05-15 10:04:33.185]<WARNING> [TCP]TCP receiver connect warning: Connection refused
[2026-05-15 10:04:34.189]<WARNING> [TCP]TCP receiver connect warning: Connection refused
[2026-05-15 10:04:35.188]<WARNING> [TCP]TCP receiver connect warning: Connection refused
[2026-05-15 10:04:36.189]<WARNING> [TCP]TCP receiver connect warning: Connection refused
[2026-05-15 10:04:37.173]<DEBUG> [TCP]TCP sender accepted client.
[2026-05-15 10:04:37.188]<DEBUG> [TCP]TCP receiver client connected to 127.0.0.1:1400
[2026-05-15 10:04:37.188]<DEBUG> [TCP]TCP 0x0A06 parsed, updated 7-byte decision suffix.
[2026-05-15 10:04:37.188]<DEBUG> [TCP]New decision suffix: 2, 0, 0, 0, 0, 0, 0
[2026-05-15 10:04:37.286]<DEBUG> [TCP]TCP 0x0A06 parsed, updated 7-byte decision suffix.
[2026-05-15 10:04:37.286]<DEBUG> [TCP]New decision suffix: 2, 0, 0, 0, 0, 0, 0
[2026-05-15 10:04:37.392]<DEBUG> [TCP]TCP 0x0A06 parsed, updated 7-byte decision suffix.
[2026-05-15 10:04:37.393]<DEBUG> [TCP]New decision suffix: 2, 0, 0, 0, 0, 0, 0
[2026-05-15 10:04:37.488]<DEBUG> [TCP]TCP 0x0A06 parsed, updated 7-byte decision suffix.
[2026-05-15 10:04:37.488]<DEBUG> [TCP]New decision suffix: 2, 0, 0, 0, 0, 0, 0
[2026-05-15 10:04:37.589]<DEBUG> [TCP]TCP 0x0A06 parsed, updated 7-byte decision suffix.
[2026-05-15 10:04:37.589]<DEBUG> [TCP]New decision suffix: 2, 0, 0, 0, 0, 0, 0
[2026-05-15 10:04:37.695]<DEBUG> [TCP]TCP 0x0A06 parsed, updated 7-byte decision suffix.
[2026-05-15 10:04:37.695]<DEBUG> [TCP]New decision suffix: 2, 0, 0, 0, 0, 0, 0
[2026-05-15 10:04:37.792]<DEBUG> [TCP]TCP 0x0A06 parsed, updated 7-byte decision suffix.
[2026-05-15 10:04:37.792]<DEBUG> [TCP]New decision suffix: 2, 0, 0, 0, 0, 0, 0
[2026-05-15 10:04:37.895]<DEBUG> [TCP]TCP 0x0A06 parsed, updated 7-byte decision suffix.
[2026-05-15 10:04:37.895]<DEBUG> [TCP]New decision suffix: 2, 0, 0, 0, 0, 0, 0
[2026-05-15 10:04:37.997]<DEBUG> [TCP]TCP 0x0A06 parsed, updated 7-byte decision suffix.
[2026-05-15 10:04:37.997]<DEBUG> [TCP]New decision suffix: 2, 0, 0, 0, 0, 0, 0
[2026-05-15 10:04:38.099]<DEBUG> [TCP]TCP 0x0A06 parsed, updated 7-byte decision suffix.
[2026-05-15 10:04:38.099]<DEBUG> [TCP]New decision suffix: 2, 0, 0, 0, 0, 0, 0
[2026-05-15 10:04:38.199]<DEBUG> [TCP]TCP 0x0A06 parsed, updated 7-byte decision suffix.
[2026-05-15 10:04:38.199]<DEBUG> [TCP]New decision suffix: 2, 0, 0, 0, 0, 0, 0
[2026-05-15 10:04:38.298]<DEBUG> [TCP]TCP 0x0A06 parsed, updated 7-byte decision suffix.
[2026-05-15 10:04:38.299]<DEBUG> [TCP]New decision suffix: 2, 0, 0, 0, 0, 0, 0
[2026-05-15 10:04:38.398]<DEBUG> [TCP]TCP 0x0A06 parsed, updated 7-byte decision suffix.
[2026-05-15 10:04:38.398]<DEBUG> [TCP]New decision suffix: 2, 0, 0, 0, 0, 0, 0
[2026-05-15 10:04:38.500]<DEBUG> [TCP]TCP 0x0A06 parsed, updated 7-byte decision suffix.
[2026-05-15 10:04:38.500]<DEBUG> [TCP]New decision suffix: 2, 0, 0, 0, 0, 0, 0
[2026-05-15 10:04:38.600]<DEBUG> [TCP]TCP 0x0A06 parsed, updated 7-byte decision suffix.
[2026-05-15 10:04:38.600]<DEBUG> [TCP]New decision suffix: 2, 0, 0, 0, 0, 0, 0
[2026-05-15 10:04:38.699]<DEBUG> [TCP]TCP 0x0A06 parsed, updated 7-byte decision suffix.
[2026-05-15 10:04:38.699]<DEBUG> [TCP]New decision suffix: 2, 0, 0, 0, 0, 0, 0
[2026-05-15 10:04:38.802]<DEBUG> [TCP]TCP 0x0A06 parsed, updated 7-byte decision suffix.
[2026-05-15 10:04:38.802]<DEBUG> [TCP]New decision suffix: 2, 0, 0, 0, 0, 0, 0
[2026-05-15 10:04:38.904]<DEBUG> [TCP]TCP 0x0A06 parsed, updated 7-byte decision suffix.
[2026-05-15 10:04:38.904]<DEBUG> [TCP]New decision suffix: 2, 0, 0, 0, 0, 0, 0
[2026-05-15 10:04:39.001]<DEBUG> [TCP]TCP 0x0A06 parsed, updated 7-byte decision suffix.
[2026-05-15 10:04:39.001]<DEBUG> [TCP]New decision suffix: 2, 0, 0, 0, 0, 0, 0
[2026-05-15 10:04:39.106]<DEBUG> [TCP]TCP 0x0A06 parsed, updated 7-byte decision suffix.
[2026-05-15 10:04:39.106]<DEBUG> [TCP]New decision suffix: 2, 0, 0, 0, 0, 0, 0
[2026-05-15 10:04:39.202]<DEBUG> [TCP]TCP 0x0A06 parsed, updated 7-byte decision suffix.
[2026-05-15 10:04:39.203]<DEBUG> [TCP]New decision suffix: 2, 0, 0, 0, 0, 0, 0
[2026-05-15 10:04:39.304]<DEBUG> [TCP]TCP 0x0A06 parsed, updated 7-byte decision suffix.
[2026-05-15 10:04:39.304]<DEBUG> [TCP]New decision suffix: 2, 0, 0, 0, 0, 0, 0
[2026-05-15 10:04:39.406]<DEBUG> [TCP]TCP 0x0A06 parsed, updated 7-byte decision suffix.
[2026-05-15 10:04:39.406]<DEBUG> [TCP]New decision suffix: 2, 0, 0, 0, 0, 0, 0
[2026-05-15 10:04:39.507]<DEBUG> [TCP]TCP 0x0A06 parsed, updated 7-byte decision suffix.
[2026-05-15 10:04:39.507]<DEBUG> [TCP]New decision suffix: 2, 0, 0, 0, 0, 0, 0
[2026-05-15 10:04:39.612]<DEBUG> [TCP]TCP 0x0A06 parsed, updated 7-byte decision suffix.
[2026-05-15 10:04:39.612]<DEBUG> [TCP]New decision suffix: 2, 0, 0, 0, 0, 0, 0
[2026-05-15 10:04:39.711]<DEBUG> [TCP]TCP 0x0A06 parsed, updated 7-byte decision suffix.
[2026-05-15 10:04:39.711]<DEBUG> [TCP]New decision suffix: 2, 0, 0, 0, 0, 0, 0
[2026-05-15 10:04:39.813]<DEBUG> [TCP]TCP 0x0A06 parsed, updated 7-byte decision suffix.
[2026-05-15 10:04:39.813]<DEBUG> [TCP]New decision suffix: 2, 0, 0, 0, 0, 0, 0
[2026-05-15 10:04:39.914]<DEBUG> [TCP]TCP 0x0A06 parsed, updated 7-byte decision suffix.
[2026-05-15 10:04:39.915]<DEBUG> [TCP]New decision suffix: 2, 0, 0, 0, 0, 0, 0
[2026-05-15 10:04:40.011]<DEBUG> [TCP]TCP 0x0A06 parsed, updated 7-byte decision suffix.
[2026-05-15 10:04:40.011]<DEBUG> [TCP]New decision suffix: 2, 0, 0, 0, 0, 0, 0
[2026-05-15 10:04:40.115]<DEBUG> [TCP]TCP 0x0A06 parsed, updated 7-byte decision suffix.
[2026-05-15 10:04:40.115]<DEBUG> [TCP]New decision suffix: 2, 0, 0, 0, 0, 0, 0
[2026-05-15 10:04:40.217]<DEBUG> [TCP]TCP 0x0A06 parsed, updated 7-byte decision suffix.
[2026-05-15 10:04:40.217]<DEBUG> [TCP]New decision suffix: 2, 0, 0, 0, 0, 0, 0
[2026-05-15 10:04:40.315]<DEBUG> [TCP]TCP 0x0A06 parsed, updated 7-byte decision suffix.
[2026-05-15 10:04:40.315]<DEBUG> [TCP]New decision suffix: 2, 0, 0, 0, 0, 0, 0
[2026-05-15 10:04:40.421]<DEBUG> [TCP]TCP 0x0A06 parsed, updated 7-byte decision suffix.
[2026-05-15 10:04:40.422]<DEBUG> [TCP]New decision suffix: 2, 0, 0, 0, 0, 0, 0
[2026-05-15 10:04:40.515]<DEBUG> [TCP]TCP 0x0A06 parsed, updated 7-byte decision suffix.
[2026-05-15 10:04:40.515]<DEBUG> [TCP]New decision suffix: 2, 0, 0, 0, 0, 0, 0
[2026-05-15 10:04:40.621]<DEBUG> [TCP]TCP 0x0A06 parsed, updated 7-byte decision suffix.
[2026-05-15 10:04:40.621]<DEBUG> [TCP]New decision suffix: 2, 0, 0, 0, 0, 0, 0
[2026-05-15 10:04:40.719]<DEBUG> [TCP]TCP 0x0A06 parsed, updated 7-byte decision suffix.
[2026-05-15 10:04:40.719]<DEBUG> [TCP]New decision suffix: 2, 0, 0, 0, 0, 0, 0
[2026-05-15 10:04:40.820]<DEBUG> [TCP]TCP 0x0A06 parsed, updated 7-byte decision suffix.
[2026-05-15 10:04:40.820]<DEBUG> [TCP]New decision suffix: 2, 0, 0, 0, 0, 0, 0
[2026-05-15 10:04:40.927]<DEBUG> [TCP]TCP 0x0A06 parsed, updated 7-byte decision suffix.
[2026-05-15 10:04:40.927]<DEBUG> [TCP]New decision suffix: 2, 0, 0, 0, 0, 0, 0
[2026-05-15 10:04:41.029]<DEBUG> [TCP]TCP 0x0A06 parsed, updated 7-byte decision suffix.
[2026-05-15 10:04:41.029]<DEBUG> [TCP]New decision suffix: 2, 0, 0, 0, 0, 0, 0
[2026-05-15 10:04:41.123]<DEBUG> [TCP]TCP 0x0A06 parsed, updated 7-byte decision suffix.
[2026-05-15 10:04:41.123]<DEBUG> [TCP]New decision suffix: 2, 0, 0, 0, 0, 0, 0
[2026-05-15 10:04:41.233]<DEBUG> [TCP]TCP 0x0A06 parsed, updated 7-byte decision suffix.
[2026-05-15 10:04:41.233]<DEBUG> [TCP]New decision suffix: 2, 0, 0, 0, 0, 0, 0
[2026-05-15 10:04:41.329]<DEBUG> [TCP]TCP 0x0A06 parsed, updated 7-byte decision suffix.
[2026-05-15 10:04:41.329]<DEBUG> [TCP]New decision suffix: 2, 0, 0, 0, 0, 0, 0
[2026-05-15 10:04:41.429]<DEBUG> [TCP]TCP 0x0A06 parsed, updated 7-byte decision suffix.
[2026-05-15 10:04:41.429]<DEBUG> [TCP]New decision suffix: 2, 0, 0, 0, 0, 0, 0
[2026-05-15 10:04:41.525]<DEBUG> [TCP]TCP 0x0A06 parsed, updated 7-byte decision suffix.
[2026-05-15 10:04:41.525]<DEBUG> [TCP]New decision suffix: 2, 0, 0, 0, 0, 0, 0
[2026-05-15 10:04:41.629]<DEBUG> [TCP]TCP 0x0A06 parsed, updated 7-byte decision suffix.
[2026-05-15 10:04:41.629]<DEBUG> [TCP]New decision suffix: 2, 0, 0, 0, 0, 0, 0
[2026-05-15 10:04:41.729]<DEBUG> [TCP]TCP 0x0A06 parsed, updated 7-byte decision suffix.
[2026-05-15 10:04:41.729]<DEBUG> [TCP]New decision suffix: 2, 0, 0, 0, 0, 0, 0
[2026-05-15 10:04:41.829]<DEBUG> [TCP]TCP 0x0A06 parsed, updated 7-byte decision suffix.
[2026-05-15 10:04:41.829]<DEBUG> [TCP]New decision suffix: 2, 0, 0, 0, 0, 0, 0
[2026-05-15 10:04:41.934]<DEBUG> [TCP]TCP 0x0A06 parsed, updated 7-byte decision suffix.
[2026-05-15 10:04:41.934]<DEBUG> [TCP]New decision suffix: 2, 0, 0, 0, 0, 0, 0
[2026-05-15 10:04:42.032]<DEBUG> [TCP]TCP 0x0A06 parsed, updated 7-byte decision suffix.
[2026-05-15 10:04:42.032]<DEBUG> [TCP]New decision suffix: 2, 0, 0, 0, 0, 0, 0
[2026-05-15 10:04:42.132]<DEBUG> [TCP]TCP 0x0A06 parsed, updated 7-byte decision suffix.
[2026-05-15 10:04:42.132]<DEBUG> [TCP]New decision suffix: 2, 0, 0, 0, 0, 0, 0
[2026-05-15 10:04:42.232]<DEBUG> [TCP]TCP 0x0A06 parsed, updated 7-byte decision suffix.
[2026-05-15 10:04:42.232]<DEBUG> [TCP]New decision suffix: 2, 0, 0, 0, 0, 0, 0
[2026-05-15 10:04:42.332]<DEBUG> [TCP]TCP 0x0A06 parsed, updated 7-byte decision suffix.
[2026-05-15 10:04:42.332]<DEBUG> [TCP]New decision suffix: 2, 0, 0, 0, 0, 0, 0
[2026-05-15 10:04:42.438]<DEBUG> [TCP]TCP 0x0A06 parsed, updated 7-byte decision suffix.
[2026-05-15 10:04:42.439]<DEBUG> [TCP]New decision suffix: 2, 0, 0, 0, 0, 0, 0
[2026-05-15 10:04:42.538]<DEBUG> [TCP]TCP 0x0A06 parsed, updated 7-byte decision suffix.
[2026-05-15 10:04:42.538]<DEBUG> [TCP]New decision suffix: 2, 0, 0, 0, 0, 0, 0
[2026-05-15 10:04:42.637]<DEBUG> [TCP]TCP 0x0A06 parsed, updated 7-byte decision suffix.
[2026-05-15 10:04:42.637]<DEBUG> [TCP]New decision suffix: 2, 0, 0, 0, 0, 0, 0
[2026-05-15 10:04:42.741]<DEBUG> [TCP]TCP 0x0A06 parsed, updated 7-byte decision suffix.
[2026-05-15 10:04:42.741]<DEBUG> [TCP]New decision suffix: 2, 0, 0, 0, 0, 0, 0
[2026-05-15 10:04:42.842]<DEBUG> [TCP]TCP 0x0A06 parsed, updated 7-byte decision suffix.
[2026-05-15 10:04:42.842]<DEBUG> [TCP]New decision suffix: 2, 0, 0, 0, 0, 0, 0
[2026-05-15 10:04:42.937]<DEBUG> [TCP]TCP 0x0A06 parsed, updated 7-byte decision suffix.
[2026-05-15 10:04:42.937]<DEBUG> [TCP]New decision suffix: 2, 0, 0, 0, 0, 0, 0
[2026-05-15 10:04:43.045]<DEBUG> [TCP]TCP 0x0A06 parsed, updated 7-byte decision suffix.
[2026-05-15 10:04:43.045]<DEBUG> [TCP]New decision suffix: 2, 0, 0, 0, 0, 0, 0
[2026-05-15 10:04:43.141]<DEBUG> [TCP]TCP 0x0A06 parsed, updated 7-byte decision suffix.
[2026-05-15 10:04:43.141]<DEBUG> [TCP]New decision suffix: 2, 0, 0, 0, 0, 0, 0
[2026-05-15 10:04:43.241]<DEBUG> [TCP]TCP 0x0A06 parsed, updated 7-byte decision suffix.
[2026-05-15 10:04:43.241]<DEBUG> [TCP]New decision suffix: 2, 0, 0, 0, 0, 0, 0
[2026-05-15 10:04:43.345]<DEBUG> [TCP]TCP 0x0A06 parsed, updated 7-byte decision suffix.
[2026-05-15 10:04:43.345]<DEBUG> [TCP]New decision suffix: 2, 0, 0, 0, 0, 0, 0
[2026-05-15 10:04:43.444]<DEBUG> [TCP]TCP 0x0A06 parsed, updated 7-byte decision suffix.
[2026-05-15 10:04:43.444]<DEBUG> [TCP]New decision suffix: 2, 0, 0, 0, 0, 0, 0
[2026-05-15 10:04:43.548]<DEBUG> [TCP]TCP 0x0A06 parsed, updated 7-byte decision suffix.
[2026-05-15 10:04:43.548]<DEBUG> [TCP]New decision suffix: 2, 0, 0, 0, 0, 0, 0
[2026-05-15 10:04:43.643]<DEBUG> [TCP]TCP 0x0A06 parsed, updated 7-byte decision suffix.
[2026-05-15 10:04:43.644]<DEBUG> [TCP]New decision suffix: 2, 0, 0, 0, 0, 0, 0
[2026-05-15 10:04:43.746]<DEBUG> [TCP]TCP 0x0A06 parsed, updated 7-byte decision suffix.
[2026-05-15 10:04:43.747]<DEBUG> [TCP]New decision suffix: 2, 0, 0, 0, 0, 0, 0
[2026-05-15 10:04:43.844]<DEBUG> [TCP]TCP 0x0A06 parsed, updated 7-byte decision suffix.
[2026-05-15 10:04:43.844]<DEBUG> [TCP]New decision suffix: 2, 0, 0, 0, 0, 0, 0
[2026-05-15 10:04:43.952]<DEBUG> [TCP]TCP 0x0A06 parsed, updated 7-byte decision suffix.
[2026-05-15 10:04:43.952]<DEBUG> [TCP]New decision suffix: 2, 0, 0, 0, 0, 0, 0
[2026-05-15 10:04:44.052]<DEBUG> [TCP]TCP 0x0A06 parsed, updated 7-byte decision suffix.
[2026-05-15 10:04:44.052]<DEBUG> [TCP]New decision suffix: 2, 0, 0, 0, 0, 0, 0
[2026-05-15 10:04:44.146]<DEBUG> [TCP]TCP 0x0A06 parsed, updated 7-byte decision suffix.
[2026-05-15 10:04:44.146]<DEBUG> [TCP]New decision suffix: 2, 0, 0, 0, 0, 0, 0
[2026-05-15 10:04:44.247]<DEBUG> [TCP]TCP 0x0A06 parsed, updated 7-byte decision suffix.
[2026-05-15 10:04:44.247]<DEBUG> [TCP]New decision suffix: 2, 0, 0, 0, 0, 0, 0
[2026-05-15 10:04:44.351]<DEBUG> [TCP]TCP 0x0A06 parsed, updated 7-byte decision suffix.
[2026-05-15 10:04:44.351]<DEBUG> [TCP]New decision suffix: 2, 0, 0, 0, 0, 0, 0
[2026-05-15 10:04:44.454]<DEBUG> [TCP]TCP 0x0A06 parsed, updated 7-byte decision suffix.
[2026-05-15 10:04:44.454]<DEBUG> [TCP]New decision suffix: 2, 0, 0, 0, 0, 0, 0
[2026-05-15 10:04:44.548]<DEBUG> [TCP]TCP 0x0A06 parsed, updated 7-byte decision suffix.
[2026-05-15 10:04:44.548]<DEBUG> [TCP]New decision suffix: 2, 0, 0, 0, 0, 0, 0
[2026-05-15 10:04:44.653]<DEBUG> [TCP]TCP 0x0A06 parsed, updated 7-byte decision suffix.
[2026-05-15 10:04:44.653]<DEBUG> [TCP]New decision suffix: 2, 0, 0, 0, 0, 0, 0
[2026-05-15 10:04:44.756]<DEBUG> [TCP]TCP 0x0A06 parsed, updated 7-byte decision suffix.
[2026-05-15 10:04:44.756]<DEBUG> [TCP]New decision suffix: 2, 0, 0, 0, 0, 0, 0
[2026-05-15 10:04:44.850]<DEBUG> [TCP]TCP 0x0A06 parsed, updated 7-byte decision suffix.
[2026-05-15 10:04:44.850]<DEBUG> [TCP]New decision suffix: 2, 0, 0, 0, 0, 0, 0
[2026-05-15 10:04:44.955]<DEBUG> [TCP]TCP 0x0A06 parsed, updated 7-byte decision suffix.
[2026-05-15 10:04:44.956]<DEBUG> [TCP]New decision suffix: 2, 0, 0, 0, 0, 0, 0
[2026-05-15 10:04:45.056]<DEBUG> [TCP]TCP 0x0A06 parsed, updated 7-byte decision suffix.
[2026-05-15 10:04:45.057]<DEBUG> [TCP]New decision suffix: 2, 0, 0, 0, 0, 0, 0
[2026-05-15 10:04:45.155]<DEBUG> [TCP]TCP 0x0A06 parsed, updated 7-byte decision suffix.
[2026-05-15 10:04:45.156]<DEBUG> [TCP]New decision suffix: 2, 0, 0, 0, 0, 0, 0
[2026-05-15 10:04:45.262]<DEBUG> [TCP]TCP 0x0A06 parsed, updated 7-byte decision suffix.
[2026-05-15 10:04:45.262]<DEBUG> [TCP]New decision suffix: 2, 0, 0, 0, 0, 0, 0
[2026-05-15 10:04:45.360]<DEBUG> [TCP]TCP 0x0A06 parsed, updated 7-byte decision suffix.
[2026-05-15 10:04:45.360]<DEBUG> [TCP]New decision suffix: 2, 0, 0, 0, 0, 0, 0
[2026-05-15 10:04:45.457]<DEBUG> [TCP]TCP 0x0A06 parsed, updated 7-byte decision suffix.
[2026-05-15 10:04:45.457]<DEBUG> [TCP]New decision suffix: 2, 0, 0, 0, 0, 0, 0
[2026-05-15 10:04:45.558]<DEBUG> [TCP]TCP 0x0A06 parsed, updated 7-byte decision suffix.
[2026-05-15 10:04:45.558]<DEBUG> [TCP]New decision suffix: 2, 0, 0, 0, 0, 0, 0
[2026-05-15 10:04:45.658]<DEBUG> [TCP]TCP 0x0A06 parsed, updated 7-byte decision suffix.
[2026-05-15 10:04:45.658]<DEBUG> [TCP]New decision suffix: 2, 0, 0, 0, 0, 0, 0
[2026-05-15 10:04:45.763]<DEBUG> [TCP]TCP 0x0A06 parsed, updated 7-byte decision suffix.
[2026-05-15 10:04:45.764]<DEBUG> [TCP]New decision suffix: 2, 0, 0, 0, 0, 0, 0
[2026-05-15 10:04:45.859]<DEBUG> [TCP]TCP 0x0A06 parsed, updated 7-byte decision suffix.
[2026-05-15 10:04:45.859]<DEBUG> [TCP]New decision suffix: 2, 0, 0, 0, 0, 0, 0
[2026-05-15 10:04:45.964]<DEBUG> [TCP]TCP 0x0A06 parsed, updated 7-byte decision suffix.
[2026-05-15 10:04:45.964]<DEBUG> [TCP]New decision suffix: 2, 0, 0, 0, 0, 0, 0
[2026-05-15 10:04:46.065]<DEBUG> [TCP]TCP 0x0A06 parsed, updated 7-byte decision suffix.
[2026-05-15 10:04:46.065]<DEBUG> [TCP]New decision suffix: 2, 0, 0, 0, 0, 0, 0
[2026-05-15 10:04:46.164]<DEBUG> [TCP]TCP 0x0A06 parsed, updated 7-byte decision suffix.
[2026-05-15 10:04:46.164]<DEBUG> [TCP]New decision suffix: 2, 0, 0, 0, 0, 0, 0
[2026-05-15 10:04:46.273]<DEBUG> [TCP]TCP 0x0A06 parsed, updated 7-byte decision suffix.
[2026-05-15 10:04:46.273]<DEBUG> [TCP]New decision suffix: 2, 0, 0, 0, 0, 0, 0
[2026-05-15 10:04:46.363]<DEBUG> [TCP]TCP 0x0A06 parsed, updated 7-byte decision suffix.
[2026-05-15 10:04:46.364]<DEBUG> [TCP]New decision suffix: 2, 0, 0, 0, 0, 0, 0
[2026-05-15 10:04:46.463]<DEBUG> [TCP]TCP 0x0A06 parsed, updated 7-byte decision suffix.
[2026-05-15 10:04:46.463]<DEBUG> [TCP]New decision suffix: 2, 0, 0, 0, 0, 0, 0
[2026-05-15 10:04:46.569]<DEBUG> [TCP]TCP 0x0A06 parsed, updated 7-byte decision suffix.
[2026-05-15 10:04:46.570]<DEBUG> [TCP]New decision suffix: 2, 0, 0, 0, 0, 0, 0
[2026-05-15 10:04:46.665]<DEBUG> [TCP]TCP 0x0A06 parsed, updated 7-byte decision suffix.
[2026-05-15 10:04:46.665]<DEBUG> [TCP]New decision suffix: 2, 0, 0, 0, 0, 0, 0
[2026-05-15 10:04:46.766]<DEBUG> [TCP]TCP 0x0A06 parsed, updated 7-byte decision suffix.
[2026-05-15 10:04:46.766]<DEBUG> [TCP]New decision suffix: 2, 0, 0, 0, 0, 0, 0
[2026-05-15 10:04:46.867]<DEBUG> [TCP]TCP 0x0A06 parsed, updated 7-byte decision suffix.
[2026-05-15 10:04:46.867]<DEBUG> [TCP]New decision suffix: 2, 0, 0, 0, 0, 0, 0
[2026-05-15 10:04:46.970]<DEBUG> [TCP]TCP 0x0A06 parsed, updated 7-byte decision suffix.
[2026-05-15 10:04:46.970]<DEBUG> [TCP]New decision suffix: 2, 0, 0, 0, 0, 0, 0
[2026-05-15 10:04:47.078]<DEBUG> [TCP]TCP 0x0A06 parsed, updated 7-byte decision suffix.
[2026-05-15 10:04:47.078]<DEBUG> [TCP]New decision suffix: 2, 0, 0, 0, 0, 0, 0
[2026-05-15 10:04:47.176]<DEBUG> [TCP]TCP 0x0A06 parsed, updated 7-byte decision suffix.
[2026-05-15 10:04:47.176]<DEBUG> [TCP]New decision suffix: 2, 0, 0, 0, 0, 0, 0
[2026-05-15 10:04:47.273]<DEBUG> [TCP]TCP 0x0A06 parsed, updated 7-byte decision suffix.
[2026-05-15 10:04:47.274]<DEBUG> [TCP]New decision suffix: 2, 0, 0, 0, 0, 0, 0
[2026-05-15 10:04:47.377]<DEBUG> [TCP]TCP 0x0A06 parsed, updated 7-byte decision suffix.
[2026-05-15 10:04:47.377]<DEBUG> [TCP]New decision suffix: 2, 0, 0, 0, 0, 0, 0
[2026-05-15 10:04:47.474]<DEBUG> [TCP]TCP 0x0A06 parsed, updated 7-byte decision suffix.
[2026-05-15 10:04:47.475]<DEBUG> [TCP]New decision suffix: 2, 0, 0, 0, 0, 0, 0
[2026-05-15 10:04:47.582]<DEBUG> [TCP]TCP 0x0A06 parsed, updated 7-byte decision suffix.
[2026-05-15 10:04:47.582]<DEBUG> [TCP]New decision suffix: 2, 0, 0, 0, 0, 0, 0
[2026-05-15 10:04:47.679]<DEBUG> [TCP]TCP 0x0A06 parsed, updated 7-byte decision suffix.
[2026-05-15 10:04:47.680]<DEBUG> [TCP]New decision suffix: 2, 0, 0, 0, 0, 0, 0
[2026-05-15 10:04:47.780]<DEBUG> [TCP]TCP 0x0A06 parsed, updated 7-byte decision suffix.
[2026-05-15 10:04:47.780]<DEBUG> [TCP]New decision suffix: 2, 0, 0, 0, 0, 0, 0
[2026-05-15 10:04:47.879]<DEBUG> [TCP]TCP 0x0A06 parsed, updated 7-byte decision suffix.
[2026-05-15 10:04:47.880]<DEBUG> [TCP]New decision suffix: 2, 0, 0, 0, 0, 0, 0
[2026-05-15 10:04:47.979]<DEBUG> [TCP]TCP 0x0A06 parsed, updated 7-byte decision suffix.
[2026-05-15 10:04:47.979]<DEBUG> [TCP]New decision suffix: 2, 0, 0, 0, 0, 0, 0
[2026-05-15 10:04:48.082]<DEBUG> [TCP]TCP 0x0A06 parsed, updated 7-byte decision suffix.
[2026-05-15 10:04:48.082]<DEBUG> [TCP]New decision suffix: 2, 0, 0, 0, 0, 0, 0
[2026-05-15 10:04:48.180]<DEBUG> [TCP]TCP 0x0A06 parsed, updated 7-byte decision suffix.
[2026-05-15 10:04:48.180]<DEBUG> [TCP]New decision suffix: 2, 0, 0, 0, 0, 0, 0
[2026-05-15 10:04:48.280]<DEBUG> [TCP]TCP 0x0A06 parsed, updated 7-byte decision suffix.
[2026-05-15 10:04:48.280]<DEBUG> [TCP]New decision suffix: 2, 0, 0, 0, 0, 0, 0
[2026-05-15 10:04:48.381]<DEBUG> [TCP]TCP 0x0A06 parsed, updated 7-byte decision suffix.
[2026-05-15 10:04:48.381]<DEBUG> [TCP]New decision suffix: 2, 0, 0, 0, 0, 0, 0
[2026-05-15 10:04:48.482]<DEBUG> [TCP]TCP 0x0A06 parsed, updated 7-byte decision suffix.
[2026-05-15 10:04:48.482]<DEBUG> [TCP]New decision suffix: 2, 0, 0, 0, 0, 0, 0
[2026-05-15 10:04:48.583]<DEBUG> [TCP]TCP 0x0A06 parsed, updated 7-byte decision suffix.
[2026-05-15 10:04:48.584]<DEBUG> [TCP]New decision suffix: 2, 0, 0, 0, 0, 0, 0
[2026-05-15 10:04:48.683]<DEBUG> [TCP]TCP 0x0A06 parsed, updated 7-byte decision suffix.
[2026-05-15 10:04:48.683]<DEBUG> [TCP]New decision suffix: 2, 0, 0, 0, 0, 0, 0
[2026-05-15 10:04:48.787]<DEBUG> [TCP]TCP 0x0A06 parsed, updated 7-byte decision suffix.
[2026-05-15 10:04:48.787]<DEBUG> [TCP]New decision suffix: 2, 0, 0, 0, 0, 0, 0
[2026-05-15 10:04:48.888]<DEBUG> [TCP]TCP 0x0A06 parsed, updated 7-byte decision suffix.
[2026-05-15 10:04:48.888]<DEBUG> [TCP]New decision suffix: 2, 0, 0, 0, 0, 0, 0
[2026-05-15 10:04:48.985]<DEBUG> [TCP]TCP 0x0A06 parsed, updated 7-byte decision suffix.
[2026-05-15 10:04:48.985]<DEBUG> [TCP]New decision suffix: 2, 0, 0, 0, 0, 0, 0
[2026-05-15 10:04:49.086]<DEBUG> [TCP]TCP 0x0A06 parsed, updated 7-byte decision suffix.
[2026-05-15 10:04:49.086]<DEBUG> [TCP]New decision suffix: 2, 0, 0, 0, 0, 0, 0
[2026-05-15 10:04:49.188]<DEBUG> [TCP]TCP 0x0A06 parsed, updated 7-byte decision suffix.
[2026-05-15 10:04:49.188]<DEBUG> [TCP]New decision suffix: 2, 0, 0, 0, 0, 0, 0
[2026-05-15 10:04:49.287]<DEBUG> [TCP]TCP 0x0A06 parsed, updated 7-byte decision suffix.
[2026-05-15 10:04:49.287]<DEBUG> [TCP]New decision suffix: 2, 0, 0, 0, 0, 0, 0
[2026-05-15 10:04:49.387]<DEBUG> [TCP]TCP 0x0A06 parsed, updated 7-byte decision suffix.
[2026-05-15 10:04:49.387]<DEBUG> [TCP]New decision suffix: 2, 0, 0, 0, 0, 0, 0
[2026-05-15 10:04:49.489]<DEBUG> [TCP]TCP 0x0A06 parsed, updated 7-byte decision suffix.
[2026-05-15 10:04:49.489]<DEBUG> [TCP]New decision suffix: 2, 0, 0, 0, 0, 0, 0
[2026-05-15 10:04:49.593]<DEBUG> [TCP]TCP 0x0A06 parsed, updated 7-byte decision suffix.
[2026-05-15 10:04:49.593]<DEBUG> [TCP]New decision suffix: 2, 0, 0, 0, 0, 0, 0
[2026-05-15 10:04:49.692]<DEBUG> [TCP]TCP 0x0A06 parsed, updated 7-byte decision suffix.
[2026-05-15 10:04:49.692]<DEBUG> [TCP]New decision suffix: 2, 0, 0, 0, 0, 0, 0
[2026-05-15 10:04:49.790]<DEBUG> [TCP]TCP 0x0A06 parsed, updated 7-byte decision suffix.
[2026-05-15 10:04:49.790]<DEBUG> [TCP]New decision suffix: 2, 0, 0, 0, 0, 0, 0
[2026-05-15 10:04:49.893]<DEBUG> [TCP]TCP 0x0A06 parsed, updated 7-byte decision suffix.
[2026-05-15 10:04:49.893]<DEBUG> [TCP]New decision suffix: 2, 0, 0, 0, 0, 0, 0
[2026-05-15 10:04:49.996]<DEBUG> [TCP]TCP 0x0A06 parsed, updated 7-byte decision suffix.
[2026-05-15 10:04:49.996]<DEBUG> [TCP]New decision suffix: 2, 0, 0, 0, 0, 0, 0
[2026-05-15 10:04:50.093]<DEBUG> [TCP]TCP 0x0A06 parsed, updated 7-byte decision suffix.
[2026-05-15 10:04:50.093]<DEBUG> [TCP]New decision suffix: 2, 0, 0, 0, 0, 0, 0
[2026-05-15 10:04:50.194]<DEBUG> [TCP]TCP 0x0A06 parsed, updated 7-byte decision suffix.
[2026-05-15 10:04:50.194]<DEBUG> [TCP]New decision suffix: 2, 0, 0, 0, 0, 0, 0
[2026-05-15 10:04:50.301]<DEBUG> [TCP]TCP 0x0A06 parsed, updated 7-byte decision suffix.
[2026-05-15 10:04:50.301]<DEBUG> [TCP]New decision suffix: 2, 0, 0, 0, 0, 0, 0
[2026-05-15 10:04:50.396]<DEBUG> [TCP]TCP 0x0A06 parsed, updated 7-byte decision suffix.
[2026-05-15 10:04:50.396]<DEBUG> [TCP]New decision suffix: 2, 0, 0, 0, 0, 0, 0
[2026-05-15 10:04:50.500]<DEBUG> [TCP]TCP 0x0A06 parsed, updated 7-byte decision suffix.
[2026-05-15 10:04:50.500]<DEBUG> [TCP]New decision suffix: 2, 0, 0, 0, 0, 0, 0
[2026-05-15 10:04:50.597]<DEBUG> [TCP]TCP 0x0A06 parsed, updated 7-byte decision suffix.
[2026-05-15 10:04:50.597]<DEBUG> [TCP]New decision suffix: 2, 0, 0, 0, 0, 0, 0
[2026-05-15 10:04:50.698]<DEBUG> [TCP]TCP 0x0A06 parsed, updated 7-byte decision suffix.
[2026-05-15 10:04:50.698]<DEBUG> [TCP]New decision suffix: 2, 0, 0, 0, 0, 0, 0
[2026-05-15 10:04:50.798]<DEBUG> [TCP]TCP 0x0A06 parsed, updated 7-byte decision suffix.
[2026-05-15 10:04:50.798]<DEBUG> [TCP]New decision suffix: 2, 0, 0, 0, 0, 0, 0
[2026-05-15 10:04:50.900]<DEBUG> [TCP]TCP 0x0A06 parsed, updated 7-byte decision suffix.
[2026-05-15 10:04:50.901]<DEBUG> [TCP]New decision suffix: 2, 0, 0, 0, 0, 0, 0
[2026-05-15 10:04:51.001]<DEBUG> [TCP]TCP 0x0A06 parsed, updated 7-byte decision suffix.
[2026-05-15 10:04:51.002]<DEBUG> [TCP]New decision suffix: 2, 0, 0, 0, 0, 0, 0
[2026-05-15 10:04:51.106]<DEBUG> [TCP]TCP 0x0A06 parsed, updated 7-byte decision suffix.
[2026-05-15 10:04:51.106]<DEBUG> [TCP]New decision suffix: 2, 0, 0, 0, 0, 0, 0
[2026-05-15 10:04:51.200]<DEBUG> [TCP]TCP 0x0A06 parsed, updated 7-byte decision suffix.
[2026-05-15 10:04:51.200]<DEBUG> [TCP]New decision suffix: 2, 0, 0, 0, 0, 0, 0
[2026-05-15 10:04:51.303]<DEBUG> [TCP]TCP 0x0A06 parsed, updated 7-byte decision suffix.
[2026-05-15 10:04:51.304]<DEBUG> [TCP]New decision suffix: 2, 0, 0, 0, 0, 0, 0
[2026-05-15 10:04:51.403]<DEBUG> [TCP]TCP 0x0A06 parsed, updated 7-byte decision suffix.
[2026-05-15 10:04:51.403]<DEBUG> [TCP]New decision suffix: 2, 0, 0, 0, 0, 0, 0
[2026-05-15 10:04:51.502]<DEBUG> [TCP]TCP 0x0A06 parsed, updated 7-byte decision suffix.
[2026-05-15 10:04:51.502]<DEBUG> [TCP]New decision suffix: 2, 0, 0, 0, 0, 0, 0
[2026-05-15 10:04:51.602]<DEBUG> [TCP]TCP 0x0A06 parsed, updated 7-byte decision suffix.
[2026-05-15 10:04:51.602]<DEBUG> [TCP]New decision suffix: 2, 0, 0, 0, 0, 0, 0
[2026-05-15 10:04:51.707]<DEBUG> [TCP]TCP 0x0A06 parsed, updated 7-byte decision suffix.
[2026-05-15 10:04:51.707]<DEBUG> [TCP]New decision suffix: 2, 0, 0, 0, 0, 0, 0
[2026-05-15 10:04:51.808]<DEBUG> [TCP]TCP 0x0A06 parsed, updated 7-byte decision suffix.
[2026-05-15 10:04:51.808]<DEBUG> [TCP]New decision suffix: 2, 0, 0, 0, 0, 0, 0
[2026-05-15 10:04:51.903]<DEBUG> [TCP]TCP 0x0A06 parsed, updated 7-byte decision suffix.
[2026-05-15 10:04:51.904]<DEBUG> [TCP]New decision suffix: 2, 0, 0, 0, 0, 0, 0
[2026-05-15 10:04:52.005]<DEBUG> [TCP]TCP 0x0A06 parsed, updated 7-byte decision suffix.
[2026-05-15 10:04:52.006]<DEBUG> [TCP]New decision suffix: 2, 0, 0, 0, 0, 0, 0
[2026-05-15 10:04:52.107]<DEBUG> [TCP]TCP 0x0A06 parsed, updated 7-byte decision suffix.
[2026-05-15 10:04:52.108]<DEBUG> [TCP]New decision suffix: 2, 0, 0, 0, 0, 0, 0
[2026-05-15 10:04:52.207]<DEBUG> [TCP]TCP 0x0A06 parsed, updated 7-byte decision suffix.
[2026-05-15 10:04:52.207]<DEBUG> [TCP]New decision suffix: 2, 0, 0, 0, 0, 0, 0
[2026-05-15 10:04:52.312]<DEBUG> [TCP]TCP 0x0A06 parsed, updated 7-byte decision suffix.
[2026-05-15 10:04:52.313]<DEBUG> [TCP]New decision suffix: 2, 0, 0, 0, 0, 0, 0
[2026-05-15 10:04:52.408]<DEBUG> [TCP]TCP 0x0A06 parsed, updated 7-byte decision suffix.
[2026-05-15 10:04:52.408]<DEBUG> [TCP]New decision suffix: 2, 0, 0, 0, 0, 0, 0
[2026-05-15 10:04:52.511]<DEBUG> [TCP]TCP 0x0A06 parsed, updated 7-byte decision suffix.
[2026-05-15 10:04:52.511]<DEBUG> [TCP]New decision suffix: 2, 0, 0, 0, 0, 0, 0
[2026-05-15 10:04:52.613]<DEBUG> [TCP]TCP 0x0A06 parsed, updated 7-byte decision suffix.
[2026-05-15 10:04:52.613]<DEBUG> [TCP]New decision suffix: 2, 0, 0, 0, 0, 0, 0
[2026-05-15 10:04:52.710]<DEBUG> [TCP]TCP 0x0A06 parsed, updated 7-byte decision suffix.
[2026-05-15 10:04:52.710]<DEBUG> [TCP]New decision suffix: 2, 0, 0, 0, 0, 0, 0
[2026-05-15 10:04:52.814]<DEBUG> [TCP]TCP 0x0A06 parsed, updated 7-byte decision suffix.
[2026-05-15 10:04:52.815]<DEBUG> [TCP]New decision suffix: 2, 0, 0, 0, 0, 0, 0
[2026-05-15 10:04:52.912]<DEBUG> [TCP]TCP 0x0A06 parsed, updated 7-byte decision suffix.
[2026-05-15 10:04:52.912]<DEBUG> [TCP]New decision suffix: 2, 0, 0, 0, 0, 0, 0
[2026-05-15 10:04:53.016]<DEBUG> [TCP]TCP 0x0A06 parsed, updated 7-byte decision suffix.
[2026-05-15 10:04:53.016]<DEBUG> [TCP]New decision suffix: 2, 0, 0, 0, 0, 0, 0
[2026-05-15 10:04:53.112]<DEBUG> [TCP]TCP 0x0A06 parsed, updated 7-byte decision suffix.
[2026-05-15 10:04:53.113]<DEBUG> [TCP]New decision suffix: 2, 0, 0, 0, 0, 0, 0
[2026-05-15 10:04:53.219]<DEBUG> [TCP]TCP 0x0A06 parsed, updated 7-byte decision suffix.
[2026-05-15 10:04:53.219]<DEBUG> [TCP]New decision suffix: 2, 0, 0, 0, 0, 0, 0
[2026-05-15 10:04:53.316]<DEBUG> [TCP]TCP 0x0A06 parsed, updated 7-byte decision suffix.
[2026-05-15 10:04:53.316]<DEBUG> [TCP]New decision suffix: 2, 0, 0, 0, 0, 0, 0
[2026-05-15 10:04:53.416]<DEBUG> [TCP]TCP 0x0A06 parsed, updated 7-byte decision suffix.
[2026-05-15 10:04:53.416]<DEBUG> [TCP]New decision suffix: 2, 0, 0, 0, 0, 0, 0
[2026-05-15 10:04:53.519]<DEBUG> [TCP]TCP 0x0A06 parsed, updated 7-byte decision suffix.
[2026-05-15 10:04:53.519]<DEBUG> [TCP]New decision suffix: 2, 0, 0, 0, 0, 0, 0
[2026-05-15 10:04:53.618]<DEBUG> [TCP]TCP 0x0A06 parsed, updated 7-byte decision suffix.
[2026-05-15 10:04:53.618]<DEBUG> [TCP]New decision suffix: 2, 0, 0, 0, 0, 0, 0
[2026-05-15 10:04:53.718]<DEBUG> [TCP]TCP 0x0A06 parsed, updated 7-byte decision suffix.
[2026-05-15 10:04:53.719]<DEBUG> [TCP]New decision suffix: 2, 0, 0, 0, 0, 0, 0
[2026-05-15 10:04:53.825]<DEBUG> [TCP]TCP 0x0A06 parsed, updated 7-byte decision suffix.
[2026-05-15 10:04:53.825]<DEBUG> [TCP]New decision suffix: 2, 0, 0, 0, 0, 0, 0
[2026-05-15 10:04:53.925]<DEBUG> [TCP]TCP 0x0A06 parsed, updated 7-byte decision suffix.
[2026-05-15 10:04:53.925]<DEBUG> [TCP]New decision suffix: 2, 0, 0, 0, 0, 0, 0
[2026-05-15 10:04:54.027]<DEBUG> [TCP]TCP 0x0A06 parsed, updated 7-byte decision suffix.
[2026-05-15 10:04:54.027]<DEBUG> [TCP]New decision suffix: 2, 0, 0, 0, 0, 0, 0
[2026-05-15 10:04:54.125]<DEBUG> [TCP]TCP 0x0A06 parsed, updated 7-byte decision suffix.
[2026-05-15 10:04:54.125]<DEBUG> [TCP]New decision suffix: 2, 0, 0, 0, 0, 0, 0
[2026-05-15 10:04:54.225]<DEBUG> [TCP]TCP 0x0A06 parsed, updated 7-byte decision suffix.
[2026-05-15 10:04:54.225]<DEBUG> [TCP]New decision suffix: 2, 0, 0, 0, 0, 0, 0
[2026-05-15 10:04:54.326]<DEBUG> [TCP]TCP 0x0A06 parsed, updated 7-byte decision suffix.
[2026-05-15 10:04:54.326]<DEBUG> [TCP]New decision suffix: 2, 0, 0, 0, 0, 0, 0
[2026-05-15 10:04:54.433]<DEBUG> [TCP]TCP 0x0A06 parsed, updated 7-byte decision suffix.
[2026-05-15 10:04:54.433]<DEBUG> [TCP]New decision suffix: 2, 0, 0, 0, 0, 0, 0
[2026-05-15 10:04:54.531]<DEBUG> [TCP]TCP 0x0A06 parsed, updated 7-byte decision suffix.
[2026-05-15 10:04:54.531]<DEBUG> [TCP]New decision suffix: 2, 0, 0, 0, 0, 0, 0
[2026-05-15 10:04:54.628]<DEBUG> [TCP]TCP 0x0A06 parsed, updated 7-byte decision suffix.
[2026-05-15 10:04:54.628]<DEBUG> [TCP]New decision suffix: 2, 0, 0, 0, 0, 0, 0
[2026-05-15 10:04:54.731]<DEBUG> [TCP]TCP 0x0A06 parsed, updated 7-byte decision suffix.
[2026-05-15 10:04:54.732]<DEBUG> [TCP]New decision suffix: 2, 0, 0, 0, 0, 0, 0
[2026-05-15 10:04:54.834]<DEBUG> [TCP]TCP 0x0A06 parsed, updated 7-byte decision suffix.
[2026-05-15 10:04:54.834]<DEBUG> [TCP]New decision suffix: 2, 0, 0, 0, 0, 0, 0
[2026-05-15 10:04:54.932]<DEBUG> [TCP]TCP 0x0A06 parsed, updated 7-byte decision suffix.
[2026-05-15 10:04:54.932]<DEBUG> [TCP]New decision suffix: 2, 0, 0, 0, 0, 0, 0
[2026-05-15 10:04:55.033]<DEBUG> [TCP]TCP 0x0A06 parsed, updated 7-byte decision suffix.
[2026-05-15 10:04:55.033]<DEBUG> [TCP]New decision suffix: 2, 0, 0, 0, 0, 0, 0
[2026-05-15 10:04:55.140]<DEBUG> [TCP]TCP 0x0A06 parsed, updated 7-byte decision suffix.
[2026-05-15 10:04:55.140]<DEBUG> [TCP]New decision suffix: 2, 0, 0, 0, 0, 0, 0
[2026-05-15 10:04:55.234]<DEBUG> [TCP]TCP 0x0A06 parsed, updated 7-byte decision suffix.
[2026-05-15 10:04:55.234]<DEBUG> [TCP]New decision suffix: 2, 0, 0, 0, 0, 0, 0
[2026-05-15 10:04:55.339]<DEBUG> [TCP]TCP 0x0A06 parsed, updated 7-byte decision suffix.
[2026-05-15 10:04:55.339]<DEBUG> [TCP]New decision suffix: 2, 0, 0, 0, 0, 0, 0
[2026-05-15 10:04:55.434]<DEBUG> [TCP]TCP 0x0A06 parsed, updated 7-byte decision suffix.
[2026-05-15 10:04:55.435]<DEBUG> [TCP]New decision suffix: 2, 0, 0, 0, 0, 0, 0
[2026-05-15 10:04:55.535]<DEBUG> [TCP]TCP 0x0A06 parsed, updated 7-byte decision suffix.
[2026-05-15 10:04:55.535]<DEBUG> [TCP]New decision suffix: 2, 0, 0, 0, 0, 0, 0
[2026-05-15 10:04:55.639]<DEBUG> [TCP]TCP 0x0A06 parsed, updated 7-byte decision suffix.
[2026-05-15 10:04:55.639]<DEBUG> [TCP]New decision suffix: 2, 0, 0, 0, 0, 0, 0
[2026-05-15 10:04:55.737]<DEBUG> [TCP]TCP 0x0A06 parsed, updated 7-byte decision suffix.
[2026-05-15 10:04:55.737]<DEBUG> [TCP]New decision suffix: 2, 0, 0, 0, 0, 0, 0
[2026-05-15 10:04:55.846]<DEBUG> [TCP]TCP 0x0A06 parsed, updated 7-byte decision suffix.
[2026-05-15 10:04:55.847]<DEBUG> [TCP]New decision suffix: 2, 0, 0, 0, 0, 0, 0
[2026-05-15 10:04:55.942]<DEBUG> [TCP]TCP 0x0A06 parsed, updated 7-byte decision suffix.
[2026-05-15 10:04:55.942]<DEBUG> [TCP]New decision suffix: 2, 0, 0, 0, 0, 0, 0
[2026-05-15 10:04:56.043]<DEBUG> [TCP]TCP 0x0A06 parsed, updated 7-byte decision suffix.
[2026-05-15 10:04:56.043]<DEBUG> [TCP]New decision suffix: 2, 0, 0, 0, 0, 0, 0
[2026-05-15 10:04:56.141]<DEBUG> [TCP]TCP 0x0A06 parsed, updated 7-byte decision suffix.
[2026-05-15 10:04:56.141]<DEBUG> [TCP]New decision suffix: 2, 0, 0, 0, 0, 0, 0
[2026-05-15 10:04:56.244]<DEBUG> [TCP]TCP 0x0A06 parsed, updated 7-byte decision suffix.
[2026-05-15 10:04:56.244]<DEBUG> [TCP]New decision suffix: 2, 0, 0, 0, 0, 0, 0
[2026-05-15 10:04:56.348]<DEBUG> [TCP]TCP 0x0A06 parsed, updated 7-byte decision suffix.
[2026-05-15 10:04:56.349]<DEBUG> [TCP]New decision suffix: 2, 0, 0, 0, 0, 0, 0
[2026-05-15 10:04:56.446]<DEBUG> [TCP]TCP 0x0A06 parsed, updated 7-byte decision suffix.
[2026-05-15 10:04:56.446]<DEBUG> [TCP]New decision suffix: 2, 0, 0, 0, 0, 0, 0
[2026-05-15 10:04:56.547]<DEBUG> [TCP]TCP 0x0A06 parsed, updated 7-byte decision suffix.
[2026-05-15 10:04:56.547]<DEBUG> [TCP]New decision suffix: 2, 0, 0, 0, 0, 0, 0
[2026-05-15 10:04:56.650]<DEBUG> [TCP]TCP 0x0A06 parsed, updated 7-byte decision suffix.
[2026-05-15 10:04:56.650]<DEBUG> [TCP]New decision suffix: 2, 0, 0, 0, 0, 0, 0
[2026-05-15 10:04:56.748]<DEBUG> [TCP]TCP 0x0A06 parsed, updated 7-byte decision suffix.
[2026-05-15 10:04:56.748]<DEBUG> [TCP]New decision suffix: 2, 0, 0, 0, 0, 0, 0
[2026-05-15 10:04:56.849]<DEBUG> [TCP]TCP 0x0A06 parsed, updated 7-byte decision suffix.
[2026-05-15 10:04:56.849]<DEBUG> [TCP]New decision suffix: 2, 0, 0, 0, 0, 0, 0
[2026-05-15 10:04:56.952]<DEBUG> [TCP]TCP 0x0A06 parsed, updated 7-byte decision suffix.
[2026-05-15 10:04:56.952]<DEBUG> [TCP]New decision suffix: 2, 0, 0, 0, 0, 0, 0
[2026-05-15 10:04:57.052]<DEBUG> [TCP]TCP 0x0A06 parsed, updated 7-byte decision suffix.
[2026-05-15 10:04:57.052]<DEBUG> [TCP]New decision suffix: 2, 0, 0, 0, 0, 0, 0
[2026-05-15 10:04:57.152]<DEBUG> [TCP]TCP 0x0A06 parsed, updated 7-byte decision suffix.
[2026-05-15 10:04:57.152]<DEBUG> [TCP]New decision suffix: 2, 0, 0, 0, 0, 0, 0
[2026-05-15 10:04:57.253]<DEBUG> [TCP]TCP 0x0A06 parsed, updated 7-byte decision suffix.
[2026-05-15 10:04:57.253]<DEBUG> [TCP]New decision suffix: 2, 0, 0, 0, 0, 0, 0
[2026-05-15 10:04:57.354]<DEBUG> [TCP]TCP 0x0A06 parsed, updated 7-byte decision suffix.
[2026-05-15 10:04:57.355]<DEBUG> [TCP]New decision suffix: 2, 0, 0, 0, 0, 0, 0
[2026-05-15 10:04:57.452]<DEBUG> [TCP]TCP 0x0A06 parsed, updated 7-byte decision suffix.
[2026-05-15 10:04:57.452]<DEBUG> [TCP]New decision suffix: 2, 0, 0, 0, 0, 0, 0
[2026-05-15 10:04:57.552]<DEBUG> [TCP]TCP 0x0A06 parsed, updated 7-byte decision suffix.
[2026-05-15 10:04:57.552]<DEBUG> [TCP]New decision suffix: 2, 0, 0, 0, 0, 0, 0
[2026-05-15 10:04:57.652]<DEBUG> [TCP]TCP 0x0A06 parsed, updated 7-byte decision suffix.
[2026-05-15 10:04:57.652]<DEBUG> [TCP]New decision suffix: 2, 0, 0, 0, 0, 0, 0
[2026-05-15 10:04:57.756]<DEBUG> [TCP]TCP 0x0A06 parsed, updated 7-byte decision suffix.
[2026-05-15 10:04:57.756]<DEBUG> [TCP]New decision suffix: 2, 0, 0, 0, 0, 0, 0
[2026-05-15 10:04:57.855]<DEBUG> [TCP]TCP 0x0A06 parsed, updated 7-byte decision suffix.
[2026-05-15 10:04:57.856]<DEBUG> [TCP]New decision suffix: 2, 0, 0, 0, 0, 0, 0
[2026-05-15 10:04:57.956]<DEBUG> [TCP]TCP 0x0A06 parsed, updated 7-byte decision suffix.
[2026-05-15 10:04:57.956]<DEBUG> [TCP]New decision suffix: 2, 0, 0, 0, 0, 0, 0
[2026-05-15 10:04:58.057]<DEBUG> [TCP]TCP 0x0A06 parsed, updated 7-byte decision suffix.
[2026-05-15 10:04:58.057]<DEBUG> [TCP]New decision suffix: 2, 0, 0, 0, 0, 0, 0
[2026-05-15 10:04:58.158]<DEBUG> [TCP]TCP 0x0A06 parsed, updated 7-byte decision suffix.
[2026-05-15 10:04:58.158]<DEBUG> [TCP]New decision suffix: 2, 0, 0, 0, 0, 0, 0
[2026-05-15 10:04:58.262]<DEBUG> [TCP]TCP 0x0A06 parsed, updated 7-byte decision suffix.
[2026-05-15 10:04:58.262]<DEBUG> [TCP]New decision suffix: 2, 0, 0, 0, 0, 0, 0
[2026-05-15 10:04:58.365]<DEBUG> [TCP]TCP 0x0A06 parsed, updated 7-byte decision suffix.
[2026-05-15 10:04:58.365]<DEBUG> [TCP]New decision suffix: 2, 0, 0, 0, 0, 0, 0
[2026-05-15 10:04:58.460]<DEBUG> [TCP]TCP 0x0A06 parsed, updated 7-byte decision suffix.
[2026-05-15 10:04:58.460]<DEBUG> [TCP]New decision suffix: 2, 0, 0, 0, 0, 0, 0
[2026-05-15 10:04:58.563]<DEBUG> [TCP]TCP 0x0A06 parsed, updated 7-byte decision suffix.
[2026-05-15 10:04:58.564]<DEBUG> [TCP]New decision suffix: 2, 0, 0, 0, 0, 0, 0
[2026-05-15 10:04:58.666]<DEBUG> [TCP]TCP 0x0A06 parsed, updated 7-byte decision suffix.
[2026-05-15 10:04:58.666]<DEBUG> [TCP]New decision suffix: 2, 0, 0, 0, 0, 0, 0
[2026-05-15 10:04:58.765]<DEBUG> [TCP]TCP 0x0A06 parsed, updated 7-byte decision suffix.
[2026-05-15 10:04:58.765]<DEBUG> [TCP]New decision suffix: 2, 0, 0, 0, 0, 0, 0
[2026-05-15 10:04:58.869]<DEBUG> [TCP]TCP 0x0A06 parsed, updated 7-byte decision suffix.
[2026-05-15 10:04:58.869]<DEBUG> [TCP]New decision suffix: 2, 0, 0, 0, 0, 0, 0
[2026-05-15 10:04:58.965]<DEBUG> [TCP]TCP 0x0A06 parsed, updated 7-byte decision suffix.
[2026-05-15 10:04:58.965]<DEBUG> [TCP]New decision suffix: 2, 0, 0, 0, 0, 0, 0
[2026-05-15 10:04:59.067]<DEBUG> [TCP]TCP 0x0A06 parsed, updated 7-byte decision suffix.
[2026-05-15 10:04:59.067]<DEBUG> [TCP]New decision suffix: 2, 0, 0, 0, 0, 0, 0
[2026-05-15 10:04:59.175]<DEBUG> [TCP]TCP 0x0A06 parsed, updated 7-byte decision suffix.
[2026-05-15 10:04:59.176]<DEBUG> [TCP]New decision suffix: 2, 0, 0, 0, 0, 0, 0
[2026-05-15 10:04:59.275]<DEBUG> [TCP]TCP 0x0A06 parsed, updated 7-byte decision suffix.
[2026-05-15 10:04:59.275]<DEBUG> [TCP]New decision suffix: 2, 0, 0, 0, 0, 0, 0
[2026-05-15 10:04:59.375]<DEBUG> [TCP]TCP 0x0A06 parsed, updated 7-byte decision suffix.
[2026-05-15 10:04:59.376]<DEBUG> [TCP]New decision suffix: 2, 0, 0, 0, 0, 0, 0
[2026-05-15 10:04:59.473]<DEBUG> [TCP]TCP 0x0A06 parsed, updated 7-byte decision suffix.
[2026-05-15 10:04:59.473]<DEBUG> [TCP]New decision suffix: 2, 0, 0, 0, 0, 0, 0
[2026-05-15 10:04:59.572]<DEBUG> [TCP]TCP 0x0A06 parsed, updated 7-byte decision suffix.
[2026-05-15 10:04:59.572]<DEBUG> [TCP]New decision suffix: 2, 0, 0, 0, 0, 0, 0
[2026-05-15 10:04:59.674]<DEBUG> [TCP]TCP 0x0A06 parsed, updated 7-byte decision suffix.
[2026-05-15 10:04:59.674]<DEBUG> [TCP]New decision suffix: 2, 0, 0, 0, 0, 0, 0
[2026-05-15 10:04:59.770]<DEBUG> [TCP]TCP 0x0A06 parsed, updated 7-byte decision suffix.
[2026-05-15 10:04:59.770]<DEBUG> [TCP]New decision suffix: 2, 0, 0, 0, 0, 0, 0
[2026-05-15 10:04:59.874]<DEBUG> [TCP]TCP 0x0A06 parsed, updated 7-byte decision suffix.
[2026-05-15 10:04:59.874]<DEBUG> [TCP]New decision suffix: 2, 0, 0, 0, 0, 0, 0
[2026-05-15 10:04:59.973]<DEBUG> [TCP]TCP 0x0A06 parsed, updated 7-byte decision suffix.
[2026-05-15 10:04:59.973]<DEBUG> [TCP]New decision suffix: 2, 0, 0, 0, 0, 0, 0
[2026-05-15 10:05:00.078]<DEBUG> [TCP]TCP 0x0A06 parsed, updated 7-byte decision suffix.
[2026-05-15 10:05:00.078]<DEBUG> [TCP]New decision suffix: 2, 0, 0, 0, 0, 0, 0
[2026-05-15 10:05:00.176]<DEBUG> [TCP]TCP 0x0A06 parsed, updated 7-byte decision suffix.
[2026-05-15 10:05:00.176]<DEBUG> [TCP]New decision suffix: 2, 0, 0, 0, 0, 0, 0
[2026-05-15 10:05:00.312]<DEBUG> [TCP]TCP 0x0A06 parsed, updated 7-byte decision suffix.
[2026-05-15 10:05:00.312]<DEBUG> [TCP]New decision suffix: 2, 0, 0, 0, 0, 0, 0
[2026-05-15 10:05:00.409]<DEBUG> [TCP]TCP 0x0A06 parsed, updated 7-byte decision suffix.
[2026-05-15 10:05:00.409]<DEBUG> [TCP]New decision suffix: 2, 0, 0, 0, 0, 0, 0
[2026-05-15 10:05:00.511]<DEBUG> [TCP]TCP 0x0A06 parsed, updated 7-byte decision suffix.
[2026-05-15 10:05:00.512]<DEBUG> [TCP]New decision suffix: 2, 0, 0, 0, 0, 0, 0
[2026-05-15 10:05:00.613]<DEBUG> [TCP]TCP 0x0A06 parsed, updated 7-byte decision suffix.
[2026-05-15 10:05:00.613]<DEBUG> [TCP]New decision suffix: 2, 0, 0, 0, 0, 0, 0
[2026-05-15 10:05:00.713]<DEBUG> [TCP]TCP 0x0A06 parsed, updated 7-byte decision suffix.
[2026-05-15 10:05:00.714]<DEBUG> [TCP]New decision suffix: 2, 0, 0, 0, 0, 0, 0
[2026-05-15 10:05:00.815]<DEBUG> [TCP]TCP 0x0A06 parsed, updated 7-byte decision suffix.
[2026-05-15 10:05:00.815]<DEBUG> [TCP]New decision suffix: 2, 0, 0, 0, 0, 0, 0
[2026-05-15 10:05:00.914]<DEBUG> [TCP]TCP 0x0A06 parsed, updated 7-byte decision suffix.
[2026-05-15 10:05:00.915]<DEBUG> [TCP]New decision suffix: 2, 0, 0, 0, 0, 0, 0
[2026-05-15 10:05:01.014]<DEBUG> [TCP]TCP 0x0A06 parsed, updated 7-byte decision suffix.
[2026-05-15 10:05:01.015]<DEBUG> [TCP]New decision suffix: 2, 0, 0, 0, 0, 0, 0
[2026-05-15 10:05:01.117]<DEBUG> [TCP]TCP 0x0A06 parsed, updated 7-byte decision suffix.
[2026-05-15 10:05:01.117]<DEBUG> [TCP]New decision suffix: 2, 0, 0, 0, 0, 0, 0
[2026-05-15 10:05:01.220]<DEBUG> [TCP]TCP 0x0A06 parsed, updated 7-byte decision suffix.
[2026-05-15 10:05:01.221]<DEBUG> [TCP]New decision suffix: 2, 0, 0, 0, 0, 0, 0
[2026-05-15 10:05:01.320]<DEBUG> [TCP]TCP 0x0A06 parsed, updated 7-byte decision suffix.
[2026-05-15 10:05:01.320]<DEBUG> [TCP]New decision suffix: 2, 0, 0, 0, 0, 0, 0
[2026-05-15 10:05:01.417]<DEBUG> [TCP]TCP 0x0A06 parsed, updated 7-byte decision suffix.
[2026-05-15 10:05:01.417]<DEBUG> [TCP]New decision suffix: 2, 0, 0, 0, 0, 0, 0
[2026-05-15 10:05:01.522]<DEBUG> [TCP]TCP 0x0A06 parsed, updated 7-byte decision suffix.
[2026-05-15 10:05:01.522]<DEBUG> [TCP]New decision suffix: 2, 0, 0, 0, 0, 0, 0
[2026-05-15 10:05:01.626]<DEBUG> [TCP]TCP 0x0A06 parsed, updated 7-byte decision suffix.
[2026-05-15 10:05:01.626]<DEBUG> [TCP]New decision suffix: 2, 0, 0, 0, 0, 0, 0
[2026-05-15 10:05:01.720]<DEBUG> [TCP]TCP 0x0A06 parsed, updated 7-byte decision suffix.
[2026-05-15 10:05:01.721]<DEBUG> [TCP]New decision suffix: 2, 0, 0, 0, 0, 0, 0
[2026-05-15 10:05:01.820]<DEBUG> [TCP]TCP 0x0A06 parsed, updated 7-byte decision suffix.
[2026-05-15 10:05:01.821]<DEBUG> [TCP]New decision suffix: 2, 0, 0, 0, 0, 0, 0
[2026-05-15 10:05:01.919]<DEBUG> [TCP]TCP 0x0A06 parsed, updated 7-byte decision suffix.
[2026-05-15 10:05:01.919]<DEBUG> [TCP]New decision suffix: 2, 0, 0, 0, 0, 0, 0
[2026-05-15 10:05:02.025]<DEBUG> [TCP]TCP 0x0A06 parsed, updated 7-byte decision suffix.
[2026-05-15 10:05:02.025]<DEBUG> [TCP]New decision suffix: 2, 0, 0, 0, 0, 0, 0
[2026-05-15 10:05:02.126]<DEBUG> [TCP]TCP 0x0A06 parsed, updated 7-byte decision suffix.
[2026-05-15 10:05:02.126]<DEBUG> [TCP]New decision suffix: 2, 0, 0, 0, 0, 0, 0
[2026-05-15 10:05:02.223]<DEBUG> [TCP]TCP 0x0A06 parsed, updated 7-byte decision suffix.
[2026-05-15 10:05:02.223]<DEBUG> [TCP]New decision suffix: 2, 0, 0, 0, 0, 0, 0
[2026-05-15 10:05:02.323]<DEBUG> [TCP]TCP 0x0A06 parsed, updated 7-byte decision suffix.
[2026-05-15 10:05:02.323]<DEBUG> [TCP]New decision suffix: 2, 0, 0, 0, 0, 0, 0
[2026-05-15 10:05:02.424]<DEBUG> [TCP]TCP 0x0A06 parsed, updated 7-byte decision suffix.
[2026-05-15 10:05:02.425]<DEBUG> [TCP]New decision suffix: 2, 0, 0, 0, 0, 0, 0
[2026-05-15 10:05:02.526]<DEBUG> [TCP]TCP 0x0A06 parsed, updated 7-byte decision suffix.
[2026-05-15 10:05:02.526]<DEBUG> [TCP]New decision suffix: 2, 0, 0, 0, 0, 0, 0
[2026-05-15 10:05:02.625]<DEBUG> [TCP]TCP 0x0A06 parsed, updated 7-byte decision suffix.
[2026-05-15 10:05:02.625]<DEBUG> [TCP]New decision suffix: 2, 0, 0, 0, 0, 0, 0
[2026-05-15 10:05:02.726]<DEBUG> [TCP]TCP 0x0A06 parsed, updated 7-byte decision suffix.
[2026-05-15 10:05:02.726]<DEBUG> [TCP]New decision suffix: 2, 0, 0, 0, 0, 0, 0
[2026-05-15 10:05:02.827]<DEBUG> [TCP]TCP 0x0A06 parsed, updated 7-byte decision suffix.
[2026-05-15 10:05:02.827]<DEBUG> [TCP]New decision suffix: 2, 0, 0, 0, 0, 0, 0
[2026-05-15 10:05:02.931]<DEBUG> [TCP]TCP 0x0A06 parsed, updated 7-byte decision suffix.
[2026-05-15 10:05:02.931]<DEBUG> [TCP]New decision suffix: 2, 0, 0, 0, 0, 0, 0
[2026-05-15 10:05:03.032]<DEBUG> [TCP]TCP 0x0A06 parsed, updated 7-byte decision suffix.
[2026-05-15 10:05:03.032]<DEBUG> [TCP]New decision suffix: 2, 0, 0, 0, 0, 0, 0
[2026-05-15 10:05:03.132]<DEBUG> [TCP]TCP 0x0A06 parsed, updated 7-byte decision suffix.
[2026-05-15 10:05:03.132]<DEBUG> [TCP]New decision suffix: 2, 0, 0, 0, 0, 0, 0
[2026-05-15 10:05:03.233]<DEBUG> [TCP]TCP 0x0A06 parsed, updated 7-byte decision suffix.
[2026-05-15 10:05:03.233]<DEBUG> [TCP]New decision suffix: 2, 0, 0, 0, 0, 0, 0
[2026-05-15 10:05:03.329]<DEBUG> [TCP]TCP 0x0A06 parsed, updated 7-byte decision suffix.
[2026-05-15 10:05:03.329]<DEBUG> [TCP]New decision suffix: 2, 0, 0, 0, 0, 0, 0
[2026-05-15 10:05:03.433]<DEBUG> [TCP]TCP 0x0A06 parsed, updated 7-byte decision suffix.
[2026-05-15 10:05:03.434]<DEBUG> [TCP]New decision suffix: 2, 0, 0, 0, 0, 0, 0
[2026-05-15 10:05:03.533]<DEBUG> [TCP]TCP 0x0A06 parsed, updated 7-byte decision suffix.
[2026-05-15 10:05:03.533]<DEBUG> [TCP]New decision suffix: 2, 0, 0, 0, 0, 0, 0
[2026-05-15 10:05:03.635]<DEBUG> [TCP]TCP 0x0A06 parsed, updated 7-byte decision suffix.
[2026-05-15 10:05:03.635]<DEBUG> [TCP]New decision suffix: 2, 0, 0, 0, 0, 0, 0
[2026-05-15 10:05:03.735]<DEBUG> [TCP]TCP 0x0A06 parsed, updated 7-byte decision suffix.
[2026-05-15 10:05:03.735]<DEBUG> [TCP]New decision suffix: 2, 0, 0, 0, 0, 0, 0
[2026-05-15 10:05:03.837]<DEBUG> [TCP]TCP 0x0A06 parsed, updated 7-byte decision suffix.
[2026-05-15 10:05:03.837]<DEBUG> [TCP]New decision suffix: 2, 0, 0, 0, 0, 0, 0
[2026-05-15 10:05:03.935]<DEBUG> [TCP]TCP 0x0A06 parsed, updated 7-byte decision suffix.
[2026-05-15 10:05:03.936]<DEBUG> [TCP]New decision suffix: 2, 0, 0, 0, 0, 0, 0
[2026-05-15 10:05:04.035]<DEBUG> [TCP]TCP 0x0A06 parsed, updated 7-byte decision suffix.
[2026-05-15 10:05:04.035]<DEBUG> [TCP]New decision suffix: 2, 0, 0, 0, 0, 0, 0
[2026-05-15 10:05:04.138]<DEBUG> [TCP]TCP 0x0A06 parsed, updated 7-byte decision suffix.
[2026-05-15 10:05:04.138]<DEBUG> [TCP]New decision suffix: 2, 0, 0, 0, 0, 0, 0
[2026-05-15 10:05:04.241]<DEBUG> [TCP]TCP 0x0A06 parsed, updated 7-byte decision suffix.
[2026-05-15 10:05:04.241]<DEBUG> [TCP]New decision suffix: 2, 0, 0, 0, 0, 0, 0
[2026-05-15 10:05:04.343]<DEBUG> [TCP]TCP 0x0A06 parsed, updated 7-byte decision suffix.
[2026-05-15 10:05:04.343]<DEBUG> [TCP]New decision suffix: 2, 0, 0, 0, 0, 0, 0
[2026-05-15 10:05:04.437]<DEBUG> [TCP]TCP 0x0A06 parsed, updated 7-byte decision suffix.
[2026-05-15 10:05:04.437]<DEBUG> [TCP]New decision suffix: 2, 0, 0, 0, 0, 0, 0
[2026-05-15 10:05:04.543]<DEBUG> [TCP]TCP 0x0A06 parsed, updated 7-byte decision suffix.
[2026-05-15 10:05:04.543]<DEBUG> [TCP]New decision suffix: 2, 0, 0, 0, 0, 0, 0
[2026-05-15 10:05:04.639]<DEBUG> [TCP]TCP 0x0A06 parsed, updated 7-byte decision suffix.
[2026-05-15 10:05:04.639]<DEBUG> [TCP]New decision suffix: 2, 0, 0, 0, 0, 0, 0
[2026-05-15 10:05:04.746]<DEBUG> [TCP]TCP 0x0A06 parsed, updated 7-byte decision suffix.
[2026-05-15 10:05:04.746]<DEBUG> [TCP]New decision suffix: 2, 0, 0, 0, 0, 0, 0
[2026-05-15 10:05:04.843]<DEBUG> [TCP]TCP 0x0A06 parsed, updated 7-byte decision suffix.
[2026-05-15 10:05:04.843]<DEBUG> [TCP]New decision suffix: 2, 0, 0, 0, 0, 0, 0
[2026-05-15 10:05:04.947]<DEBUG> [TCP]TCP 0x0A06 parsed, updated 7-byte decision suffix.
[2026-05-15 10:05:04.947]<DEBUG> [TCP]New decision suffix: 2, 0, 0, 0, 0, 0, 0
[2026-05-15 10:05:05.042]<DEBUG> [TCP]TCP 0x0A06 parsed, updated 7-byte decision suffix.
[2026-05-15 10:05:05.042]<DEBUG> [TCP]New decision suffix: 2, 0, 0, 0, 0, 0, 0
[2026-05-15 10:05:05.144]<DEBUG> [TCP]TCP 0x0A06 parsed, updated 7-byte decision suffix.
[2026-05-15 10:05:05.144]<DEBUG> [TCP]New decision suffix: 2, 0, 0, 0, 0, 0, 0
[2026-05-15 10:05:05.245]<DEBUG> [TCP]TCP 0x0A06 parsed, updated 7-byte decision suffix.
[2026-05-15 10:05:05.245]<DEBUG> [TCP]New decision suffix: 2, 0, 0, 0, 0, 0, 0
[2026-05-15 10:05:05.346]<DEBUG> [TCP]TCP 0x0A06 parsed, updated 7-byte decision suffix.
[2026-05-15 10:05:05.346]<DEBUG> [TCP]New decision suffix: 2, 0, 0, 0, 0, 0, 0
[2026-05-15 10:05:05.446]<DEBUG> [TCP]TCP 0x0A06 parsed, updated 7-byte decision suffix.
[2026-05-15 10:05:05.446]<DEBUG> [TCP]New decision suffix: 2, 0, 0, 0, 0, 0, 0
[2026-05-15 10:05:05.548]<DEBUG> [TCP]TCP 0x0A06 parsed, updated 7-byte decision suffix.
[2026-05-15 10:05:05.548]<DEBUG> [TCP]New decision suffix: 2, 0, 0, 0, 0, 0, 0
[2026-05-15 10:05:05.685]<DEBUG> [TCP]TCP 0x0A06 parsed, updated 7-byte decision suffix.
[2026-05-15 10:05:05.685]<DEBUG> [TCP]New decision suffix: 2, 0, 0, 0, 0, 0, 0
[2026-05-15 10:05:05.787]<DEBUG> [TCP]TCP 0x0A06 parsed, updated 7-byte decision suffix.
[2026-05-15 10:05:05.788]<DEBUG> [TCP]New decision suffix: 2, 0, 0, 0, 0, 0, 0
[2026-05-15 10:05:05.886]<DEBUG> [TCP]TCP 0x0A06 parsed, updated 7-byte decision suffix.
[2026-05-15 10:05:05.886]<DEBUG> [TCP]New decision suffix: 2, 0, 0, 0, 0, 0, 0
[2026-05-15 10:05:05.988]<DEBUG> [TCP]TCP 0x0A06 parsed, updated 7-byte decision suffix.
[2026-05-15 10:05:05.989]<DEBUG> [TCP]New decision suffix: 2, 0, 0, 0, 0, 0, 0
[2026-05-15 10:05:06.089]<DEBUG> [TCP]TCP 0x0A06 parsed, updated 7-byte decision suffix.
[2026-05-15 10:05:06.090]<DEBUG> [TCP]New decision suffix: 2, 0, 0, 0, 0, 0, 0
[2026-05-15 10:05:06.187]<DEBUG> [TCP]TCP 0x0A06 parsed, updated 7-byte decision suffix.
[2026-05-15 10:05:06.187]<DEBUG> [TCP]New decision suffix: 2, 0, 0, 0, 0, 0, 0
[2026-05-15 10:05:06.291]<DEBUG> [TCP]TCP 0x0A06 parsed, updated 7-byte decision suffix.
[2026-05-15 10:05:06.291]<DEBUG> [TCP]New decision suffix: 2, 0, 0, 0, 0, 0, 0
[2026-05-15 10:05:06.393]<DEBUG> [TCP]TCP 0x0A06 parsed, updated 7-byte decision suffix.
[2026-05-15 10:05:06.393]<DEBUG> [TCP]New decision suffix: 2, 0, 0, 0, 0, 0, 0
[2026-05-15 10:05:06.491]<DEBUG> [TCP]TCP 0x0A06 parsed, updated 7-byte decision suffix.
[2026-05-15 10:05:06.491]<DEBUG> [TCP]New decision suffix: 2, 0, 0, 0, 0, 0, 0
[2026-05-15 10:05:06.591]<DEBUG> [TCP]TCP 0x0A06 parsed, updated 7-byte decision suffix.
[2026-05-15 10:05:06.591]<DEBUG> [TCP]New decision suffix: 2, 0, 0, 0, 0, 0, 0
[2026-05-15 10:05:06.693]<DEBUG> [TCP]TCP 0x0A06 parsed, updated 7-byte decision suffix.
[2026-05-15 10:05:06.693]<DEBUG> [TCP]New decision suffix: 2, 0, 0, 0, 0, 0, 0
[2026-05-15 10:05:06.796]<DEBUG> [TCP]TCP 0x0A06 parsed, updated 7-byte decision suffix.
[2026-05-15 10:05:06.796]<DEBUG> [TCP]New decision suffix: 2, 0, 0, 0, 0, 0, 0
[2026-05-15 10:05:06.899]<DEBUG> [TCP]TCP 0x0A06 parsed, updated 7-byte decision suffix.
[2026-05-15 10:05:06.899]<DEBUG> [TCP]New decision suffix: 2, 0, 0, 0, 0, 0, 0
[2026-05-15 10:05:06.998]<DEBUG> [TCP]TCP 0x0A06 parsed, updated 7-byte decision suffix.
[2026-05-15 10:05:06.998]<DEBUG> [TCP]New decision suffix: 2, 0, 0, 0, 0, 0, 0
[2026-05-15 10:05:07.101]<DEBUG> [TCP]TCP 0x0A06 parsed, updated 7-byte decision suffix.
[2026-05-15 10:05:07.101]<DEBUG> [TCP]New decision suffix: 2, 0, 0, 0, 0, 0, 0
[2026-05-15 10:05:07.200]<DEBUG> [TCP]TCP 0x0A06 parsed, updated 7-byte decision suffix.
[2026-05-15 10:05:07.200]<DEBUG> [TCP]New decision suffix: 2, 0, 0, 0, 0, 0, 0
[2026-05-15 10:05:07.298]<DEBUG> [TCP]TCP 0x0A06 parsed, updated 7-byte decision suffix.
[2026-05-15 10:05:07.299]<DEBUG> [TCP]New decision suffix: 2, 0, 0, 0, 0, 0, 0
[2026-05-15 10:05:07.398]<DEBUG> [TCP]TCP 0x0A06 parsed, updated 7-byte decision suffix.
[2026-05-15 10:05:07.398]<DEBUG> [TCP]New decision suffix: 2, 0, 0, 0, 0, 0, 0
[2026-05-15 10:05:07.505]<DEBUG> [TCP]TCP 0x0A06 parsed, updated 7-byte decision suffix.
[2026-05-15 10:05:07.505]<DEBUG> [TCP]New decision suffix: 2, 0, 0, 0, 0, 0, 0
[2026-05-15 10:05:07.600]<DEBUG> [TCP]TCP 0x0A06 parsed, updated 7-byte decision suffix.
[2026-05-15 10:05:07.600]<DEBUG> [TCP]New decision suffix: 2, 0, 0, 0, 0, 0, 0
[2026-05-15 10:05:07.706]<DEBUG> [TCP]TCP 0x0A06 parsed, updated 7-byte decision suffix.
[2026-05-15 10:05:07.706]<DEBUG> [TCP]New decision suffix: 2, 0, 0, 0, 0, 0, 0
[2026-05-15 10:05:07.804]<DEBUG> [TCP]TCP 0x0A06 parsed, updated 7-byte decision suffix.
[2026-05-15 10:05:07.804]<DEBUG> [TCP]New decision suffix: 2, 0, 0, 0, 0, 0, 0
[2026-05-15 10:05:07.906]<DEBUG> [TCP]TCP 0x0A06 parsed, updated 7-byte decision suffix.
[2026-05-15 10:05:07.906]<DEBUG> [TCP]New decision suffix: 2, 0, 0, 0, 0, 0, 0
[2026-05-15 10:05:08.014]<DEBUG> [TCP]TCP 0x0A06 parsed, updated 7-byte decision suffix.
[2026-05-15 10:05:08.015]<DEBUG> [TCP]New decision suffix: 2, 0, 0, 0, 0, 0, 0
[2026-05-15 10:05:08.107]<DEBUG> [TCP]TCP 0x0A06 parsed, updated 7-byte decision suffix.
[2026-05-15 10:05:08.108]<DEBUG> [TCP]New decision suffix: 2, 0, 0, 0, 0, 0, 0
[2026-05-15 10:05:08.214]<DEBUG> [TCP]TCP 0x0A06 parsed, updated 7-byte decision suffix.
[2026-05-15 10:05:08.214]<DEBUG> [TCP]New decision suffix: 2, 0, 0, 0, 0, 0, 0
[2026-05-15 10:05:08.310]<DEBUG> [TCP]TCP 0x0A06 parsed, updated 7-byte decision suffix.
[2026-05-15 10:05:08.310]<DEBUG> [TCP]New decision suffix: 2, 0, 0, 0, 0, 0, 0
[2026-05-15 10:05:08.407]<DEBUG> [TCP]TCP 0x0A06 parsed, updated 7-byte decision suffix.
[2026-05-15 10:05:08.407]<DEBUG> [TCP]New decision suffix: 2, 0, 0, 0, 0, 0, 0
[2026-05-15 10:05:08.511]<DEBUG> [TCP]TCP 0x0A06 parsed, updated 7-byte decision suffix.
[2026-05-15 10:05:08.511]<DEBUG> [TCP]New decision suffix: 2, 0, 0, 0, 0, 0, 0
[2026-05-15 10:05:08.610]<DEBUG> [TCP]TCP 0x0A06 parsed, updated 7-byte decision suffix.
[2026-05-15 10:05:08.610]<DEBUG> [TCP]New decision suffix: 2, 0, 0, 0, 0, 0, 0
[2026-05-15 10:05:08.711]<DEBUG> [TCP]TCP 0x0A06 parsed, updated 7-byte decision suffix.
[2026-05-15 10:05:08.711]<DEBUG> [TCP]New decision suffix: 2, 0, 0, 0, 0, 0, 0
[2026-05-15 10:05:08.810]<DEBUG> [TCP]TCP 0x0A06 parsed, updated 7-byte decision suffix.
[2026-05-15 10:05:08.810]<DEBUG> [TCP]New decision suffix: 2, 0, 0, 0, 0, 0, 0
[2026-05-15 10:05:08.910]<DEBUG> [TCP]TCP 0x0A06 parsed, updated 7-byte decision suffix.
[2026-05-15 10:05:08.910]<DEBUG> [TCP]New decision suffix: 2, 0, 0, 0, 0, 0, 0
[2026-05-15 10:05:09.015]<DEBUG> [TCP]TCP 0x0A06 parsed, updated 7-byte decision suffix.
[2026-05-15 10:05:09.015]<DEBUG> [TCP]New decision suffix: 2, 0, 0, 0, 0, 0, 0
[2026-05-15 10:05:09.112]<DEBUG> [TCP]TCP 0x0A06 parsed, updated 7-byte decision suffix.
[2026-05-15 10:05:09.112]<DEBUG> [TCP]New decision suffix: 2, 0, 0, 0, 0, 0, 0
[2026-05-15 10:05:09.225]<DEBUG> [TCP]TCP 0x0A06 parsed, updated 7-byte decision suffix.
[2026-05-15 10:05:09.225]<DEBUG> [TCP]New decision suffix: 2, 0, 0, 0, 0, 0, 0
[2026-05-15 10:05:09.317]<DEBUG> [TCP]TCP 0x0A06 parsed, updated 7-byte decision suffix.
[2026-05-15 10:05:09.317]<DEBUG> [TCP]New decision suffix: 2, 0, 0, 0, 0, 0, 0
[2026-05-15 10:05:09.420]<DEBUG> [TCP]TCP 0x0A06 parsed, updated 7-byte decision suffix.
[2026-05-15 10:05:09.420]<DEBUG> [TCP]New decision suffix: 2, 0, 0, 0, 0, 0, 0
[2026-05-15 10:05:09.520]<DEBUG> [TCP]TCP 0x0A06 parsed, updated 7-byte decision suffix.
[2026-05-15 10:05:09.520]<DEBUG> [TCP]New decision suffix: 2, 0, 0, 0, 0, 0, 0
[2026-05-15 10:05:09.623]<DEBUG> [TCP]TCP 0x0A06 parsed, updated 7-byte decision suffix.
[2026-05-15 10:05:09.623]<DEBUG> [TCP]New decision suffix: 2, 0, 0, 0, 0, 0, 0
[2026-05-15 10:05:09.726]<DEBUG> [TCP]TCP 0x0A06 parsed, updated 7-byte decision suffix.
[2026-05-15 10:05:09.726]<DEBUG> [TCP]New decision suffix: 2, 0, 0, 0, 0, 0, 0
[2026-05-15 10:05:09.820]<DEBUG> [TCP]TCP 0x0A06 parsed, updated 7-byte decision suffix.
[2026-05-15 10:05:09.821]<DEBUG> [TCP]New decision suffix: 2, 0, 0, 0, 0, 0, 0
[2026-05-15 10:05:09.924]<DEBUG> [TCP]TCP 0x0A06 parsed, updated 7-byte decision suffix.
[2026-05-15 10:05:09.924]<DEBUG> [TCP]New decision suffix: 2, 0, 0, 0, 0, 0, 0
[2026-05-15 10:05:10.021]<DEBUG> [TCP]TCP 0x0A06 parsed, updated 7-byte decision suffix.
[2026-05-15 10:05:10.021]<DEBUG> [TCP]New decision suffix: 2, 0, 0, 0, 0, 0, 0
[2026-05-15 10:05:10.123]<DEBUG> [TCP]TCP 0x0A06 parsed, updated 7-byte decision suffix.
[2026-05-15 10:05:10.123]<DEBUG> [TCP]New decision suffix: 2, 0, 0, 0, 0, 0, 0
[2026-05-15 10:05:10.226]<DEBUG> [TCP]TCP 0x0A06 parsed, updated 7-byte decision suffix.
[2026-05-15 10:05:10.226]<DEBUG> [TCP]New decision suffix: 2, 0, 0, 0, 0, 0, 0
[2026-05-15 10:05:10.328]<DEBUG> [TCP]TCP 0x0A06 parsed, updated 7-byte decision suffix.
[2026-05-15 10:05:10.328]<DEBUG> [TCP]New decision suffix: 2, 0, 0, 0, 0, 0, 0
[2026-05-15 10:05:10.425]<DEBUG> [TCP]TCP 0x0A06 parsed, updated 7-byte decision suffix.
[2026-05-15 10:05:10.425]<DEBUG> [TCP]New decision suffix: 2, 0, 0, 0, 0, 0, 0
[2026-05-15 10:05:10.522]<DEBUG> [TCP]TCP 0x0A06 parsed, updated 7-byte decision suffix.
[2026-05-15 10:05:10.522]<DEBUG> [TCP]New decision suffix: 2, 0, 0, 0, 0, 0, 0
[2026-05-15 10:05:10.625]<DEBUG> [TCP]TCP 0x0A06 parsed, updated 7-byte decision suffix.
[2026-05-15 10:05:10.625]<DEBUG> [TCP]New decision suffix: 2, 0, 0, 0, 0, 0, 0
[2026-05-15 10:05:10.725]<DEBUG> [TCP]TCP 0x0A06 parsed, updated 7-byte decision suffix.
[2026-05-15 10:05:10.725]<DEBUG> [TCP]New decision suffix: 2, 0, 0, 0, 0, 0, 0
[2026-05-15 10:05:10.829]<DEBUG> [TCP]TCP 0x0A06 parsed, updated 7-byte decision suffix.
[2026-05-15 10:05:10.829]<DEBUG> [TCP]New decision suffix: 2, 0, 0, 0, 0, 0, 0
[2026-05-15 10:05:10.927]<DEBUG> [TCP]TCP 0x0A06 parsed, updated 7-byte decision suffix.
[2026-05-15 10:05:10.927]<DEBUG> [TCP]New decision suffix: 2, 0, 0, 0, 0, 0, 0
[2026-05-15 10:05:11.027]<DEBUG> [TCP]TCP 0x0A06 parsed, updated 7-byte decision suffix.
[2026-05-15 10:05:11.027]<DEBUG> [TCP]New decision suffix: 2, 0, 0, 0, 0, 0, 0
[2026-05-15 10:05:11.130]<DEBUG> [TCP]TCP 0x0A06 parsed, updated 7-byte decision suffix.
[2026-05-15 10:05:11.130]<DEBUG> [TCP]New decision suffix: 2, 0, 0, 0, 0, 0, 0
[2026-05-15 10:05:11.229]<DEBUG> [TCP]TCP 0x0A06 parsed, updated 7-byte decision suffix.
[2026-05-15 10:05:11.229]<DEBUG> [TCP]New decision suffix: 2, 0, 0, 0, 0, 0, 0
[2026-05-15 10:05:11.331]<DEBUG> [TCP]TCP 0x0A06 parsed, updated 7-byte decision suffix.
[2026-05-15 10:05:11.331]<DEBUG> [TCP]New decision suffix: 2, 0, 0, 0, 0, 0, 0
[2026-05-15 10:05:11.431]<DEBUG> [TCP]TCP 0x0A06 parsed, updated 7-byte decision suffix.
[2026-05-15 10:05:11.431]<DEBUG> [TCP]New decision suffix: 2, 0, 0, 0, 0, 0, 0
[2026-05-15 10:05:11.531]<DEBUG> [TCP]TCP 0x0A06 parsed, updated 7-byte decision suffix.
[2026-05-15 10:05:11.531]<DEBUG> [TCP]New decision suffix: 2, 0, 0, 0, 0, 0, 0
[2026-05-15 10:05:11.632]<DEBUG> [TCP]TCP 0x0A06 parsed, updated 7-byte decision suffix.
[2026-05-15 10:05:11.633]<DEBUG> [TCP]New decision suffix: 2, 0, 0, 0, 0, 0, 0
[2026-05-15 10:05:11.743]<DEBUG> [TCP]TCP 0x0A06 parsed, updated 7-byte decision suffix.
[2026-05-15 10:05:11.743]<DEBUG> [TCP]New decision suffix: 2, 0, 0, 0, 0, 0, 0
[2026-05-15 10:05:11.830]<DEBUG> [TCP]TCP 0x0A06 parsed, updated 7-byte decision suffix.
[2026-05-15 10:05:11.830]<DEBUG> [TCP]New decision suffix: 2, 0, 0, 0, 0, 0, 0
[2026-05-15 10:05:11.936]<DEBUG> [TCP]TCP 0x0A06 parsed, updated 7-byte decision suffix.
[2026-05-15 10:05:11.936]<DEBUG> [TCP]New decision suffix: 2, 0, 0, 0, 0, 0, 0
[2026-05-15 10:05:12.033]<DEBUG> [TCP]TCP 0x0A06 parsed, updated 7-byte decision suffix.
[2026-05-15 10:05:12.033]<DEBUG> [TCP]New decision suffix: 2, 0, 0, 0, 0, 0, 0
[2026-05-15 10:05:12.136]<DEBUG> [TCP]TCP 0x0A06 parsed, updated 7-byte decision suffix.
[2026-05-15 10:05:12.136]<DEBUG> [TCP]New decision suffix: 2, 0, 0, 0, 0, 0, 0
[2026-05-15 10:05:12.239]<DEBUG> [TCP]TCP 0x0A06 parsed, updated 7-byte decision suffix.
[2026-05-15 10:05:12.239]<DEBUG> [TCP]New decision suffix: 2, 0, 0, 0, 0, 0, 0
[2026-05-15 10:05:12.337]<DEBUG> [TCP]TCP 0x0A06 parsed, updated 7-byte decision suffix.
[2026-05-15 10:05:12.337]<DEBUG> [TCP]New decision suffix: 2, 0, 0, 0, 0, 0, 0
[2026-05-15 10:05:12.435]<DEBUG> [TCP]TCP 0x0A06 parsed, updated 7-byte decision suffix.
[2026-05-15 10:05:12.435]<DEBUG> [TCP]New decision suffix: 2, 0, 0, 0, 0, 0, 0
[2026-05-15 10:05:12.544]<DEBUG> [TCP]TCP 0x0A06 parsed, updated 7-byte decision suffix.
[2026-05-15 10:05:12.544]<DEBUG> [TCP]New decision suffix: 2, 0, 0, 0, 0, 0, 0
[2026-05-15 10:05:12.643]<DEBUG> [TCP]TCP 0x0A06 parsed, updated 7-byte decision suffix.
[2026-05-15 10:05:12.643]<DEBUG> [TCP]New decision suffix: 2, 0, 0, 0, 0, 0, 0
[2026-05-15 10:05:12.737]<DEBUG> [TCP]TCP 0x0A06 parsed, updated 7-byte decision suffix.
[2026-05-15 10:05:12.737]<DEBUG> [TCP]New decision suffix: 2, 0, 0, 0, 0, 0, 0
[2026-05-15 10:05:12.841]<DEBUG> [TCP]TCP 0x0A06 parsed, updated 7-byte decision suffix.
[2026-05-15 10:05:12.841]<DEBUG> [TCP]New decision suffix: 2, 0, 0, 0, 0, 0, 0
[2026-05-15 10:05:12.942]<DEBUG> [TCP]TCP 0x0A06 parsed, updated 7-byte decision suffix.
[2026-05-15 10:05:12.943]<DEBUG> [TCP]New decision suffix: 2, 0, 0, 0, 0, 0, 0
[2026-05-15 10:05:13.047]<DEBUG> [TCP]TCP 0x0A06 parsed, updated 7-byte decision suffix.
[2026-05-15 10:05:13.047]<DEBUG> [TCP]New decision suffix: 2, 0, 0, 0, 0, 0, 0
[2026-05-15 10:05:13.140]<DEBUG> [TCP]TCP 0x0A06 parsed, updated 7-byte decision suffix.
[2026-05-15 10:05:13.140]<DEBUG> [TCP]New decision suffix: 2, 0, 0, 0, 0, 0, 0
[2026-05-15 10:05:13.243]<DEBUG> [TCP]TCP 0x0A06 parsed, updated 7-byte decision suffix.
[2026-05-15 10:05:13.243]<DEBUG> [TCP]New decision suffix: 2, 0, 0, 0, 0, 0, 0
[2026-05-15 10:05:13.347]<DEBUG> [TCP]TCP 0x0A06 parsed, updated 7-byte decision suffix.
[2026-05-15 10:05:13.347]<DEBUG> [TCP]New decision suffix: 2, 0, 0, 0, 0, 0, 0
[2026-05-15 10:05:13.444]<DEBUG> [TCP]TCP 0x0A06 parsed, updated 7-byte decision suffix.
[2026-05-15 10:05:13.444]<DEBUG> [TCP]New decision suffix: 2, 0, 0, 0, 0, 0, 0
[2026-05-15 10:05:13.548]<DEBUG> [TCP]TCP 0x0A06 parsed, updated 7-byte decision suffix.
[2026-05-15 10:05:13.548]<DEBUG> [TCP]New decision suffix: 2, 0, 0, 0, 0, 0, 0
[2026-05-15 10:05:13.647]<DEBUG> [TCP]TCP 0x0A06 parsed, updated 7-byte decision suffix.
[2026-05-15 10:05:13.647]<DEBUG> [TCP]New decision suffix: 2, 0, 0, 0, 0, 0, 0
[2026-05-15 10:05:13.744]<DEBUG> [TCP]TCP 0x0A06 parsed, updated 7-byte decision suffix.
[2026-05-15 10:05:13.744]<DEBUG> [TCP]New decision suffix: 2, 0, 0, 0, 0, 0, 0
[2026-05-15 10:05:13.845]<DEBUG> [TCP]TCP 0x0A06 parsed, updated 7-byte decision suffix.
[2026-05-15 10:05:13.845]<DEBUG> [TCP]New decision suffix: 2, 0, 0, 0, 0, 0, 0
[2026-05-15 10:05:13.953]<DEBUG> [TCP]TCP 0x0A06 parsed, updated 7-byte decision suffix.
[2026-05-15 10:05:13.953]<DEBUG> [TCP]New decision suffix: 2, 0, 0, 0, 0, 0, 0
[2026-05-15 10:05:14.047]<DEBUG> [TCP]TCP 0x0A06 parsed, updated 7-byte decision suffix.
[2026-05-15 10:05:14.047]<DEBUG> [TCP]New decision suffix: 2, 0, 0, 0, 0, 0, 0
[2026-05-15 10:05:14.821]<DEBUG> [TCP]TCP 0x0A06 parsed, updated 7-byte decision suffix.
[2026-05-15 10:05:14.821]<DEBUG> [TCP]New decision suffix: 2, 0, 0, 0, 0, 0, 0
[2026-05-15 10:05:14.821]<DEBUG> [TCP]TCP 0x0A06 parsed, updated 7-byte decision suffix.
[2026-05-15 10:05:14.822]<DEBUG> [TCP]New decision suffix: 2, 0, 0, 0, 0, 0, 0
[2026-05-15 10:05:14.822]<DEBUG> [TCP]TCP 0x0A06 parsed, updated 7-byte decision suffix.
[2026-05-15 10:05:14.822]<DEBUG> [TCP]New decision suffix: 2, 0, 0, 0, 0, 0, 0
[2026-05-15 10:05:14.823]<DEBUG> [TCP]TCP 0x0A06 parsed, updated 7-byte decision suffix.
[2026-05-15 10:05:14.823]<DEBUG> [TCP]New decision suffix: 2, 0, 0, 0, 0, 0, 0
[2026-05-15 10:05:14.823]<DEBUG> [TCP]TCP 0x0A06 parsed, updated 7-byte decision suffix.
[2026-05-15 10:05:14.824]<DEBUG> [TCP]New decision suffix: 2, 0, 0, 0, 0, 0, 0
[2026-05-15 10:05:14.824]<DEBUG> [TCP]TCP 0x0A06 parsed, updated 7-byte decision suffix.
[2026-05-15 10:05:14.824]<DEBUG> [TCP]New decision suffix: 2, 0, 0, 0, 0, 0, 0
[2026-05-15 10:05:14.825]<DEBUG> [TCP]TCP 0x0A06 parsed, updated 7-byte decision suffix.
[2026-05-15 10:05:14.825]<DEBUG> [TCP]New decision suffix: 2, 0, 0, 0, 0, 0, 0
