--- Log File Created: 2026-03-19 02:51:56.270 ---
[2026-03-19 02:51:56.443]<DEBUG> [Detector]Robot Inferencer initializing...
[2026-03-19 02:51:56.444]<DEBUG> [Yolov8Inferencer]Model loaded: car_v8n
[2026-03-19 02:51:56.444]<DEBUG> [Yolov8Inferencer]Model class count: 1
[2026-03-19 02:51:56.444]<DEBUG> [Yolov8Inferencer]Model loaded: armor_v8n
[2026-03-19 02:51:56.444]<DEBUG> [Yolov8Inferencer]Model class count: 12
[2026-03-19 02:51:56.444]<DEBUG> [Yolov8Inferencer]Model loaded: armor_v8n
[2026-03-19 02:51:56.444]<DEBUG> [Yolov8Inferencer]Model class count: 12
[2026-03-19 02:51:56.444]<DEBUG> [Yolov8Inferencer]Model loaded: armor_v8n
[2026-03-19 02:51:56.444]<DEBUG> [Yolov8Inferencer]Model class count: 12
[2026-03-19 02:51:56.444]<DEBUG> [Yolov8Inferencer]Model loaded: armor_v8n
[2026-03-19 02:51:56.444]<DEBUG> [Yolov8Inferencer]Model class count: 12
[2026-03-19 02:51:56.444]<DEBUG> [Yolov8Inferencer]Model loaded: armor_v8n
[2026-03-19 02:51:56.444]<DEBUG> [Yolov8Inferencer]Model class count: 12
[2026-03-19 02:51:56.444]<DEBUG> [Yolov8Inferencer]Model loaded: armor_v8n
[2026-03-19 02:51:56.445]<DEBUG> [Yolov8Inferencer]Model class count: 12
[2026-03-19 02:51:56.445]<DEBUG> [Yolov8Inferencer]Model loaded: armor_v8n
[2026-03-19 02:51:56.445]<DEBUG> [Yolov8Inferencer]Model class count: 12
[2026-03-19 02:51:56.445]<DEBUG> [Yolov8Inferencer]Model loaded: armor_v8n
[2026-03-19 02:51:56.445]<DEBUG> [Yolov8Inferencer]Model class count: 12
[2026-03-19 02:51:56.445]<DEBUG> [Yolov8Inferencer]Model loaded: armor_v8n
[2026-03-19 02:51:56.445]<DEBUG> [Yolov8Inferencer]Model class count: 12
[2026-03-19 02:51:56.445]<DEBUG> [Yolov8Inferencer]Model loaded: armor_v8n
[2026-03-19 02:51:56.445]<DEBUG> [Yolov8Inferencer]Model class count: 12
[2026-03-19 02:51:56.445]<DEBUG> [Yolov8Inferencer]Model loaded: armor_v8n
[2026-03-19 02:51:56.445]<DEBUG> [Yolov8Inferencer]Model class count: 12
[2026-03-19 02:51:56.445]<DEBUG> [Yolov8Inferencer]Model loaded: armor_v8n
[2026-03-19 02:51:56.445]<DEBUG> [Yolov8Inferencer]Model class count: 12
[2026-03-19 02:51:56.445]<DEBUG> [Detector]initialized.
[2026-03-19 02:52:17.756]<DEBUG> [WebCameraHandler]Camera devices scanned: 5 devices found.
[2026-03-19 02:52:17.756]<DEBUG> [WebCameraHandler]--- Camera device 0: USB2.0 FHD UVC WebCam: USB2.0 F (/dev/video0)
[2026-03-19 02:52:17.756]<DEBUG> [WebCameraHandler]--- Camera device 1: USB2.0 FHD UVC WebCam: USB2.0 F (/dev/video1)
[2026-03-19 02:52:17.756]<DEBUG> [WebCameraHandler]--- Camera device 2: UGREEN 95348: UGREEN 95348 (/dev/video2)
[2026-03-19 02:52:17.757]<DEBUG> [WebCameraHandler]--- Camera device 3: UGREEN 95348: UGREEN 95348 (/dev/video3)
[2026-03-19 02:52:17.757]<DEBUG> [WebCameraHandler]--- Camera device 4: VirtualCamera (/dev/video4)
[2026-03-19 02:52:18.684]<DEBUG> [WebCameraHandler]VirtualCamera (/dev/video4) opened successfully.
[2026-03-19 02:53:03.390]<DEBUG> [Detector]Robot Inferencer initializing...
[2026-03-19 02:53:03.390]<DEBUG> [Detector]initialized.
[2026-03-19 02:53:03.390]<DEBUG> [Detector]Detection started.
[2026-03-19 02:53:07.308]<DEBUG> [Detector]Detection stopped.
[2026-03-19 02:54:20.273]<DEBUG> [Detector]Robot Inferencer initializing...
[2026-03-19 02:54:20.273]<DEBUG> [Yolov8Inferencer]Model loaded: car_v8n
[2026-03-19 02:54:20.273]<DEBUG> [Yolov8Inferencer]Model class count: 1
[2026-03-19 02:54:20.273]<DEBUG> [Yolov8Inferencer]Model loaded: armor_v8n
[2026-03-19 02:54:20.273]<DEBUG> [Yolov8Inferencer]Model class count: 12
[2026-03-19 02:54:20.273]<DEBUG> [Yolov8Inferencer]Model loaded: armor_v8n
[2026-03-19 02:54:20.273]<DEBUG> [Yolov8Inferencer]Model class count: 12
[2026-03-19 02:54:20.273]<DEBUG> [Yolov8Inferencer]Model loaded: armor_v8n
[2026-03-19 02:54:20.273]<DEBUG> [Yolov8Inferencer]Model class count: 12
[2026-03-19 02:54:20.273]<DEBUG> [Yolov8Inferencer]Model loaded: armor_v8n
[2026-03-19 02:54:20.273]<DEBUG> [Yolov8Inferencer]Model class count: 12
[2026-03-19 02:54:20.273]<DEBUG> [Yolov8Inferencer]Model loaded: armor_v8n
[2026-03-19 02:54:20.273]<DEBUG> [Yolov8Inferencer]Model class count: 12
[2026-03-19 02:54:20.274]<DEBUG> [Yolov8Inferencer]Model loaded: armor_v8n
[2026-03-19 02:54:20.274]<DEBUG> [Yolov8Inferencer]Model class count: 12
[2026-03-19 02:54:20.274]<DEBUG> [Yolov8Inferencer]Model loaded: armor_v8n
[2026-03-19 02:54:20.274]<DEBUG> [Yolov8Inferencer]Model class count: 12
[2026-03-19 02:54:20.274]<DEBUG> [Yolov8Inferencer]Model loaded: armor_v8n
[2026-03-19 02:54:20.274]<DEBUG> [Yolov8Inferencer]Model class count: 12
[2026-03-19 02:54:20.274]<DEBUG> [Yolov8Inferencer]Model loaded: armor_v8n
[2026-03-19 02:54:20.274]<DEBUG> [Yolov8Inferencer]Model class count: 12
[2026-03-19 02:54:20.274]<DEBUG> [Yolov8Inferencer]Model loaded: armor_v8n
[2026-03-19 02:54:20.274]<DEBUG> [Yolov8Inferencer]Model class count: 12
[2026-03-19 02:54:20.274]<DEBUG> [Yolov8Inferencer]Model loaded: armor_v8n
[2026-03-19 02:54:20.274]<DEBUG> [Yolov8Inferencer]Model class count: 12
[2026-03-19 02:54:20.274]<DEBUG> [Yolov8Inferencer]Model loaded: armor_v8n
[2026-03-19 02:54:20.274]<DEBUG> [Yolov8Inferencer]Model class count: 12
[2026-03-19 02:54:20.274]<DEBUG> [Detector]initialized.
[2026-03-19 02:54:20.274]<DEBUG> [Detector]Detection started.
[2026-03-19 02:59:24.034]<DEBUG> [Detector]Detection stopped.
