--- Log File Created: 2026-05-16 10:59:12.472 ---
[2026-05-16 10:59:12.645]<DEBUG> [WebCameraHandler]Starting...
[2026-05-16 10:59:12.646]<DEBUG> [TCP]TCP receiver client starting, target 127.0.0.1:1400
[2026-05-16 10:59:12.647]<DEBUG> [TCP]TCP sender server listening at 0.0.0.0:1500
[2026-05-16 10:59:12.647]<DEBUG> [Detector]Robot Inferencer initializing...
[2026-05-16 10:59:12.647]<WARNING> [TCP]TCP receiver connect warning: Connection refused
[2026-05-16 10:59:12.647]<DEBUG> [Yolov8Inferencer]Model loaded: car_v8n
[2026-05-16 10:59:12.647]<DEBUG> [Yolov8Inferencer]Model class count: 1
[2026-05-16 10:59:12.647]<DEBUG> [Yolov8Inferencer]Model loaded: armor_v8n
[2026-05-16 10:59:12.647]<DEBUG> [Yolov8Inferencer]Model class count: 12
[2026-05-16 10:59:12.647]<DEBUG> [Yolov8Inferencer]Model loaded: armor_v8n
[2026-05-16 10:59:12.648]<DEBUG> [Yolov8Inferencer]Model class count: 12
[2026-05-16 10:59:12.648]<DEBUG> [Yolov8Inferencer]Model loaded: armor_v8n
[2026-05-16 10:59:12.648]<DEBUG> [Yolov8Inferencer]Model class count: 12
[2026-05-16 10:59:12.648]<DEBUG> [Yolov8Inferencer]Model loaded: armor_v8n
[2026-05-16 10:59:12.648]<DEBUG> [Yolov8Inferencer]Model class count: 12
[2026-05-16 10:59:12.648]<DEBUG> [Yolov8Inferencer]Model loaded: armor_v8n
[2026-05-16 10:59:12.648]<DEBUG> [Yolov8Inferencer]Model class count: 12
[2026-05-16 10:59:12.648]<DEBUG> [Yolov8Inferencer]Model loaded: armor_v8n
[2026-05-16 10:59:12.648]<DEBUG> [Yolov8Inferencer]Model class count: 12
[2026-05-16 10:59:12.648]<DEBUG> [Yolov8Inferencer]Model loaded: armor_v8n
[2026-05-16 10:59:12.648]<DEBUG> [Yolov8Inferencer]Model class count: 12
[2026-05-16 10:59:12.648]<DEBUG> [Yolov8Inferencer]Model loaded: armor_v8n
[2026-05-16 10:59:12.648]<DEBUG> [Yolov8Inferencer]Model class count: 12
[2026-05-16 10:59:12.648]<DEBUG> [Yolov8Inferencer]Model loaded: armor_v8n
[2026-05-16 10:59:12.649]<DEBUG> [Yolov8Inferencer]Model class count: 12
[2026-05-16 10:59:12.649]<DEBUG> [Yolov8Inferencer]Model loaded: armor_v8n
[2026-05-16 10:59:12.649]<DEBUG> [Yolov8Inferencer]Model class count: 12
[2026-05-16 10:59:12.649]<DEBUG> [Yolov8Inferencer]Model loaded: armor_v8n
[2026-05-16 10:59:12.649]<DEBUG> [Yolov8Inferencer]Model class count: 12
[2026-05-16 10:59:12.649]<DEBUG> [Yolov8Inferencer]Model loaded: armor_v8n
[2026-05-16 10:59:12.649]<DEBUG> [Yolov8Inferencer]Model class count: 12
[2026-05-16 10:59:12.649]<DEBUG> [Detector]initialized.
[2026-05-16 10:59:13.491]<WARNING> [TCP]TCP receiver connect warning: Connection refused
[2026-05-16 10:59:14.484]<WARNING> [TCP]TCP receiver connect warning: Connection refused
[2026-05-16 10:59:15.483]<WARNING> [TCP]TCP receiver connect warning: Connection refused
[2026-05-16 10:59:16.481]<WARNING> [TCP]TCP receiver connect warning: Connection refused
[2026-05-16 10:59:17.487]<WARNING> [TCP]TCP receiver connect warning: Connection refused
[2026-05-16 10:59:18.481]<WARNING> [TCP]TCP receiver connect warning: Connection refused
[2026-05-16 10:59:19.484]<WARNING> [TCP]TCP receiver connect warning: Connection refused
[2026-05-16 10:59:20.485]<WARNING> [TCP]TCP receiver connect warning: Connection refused
[2026-05-16 10:59:21.482]<WARNING> [TCP]TCP receiver connect warning: Connection refused
[2026-05-16 10:59:22.484]<WARNING> [TCP]TCP receiver connect warning: Connection refused
[2026-05-16 10:59:23.487]<WARNING> [TCP]TCP receiver connect warning: Connection refused
[2026-05-16 10:59:24.486]<WARNING> [TCP]TCP receiver connect warning: Connection refused
[2026-05-16 10:59:25.482]<WARNING> [TCP]TCP receiver connect warning: Connection refused
[2026-05-16 10:59:26.488]<WARNING> [TCP]TCP receiver connect warning: Connection refused
[2026-05-16 10:59:27.485]<WARNING> [TCP]TCP receiver connect warning: Connection refused
[2026-05-16 10:59:28.488]<WARNING> [TCP]TCP receiver connect warning: Connection refused
[2026-05-16 10:59:29.483]<WARNING> [TCP]TCP receiver connect warning: Connection refused
[2026-05-16 10:59:30.488]<WARNING> [TCP]TCP receiver connect warning: Connection refused
[2026-05-16 10:59:31.489]<WARNING> [TCP]TCP receiver connect warning: Connection refused
[2026-05-16 10:59:32.489]<WARNING> [TCP]TCP receiver connect warning: Connection refused
[2026-05-16 10:59:33.489]<WARNING> [TCP]TCP receiver connect warning: Connection refused
[2026-05-16 10:59:34.485]<WARNING> [TCP]TCP receiver connect warning: Connection refused
[2026-05-16 10:59:35.486]<WARNING> [TCP]TCP receiver connect warning: Connection refused
[2026-05-16 10:59:36.487]<WARNING> [TCP]TCP receiver connect warning: Connection refused
[2026-05-16 10:59:37.486]<WARNING> [TCP]TCP receiver connect warning: Connection refused
[2026-05-16 10:59:38.492]<WARNING> [TCP]TCP receiver connect warning: Connection refused
[2026-05-16 10:59:39.490]<WARNING> [TCP]TCP receiver connect warning: Connection refused
[2026-05-16 10:59:40.488]<WARNING> [TCP]TCP receiver connect warning: Connection refused
[2026-05-16 10:59:41.489]<WARNING> [TCP]TCP receiver connect warning: Connection refused
[2026-05-16 10:59:42.490]<WARNING> [TCP]TCP receiver connect warning: Connection refused
[2026-05-16 10:59:43.488]<WARNING> [TCP]TCP receiver connect warning: Connection refused
