--- Log File Created: 2026-05-08 06:10:54.444 ---
[2026-05-08 06:10:54.684]<DEBUG> [WebCameraHandler]Starting...
[2026-05-08 06:10:54.685]<DEBUG> [TCP]TCP receiver client starting, target 127.0.0.1:1400
[2026-05-08 06:10:54.686]<DEBUG> [TCP]TCP sender server listening at 0.0.0.0:1500
[2026-05-08 06:10:54.686]<DEBUG> [Detector]Robot Inferencer initializing...
[2026-05-08 06:10:54.686]<WARNING> [TCP]TCP receiver connect warning: Connection refused
[2026-05-08 06:10:54.686]<DEBUG> [Yolov8Inferencer]Model loaded: car_v8n
[2026-05-08 06:10:54.687]<DEBUG> [Yolov8Inferencer]Model class count: 1
[2026-05-08 06:10:54.687]<DEBUG> [Yolov8Inferencer]Model loaded: armor_v8n
[2026-05-08 06:10:54.687]<DEBUG> [Yolov8Inferencer]Model class count: 12
[2026-05-08 06:10:54.687]<DEBUG> [Yolov8Inferencer]Model loaded: armor_v8n
[2026-05-08 06:10:54.687]<DEBUG> [Yolov8Inferencer]Model class count: 12
[2026-05-08 06:10:54.687]<DEBUG> [Yolov8Inferencer]Model loaded: armor_v8n
[2026-05-08 06:10:54.687]<DEBUG> [Yolov8Inferencer]Model class count: 12
[2026-05-08 06:10:54.687]<DEBUG> [Yolov8Inferencer]Model loaded: armor_v8n
[2026-05-08 06:10:54.687]<DEBUG> [Yolov8Inferencer]Model class count: 12
[2026-05-08 06:10:54.687]<DEBUG> [Yolov8Inferencer]Model loaded: armor_v8n
[2026-05-08 06:10:54.688]<DEBUG> [Yolov8Inferencer]Model class count: 12
[2026-05-08 06:10:54.688]<DEBUG> [Yolov8Inferencer]Model loaded: armor_v8n
[2026-05-08 06:10:54.688]<DEBUG> [Yolov8Inferencer]Model class count: 12
[2026-05-08 06:10:54.688]<DEBUG> [Yolov8Inferencer]Model loaded: armor_v8n
[2026-05-08 06:10:54.688]<DEBUG> [Yolov8Inferencer]Model class count: 12
[2026-05-08 06:10:54.688]<DEBUG> [Yolov8Inferencer]Model loaded: armor_v8n
[2026-05-08 06:10:54.688]<DEBUG> [Yolov8Inferencer]Model class count: 12
[2026-05-08 06:10:54.688]<DEBUG> [Yolov8Inferencer]Model loaded: armor_v8n
[2026-05-08 06:10:54.688]<DEBUG> [Yolov8Inferencer]Model class count: 12
[2026-05-08 06:10:54.688]<DEBUG> [Yolov8Inferencer]Model loaded: armor_v8n
[2026-05-08 06:10:54.688]<DEBUG> [Yolov8Inferencer]Model class count: 12
[2026-05-08 06:10:54.689]<DEBUG> [Yolov8Inferencer]Model loaded: armor_v8n
[2026-05-08 06:10:54.689]<DEBUG> [Yolov8Inferencer]Model class count: 12
[2026-05-08 06:10:54.689]<DEBUG> [Yolov8Inferencer]Model loaded: armor_v8n
[2026-05-08 06:10:54.689]<DEBUG> [Yolov8Inferencer]Model class count: 12
[2026-05-08 06:10:54.689]<DEBUG> [Detector]initialized.
[2026-05-08 06:10:56.114]<WARNING> [TCP]TCP receiver connect warning: Connection refused
[2026-05-08 06:10:56.497]<WARNING> [TCP]TCP receiver connect warning: Connection refused
[2026-05-08 06:10:57.457]<WARNING> [TCP]TCP receiver connect warning: Connection refused
[2026-05-08 06:10:58.459]<WARNING> [TCP]TCP receiver connect warning: Connection refused
[2026-05-08 06:10:59.459]<WARNING> [TCP]TCP receiver connect warning: Connection refused
[2026-05-08 06:11:00.465]<WARNING> [TCP]TCP receiver connect warning: Connection refused
[2026-05-08 06:11:01.462]<WARNING> [TCP]TCP receiver connect warning: Connection refused
[2026-05-08 06:11:02.462]<WARNING> [TCP]TCP receiver connect warning: Connection refused
[2026-05-08 06:11:03.457]<WARNING> [TCP]TCP receiver connect warning: Connection refused
[2026-05-08 06:11:04.457]<WARNING> [TCP]TCP receiver connect warning: Connection refused
[2026-05-08 06:11:05.464]<WARNING> [TCP]TCP receiver connect warning: Connection refused
[2026-05-08 06:11:06.459]<WARNING> [TCP]TCP receiver connect warning: Connection refused
[2026-05-08 06:11:07.461]<WARNING> [TCP]TCP receiver connect warning: Connection refused
[2026-05-08 06:11:08.460]<WARNING> [TCP]TCP receiver connect warning: Connection refused
[2026-05-08 06:11:09.460]<WARNING> [TCP]TCP receiver connect warning: Connection refused
[2026-05-08 06:11:10.473]<WARNING> [TCP]TCP receiver connect warning: Connection refused
[2026-05-08 06:11:11.461]<WARNING> [TCP]TCP receiver connect warning: Connection refused
[2026-05-08 06:11:12.468]<WARNING> [TCP]TCP receiver connect warning: Connection refused
[2026-05-08 06:11:13.462]<WARNING> [TCP]TCP receiver connect warning: Connection refused
[2026-05-08 06:11:14.473]<WARNING> [TCP]TCP receiver connect warning: Connection refused
[2026-05-08 06:11:15.475]<WARNING> [TCP]TCP receiver connect warning: Connection refused
[2026-05-08 06:11:16.464]<WARNING> [TCP]TCP receiver connect warning: Connection refused
[2026-05-08 06:11:17.463]<WARNING> [TCP]TCP receiver connect warning: Connection refused
[2026-05-08 06:11:18.486]<WARNING> [TCP]TCP receiver connect warning: Connection refused
