--- Log File Created: 2026-05-15 10:05:25.828 ---
[2026-05-15 10:05:25.984]<DEBUG> [WebCameraHandler]Starting...
[2026-05-15 10:05:25.984]<DEBUG> [TCP]TCP receiver client starting, target 127.0.0.1:1400
[2026-05-15 10:05:25.984]<DEBUG> [TCP]TCP sender server listening at 0.0.0.0:1500
[2026-05-15 10:05:25.985]<DEBUG> [Detector]Robot Inferencer initializing...
[2026-05-15 10:05:25.985]<WARNING> [TCP]TCP receiver connect warning: Connection refused
[2026-05-15 10:05:25.985]<DEBUG> [Yolov8Inferencer]Model loaded: car_v8n
[2026-05-15 10:05:25.985]<DEBUG> [Yolov8Inferencer]Model class count: 1
[2026-05-15 10:05:25.985]<DEBUG> [Yolov8Inferencer]Model loaded: armor_v8n
[2026-05-15 10:05:25.985]<DEBUG> [Yolov8Inferencer]Model class count: 12
[2026-05-15 10:05:25.985]<DEBUG> [Yolov8Inferencer]Model loaded: armor_v8n
[2026-05-15 10:05:25.985]<DEBUG> [Yolov8Inferencer]Model class count: 12
[2026-05-15 10:05:25.985]<DEBUG> [Yolov8Inferencer]Model loaded: armor_v8n
[2026-05-15 10:05:25.985]<DEBUG> [Yolov8Inferencer]Model class count: 12
[2026-05-15 10:05:25.985]<DEBUG> [Yolov8Inferencer]Model loaded: armor_v8n
[2026-05-15 10:05:25.986]<DEBUG> [Yolov8Inferencer]Model class count: 12
[2026-05-15 10:05:25.986]<DEBUG> [Yolov8Inferencer]Model loaded: armor_v8n
[2026-05-15 10:05:25.986]<DEBUG> [Yolov8Inferencer]Model class count: 12
[2026-05-15 10:05:25.986]<DEBUG> [Yolov8Inferencer]Model loaded: armor_v8n
[2026-05-15 10:05:25.986]<DEBUG> [Yolov8Inferencer]Model class count: 12
[2026-05-15 10:05:25.986]<DEBUG> [Yolov8Inferencer]Model loaded: armor_v8n
[2026-05-15 10:05:25.986]<DEBUG> [Yolov8Inferencer]Model class count: 12
[2026-05-15 10:05:25.986]<DEBUG> [Yolov8Inferencer]Model loaded: armor_v8n
[2026-05-15 10:05:25.986]<DEBUG> [Yolov8Inferencer]Model class count: 12
[2026-05-15 10:05:25.986]<DEBUG> [Yolov8Inferencer]Model loaded: armor_v8n
[2026-05-15 10:05:25.986]<DEBUG> [Yolov8Inferencer]Model class count: 12
[2026-05-15 10:05:25.986]<DEBUG> [Yolov8Inferencer]Model loaded: armor_v8n
[2026-05-15 10:05:25.986]<DEBUG> [Yolov8Inferencer]Model class count: 12
[2026-05-15 10:05:25.986]<DEBUG> [Yolov8Inferencer]Model loaded: armor_v8n
[2026-05-15 10:05:25.986]<DEBUG> [Yolov8Inferencer]Model class count: 12
[2026-05-15 10:05:25.986]<DEBUG> [Yolov8Inferencer]Model loaded: armor_v8n
[2026-05-15 10:05:25.987]<DEBUG> [Yolov8Inferencer]Model class count: 12
[2026-05-15 10:05:25.987]<DEBUG> [Detector]initialized.
[2026-05-15 10:05:26.843]<WARNING> [TCP]TCP receiver connect warning: Connection refused
[2026-05-15 10:05:27.840]<WARNING> [TCP]TCP receiver connect warning: Connection refused
[2026-05-15 10:05:28.849]<WARNING> [TCP]TCP receiver connect warning: Connection refused
[2026-05-15 10:05:29.696]<DEBUG> [Python]Launching with enemySide=Blue
[2026-05-15 10:05:29.697]<DEBUG> [Python]Script: /home/pinkpanda/linux-RADAR/RADAR-2026/RADAR-SDR/thread_init.py
[2026-05-15 10:05:29.697]<DEBUG> [Python]Started: python3 "/home/pinkpanda/linux-RADAR/RADAR-2026/RADAR-SDR/thread_init.py" --enemySide "Blue"
[2026-05-15 10:05:29.836]<WARNING> [TCP]TCP receiver connect warning: Connection refused
[2026-05-15 10:05:30.841]<WARNING> [TCP]TCP receiver connect warning: Connection refused
[2026-05-15 10:05:31.841]<WARNING> [TCP]TCP receiver connect warning: Connection refused
[2026-05-15 10:05:32.843]<WARNING> [TCP]TCP receiver connect warning: Connection refused
[2026-05-15 10:05:33.842]<WARNING> [TCP]TCP receiver connect warning: Connection refused
[2026-05-15 10:05:34.845]<WARNING> [TCP]TCP receiver connect warning: Connection refused
[2026-05-15 10:05:35.844]<WARNING> [TCP]TCP receiver connect warning: Connection refused
[2026-05-15 10:05:36.845]<WARNING> [TCP]TCP receiver connect warning: Connection refused
[2026-05-15 10:05:37.839]<WARNING> [TCP]TCP receiver connect warning: Connection refused
[2026-05-15 10:05:38.844]<WARNING> [TCP]TCP receiver connect warning: Connection refused
[2026-05-15 10:05:39.840]<WARNING> [TCP]TCP receiver connect warning: Connection refused
[2026-05-15 10:05:40.842]<WARNING> [TCP]TCP receiver connect warning: Connection refused
[2026-05-15 10:05:41.842]<WARNING> [TCP]TCP receiver connect warning: Connection refused
[2026-05-15 10:05:42.842]<WARNING> [TCP]TCP receiver connect warning: Connection refused
[2026-05-15 10:05:43.844]<WARNING> [TCP]TCP receiver connect warning: Connection refused
[2026-05-15 10:05:44.840]<WARNING> [TCP]TCP receiver connect warning: Connection refused
[2026-05-15 10:05:45.844]<WARNING> [TCP]TCP receiver connect warning: Connection refused
[2026-05-15 10:05:46.846]<WARNING> [TCP]TCP receiver connect warning: Connection refused
[2026-05-15 10:05:47.845]<WARNING> [TCP]TCP receiver connect warning: Connection refused
[2026-05-15 10:05:48.846]<WARNING> [TCP]TCP receiver connect warning: Connection refused
[2026-05-15 10:05:49.841]<WARNING> [TCP]TCP receiver connect warning: Connection refused
[2026-05-15 10:05:49.924]<DEBUG> [TCP]TCP sender accepted client.
[2026-05-15 10:05:50.842]<DEBUG> [TCP]TCP receiver client connected to 127.0.0.1:1400
[2026-05-15 10:05:50.842]<DEBUG> [TCP]TCP 0x0A06 parsed, updated 7-byte decision suffix.
[2026-05-15 10:05:50.849]<DEBUG> [TCP]New decision suffix: 2, 0, 0, 0, 0, 0, 0
[2026-05-15 10:05:50.849]<DEBUG> [TCP]Found potential 0x0A07 frame at index 0, cache size 1.
[2026-05-15 10:05:50.945]<DEBUG> [TCP]TCP 0x0A06 parsed, updated 7-byte decision suffix.
[2026-05-15 10:05:50.945]<DEBUG> [TCP]New decision suffix: 2, 0, 0, 0, 0, 0, 0
[2026-05-15 10:05:50.945]<DEBUG> [TCP]Found potential 0x0A07 frame at index 0, cache size 1.
[2026-05-15 10:05:51.048]<DEBUG> [TCP]TCP 0x0A06 parsed, updated 7-byte decision suffix.
[2026-05-15 10:05:51.048]<DEBUG> [TCP]New decision suffix: 2, 0, 0, 0, 0, 0, 0
[2026-05-15 10:05:51.048]<DEBUG> [TCP]Found potential 0x0A07 frame at index 0, cache size 1.
[2026-05-15 10:05:51.150]<DEBUG> [TCP]TCP 0x0A06 parsed, updated 7-byte decision suffix.
[2026-05-15 10:05:51.150]<DEBUG> [TCP]New decision suffix: 2, 0, 0, 0, 0, 0, 0
[2026-05-15 10:05:51.150]<DEBUG> [TCP]Found potential 0x0A07 frame at index 0, cache size 1.
[2026-05-15 10:05:51.250]<DEBUG> [TCP]TCP 0x0A06 parsed, updated 7-byte decision suffix.
[2026-05-15 10:05:51.250]<DEBUG> [TCP]New decision suffix: 2, 0, 0, 0, 0, 0, 0
[2026-05-15 10:05:51.250]<DEBUG> [TCP]Found potential 0x0A07 frame at index 0, cache size 1.
[2026-05-15 10:05:51.353]<DEBUG> [TCP]TCP 0x0A06 parsed, updated 7-byte decision suffix.
[2026-05-15 10:05:51.354]<DEBUG> [TCP]New decision suffix: 2, 0, 0, 0, 0, 0, 0
[2026-05-15 10:05:51.354]<DEBUG> [TCP]Found potential 0x0A07 frame at index 0, cache size 1.
[2026-05-15 10:05:51.455]<DEBUG> [TCP]TCP 0x0A06 parsed, updated 7-byte decision suffix.
[2026-05-15 10:05:51.455]<DEBUG> [TCP]New decision suffix: 2, 0, 0, 0, 0, 0, 0
[2026-05-15 10:05:51.455]<DEBUG> [TCP]Found potential 0x0A07 frame at index 0, cache size 1.
[2026-05-15 10:05:51.556]<DEBUG> [TCP]TCP 0x0A06 parsed, updated 7-byte decision suffix.
[2026-05-15 10:05:51.556]<DEBUG> [TCP]New decision suffix: 2, 0, 0, 0, 0, 0, 0
[2026-05-15 10:05:51.557]<DEBUG> [TCP]Found potential 0x0A07 frame at index 0, cache size 1.
[2026-05-15 10:05:51.654]<DEBUG> [TCP]TCP 0x0A06 parsed, updated 7-byte decision suffix.
[2026-05-15 10:05:51.654]<DEBUG> [TCP]New decision suffix: 2, 0, 0, 0, 0, 0, 0
[2026-05-15 10:05:51.654]<DEBUG> [TCP]Found potential 0x0A07 frame at index 0, cache size 1.
[2026-05-15 10:05:51.757]<DEBUG> [TCP]TCP 0x0A06 parsed, updated 7-byte decision suffix.
[2026-05-15 10:05:51.757]<DEBUG> [TCP]New decision suffix: 2, 0, 0, 0, 0, 0, 0
[2026-05-15 10:05:51.757]<DEBUG> [TCP]Found potential 0x0A07 frame at index 0, cache size 1.
[2026-05-15 10:05:51.853]<DEBUG> [TCP]TCP 0x0A06 parsed, updated 7-byte decision suffix.
[2026-05-15 10:05:51.853]<DEBUG> [TCP]New decision suffix: 2, 0, 0, 0, 0, 0, 0
[2026-05-15 10:05:51.853]<DEBUG> [TCP]Found potential 0x0A07 frame at index 0, cache size 1.
[2026-05-15 10:05:51.958]<DEBUG> [TCP]TCP 0x0A06 parsed, updated 7-byte decision suffix.
[2026-05-15 10:05:51.958]<DEBUG> [TCP]New decision suffix: 2, 0, 0, 0, 0, 0, 0
[2026-05-15 10:05:51.958]<DEBUG> [TCP]Found potential 0x0A07 frame at index 0, cache size 1.
[2026-05-15 10:05:52.056]<DEBUG> [TCP]TCP 0x0A06 parsed, updated 7-byte decision suffix.
[2026-05-15 10:05:52.056]<DEBUG> [TCP]New decision suffix: 2, 0, 0, 0, 0, 0, 0
[2026-05-15 10:05:52.056]<DEBUG> [TCP]Found potential 0x0A07 frame at index 0, cache size 1.
[2026-05-15 10:05:52.163]<DEBUG> [TCP]TCP 0x0A06 parsed, updated 7-byte decision suffix.
[2026-05-15 10:05:52.163]<DEBUG> [TCP]New decision suffix: 2, 0, 0, 0, 0, 0, 0
[2026-05-15 10:05:52.163]<DEBUG> [TCP]Found potential 0x0A07 frame at index 0, cache size 1.
[2026-05-15 10:05:52.258]<DEBUG> [TCP]TCP 0x0A06 parsed, updated 7-byte decision suffix.
[2026-05-15 10:05:52.259]<DEBUG> [TCP]New decision suffix: 2, 0, 0, 0, 0, 0, 0
[2026-05-15 10:05:52.259]<DEBUG> [TCP]Found potential 0x0A07 frame at index 0, cache size 1.
[2026-05-15 10:05:52.363]<DEBUG> [TCP]TCP 0x0A06 parsed, updated 7-byte decision suffix.
[2026-05-15 10:05:52.364]<DEBUG> [TCP]New decision suffix: 2, 0, 0, 0, 0, 0, 0
[2026-05-15 10:05:52.364]<DEBUG> [TCP]Found potential 0x0A07 frame at index 0, cache size 1.
[2026-05-15 10:05:52.461]<DEBUG> [TCP]TCP 0x0A06 parsed, updated 7-byte decision suffix.
[2026-05-15 10:05:52.461]<DEBUG> [TCP]New decision suffix: 2, 0, 0, 0, 0, 0, 0
[2026-05-15 10:05:52.461]<DEBUG> [TCP]Found potential 0x0A07 frame at index 0, cache size 1.
[2026-05-15 10:05:52.563]<DEBUG> [TCP]TCP 0x0A06 parsed, updated 7-byte decision suffix.
[2026-05-15 10:05:52.563]<DEBUG> [TCP]New decision suffix: 2, 0, 0, 0, 0, 0, 0
[2026-05-15 10:05:52.563]<DEBUG> [TCP]Found potential 0x0A07 frame at index 0, cache size 1.
[2026-05-15 10:05:52.666]<DEBUG> [TCP]TCP 0x0A06 parsed, updated 7-byte decision suffix.
[2026-05-15 10:05:52.666]<DEBUG> [TCP]New decision suffix: 2, 0, 0, 0, 0, 0, 0
[2026-05-15 10:05:52.666]<DEBUG> [TCP]Found potential 0x0A07 frame at index 0, cache size 1.
[2026-05-15 10:05:52.766]<DEBUG> [TCP]TCP 0x0A06 parsed, updated 7-byte decision suffix.
[2026-05-15 10:05:52.766]<DEBUG> [TCP]New decision suffix: 2, 0, 0, 0, 0, 0, 0
[2026-05-15 10:05:52.767]<DEBUG> [TCP]Found potential 0x0A07 frame at index 0, cache size 1.
[2026-05-15 10:05:52.866]<DEBUG> [TCP]TCP 0x0A06 parsed, updated 7-byte decision suffix.
[2026-05-15 10:05:52.867]<DEBUG> [TCP]New decision suffix: 2, 0, 0, 0, 0, 0, 0
[2026-05-15 10:05:52.867]<DEBUG> [TCP]Found potential 0x0A07 frame at index 0, cache size 1.
[2026-05-15 10:05:52.966]<DEBUG> [TCP]TCP 0x0A06 parsed, updated 7-byte decision suffix.
[2026-05-15 10:05:52.966]<DEBUG> [TCP]New decision suffix: 2, 0, 0, 0, 0, 0, 0
[2026-05-15 10:05:52.966]<DEBUG> [TCP]Found potential 0x0A07 frame at index 0, cache size 1.
[2026-05-15 10:05:53.065]<DEBUG> [TCP]TCP 0x0A06 parsed, updated 7-byte decision suffix.
[2026-05-15 10:05:53.065]<DEBUG> [TCP]New decision suffix: 2, 0, 0, 0, 0, 0, 0
[2026-05-15 10:05:53.065]<DEBUG> [TCP]Found potential 0x0A07 frame at index 0, cache size 1.
[2026-05-15 10:05:53.165]<DEBUG> [TCP]TCP 0x0A06 parsed, updated 7-byte decision suffix.
[2026-05-15 10:05:53.165]<DEBUG> [TCP]New decision suffix: 2, 0, 0, 0, 0, 0, 0
[2026-05-15 10:05:53.165]<DEBUG> [TCP]Found potential 0x0A07 frame at index 0, cache size 1.
[2026-05-15 10:05:53.265]<DEBUG> [TCP]TCP 0x0A06 parsed, updated 7-byte decision suffix.
[2026-05-15 10:05:53.266]<DEBUG> [TCP]New decision suffix: 2, 0, 0, 0, 0, 0, 0
[2026-05-15 10:05:53.266]<DEBUG> [TCP]Found potential 0x0A07 frame at index 0, cache size 1.
[2026-05-15 10:05:53.368]<DEBUG> [TCP]TCP 0x0A06 parsed, updated 7-byte decision suffix.
[2026-05-15 10:05:53.368]<DEBUG> [TCP]New decision suffix: 2, 0, 0, 0, 0, 0, 0
[2026-05-15 10:05:53.369]<DEBUG> [TCP]Found potential 0x0A07 frame at index 0, cache size 1.
[2026-05-15 10:05:53.471]<DEBUG> [TCP]TCP 0x0A06 parsed, updated 7-byte decision suffix.
[2026-05-15 10:05:53.471]<DEBUG> [TCP]New decision suffix: 2, 0, 0, 0, 0, 0, 0
[2026-05-15 10:05:53.471]<DEBUG> [TCP]Found potential 0x0A07 frame at index 0, cache size 1.
[2026-05-15 10:05:53.569]<DEBUG> [TCP]TCP 0x0A06 parsed, updated 7-byte decision suffix.
[2026-05-15 10:05:53.570]<DEBUG> [TCP]New decision suffix: 2, 0, 0, 0, 0, 0, 0
[2026-05-15 10:05:53.570]<DEBUG> [TCP]Found potential 0x0A07 frame at index 0, cache size 1.
[2026-05-15 10:05:53.672]<DEBUG> [TCP]TCP 0x0A06 parsed, updated 7-byte decision suffix.
[2026-05-15 10:05:53.672]<DEBUG> [TCP]New decision suffix: 2, 0, 0, 0, 0, 0, 0
[2026-05-15 10:05:53.672]<DEBUG> [TCP]Found potential 0x0A07 frame at index 0, cache size 1.
[2026-05-15 10:05:53.774]<DEBUG> [TCP]TCP 0x0A06 parsed, updated 7-byte decision suffix.
[2026-05-15 10:05:53.774]<DEBUG> [TCP]New decision suffix: 2, 0, 0, 0, 0, 0, 0
[2026-05-15 10:05:53.774]<DEBUG> [TCP]Found potential 0x0A07 frame at index 0, cache size 1.
[2026-05-15 10:05:53.871]<DEBUG> [TCP]TCP 0x0A06 parsed, updated 7-byte decision suffix.
[2026-05-15 10:05:53.871]<DEBUG> [TCP]New decision suffix: 2, 0, 0, 0, 0, 0, 0
[2026-05-15 10:05:53.871]<DEBUG> [TCP]Found potential 0x0A07 frame at index 0, cache size 1.
[2026-05-15 10:05:53.972]<DEBUG> [TCP]TCP 0x0A06 parsed, updated 7-byte decision suffix.
[2026-05-15 10:05:53.972]<DEBUG> [TCP]New decision suffix: 2, 0, 0, 0, 0, 0, 0
[2026-05-15 10:05:53.972]<DEBUG> [TCP]Found potential 0x0A07 frame at index 0, cache size 1.
[2026-05-15 10:05:54.074]<DEBUG> [TCP]TCP 0x0A06 parsed, updated 7-byte decision suffix.
[2026-05-15 10:05:54.074]<DEBUG> [TCP]New decision suffix: 2, 0, 0, 0, 0, 0, 0
[2026-05-15 10:05:54.074]<DEBUG> [TCP]Found potential 0x0A07 frame at index 0, cache size 1.
[2026-05-15 10:05:54.176]<DEBUG> [TCP]TCP 0x0A06 parsed, updated 7-byte decision suffix.
[2026-05-15 10:05:54.176]<DEBUG> [TCP]New decision suffix: 2, 0, 0, 0, 0, 0, 0
[2026-05-15 10:05:54.176]<DEBUG> [TCP]Found potential 0x0A07 frame at index 0, cache size 1.
[2026-05-15 10:05:54.277]<DEBUG> [TCP]TCP 0x0A06 parsed, updated 7-byte decision suffix.
[2026-05-15 10:05:54.278]<DEBUG> [TCP]New decision suffix: 2, 0, 0, 0, 0, 0, 0
[2026-05-15 10:05:54.278]<DEBUG> [TCP]Found potential 0x0A07 frame at index 0, cache size 1.
[2026-05-15 10:05:54.378]<DEBUG> [TCP]TCP 0x0A06 parsed, updated 7-byte decision suffix.
[2026-05-15 10:05:54.379]<DEBUG> [TCP]New decision suffix: 2, 0, 0, 0, 0, 0, 0
[2026-05-15 10:05:54.379]<DEBUG> [TCP]Found potential 0x0A07 frame at index 0, cache size 1.
[2026-05-15 10:05:54.480]<DEBUG> [TCP]TCP 0x0A06 parsed, updated 7-byte decision suffix.
[2026-05-15 10:05:54.480]<DEBUG> [TCP]New decision suffix: 2, 0, 0, 0, 0, 0, 0
[2026-05-15 10:05:54.480]<DEBUG> [TCP]Found potential 0x0A07 frame at index 0, cache size 1.
[2026-05-15 10:05:54.580]<DEBUG> [TCP]TCP 0x0A06 parsed, updated 7-byte decision suffix.
[2026-05-15 10:05:54.580]<DEBUG> [TCP]New decision suffix: 2, 0, 0, 0, 0, 0, 0
[2026-05-15 10:05:54.581]<DEBUG> [TCP]Found potential 0x0A07 frame at index 0, cache size 1.
[2026-05-15 10:05:54.676]<DEBUG> [TCP]TCP 0x0A06 parsed, updated 7-byte decision suffix.
[2026-05-15 10:05:54.676]<DEBUG> [TCP]New decision suffix: 2, 0, 0, 0, 0, 0, 0
[2026-05-15 10:05:54.676]<DEBUG> [TCP]Found potential 0x0A07 frame at index 0, cache size 1.
[2026-05-15 10:05:54.779]<DEBUG> [TCP]TCP 0x0A06 parsed, updated 7-byte decision suffix.
[2026-05-15 10:05:54.779]<DEBUG> [TCP]New decision suffix: 2, 0, 0, 0, 0, 0, 0
[2026-05-15 10:05:54.779]<DEBUG> [TCP]Found potential 0x0A07 frame at index 0, cache size 1.
[2026-05-15 10:05:54.878]<DEBUG> [TCP]TCP 0x0A06 parsed, updated 7-byte decision suffix.
[2026-05-15 10:05:54.878]<DEBUG> [TCP]New decision suffix: 2, 0, 0, 0, 0, 0, 0
[2026-05-15 10:05:54.878]<DEBUG> [TCP]Found potential 0x0A07 frame at index 0, cache size 1.
[2026-05-15 10:05:54.979]<DEBUG> [TCP]TCP 0x0A06 parsed, updated 7-byte decision suffix.
[2026-05-15 10:05:54.979]<DEBUG> [TCP]New decision suffix: 2, 0, 0, 0, 0, 0, 0
[2026-05-15 10:05:54.979]<DEBUG> [TCP]Found potential 0x0A07 frame at index 0, cache size 1.
[2026-05-15 10:05:55.082]<DEBUG> [TCP]TCP 0x0A06 parsed, updated 7-byte decision suffix.
[2026-05-15 10:05:55.082]<DEBUG> [TCP]New decision suffix: 2, 0, 0, 0, 0, 0, 0
[2026-05-15 10:05:55.082]<DEBUG> [TCP]Found potential 0x0A07 frame at index 0, cache size 1.
[2026-05-15 10:05:55.185]<DEBUG> [TCP]TCP 0x0A06 parsed, updated 7-byte decision suffix.
[2026-05-15 10:05:55.185]<DEBUG> [TCP]New decision suffix: 2, 0, 0, 0, 0, 0, 0
[2026-05-15 10:05:55.185]<DEBUG> [TCP]Found potential 0x0A07 frame at index 0, cache size 1.
[2026-05-15 10:05:55.284]<DEBUG> [TCP]TCP 0x0A06 parsed, updated 7-byte decision suffix.
[2026-05-15 10:05:55.284]<DEBUG> [TCP]New decision suffix: 2, 0, 0, 0, 0, 0, 0
[2026-05-15 10:05:55.284]<DEBUG> [TCP]Found potential 0x0A07 frame at index 0, cache size 1.
[2026-05-15 10:05:55.386]<DEBUG> [TCP]TCP 0x0A06 parsed, updated 7-byte decision suffix.
[2026-05-15 10:05:55.386]<DEBUG> [TCP]New decision suffix: 2, 0, 0, 0, 0, 0, 0
[2026-05-15 10:05:55.386]<DEBUG> [TCP]Found potential 0x0A07 frame at index 0, cache size 1.
[2026-05-15 10:05:55.485]<DEBUG> [TCP]TCP 0x0A06 parsed, updated 7-byte decision suffix.
[2026-05-15 10:05:55.485]<DEBUG> [TCP]New decision suffix: 2, 0, 0, 0, 0, 0, 0
[2026-05-15 10:05:55.485]<DEBUG> [TCP]Found potential 0x0A07 frame at index 0, cache size 1.
[2026-05-15 10:05:55.583]<DEBUG> [TCP]TCP 0x0A06 parsed, updated 7-byte decision suffix.
[2026-05-15 10:05:55.583]<DEBUG> [TCP]New decision suffix: 2, 0, 0, 0, 0, 0, 0
[2026-05-15 10:05:55.583]<DEBUG> [TCP]Found potential 0x0A07 frame at index 0, cache size 1.
[2026-05-15 10:05:55.688]<DEBUG> [TCP]TCP 0x0A06 parsed, updated 7-byte decision suffix.
[2026-05-15 10:05:55.688]<DEBUG> [TCP]New decision suffix: 2, 0, 0, 0, 0, 0, 0
[2026-05-15 10:05:55.688]<DEBUG> [TCP]Found potential 0x0A07 frame at index 0, cache size 1.
[2026-05-15 10:05:55.786]<DEBUG> [TCP]TCP 0x0A06 parsed, updated 7-byte decision suffix.
[2026-05-15 10:05:55.787]<DEBUG> [TCP]New decision suffix: 2, 0, 0, 0, 0, 0, 0
[2026-05-15 10:05:55.787]<DEBUG> [TCP]Found potential 0x0A07 frame at index 0, cache size 1.
[2026-05-15 10:05:55.888]<DEBUG> [TCP]TCP 0x0A06 parsed, updated 7-byte decision suffix.
[2026-05-15 10:05:55.888]<DEBUG> [TCP]New decision suffix: 2, 0, 0, 0, 0, 0, 0
[2026-05-15 10:05:55.888]<DEBUG> [TCP]Found potential 0x0A07 frame at index 0, cache size 1.
[2026-05-15 10:05:55.987]<DEBUG> [TCP]TCP 0x0A06 parsed, updated 7-byte decision suffix.
[2026-05-15 10:05:55.988]<DEBUG> [TCP]New decision suffix: 2, 0, 0, 0, 0, 0, 0
[2026-05-15 10:05:55.988]<DEBUG> [TCP]Found potential 0x0A07 frame at index 0, cache size 1.
[2026-05-15 10:05:56.088]<DEBUG> [TCP]TCP 0x0A06 parsed, updated 7-byte decision suffix.
[2026-05-15 10:05:56.089]<DEBUG> [TCP]New decision suffix: 2, 0, 0, 0, 0, 0, 0
[2026-05-15 10:05:56.089]<DEBUG> [TCP]Found potential 0x0A07 frame at index 0, cache size 1.
[2026-05-15 10:05:56.189]<DEBUG> [TCP]TCP 0x0A06 parsed, updated 7-byte decision suffix.
[2026-05-15 10:05:56.189]<DEBUG> [TCP]New decision suffix: 2, 0, 0, 0, 0, 0, 0
[2026-05-15 10:05:56.189]<DEBUG> [TCP]Found potential 0x0A07 frame at index 0, cache size 1.
[2026-05-15 10:05:56.290]<DEBUG> [TCP]TCP 0x0A06 parsed, updated 7-byte decision suffix.
[2026-05-15 10:05:56.290]<DEBUG> [TCP]New decision suffix: 2, 0, 0, 0, 0, 0, 0
[2026-05-15 10:05:56.290]<DEBUG> [TCP]Found potential 0x0A07 frame at index 0, cache size 1.
[2026-05-15 10:05:56.391]<DEBUG> [TCP]TCP 0x0A06 parsed, updated 7-byte decision suffix.
[2026-05-15 10:05:56.391]<DEBUG> [TCP]New decision suffix: 2, 0, 0, 0, 0, 0, 0
[2026-05-15 10:05:56.391]<DEBUG> [TCP]Found potential 0x0A07 frame at index 0, cache size 1.
[2026-05-15 10:05:56.494]<DEBUG> [TCP]TCP 0x0A06 parsed, updated 7-byte decision suffix.
[2026-05-15 10:05:56.494]<DEBUG> [TCP]New decision suffix: 2, 0, 0, 0, 0, 0, 0
[2026-05-15 10:05:56.494]<DEBUG> [TCP]Found potential 0x0A07 frame at index 0, cache size 1.
[2026-05-15 10:05:56.595]<DEBUG> [TCP]TCP 0x0A06 parsed, updated 7-byte decision suffix.
[2026-05-15 10:05:56.595]<DEBUG> [TCP]New decision suffix: 2, 0, 0, 0, 0, 0, 0
[2026-05-15 10:05:56.595]<DEBUG> [TCP]Found potential 0x0A07 frame at index 0, cache size 1.
[2026-05-15 10:05:56.691]<DEBUG> [TCP]TCP 0x0A06 parsed, updated 7-byte decision suffix.
[2026-05-15 10:05:56.692]<DEBUG> [TCP]New decision suffix: 2, 0, 0, 0, 0, 0, 0
[2026-05-15 10:05:56.692]<DEBUG> [TCP]Found potential 0x0A07 frame at index 0, cache size 1.
[2026-05-15 10:05:56.791]<DEBUG> [TCP]TCP 0x0A06 parsed, updated 7-byte decision suffix.
[2026-05-15 10:05:56.791]<DEBUG> [TCP]New decision suffix: 2, 0, 0, 0, 0, 0, 0
[2026-05-15 10:05:56.791]<DEBUG> [TCP]Found potential 0x0A07 frame at index 0, cache size 1.
[2026-05-15 10:05:56.896]<DEBUG> [TCP]TCP 0x0A06 parsed, updated 7-byte decision suffix.
[2026-05-15 10:05:56.896]<DEBUG> [TCP]New decision suffix: 2, 0, 0, 0, 0, 0, 0
[2026-05-15 10:05:56.896]<DEBUG> [TCP]Found potential 0x0A07 frame at index 0, cache size 1.
[2026-05-15 10:05:56.997]<DEBUG> [TCP]TCP 0x0A06 parsed, updated 7-byte decision suffix.
[2026-05-15 10:05:56.997]<DEBUG> [TCP]New decision suffix: 2, 0, 0, 0, 0, 0, 0
[2026-05-15 10:05:56.997]<DEBUG> [TCP]Found potential 0x0A07 frame at index 0, cache size 1.
[2026-05-15 10:05:57.099]<DEBUG> [TCP]TCP 0x0A06 parsed, updated 7-byte decision suffix.
[2026-05-15 10:05:57.099]<DEBUG> [TCP]New decision suffix: 2, 0, 0, 0, 0, 0, 0
[2026-05-15 10:05:57.099]<DEBUG> [TCP]Found potential 0x0A07 frame at index 0, cache size 1.
[2026-05-15 10:05:57.203]<DEBUG> [TCP]TCP 0x0A06 parsed, updated 7-byte decision suffix.
[2026-05-15 10:05:57.203]<DEBUG> [TCP]New decision suffix: 2, 0, 0, 0, 0, 0, 0
[2026-05-15 10:05:57.203]<DEBUG> [TCP]Found potential 0x0A07 frame at index 0, cache size 1.
[2026-05-15 10:05:57.300]<DEBUG> [TCP]TCP 0x0A06 parsed, updated 7-byte decision suffix.
[2026-05-15 10:05:57.300]<DEBUG> [TCP]New decision suffix: 2, 0, 0, 0, 0, 0, 0
[2026-05-15 10:05:57.300]<DEBUG> [TCP]Found potential 0x0A07 frame at index 0, cache size 1.
[2026-05-15 10:05:57.401]<DEBUG> [TCP]TCP 0x0A06 parsed, updated 7-byte decision suffix.
[2026-05-15 10:05:57.401]<DEBUG> [TCP]New decision suffix: 2, 0, 0, 0, 0, 0, 0
[2026-05-15 10:05:57.401]<DEBUG> [TCP]Found potential 0x0A07 frame at index 0, cache size 1.
[2026-05-15 10:05:57.499]<DEBUG> [TCP]TCP 0x0A06 parsed, updated 7-byte decision suffix.
[2026-05-15 10:05:57.499]<DEBUG> [TCP]New decision suffix: 2, 0, 0, 0, 0, 0, 0
[2026-05-15 10:05:57.499]<DEBUG> [TCP]Found potential 0x0A07 frame at index 0, cache size 1.
[2026-05-15 10:05:57.600]<DEBUG> [TCP]TCP 0x0A06 parsed, updated 7-byte decision suffix.
[2026-05-15 10:05:57.600]<DEBUG> [TCP]New decision suffix: 2, 0, 0, 0, 0, 0, 0
[2026-05-15 10:05:57.600]<DEBUG> [TCP]Found potential 0x0A07 frame at index 0, cache size 1.
[2026-05-15 10:05:57.701]<DEBUG> [TCP]TCP 0x0A06 parsed, updated 7-byte decision suffix.
[2026-05-15 10:05:57.701]<DEBUG> [TCP]New decision suffix: 2, 0, 0, 0, 0, 0, 0
[2026-05-15 10:05:57.701]<DEBUG> [TCP]Found potential 0x0A07 frame at index 0, cache size 1.
[2026-05-15 10:05:57.800]<DEBUG> [TCP]TCP 0x0A06 parsed, updated 7-byte decision suffix.
[2026-05-15 10:05:57.800]<DEBUG> [TCP]New decision suffix: 2, 0, 0, 0, 0, 0, 0
[2026-05-15 10:05:57.801]<DEBUG> [TCP]Found potential 0x0A07 frame at index 0, cache size 1.
[2026-05-15 10:05:57.903]<DEBUG> [TCP]TCP 0x0A06 parsed, updated 7-byte decision suffix.
[2026-05-15 10:05:57.903]<DEBUG> [TCP]New decision suffix: 2, 0, 0, 0, 0, 0, 0
[2026-05-15 10:05:57.903]<DEBUG> [TCP]Found potential 0x0A07 frame at index 0, cache size 1.
[2026-05-15 10:05:58.006]<DEBUG> [TCP]TCP 0x0A06 parsed, updated 7-byte decision suffix.
[2026-05-15 10:05:58.006]<DEBUG> [TCP]New decision suffix: 2, 0, 0, 0, 0, 0, 0
[2026-05-15 10:05:58.006]<DEBUG> [TCP]Found potential 0x0A07 frame at index 0, cache size 1.
[2026-05-15 10:05:58.106]<DEBUG> [TCP]TCP 0x0A06 parsed, updated 7-byte decision suffix.
[2026-05-15 10:05:58.106]<DEBUG> [TCP]New decision suffix: 2, 0, 0, 0, 0, 0, 0
[2026-05-15 10:05:58.106]<DEBUG> [TCP]Found potential 0x0A07 frame at index 0, cache size 1.
[2026-05-15 10:05:58.205]<DEBUG> [TCP]TCP 0x0A06 parsed, updated 7-byte decision suffix.
[2026-05-15 10:05:58.205]<DEBUG> [TCP]New decision suffix: 2, 0, 0, 0, 0, 0, 0
[2026-05-15 10:05:58.205]<DEBUG> [TCP]Found potential 0x0A07 frame at index 0, cache size 1.
[2026-05-15 10:05:58.307]<DEBUG> [TCP]TCP 0x0A06 parsed, updated 7-byte decision suffix.
[2026-05-15 10:05:58.307]<DEBUG> [TCP]New decision suffix: 2, 0, 0, 0, 0, 0, 0
[2026-05-15 10:05:58.307]<DEBUG> [TCP]Found potential 0x0A07 frame at index 0, cache size 1.
[2026-05-15 10:05:58.408]<DEBUG> [TCP]TCP 0x0A06 parsed, updated 7-byte decision suffix.
[2026-05-15 10:05:58.408]<DEBUG> [TCP]New decision suffix: 2, 0, 0, 0, 0, 0, 0
[2026-05-15 10:05:58.408]<DEBUG> [TCP]Found potential 0x0A07 frame at index 0, cache size 1.
[2026-05-15 10:05:58.506]<DEBUG> [TCP]TCP 0x0A06 parsed, updated 7-byte decision suffix.
[2026-05-15 10:05:58.506]<DEBUG> [TCP]New decision suffix: 2, 0, 0, 0, 0, 0, 0
[2026-05-15 10:05:58.506]<DEBUG> [TCP]Found potential 0x0A07 frame at index 0, cache size 1.
[2026-05-15 10:05:58.607]<DEBUG> [TCP]TCP 0x0A06 parsed, updated 7-byte decision suffix.
[2026-05-15 10:05:58.607]<DEBUG> [TCP]New decision suffix: 2, 0, 0, 0, 0, 0, 0
[2026-05-15 10:05:58.607]<DEBUG> [TCP]Found potential 0x0A07 frame at index 0, cache size 1.
[2026-05-15 10:05:58.713]<DEBUG> [TCP]TCP 0x0A06 parsed, updated 7-byte decision suffix.
[2026-05-15 10:05:58.713]<DEBUG> [TCP]New decision suffix: 2, 0, 0, 0, 0, 0, 0
[2026-05-15 10:05:58.713]<DEBUG> [TCP]Found potential 0x0A07 frame at index 0, cache size 1.
[2026-05-15 10:05:58.811]<DEBUG> [TCP]TCP 0x0A06 parsed, updated 7-byte decision suffix.
[2026-05-15 10:05:58.811]<DEBUG> [TCP]New decision suffix: 2, 0, 0, 0, 0, 0, 0
[2026-05-15 10:05:58.811]<DEBUG> [TCP]Found potential 0x0A07 frame at index 0, cache size 1.
[2026-05-15 10:05:58.914]<DEBUG> [TCP]TCP 0x0A06 parsed, updated 7-byte decision suffix.
[2026-05-15 10:05:58.915]<DEBUG> [TCP]New decision suffix: 2, 0, 0, 0, 0, 0, 0
[2026-05-15 10:05:58.915]<DEBUG> [TCP]Found potential 0x0A07 frame at index 0, cache size 1.
[2026-05-15 10:05:59.009]<DEBUG> [TCP]TCP 0x0A06 parsed, updated 7-byte decision suffix.
[2026-05-15 10:05:59.009]<DEBUG> [TCP]New decision suffix: 2, 0, 0, 0, 0, 0, 0
[2026-05-15 10:05:59.009]<DEBUG> [TCP]Found potential 0x0A07 frame at index 0, cache size 1.
[2026-05-15 10:05:59.115]<DEBUG> [TCP]TCP 0x0A06 parsed, updated 7-byte decision suffix.
[2026-05-15 10:05:59.115]<DEBUG> [TCP]New decision suffix: 2, 0, 0, 0, 0, 0, 0
[2026-05-15 10:05:59.115]<DEBUG> [TCP]Found potential 0x0A07 frame at index 0, cache size 1.
[2026-05-15 10:05:59.212]<DEBUG> [TCP]TCP 0x0A06 parsed, updated 7-byte decision suffix.
[2026-05-15 10:05:59.212]<DEBUG> [TCP]New decision suffix: 2, 0, 0, 0, 0, 0, 0
[2026-05-15 10:05:59.212]<DEBUG> [TCP]Found potential 0x0A07 frame at index 0, cache size 1.
[2026-05-15 10:05:59.312]<DEBUG> [TCP]TCP 0x0A06 parsed, updated 7-byte decision suffix.
[2026-05-15 10:05:59.313]<DEBUG> [TCP]New decision suffix: 2, 0, 0, 0, 0, 0, 0
[2026-05-15 10:05:59.313]<DEBUG> [TCP]Found potential 0x0A07 frame at index 0, cache size 1.
[2026-05-15 10:05:59.416]<DEBUG> [TCP]TCP 0x0A06 parsed, updated 7-byte decision suffix.
[2026-05-15 10:05:59.417]<DEBUG> [TCP]New decision suffix: 2, 0, 0, 0, 0, 0, 0
[2026-05-15 10:05:59.417]<DEBUG> [TCP]Found potential 0x0A07 frame at index 0, cache size 1.
[2026-05-15 10:05:59.518]<DEBUG> [TCP]TCP 0x0A06 parsed, updated 7-byte decision suffix.
[2026-05-15 10:05:59.518]<DEBUG> [TCP]New decision suffix: 2, 0, 0, 0, 0, 0, 0
[2026-05-15 10:05:59.518]<DEBUG> [TCP]Found potential 0x0A07 frame at index 0, cache size 1.
[2026-05-15 10:05:59.619]<DEBUG> [TCP]TCP 0x0A06 parsed, updated 7-byte decision suffix.
[2026-05-15 10:05:59.620]<DEBUG> [TCP]New decision suffix: 2, 0, 0, 0, 0, 0, 0
[2026-05-15 10:05:59.620]<DEBUG> [TCP]Found potential 0x0A07 frame at index 0, cache size 1.
[2026-05-15 10:05:59.715]<DEBUG> [TCP]TCP 0x0A06 parsed, updated 7-byte decision suffix.
[2026-05-15 10:05:59.715]<DEBUG> [TCP]New decision suffix: 2, 0, 0, 0, 0, 0, 0
[2026-05-15 10:05:59.715]<DEBUG> [TCP]Found potential 0x0A07 frame at index 0, cache size 1.
[2026-05-15 10:05:59.821]<DEBUG> [TCP]TCP 0x0A06 parsed, updated 7-byte decision suffix.
[2026-05-15 10:05:59.822]<DEBUG> [TCP]New decision suffix: 2, 0, 0, 0, 0, 0, 0
[2026-05-15 10:05:59.822]<DEBUG> [TCP]Found potential 0x0A07 frame at index 0, cache size 1.
[2026-05-15 10:05:59.918]<DEBUG> [TCP]TCP 0x0A06 parsed, updated 7-byte decision suffix.
[2026-05-15 10:05:59.918]<DEBUG> [TCP]New decision suffix: 2, 0, 0, 0, 0, 0, 0
[2026-05-15 10:05:59.918]<DEBUG> [TCP]Found potential 0x0A07 frame at index 0, cache size 1.
[2026-05-15 10:06:00.018]<DEBUG> [TCP]TCP 0x0A06 parsed, updated 7-byte decision suffix.
[2026-05-15 10:06:00.018]<DEBUG> [TCP]New decision suffix: 2, 0, 0, 0, 0, 0, 0
[2026-05-15 10:06:00.018]<DEBUG> [TCP]Found potential 0x0A07 frame at index 0, cache size 1.
[2026-05-15 10:06:00.124]<DEBUG> [TCP]TCP 0x0A06 parsed, updated 7-byte decision suffix.
[2026-05-15 10:06:00.124]<DEBUG> [TCP]New decision suffix: 2, 0, 0, 0, 0, 0, 0
[2026-05-15 10:06:00.125]<DEBUG> [TCP]Found potential 0x0A07 frame at index 0, cache size 1.
[2026-05-15 10:06:00.218]<DEBUG> [TCP]TCP 0x0A06 parsed, updated 7-byte decision suffix.
[2026-05-15 10:06:00.219]<DEBUG> [TCP]New decision suffix: 2, 0, 0, 0, 0, 0, 0
[2026-05-15 10:06:00.219]<DEBUG> [TCP]Found potential 0x0A07 frame at index 0, cache size 1.
[2026-05-15 10:06:00.324]<DEBUG> [TCP]TCP 0x0A06 parsed, updated 7-byte decision suffix.
[2026-05-15 10:06:00.324]<DEBUG> [TCP]New decision suffix: 2, 0, 0, 0, 0, 0, 0
[2026-05-15 10:06:00.325]<DEBUG> [TCP]Found potential 0x0A07 frame at index 0, cache size 1.
[2026-05-15 10:06:00.423]<DEBUG> [TCP]TCP 0x0A06 parsed, updated 7-byte decision suffix.
[2026-05-15 10:06:00.423]<DEBUG> [TCP]New decision suffix: 2, 0, 0, 0, 0, 0, 0
[2026-05-15 10:06:00.423]<DEBUG> [TCP]Found potential 0x0A07 frame at index 0, cache size 1.
[2026-05-15 10:06:00.531]<DEBUG> [TCP]TCP 0x0A06 parsed, updated 7-byte decision suffix.
[2026-05-15 10:06:00.532]<DEBUG> [TCP]New decision suffix: 2, 0, 0, 0, 0, 0, 0
[2026-05-15 10:06:00.532]<DEBUG> [TCP]Found potential 0x0A07 frame at index 0, cache size 1.
[2026-05-15 10:06:00.626]<DEBUG> [TCP]TCP 0x0A06 parsed, updated 7-byte decision suffix.
[2026-05-15 10:06:00.627]<DEBUG> [TCP]New decision suffix: 2, 0, 0, 0, 0, 0, 0
[2026-05-15 10:06:00.627]<DEBUG> [TCP]Found potential 0x0A07 frame at index 0, cache size 1.
[2026-05-15 10:06:00.722]<DEBUG> [TCP]TCP 0x0A06 parsed, updated 7-byte decision suffix.
[2026-05-15 10:06:00.722]<DEBUG> [TCP]New decision suffix: 2, 0, 0, 0, 0, 0, 0
[2026-05-15 10:06:00.722]<DEBUG> [TCP]Found potential 0x0A07 frame at index 0, cache size 1.
[2026-05-15 10:06:00.828]<DEBUG> [TCP]TCP 0x0A06 parsed, updated 7-byte decision suffix.
[2026-05-15 10:06:00.829]<DEBUG> [TCP]New decision suffix: 2, 0, 0, 0, 0, 0, 0
[2026-05-15 10:06:00.829]<DEBUG> [TCP]Found potential 0x0A07 frame at index 0, cache size 1.
[2026-05-15 10:06:00.924]<DEBUG> [TCP]TCP 0x0A06 parsed, updated 7-byte decision suffix.
[2026-05-15 10:06:00.924]<DEBUG> [TCP]New decision suffix: 2, 0, 0, 0, 0, 0, 0
[2026-05-15 10:06:00.924]<DEBUG> [TCP]Found potential 0x0A07 frame at index 0, cache size 1.
[2026-05-15 10:06:01.024]<DEBUG> [TCP]TCP 0x0A06 parsed, updated 7-byte decision suffix.
[2026-05-15 10:06:01.024]<DEBUG> [TCP]New decision suffix: 2, 0, 0, 0, 0, 0, 0
[2026-05-15 10:06:01.024]<DEBUG> [TCP]Found potential 0x0A07 frame at index 0, cache size 1.
[2026-05-15 10:06:01.125]<DEBUG> [TCP]TCP 0x0A06 parsed, updated 7-byte decision suffix.
[2026-05-15 10:06:01.125]<DEBUG> [TCP]New decision suffix: 2, 0, 0, 0, 0, 0, 0
[2026-05-15 10:06:01.125]<DEBUG> [TCP]Found potential 0x0A07 frame at index 0, cache size 1.
[2026-05-15 10:06:01.231]<DEBUG> [TCP]TCP 0x0A06 parsed, updated 7-byte decision suffix.
[2026-05-15 10:06:01.232]<DEBUG> [TCP]New decision suffix: 2, 0, 0, 0, 0, 0, 0
[2026-05-15 10:06:01.232]<DEBUG> [TCP]Found potential 0x0A07 frame at index 0, cache size 1.
[2026-05-15 10:06:01.330]<DEBUG> [TCP]TCP 0x0A06 parsed, updated 7-byte decision suffix.
[2026-05-15 10:06:01.330]<DEBUG> [TCP]New decision suffix: 2, 0, 0, 0, 0, 0, 0
[2026-05-15 10:06:01.330]<DEBUG> [TCP]Found potential 0x0A07 frame at index 0, cache size 1.
[2026-05-15 10:06:01.427]<DEBUG> [TCP]TCP 0x0A06 parsed, updated 7-byte decision suffix.
[2026-05-15 10:06:01.427]<DEBUG> [TCP]New decision suffix: 2, 0, 0, 0, 0, 0, 0
[2026-05-15 10:06:01.427]<DEBUG> [TCP]Found potential 0x0A07 frame at index 0, cache size 1.
[2026-05-15 10:06:01.529]<DEBUG> [TCP]TCP 0x0A06 parsed, updated 7-byte decision suffix.
[2026-05-15 10:06:01.529]<DEBUG> [TCP]New decision suffix: 2, 0, 0, 0, 0, 0, 0
[2026-05-15 10:06:01.529]<DEBUG> [TCP]Found potential 0x0A07 frame at index 0, cache size 1.
[2026-05-15 10:06:01.632]<DEBUG> [TCP]TCP 0x0A06 parsed, updated 7-byte decision suffix.
[2026-05-15 10:06:01.632]<DEBUG> [TCP]New decision suffix: 2, 0, 0, 0, 0, 0, 0
[2026-05-15 10:06:01.632]<DEBUG> [TCP]Found potential 0x0A07 frame at index 0, cache size 1.
[2026-05-15 10:06:01.734]<DEBUG> [TCP]TCP 0x0A06 parsed, updated 7-byte decision suffix.
[2026-05-15 10:06:01.735]<DEBUG> [TCP]New decision suffix: 2, 0, 0, 0, 0, 0, 0
[2026-05-15 10:06:01.735]<DEBUG> [TCP]Found potential 0x0A07 frame at index 0, cache size 1.
[2026-05-15 10:06:01.836]<DEBUG> [TCP]TCP 0x0A06 parsed, updated 7-byte decision suffix.
[2026-05-15 10:06:01.837]<DEBUG> [TCP]New decision suffix: 2, 0, 0, 0, 0, 0, 0
[2026-05-15 10:06:01.837]<DEBUG> [TCP]Found potential 0x0A07 frame at index 0, cache size 1.
[2026-05-15 10:06:01.932]<DEBUG> [TCP]TCP 0x0A06 parsed, updated 7-byte decision suffix.
[2026-05-15 10:06:01.932]<DEBUG> [TCP]New decision suffix: 2, 0, 0, 0, 0, 0, 0
[2026-05-15 10:06:01.932]<DEBUG> [TCP]Found potential 0x0A07 frame at index 0, cache size 1.
[2026-05-15 10:06:02.034]<DEBUG> [TCP]TCP 0x0A06 parsed, updated 7-byte decision suffix.
[2026-05-15 10:06:02.034]<DEBUG> [TCP]New decision suffix: 2, 0, 0, 0, 0, 0, 0
[2026-05-15 10:06:02.034]<DEBUG> [TCP]Found potential 0x0A07 frame at index 0, cache size 1.
[2026-05-15 10:06:02.134]<DEBUG> [TCP]TCP 0x0A06 parsed, updated 7-byte decision suffix.
[2026-05-15 10:06:02.134]<DEBUG> [TCP]New decision suffix: 2, 0, 0, 0, 0, 0, 0
[2026-05-15 10:06:02.134]<DEBUG> [TCP]Found potential 0x0A07 frame at index 0, cache size 1.
[2026-05-15 10:06:02.239]<DEBUG> [TCP]TCP 0x0A06 parsed, updated 7-byte decision suffix.
[2026-05-15 10:06:02.239]<DEBUG> [TCP]New decision suffix: 2, 0, 0, 0, 0, 0, 0
[2026-05-15 10:06:02.239]<DEBUG> [TCP]Found potential 0x0A07 frame at index 0, cache size 1.
[2026-05-15 10:06:02.334]<DEBUG> [TCP]TCP 0x0A06 parsed, updated 7-byte decision suffix.
[2026-05-15 10:06:02.335]<DEBUG> [TCP]New decision suffix: 2, 0, 0, 0, 0, 0, 0
[2026-05-15 10:06:02.335]<DEBUG> [TCP]Found potential 0x0A07 frame at index 0, cache size 1.
[2026-05-15 10:06:02.440]<DEBUG> [TCP]TCP 0x0A06 parsed, updated 7-byte decision suffix.
[2026-05-15 10:06:02.441]<DEBUG> [TCP]New decision suffix: 2, 0, 0, 0, 0, 0, 0
[2026-05-15 10:06:02.441]<DEBUG> [TCP]Found potential 0x0A07 frame at index 0, cache size 1.
[2026-05-15 10:06:02.539]<DEBUG> [TCP]TCP 0x0A06 parsed, updated 7-byte decision suffix.
[2026-05-15 10:06:02.539]<DEBUG> [TCP]New decision suffix: 2, 0, 0, 0, 0, 0, 0
[2026-05-15 10:06:02.539]<DEBUG> [TCP]Found potential 0x0A07 frame at index 0, cache size 1.
[2026-05-15 10:06:02.638]<DEBUG> [TCP]TCP 0x0A06 parsed, updated 7-byte decision suffix.
[2026-05-15 10:06:02.638]<DEBUG> [TCP]New decision suffix: 2, 0, 0, 0, 0, 0, 0
[2026-05-15 10:06:02.638]<DEBUG> [TCP]Found potential 0x0A07 frame at index 0, cache size 1.
[2026-05-15 10:06:02.738]<DEBUG> [TCP]TCP 0x0A06 parsed, updated 7-byte decision suffix.
[2026-05-15 10:06:02.738]<DEBUG> [TCP]New decision suffix: 2, 0, 0, 0, 0, 0, 0
[2026-05-15 10:06:02.738]<DEBUG> [TCP]Found potential 0x0A07 frame at index 0, cache size 1.
[2026-05-15 10:06:02.838]<DEBUG> [TCP]TCP 0x0A06 parsed, updated 7-byte decision suffix.
[2026-05-15 10:06:02.838]<DEBUG> [TCP]New decision suffix: 2, 0, 0, 0, 0, 0, 0
[2026-05-15 10:06:02.838]<DEBUG> [TCP]Found potential 0x0A07 frame at index 0, cache size 1.
[2026-05-15 10:06:02.946]<DEBUG> [TCP]TCP 0x0A06 parsed, updated 7-byte decision suffix.
[2026-05-15 10:06:02.947]<DEBUG> [TCP]New decision suffix: 2, 0, 0, 0, 0, 0, 0
[2026-05-15 10:06:02.947]<DEBUG> [TCP]Found potential 0x0A07 frame at index 0, cache size 1.
[2026-05-15 10:06:03.049]<DEBUG> [TCP]TCP 0x0A06 parsed, updated 7-byte decision suffix.
[2026-05-15 10:06:03.049]<DEBUG> [TCP]New decision suffix: 2, 0, 0, 0, 0, 0, 0
[2026-05-15 10:06:03.049]<DEBUG> [TCP]Found potential 0x0A07 frame at index 0, cache size 1.
[2026-05-15 10:06:03.152]<DEBUG> [TCP]TCP 0x0A06 parsed, updated 7-byte decision suffix.
[2026-05-15 10:06:03.153]<DEBUG> [TCP]New decision suffix: 2, 0, 0, 0, 0, 0, 0
[2026-05-15 10:06:03.153]<DEBUG> [TCP]Found potential 0x0A07 frame at index 0, cache size 1.
[2026-05-15 10:06:03.248]<DEBUG> [TCP]TCP 0x0A06 parsed, updated 7-byte decision suffix.
[2026-05-15 10:06:03.248]<DEBUG> [TCP]New decision suffix: 2, 0, 0, 0, 0, 0, 0
[2026-05-15 10:06:03.248]<DEBUG> [TCP]Found potential 0x0A07 frame at index 0, cache size 1.
[2026-05-15 10:06:03.346]<DEBUG> [TCP]TCP 0x0A06 parsed, updated 7-byte decision suffix.
[2026-05-15 10:06:03.346]<DEBUG> [TCP]New decision suffix: 2, 0, 0, 0, 0, 0, 0
[2026-05-15 10:06:03.346]<DEBUG> [TCP]Found potential 0x0A07 frame at index 0, cache size 1.
[2026-05-15 10:06:03.448]<DEBUG> [TCP]TCP 0x0A06 parsed, updated 7-byte decision suffix.
[2026-05-15 10:06:03.448]<DEBUG> [TCP]New decision suffix: 2, 0, 0, 0, 0, 0, 0
[2026-05-15 10:06:03.448]<DEBUG> [TCP]Found potential 0x0A07 frame at index 0, cache size 1.
[2026-05-15 10:06:03.546]<DEBUG> [TCP]TCP 0x0A06 parsed, updated 7-byte decision suffix.
[2026-05-15 10:06:03.547]<DEBUG> [TCP]New decision suffix: 2, 0, 0, 0, 0, 0, 0
[2026-05-15 10:06:03.547]<DEBUG> [TCP]Found potential 0x0A07 frame at index 0, cache size 1.
[2026-05-15 10:06:03.652]<DEBUG> [TCP]TCP 0x0A06 parsed, updated 7-byte decision suffix.
[2026-05-15 10:06:03.652]<DEBUG> [TCP]New decision suffix: 2, 0, 0, 0, 0, 0, 0
[2026-05-15 10:06:03.652]<DEBUG> [TCP]Found potential 0x0A07 frame at index 0, cache size 1.
[2026-05-15 10:06:03.752]<DEBUG> [TCP]TCP 0x0A06 parsed, updated 7-byte decision suffix.
[2026-05-15 10:06:03.752]<DEBUG> [TCP]New decision suffix: 2, 0, 0, 0, 0, 0, 0
[2026-05-15 10:06:03.752]<DEBUG> [TCP]Found potential 0x0A07 frame at index 0, cache size 1.
[2026-05-15 10:06:03.849]<DEBUG> [TCP]TCP 0x0A06 parsed, updated 7-byte decision suffix.
[2026-05-15 10:06:03.849]<DEBUG> [TCP]New decision suffix: 2, 0, 0, 0, 0, 0, 0
[2026-05-15 10:06:03.849]<DEBUG> [TCP]Found potential 0x0A07 frame at index 0, cache size 1.
[2026-05-15 10:06:03.955]<DEBUG> [TCP]TCP 0x0A06 parsed, updated 7-byte decision suffix.
[2026-05-15 10:06:03.955]<DEBUG> [TCP]New decision suffix: 2, 0, 0, 0, 0, 0, 0
[2026-05-15 10:06:03.955]<DEBUG> [TCP]Found potential 0x0A07 frame at index 0, cache size 1.
[2026-05-15 10:06:04.054]<DEBUG> [TCP]TCP 0x0A06 parsed, updated 7-byte decision suffix.
[2026-05-15 10:06:04.054]<DEBUG> [TCP]New decision suffix: 2, 0, 0, 0, 0, 0, 0
[2026-05-15 10:06:04.054]<DEBUG> [TCP]Found potential 0x0A07 frame at index 0, cache size 1.
[2026-05-15 10:06:04.160]<DEBUG> [TCP]TCP 0x0A06 parsed, updated 7-byte decision suffix.
[2026-05-15 10:06:04.160]<DEBUG> [TCP]New decision suffix: 2, 0, 0, 0, 0, 0, 0
[2026-05-15 10:06:04.160]<DEBUG> [TCP]Found potential 0x0A07 frame at index 0, cache size 1.
[2026-05-15 10:06:04.255]<DEBUG> [TCP]TCP 0x0A06 parsed, updated 7-byte decision suffix.
[2026-05-15 10:06:04.255]<DEBUG> [TCP]New decision suffix: 2, 0, 0, 0, 0, 0, 0
[2026-05-15 10:06:04.255]<DEBUG> [TCP]Found potential 0x0A07 frame at index 0, cache size 1.
[2026-05-15 10:06:04.647]<DEBUG> [TCP]TCP 0x0A06 parsed, updated 7-byte decision suffix.
[2026-05-15 10:06:04.647]<DEBUG> [TCP]New decision suffix: 2, 0, 0, 0, 0, 0, 0
[2026-05-15 10:06:04.647]<DEBUG> [TCP]Found potential 0x0A07 frame at index 0, cache size 1.
[2026-05-15 10:06:04.647]<DEBUG> [TCP]TCP 0x0A06 parsed, updated 7-byte decision suffix.
[2026-05-15 10:06:04.647]<DEBUG> [TCP]New decision suffix: 2, 0, 0, 0, 0, 0, 0
[2026-05-15 10:06:04.648]<DEBUG> [TCP]Found potential 0x0A07 frame at index 0, cache size 1.
[2026-05-15 10:06:04.648]<DEBUG> [TCP]TCP 0x0A06 parsed, updated 7-byte decision suffix.
[2026-05-15 10:06:04.648]<DEBUG> [TCP]New decision suffix: 2, 0, 0, 0, 0, 0, 0
[2026-05-15 10:06:04.648]<DEBUG> [TCP]Found potential 0x0A07 frame at index 0, cache size 1.
[2026-05-15 10:06:04.706]<DEBUG> [TCP]TCP 0x0A06 parsed, updated 7-byte decision suffix.
[2026-05-15 10:06:04.706]<DEBUG> [TCP]New decision suffix: 2, 0, 0, 0, 0, 0, 0
[2026-05-15 10:06:04.706]<DEBUG> [TCP]Found potential 0x0A07 frame at index 0, cache size 1.
[2026-05-15 10:06:04.762]<DEBUG> [TCP]TCP 0x0A06 parsed, updated 7-byte decision suffix.
[2026-05-15 10:06:04.762]<DEBUG> [TCP]New decision suffix: 2, 0, 0, 0, 0, 0, 0
[2026-05-15 10:06:04.762]<DEBUG> [TCP]Found potential 0x0A07 frame at index 0, cache size 1.
[2026-05-15 10:06:04.866]<DEBUG> [TCP]TCP 0x0A06 parsed, updated 7-byte decision suffix.
[2026-05-15 10:06:04.867]<DEBUG> [TCP]New decision suffix: 2, 0, 0, 0, 0, 0, 0
[2026-05-15 10:06:04.867]<DEBUG> [TCP]Found potential 0x0A07 frame at index 0, cache size 1.
[2026-05-15 10:06:04.960]<DEBUG> [TCP]TCP 0x0A06 parsed, updated 7-byte decision suffix.
[2026-05-15 10:06:04.960]<DEBUG> [TCP]New decision suffix: 2, 0, 0, 0, 0, 0, 0
[2026-05-15 10:06:04.960]<DEBUG> [TCP]Found potential 0x0A07 frame at index 0, cache size 1.
[2026-05-15 10:06:05.061]<DEBUG> [TCP]TCP 0x0A06 parsed, updated 7-byte decision suffix.
[2026-05-15 10:06:05.061]<DEBUG> [TCP]New decision suffix: 2, 0, 0, 0, 0, 0, 0
[2026-05-15 10:06:05.061]<DEBUG> [TCP]Found potential 0x0A07 frame at index 0, cache size 1.
[2026-05-15 10:06:05.166]<DEBUG> [TCP]TCP 0x0A06 parsed, updated 7-byte decision suffix.
[2026-05-15 10:06:05.166]<DEBUG> [TCP]New decision suffix: 2, 0, 0, 0, 0, 0, 0
[2026-05-15 10:06:05.166]<DEBUG> [TCP]Found potential 0x0A07 frame at index 0, cache size 1.
[2026-05-15 10:06:05.268]<DEBUG> [TCP]TCP 0x0A06 parsed, updated 7-byte decision suffix.
[2026-05-15 10:06:05.268]<DEBUG> [TCP]New decision suffix: 2, 0, 0, 0, 0, 0, 0
[2026-05-15 10:06:05.268]<DEBUG> [TCP]Found potential 0x0A07 frame at index 0, cache size 1.
[2026-05-15 10:06:05.367]<DEBUG> [TCP]TCP 0x0A06 parsed, updated 7-byte decision suffix.
[2026-05-15 10:06:05.367]<DEBUG> [TCP]New decision suffix: 2, 0, 0, 0, 0, 0, 0
[2026-05-15 10:06:05.367]<DEBUG> [TCP]Found potential 0x0A07 frame at index 0, cache size 1.
[2026-05-15 10:06:05.466]<DEBUG> [TCP]TCP 0x0A06 parsed, updated 7-byte decision suffix.
[2026-05-15 10:06:05.466]<DEBUG> [TCP]New decision suffix: 2, 0, 0, 0, 0, 0, 0
[2026-05-15 10:06:05.466]<DEBUG> [TCP]Found potential 0x0A07 frame at index 0, cache size 1.
[2026-05-15 10:06:05.567]<DEBUG> [TCP]TCP 0x0A06 parsed, updated 7-byte decision suffix.
[2026-05-15 10:06:05.568]<DEBUG> [TCP]New decision suffix: 2, 0, 0, 0, 0, 0, 0
[2026-05-15 10:06:05.568]<DEBUG> [TCP]Found potential 0x0A07 frame at index 0, cache size 1.
[2026-05-15 10:06:05.665]<DEBUG> [TCP]TCP 0x0A06 parsed, updated 7-byte decision suffix.
[2026-05-15 10:06:05.665]<DEBUG> [TCP]New decision suffix: 2, 0, 0, 0, 0, 0, 0
[2026-05-15 10:06:05.665]<DEBUG> [TCP]Found potential 0x0A07 frame at index 0, cache size 1.
[2026-05-15 10:06:05.768]<DEBUG> [TCP]TCP 0x0A06 parsed, updated 7-byte decision suffix.
[2026-05-15 10:06:05.768]<DEBUG> [TCP]New decision suffix: 2, 0, 0, 0, 0, 0, 0
[2026-05-15 10:06:05.768]<DEBUG> [TCP]Found potential 0x0A07 frame at index 0, cache size 1.
[2026-05-15 10:06:05.871]<DEBUG> [TCP]TCP 0x0A06 parsed, updated 7-byte decision suffix.
[2026-05-15 10:06:05.871]<DEBUG> [TCP]New decision suffix: 2, 0, 0, 0, 0, 0, 0
[2026-05-15 10:06:05.871]<DEBUG> [TCP]Found potential 0x0A07 frame at index 0, cache size 1.
[2026-05-15 10:06:05.966]<DEBUG> [TCP]TCP 0x0A06 parsed, updated 7-byte decision suffix.
[2026-05-15 10:06:05.966]<DEBUG> [TCP]New decision suffix: 2, 0, 0, 0, 0, 0, 0
[2026-05-15 10:06:05.966]<DEBUG> [TCP]Found potential 0x0A07 frame at index 0, cache size 1.
[2026-05-15 10:06:06.073]<DEBUG> [TCP]TCP 0x0A06 parsed, updated 7-byte decision suffix.
[2026-05-15 10:06:06.073]<DEBUG> [TCP]New decision suffix: 2, 0, 0, 0, 0, 0, 0
[2026-05-15 10:06:06.073]<DEBUG> [TCP]Found potential 0x0A07 frame at index 0, cache size 1.
[2026-05-15 10:06:06.179]<DEBUG> [TCP]TCP 0x0A06 parsed, updated 7-byte decision suffix.
[2026-05-15 10:06:06.179]<DEBUG> [TCP]New decision suffix: 2, 0, 0, 0, 0, 0, 0
[2026-05-15 10:06:06.179]<DEBUG> [TCP]Found potential 0x0A07 frame at index 0, cache size 1.
[2026-05-15 10:06:06.271]<DEBUG> [TCP]TCP 0x0A06 parsed, updated 7-byte decision suffix.
[2026-05-15 10:06:06.272]<DEBUG> [TCP]New decision suffix: 2, 0, 0, 0, 0, 0, 0
[2026-05-15 10:06:06.272]<DEBUG> [TCP]Found potential 0x0A07 frame at index 0, cache size 1.
[2026-05-15 10:06:06.373]<DEBUG> [TCP]TCP 0x0A06 parsed, updated 7-byte decision suffix.
[2026-05-15 10:06:06.373]<DEBUG> [TCP]New decision suffix: 2, 0, 0, 0, 0, 0, 0
[2026-05-15 10:06:06.373]<DEBUG> [TCP]Found potential 0x0A07 frame at index 0, cache size 1.
[2026-05-15 10:06:06.471]<DEBUG> [TCP]TCP 0x0A06 parsed, updated 7-byte decision suffix.
[2026-05-15 10:06:06.472]<DEBUG> [TCP]New decision suffix: 2, 0, 0, 0, 0, 0, 0
[2026-05-15 10:06:06.472]<DEBUG> [TCP]Found potential 0x0A07 frame at index 0, cache size 1.
[2026-05-15 10:06:06.572]<DEBUG> [TCP]TCP 0x0A06 parsed, updated 7-byte decision suffix.
[2026-05-15 10:06:06.572]<DEBUG> [TCP]New decision suffix: 2, 0, 0, 0, 0, 0, 0
[2026-05-15 10:06:06.572]<DEBUG> [TCP]Found potential 0x0A07 frame at index 0, cache size 1.
[2026-05-15 10:06:06.678]<DEBUG> [TCP]TCP 0x0A06 parsed, updated 7-byte decision suffix.
[2026-05-15 10:06:06.678]<DEBUG> [TCP]New decision suffix: 2, 0, 0, 0, 0, 0, 0
[2026-05-15 10:06:06.679]<DEBUG> [TCP]Found potential 0x0A07 frame at index 0, cache size 1.
[2026-05-15 10:06:06.776]<DEBUG> [TCP]TCP 0x0A06 parsed, updated 7-byte decision suffix.
[2026-05-15 10:06:06.776]<DEBUG> [TCP]New decision suffix: 2, 0, 0, 0, 0, 0, 0
[2026-05-15 10:06:06.776]<DEBUG> [TCP]Found potential 0x0A07 frame at index 0, cache size 1.
[2026-05-15 10:06:06.881]<DEBUG> [TCP]TCP 0x0A06 parsed, updated 7-byte decision suffix.
[2026-05-15 10:06:06.882]<DEBUG> [TCP]New decision suffix: 2, 0, 0, 0, 0, 0, 0
[2026-05-15 10:06:06.882]<DEBUG> [TCP]Found potential 0x0A07 frame at index 0, cache size 1.
[2026-05-15 10:06:06.976]<DEBUG> [TCP]TCP 0x0A06 parsed, updated 7-byte decision suffix.
[2026-05-15 10:06:06.976]<DEBUG> [TCP]New decision suffix: 2, 0, 0, 0, 0, 0, 0
[2026-05-15 10:06:06.976]<DEBUG> [TCP]Found potential 0x0A07 frame at index 0, cache size 1.
[2026-05-15 10:06:07.079]<DEBUG> [TCP]TCP 0x0A06 parsed, updated 7-byte decision suffix.
[2026-05-15 10:06:07.079]<DEBUG> [TCP]New decision suffix: 2, 0, 0, 0, 0, 0, 0
[2026-05-15 10:06:07.079]<DEBUG> [TCP]Found potential 0x0A07 frame at index 0, cache size 1.
[2026-05-15 10:06:07.181]<DEBUG> [TCP]TCP 0x0A06 parsed, updated 7-byte decision suffix.
[2026-05-15 10:06:07.181]<DEBUG> [TCP]New decision suffix: 2, 0, 0, 0, 0, 0, 0
[2026-05-15 10:06:07.181]<DEBUG> [TCP]Found potential 0x0A07 frame at index 0, cache size 1.
[2026-05-15 10:06:07.283]<DEBUG> [TCP]TCP 0x0A06 parsed, updated 7-byte decision suffix.
[2026-05-15 10:06:07.283]<DEBUG> [TCP]New decision suffix: 2, 0, 0, 0, 0, 0, 0
[2026-05-15 10:06:07.283]<DEBUG> [TCP]Found potential 0x0A07 frame at index 0, cache size 1.
[2026-05-15 10:06:07.385]<DEBUG> [TCP]TCP 0x0A06 parsed, updated 7-byte decision suffix.
[2026-05-15 10:06:07.385]<DEBUG> [TCP]New decision suffix: 2, 0, 0, 0, 0, 0, 0
[2026-05-15 10:06:07.385]<DEBUG> [TCP]Found potential 0x0A07 frame at index 0, cache size 1.
[2026-05-15 10:06:07.485]<DEBUG> [TCP]TCP 0x0A06 parsed, updated 7-byte decision suffix.
[2026-05-15 10:06:07.485]<DEBUG> [TCP]New decision suffix: 2, 0, 0, 0, 0, 0, 0
[2026-05-15 10:06:07.485]<DEBUG> [TCP]Found potential 0x0A07 frame at index 0, cache size 1.
[2026-05-15 10:06:07.586]<DEBUG> [TCP]TCP 0x0A06 parsed, updated 7-byte decision suffix.
[2026-05-15 10:06:07.586]<DEBUG> [TCP]New decision suffix: 2, 0, 0, 0, 0, 0, 0
[2026-05-15 10:06:07.586]<DEBUG> [TCP]Found potential 0x0A07 frame at index 0, cache size 1.
[2026-05-15 10:06:07.683]<DEBUG> [TCP]TCP 0x0A06 parsed, updated 7-byte decision suffix.
[2026-05-15 10:06:07.684]<DEBUG> [TCP]New decision suffix: 2, 0, 0, 0, 0, 0, 0
[2026-05-15 10:06:07.684]<DEBUG> [TCP]Found potential 0x0A07 frame at index 0, cache size 1.
[2026-05-15 10:06:07.784]<DEBUG> [TCP]TCP 0x0A06 parsed, updated 7-byte decision suffix.
[2026-05-15 10:06:07.784]<DEBUG> [TCP]New decision suffix: 2, 0, 0, 0, 0, 0, 0
[2026-05-15 10:06:07.784]<DEBUG> [TCP]Found potential 0x0A07 frame at index 0, cache size 1.
[2026-05-15 10:06:07.884]<DEBUG> [TCP]TCP 0x0A06 parsed, updated 7-byte decision suffix.
[2026-05-15 10:06:07.884]<DEBUG> [TCP]New decision suffix: 2, 0, 0, 0, 0, 0, 0
[2026-05-15 10:06:07.884]<DEBUG> [TCP]Found potential 0x0A07 frame at index 0, cache size 1.
[2026-05-15 10:06:07.984]<DEBUG> [TCP]TCP 0x0A06 parsed, updated 7-byte decision suffix.
[2026-05-15 10:06:07.984]<DEBUG> [TCP]New decision suffix: 2, 0, 0, 0, 0, 0, 0
[2026-05-15 10:06:07.984]<DEBUG> [TCP]Found potential 0x0A07 frame at index 0, cache size 1.
[2026-05-15 10:06:08.084]<DEBUG> [TCP]TCP 0x0A06 parsed, updated 7-byte decision suffix.
[2026-05-15 10:06:08.084]<DEBUG> [TCP]New decision suffix: 2, 0, 0, 0, 0, 0, 0
[2026-05-15 10:06:08.084]<DEBUG> [TCP]Found potential 0x0A07 frame at index 0, cache size 1.
[2026-05-15 10:06:08.186]<DEBUG> [TCP]TCP 0x0A06 parsed, updated 7-byte decision suffix.
[2026-05-15 10:06:08.186]<DEBUG> [TCP]New decision suffix: 2, 0, 0, 0, 0, 0, 0
[2026-05-15 10:06:08.186]<DEBUG> [TCP]Found potential 0x0A07 frame at index 0, cache size 1.
[2026-05-15 10:06:08.289]<DEBUG> [TCP]TCP 0x0A06 parsed, updated 7-byte decision suffix.
[2026-05-15 10:06:08.289]<DEBUG> [TCP]New decision suffix: 2, 0, 0, 0, 0, 0, 0
[2026-05-15 10:06:08.289]<DEBUG> [TCP]Found potential 0x0A07 frame at index 0, cache size 1.
[2026-05-15 10:06:08.391]<DEBUG> [TCP]TCP 0x0A06 parsed, updated 7-byte decision suffix.
[2026-05-15 10:06:08.391]<DEBUG> [TCP]New decision suffix: 2, 0, 0, 0, 0, 0, 0
[2026-05-15 10:06:08.391]<DEBUG> [TCP]Found potential 0x0A07 frame at index 0, cache size 1.
[2026-05-15 10:06:08.492]<DEBUG> [TCP]TCP 0x0A06 parsed, updated 7-byte decision suffix.
[2026-05-15 10:06:08.492]<DEBUG> [TCP]New decision suffix: 2, 0, 0, 0, 0, 0, 0
[2026-05-15 10:06:08.493]<DEBUG> [TCP]Found potential 0x0A07 frame at index 0, cache size 1.
[2026-05-15 10:06:08.593]<DEBUG> [TCP]TCP 0x0A06 parsed, updated 7-byte decision suffix.
[2026-05-15 10:06:08.593]<DEBUG> [TCP]New decision suffix: 2, 0, 0, 0, 0, 0, 0
[2026-05-15 10:06:08.593]<DEBUG> [TCP]Found potential 0x0A07 frame at index 0, cache size 1.
[2026-05-15 10:06:08.696]<DEBUG> [TCP]TCP 0x0A06 parsed, updated 7-byte decision suffix.
[2026-05-15 10:06:08.697]<DEBUG> [TCP]New decision suffix: 2, 0, 0, 0, 0, 0, 0
[2026-05-15 10:06:08.697]<DEBUG> [TCP]Found potential 0x0A07 frame at index 0, cache size 1.
[2026-05-15 10:06:08.794]<DEBUG> [TCP]TCP 0x0A06 parsed, updated 7-byte decision suffix.
[2026-05-15 10:06:08.795]<DEBUG> [TCP]New decision suffix: 2, 0, 0, 0, 0, 0, 0
[2026-05-15 10:06:08.795]<DEBUG> [TCP]Found potential 0x0A07 frame at index 0, cache size 1.
[2026-05-15 10:06:08.893]<DEBUG> [TCP]TCP 0x0A06 parsed, updated 7-byte decision suffix.
[2026-05-15 10:06:08.893]<DEBUG> [TCP]New decision suffix: 2, 0, 0, 0, 0, 0, 0
[2026-05-15 10:06:08.893]<DEBUG> [TCP]Found potential 0x0A07 frame at index 0, cache size 1.
[2026-05-15 10:06:08.994]<DEBUG> [TCP]TCP 0x0A06 parsed, updated 7-byte decision suffix.
[2026-05-15 10:06:08.994]<DEBUG> [TCP]New decision suffix: 2, 0, 0, 0, 0, 0, 0
[2026-05-15 10:06:08.994]<DEBUG> [TCP]Found potential 0x0A07 frame at index 0, cache size 1.
[2026-05-15 10:06:09.098]<DEBUG> [TCP]TCP 0x0A06 parsed, updated 7-byte decision suffix.
[2026-05-15 10:06:09.098]<DEBUG> [TCP]New decision suffix: 2, 0, 0, 0, 0, 0, 0
[2026-05-15 10:06:09.098]<DEBUG> [TCP]Found potential 0x0A07 frame at index 0, cache size 1.
[2026-05-15 10:06:09.194]<DEBUG> [TCP]TCP 0x0A06 parsed, updated 7-byte decision suffix.
[2026-05-15 10:06:09.194]<DEBUG> [TCP]New decision suffix: 2, 0, 0, 0, 0, 0, 0
[2026-05-15 10:06:09.194]<DEBUG> [TCP]Found potential 0x0A07 frame at index 0, cache size 1.
[2026-05-15 10:06:09.301]<DEBUG> [TCP]TCP 0x0A06 parsed, updated 7-byte decision suffix.
[2026-05-15 10:06:09.301]<DEBUG> [TCP]New decision suffix: 2, 0, 0, 0, 0, 0, 0
[2026-05-15 10:06:09.301]<DEBUG> [TCP]Found potential 0x0A07 frame at index 0, cache size 1.
[2026-05-15 10:06:09.395]<DEBUG> [TCP]TCP 0x0A06 parsed, updated 7-byte decision suffix.
[2026-05-15 10:06:09.396]<DEBUG> [TCP]New decision suffix: 2, 0, 0, 0, 0, 0, 0
[2026-05-15 10:06:09.396]<DEBUG> [TCP]Found potential 0x0A07 frame at index 0, cache size 1.
[2026-05-15 10:06:09.500]<DEBUG> [TCP]TCP 0x0A06 parsed, updated 7-byte decision suffix.
[2026-05-15 10:06:09.500]<DEBUG> [TCP]New decision suffix: 2, 0, 0, 0, 0, 0, 0
[2026-05-15 10:06:09.500]<DEBUG> [TCP]Found potential 0x0A07 frame at index 0, cache size 1.
[2026-05-15 10:06:09.602]<DEBUG> [TCP]TCP 0x0A06 parsed, updated 7-byte decision suffix.
[2026-05-15 10:06:09.602]<DEBUG> [TCP]New decision suffix: 2, 0, 0, 0, 0, 0, 0
[2026-05-15 10:06:09.602]<DEBUG> [TCP]Found potential 0x0A07 frame at index 0, cache size 1.
[2026-05-15 10:06:09.702]<DEBUG> [TCP]TCP 0x0A06 parsed, updated 7-byte decision suffix.
[2026-05-15 10:06:09.702]<DEBUG> [TCP]New decision suffix: 2, 0, 0, 0, 0, 0, 0
[2026-05-15 10:06:09.702]<DEBUG> [TCP]Found potential 0x0A07 frame at index 0, cache size 1.
[2026-05-15 10:06:09.800]<DEBUG> [TCP]TCP 0x0A06 parsed, updated 7-byte decision suffix.
[2026-05-15 10:06:09.800]<DEBUG> [TCP]New decision suffix: 2, 0, 0, 0, 0, 0, 0
[2026-05-15 10:06:09.800]<DEBUG> [TCP]Found potential 0x0A07 frame at index 0, cache size 1.
[2026-05-15 10:06:09.907]<DEBUG> [TCP]TCP 0x0A06 parsed, updated 7-byte decision suffix.
[2026-05-15 10:06:09.907]<DEBUG> [TCP]New decision suffix: 2, 0, 0, 0, 0, 0, 0
[2026-05-15 10:06:09.907]<DEBUG> [TCP]Found potential 0x0A07 frame at index 0, cache size 1.
[2026-05-15 10:06:10.005]<DEBUG> [TCP]TCP 0x0A06 parsed, updated 7-byte decision suffix.
[2026-05-15 10:06:10.005]<DEBUG> [TCP]New decision suffix: 2, 0, 0, 0, 0, 0, 0
[2026-05-15 10:06:10.005]<DEBUG> [TCP]Found potential 0x0A07 frame at index 0, cache size 1.
[2026-05-15 10:06:10.108]<DEBUG> [TCP]TCP 0x0A06 parsed, updated 7-byte decision suffix.
[2026-05-15 10:06:10.108]<DEBUG> [TCP]New decision suffix: 2, 0, 0, 0, 0, 0, 0
[2026-05-15 10:06:10.108]<DEBUG> [TCP]Found potential 0x0A07 frame at index 0, cache size 1.
[2026-05-15 10:06:10.205]<DEBUG> [TCP]TCP 0x0A06 parsed, updated 7-byte decision suffix.
[2026-05-15 10:06:10.206]<DEBUG> [TCP]New decision suffix: 2, 0, 0, 0, 0, 0, 0
[2026-05-15 10:06:10.206]<DEBUG> [TCP]Found potential 0x0A07 frame at index 0, cache size 1.
[2026-05-15 10:06:10.307]<DEBUG> [TCP]TCP 0x0A06 parsed, updated 7-byte decision suffix.
[2026-05-15 10:06:10.308]<DEBUG> [TCP]New decision suffix: 2, 0, 0, 0, 0, 0, 0
[2026-05-15 10:06:10.308]<DEBUG> [TCP]Found potential 0x0A07 frame at index 0, cache size 1.
[2026-05-15 10:06:10.413]<DEBUG> [TCP]TCP 0x0A06 parsed, updated 7-byte decision suffix.
[2026-05-15 10:06:10.413]<DEBUG> [TCP]New decision suffix: 2, 0, 0, 0, 0, 0, 0
[2026-05-15 10:06:10.413]<DEBUG> [TCP]Found potential 0x0A07 frame at index 0, cache size 1.
[2026-05-15 10:06:10.510]<DEBUG> [TCP]TCP 0x0A06 parsed, updated 7-byte decision suffix.
[2026-05-15 10:06:10.510]<DEBUG> [TCP]New decision suffix: 2, 0, 0, 0, 0, 0, 0
[2026-05-15 10:06:10.510]<DEBUG> [TCP]Found potential 0x0A07 frame at index 0, cache size 1.
[2026-05-15 10:06:10.609]<DEBUG> [TCP]TCP 0x0A06 parsed, updated 7-byte decision suffix.
[2026-05-15 10:06:10.609]<DEBUG> [TCP]New decision suffix: 2, 0, 0, 0, 0, 0, 0
[2026-05-15 10:06:10.609]<DEBUG> [TCP]Found potential 0x0A07 frame at index 0, cache size 1.
[2026-05-15 10:06:10.711]<DEBUG> [TCP]TCP 0x0A06 parsed, updated 7-byte decision suffix.
[2026-05-15 10:06:10.711]<DEBUG> [TCP]New decision suffix: 2, 0, 0, 0, 0, 0, 0
[2026-05-15 10:06:10.711]<DEBUG> [TCP]Found potential 0x0A07 frame at index 0, cache size 1.
[2026-05-15 10:06:10.813]<DEBUG> [TCP]TCP 0x0A06 parsed, updated 7-byte decision suffix.
[2026-05-15 10:06:10.813]<DEBUG> [TCP]New decision suffix: 2, 0, 0, 0, 0, 0, 0
[2026-05-15 10:06:10.813]<DEBUG> [TCP]Found potential 0x0A07 frame at index 0, cache size 1.
[2026-05-15 10:06:10.909]<DEBUG> [TCP]TCP 0x0A06 parsed, updated 7-byte decision suffix.
[2026-05-15 10:06:10.910]<DEBUG> [TCP]New decision suffix: 2, 0, 0, 0, 0, 0, 0
[2026-05-15 10:06:10.910]<DEBUG> [TCP]Found potential 0x0A07 frame at index 0, cache size 1.
[2026-05-15 10:06:11.013]<DEBUG> [TCP]TCP 0x0A06 parsed, updated 7-byte decision suffix.
[2026-05-15 10:06:11.013]<DEBUG> [TCP]New decision suffix: 2, 0, 0, 0, 0, 0, 0
[2026-05-15 10:06:11.013]<DEBUG> [TCP]Found potential 0x0A07 frame at index 0, cache size 1.
[2026-05-15 10:06:11.113]<DEBUG> [TCP]TCP 0x0A06 parsed, updated 7-byte decision suffix.
[2026-05-15 10:06:11.113]<DEBUG> [TCP]New decision suffix: 2, 0, 0, 0, 0, 0, 0
[2026-05-15 10:06:11.113]<DEBUG> [TCP]Found potential 0x0A07 frame at index 0, cache size 1.
[2026-05-15 10:06:11.213]<DEBUG> [TCP]TCP 0x0A06 parsed, updated 7-byte decision suffix.
[2026-05-15 10:06:11.213]<DEBUG> [TCP]New decision suffix: 2, 0, 0, 0, 0, 0, 0
[2026-05-15 10:06:11.213]<DEBUG> [TCP]Found potential 0x0A07 frame at index 0, cache size 1.
[2026-05-15 10:06:11.313]<DEBUG> [TCP]TCP 0x0A06 parsed, updated 7-byte decision suffix.
[2026-05-15 10:06:11.313]<DEBUG> [TCP]New decision suffix: 2, 0, 0, 0, 0, 0, 0
[2026-05-15 10:06:11.313]<DEBUG> [TCP]Found potential 0x0A07 frame at index 0, cache size 1.
[2026-05-15 10:06:11.414]<DEBUG> [TCP]TCP 0x0A06 parsed, updated 7-byte decision suffix.
[2026-05-15 10:06:11.414]<DEBUG> [TCP]New decision suffix: 2, 0, 0, 0, 0, 0, 0
[2026-05-15 10:06:11.414]<DEBUG> [TCP]Found potential 0x0A07 frame at index 0, cache size 1.
[2026-05-15 10:06:11.516]<DEBUG> [TCP]TCP 0x0A06 parsed, updated 7-byte decision suffix.
[2026-05-15 10:06:11.516]<DEBUG> [TCP]New decision suffix: 2, 0, 0, 0, 0, 0, 0
[2026-05-15 10:06:11.516]<DEBUG> [TCP]Found potential 0x0A07 frame at index 0, cache size 1.
[2026-05-15 10:06:11.614]<DEBUG> [TCP]TCP 0x0A06 parsed, updated 7-byte decision suffix.
[2026-05-15 10:06:11.614]<DEBUG> [TCP]New decision suffix: 2, 0, 0, 0, 0, 0, 0
[2026-05-15 10:06:11.614]<DEBUG> [TCP]Found potential 0x0A07 frame at index 0, cache size 1.
[2026-05-15 10:06:11.720]<DEBUG> [TCP]TCP 0x0A06 parsed, updated 7-byte decision suffix.
[2026-05-15 10:06:11.720]<DEBUG> [TCP]New decision suffix: 2, 0, 0, 0, 0, 0, 0
[2026-05-15 10:06:11.720]<DEBUG> [TCP]Found potential 0x0A07 frame at index 0, cache size 1.
[2026-05-15 10:06:11.818]<DEBUG> [TCP]TCP 0x0A06 parsed, updated 7-byte decision suffix.
[2026-05-15 10:06:11.818]<DEBUG> [TCP]New decision suffix: 2, 0, 0, 0, 0, 0, 0
[2026-05-15 10:06:11.818]<DEBUG> [TCP]Found potential 0x0A07 frame at index 0, cache size 1.
[2026-05-15 10:06:11.920]<DEBUG> [TCP]TCP 0x0A06 parsed, updated 7-byte decision suffix.
[2026-05-15 10:06:11.920]<DEBUG> [TCP]New decision suffix: 2, 0, 0, 0, 0, 0, 0
[2026-05-15 10:06:11.920]<DEBUG> [TCP]Found potential 0x0A07 frame at index 0, cache size 1.
[2026-05-15 10:06:12.016]<DEBUG> [TCP]TCP 0x0A06 parsed, updated 7-byte decision suffix.
[2026-05-15 10:06:12.016]<DEBUG> [TCP]New decision suffix: 2, 0, 0, 0, 0, 0, 0
[2026-05-15 10:06:12.017]<DEBUG> [TCP]Found potential 0x0A07 frame at index 0, cache size 1.
[2026-05-15 10:06:12.119]<DEBUG> [TCP]TCP 0x0A06 parsed, updated 7-byte decision suffix.
[2026-05-15 10:06:12.119]<DEBUG> [TCP]New decision suffix: 2, 0, 0, 0, 0, 0, 0
[2026-05-15 10:06:12.119]<DEBUG> [TCP]Found potential 0x0A07 frame at index 0, cache size 1.
[2026-05-15 10:06:12.222]<DEBUG> [TCP]TCP 0x0A06 parsed, updated 7-byte decision suffix.
[2026-05-15 10:06:12.222]<DEBUG> [TCP]New decision suffix: 2, 0, 0, 0, 0, 0, 0
[2026-05-15 10:06:12.222]<DEBUG> [TCP]Found potential 0x0A07 frame at index 0, cache size 1.
[2026-05-15 10:06:12.319]<DEBUG> [TCP]TCP 0x0A06 parsed, updated 7-byte decision suffix.
[2026-05-15 10:06:12.319]<DEBUG> [TCP]New decision suffix: 2, 0, 0, 0, 0, 0, 0
[2026-05-15 10:06:12.319]<DEBUG> [TCP]Found potential 0x0A07 frame at index 0, cache size 1.
[2026-05-15 10:06:12.425]<DEBUG> [TCP]TCP 0x0A06 parsed, updated 7-byte decision suffix.
[2026-05-15 10:06:12.425]<DEBUG> [TCP]New decision suffix: 2, 0, 0, 0, 0, 0, 0
[2026-05-15 10:06:12.425]<DEBUG> [TCP]Found potential 0x0A07 frame at index 0, cache size 1.
[2026-05-15 10:06:12.525]<DEBUG> [TCP]TCP 0x0A06 parsed, updated 7-byte decision suffix.
[2026-05-15 10:06:12.525]<DEBUG> [TCP]New decision suffix: 2, 0, 0, 0, 0, 0, 0
[2026-05-15 10:06:12.525]<DEBUG> [TCP]Found potential 0x0A07 frame at index 0, cache size 1.
[2026-05-15 10:06:12.626]<DEBUG> [TCP]TCP 0x0A06 parsed, updated 7-byte decision suffix.
[2026-05-15 10:06:12.627]<DEBUG> [TCP]New decision suffix: 2, 0, 0, 0, 0, 0, 0
[2026-05-15 10:06:12.627]<DEBUG> [TCP]Found potential 0x0A07 frame at index 0, cache size 1.
[2026-05-15 10:06:12.722]<DEBUG> [TCP]TCP 0x0A06 parsed, updated 7-byte decision suffix.
[2026-05-15 10:06:12.722]<DEBUG> [TCP]New decision suffix: 2, 0, 0, 0, 0, 0, 0
[2026-05-15 10:06:12.722]<DEBUG> [TCP]Found potential 0x0A07 frame at index 0, cache size 1.
[2026-05-15 10:06:12.824]<DEBUG> [TCP]TCP 0x0A06 parsed, updated 7-byte decision suffix.
[2026-05-15 10:06:12.825]<DEBUG> [TCP]New decision suffix: 2, 0, 0, 0, 0, 0, 0
[2026-05-15 10:06:12.825]<DEBUG> [TCP]Found potential 0x0A07 frame at index 0, cache size 1.
[2026-05-15 10:06:12.923]<DEBUG> [TCP]TCP 0x0A06 parsed, updated 7-byte decision suffix.
[2026-05-15 10:06:12.923]<DEBUG> [TCP]New decision suffix: 2, 0, 0, 0, 0, 0, 0
[2026-05-15 10:06:12.923]<DEBUG> [TCP]Found potential 0x0A07 frame at index 0, cache size 1.
[2026-05-15 10:06:13.028]<DEBUG> [TCP]TCP 0x0A06 parsed, updated 7-byte decision suffix.
[2026-05-15 10:06:13.028]<DEBUG> [TCP]New decision suffix: 2, 0, 0, 0, 0, 0, 0
[2026-05-15 10:06:13.028]<DEBUG> [TCP]Found potential 0x0A07 frame at index 0, cache size 1.
[2026-05-15 10:06:13.129]<DEBUG> [TCP]TCP 0x0A06 parsed, updated 7-byte decision suffix.
[2026-05-15 10:06:13.129]<DEBUG> [TCP]New decision suffix: 2, 0, 0, 0, 0, 0, 0
[2026-05-15 10:06:13.129]<DEBUG> [TCP]Found potential 0x0A07 frame at index 0, cache size 1.
[2026-05-15 10:06:13.363]<DEBUG> [TCP]TCP 0x0A06 parsed, updated 7-byte decision suffix.
[2026-05-15 10:06:13.363]<DEBUG> [TCP]New decision suffix: 2, 0, 0, 0, 0, 0, 0
[2026-05-15 10:06:13.363]<DEBUG> [TCP]Found potential 0x0A07 frame at index 0, cache size 1.
[2026-05-15 10:06:13.363]<DEBUG> [TCP]TCP 0x0A06 parsed, updated 7-byte decision suffix.
[2026-05-15 10:06:13.363]<DEBUG> [TCP]New decision suffix: 2, 0, 0, 0, 0, 0, 0
[2026-05-15 10:06:13.363]<DEBUG> [TCP]Found potential 0x0A07 frame at index 0, cache size 1.
