--- Log File Created: 2026-03-15 09:34:47.214 ---
[2026-03-15 09:34:47.374]<DEBUG> [Detector]Robot Inferencer initializing...
[2026-03-15 09:34:47.375]<DEBUG> [Yolov8Inferencer]Model loaded: car_v8n
[2026-03-15 09:34:47.375]<DEBUG> [Yolov8Inferencer]Model class count: 1
[2026-03-15 09:34:47.375]<DEBUG> [Yolov8Inferencer]Model loaded: armor_v8n
[2026-03-15 09:34:47.375]<DEBUG> [Yolov8Inferencer]Model class count: 12
[2026-03-15 09:34:47.375]<DEBUG> [Yolov8Inferencer]Model loaded: armor_v8n
[2026-03-15 09:34:47.375]<DEBUG> [Yolov8Inferencer]Model class count: 12
[2026-03-15 09:34:47.375]<DEBUG> [Yolov8Inferencer]Model loaded: armor_v8n
[2026-03-15 09:34:47.375]<DEBUG> [Yolov8Inferencer]Model class count: 12
[2026-03-15 09:34:47.375]<DEBUG> [Yolov8Inferencer]Model loaded: armor_v8n
[2026-03-15 09:34:47.375]<DEBUG> [Yolov8Inferencer]Model class count: 12
[2026-03-15 09:34:47.376]<DEBUG> [Yolov8Inferencer]Model loaded: armor_v8n
[2026-03-15 09:34:47.376]<DEBUG> [Yolov8Inferencer]Model class count: 12
[2026-03-15 09:34:47.376]<DEBUG> [Yolov8Inferencer]Model loaded: armor_v8n
[2026-03-15 09:34:47.376]<DEBUG> [Yolov8Inferencer]Model class count: 12
[2026-03-15 09:34:47.376]<DEBUG> [Yolov8Inferencer]Model loaded: armor_v8n
[2026-03-15 09:34:47.376]<DEBUG> [Yolov8Inferencer]Model class count: 12
[2026-03-15 09:34:47.376]<DEBUG> [Yolov8Inferencer]Model loaded: armor_v8n
[2026-03-15 09:34:47.376]<DEBUG> [Yolov8Inferencer]Model class count: 12
[2026-03-15 09:34:47.376]<DEBUG> [Yolov8Inferencer]Model loaded: armor_v8n
[2026-03-15 09:34:47.376]<DEBUG> [Yolov8Inferencer]Model class count: 12
[2026-03-15 09:34:47.376]<DEBUG> [Yolov8Inferencer]Model loaded: armor_v8n
[2026-03-15 09:34:47.376]<DEBUG> [Yolov8Inferencer]Model class count: 12
[2026-03-15 09:34:47.376]<DEBUG> [Yolov8Inferencer]Model loaded: armor_v8n
[2026-03-15 09:34:47.376]<DEBUG> [Yolov8Inferencer]Model class count: 12
[2026-03-15 09:34:47.376]<DEBUG> [Yolov8Inferencer]Model loaded: armor_v8n
[2026-03-15 09:34:47.376]<DEBUG> [Yolov8Inferencer]Model class count: 12
[2026-03-15 09:34:47.377]<DEBUG> [Detector]initialized.
[2026-03-15 09:35:01.149]<DEBUG> [WebCameraHandler]Camera devices scanned: 5 devices found.
[2026-03-15 09:35:01.149]<DEBUG> [WebCameraHandler]--- Camera device 0: Hagibis: Hagibis (/dev/video0)
[2026-03-15 09:35:01.149]<DEBUG> [WebCameraHandler]--- Camera device 1: Hagibis: Hagibis (/dev/video1)
[2026-03-15 09:35:01.149]<DEBUG> [WebCameraHandler]--- Camera device 2: USB2.0 FHD UVC WebCam: USB2.0 F (/dev/video2)
[2026-03-15 09:35:01.149]<DEBUG> [WebCameraHandler]--- Camera device 3: USB2.0 FHD UVC WebCam: USB2.0 F (/dev/video3)
[2026-03-15 09:35:01.149]<DEBUG> [WebCameraHandler]--- Camera device 4: VirtualCamera (/dev/video4)
[2026-03-15 09:35:04.171]<DEBUG> [WebCameraHandler]VirtualCamera (/dev/video4) opened successfully.
[2026-03-15 09:46:16.495]<DEBUG> [Detector]Robot Inferencer initializing...
[2026-03-15 09:46:16.495]<DEBUG> [Detector]initialized.
[2026-03-15 09:46:16.495]<DEBUG> [Detector]Detection started.
[2026-03-15 09:46:19.250]<DEBUG> [Detector]Detection stopped.
