--- Log File Created: 2026-03-15 07:29:00.827 ---
[2026-03-15 07:29:00.999]<DEBUG> [Detector]Robot Inferencer initializing...
[2026-03-15 07:29:00.999]<DEBUG> [Yolov8Inferencer]Model loaded: car_v8n
[2026-03-15 07:29:01.000]<DEBUG> [Yolov8Inferencer]Model class count: 1
[2026-03-15 07:29:01.000]<DEBUG> [Yolov8Inferencer]Model loaded: armor_v8n
[2026-03-15 07:29:01.000]<DEBUG> [Yolov8Inferencer]Model class count: 12
[2026-03-15 07:29:01.000]<DEBUG> [Yolov8Inferencer]Model loaded: armor_v8n
[2026-03-15 07:29:01.000]<DEBUG> [Yolov8Inferencer]Model class count: 12
[2026-03-15 07:29:01.000]<DEBUG> [Yolov8Inferencer]Model loaded: armor_v8n
[2026-03-15 07:29:01.000]<DEBUG> [Yolov8Inferencer]Model class count: 12
[2026-03-15 07:29:01.000]<DEBUG> [Yolov8Inferencer]Model loaded: armor_v8n
[2026-03-15 07:29:01.000]<DEBUG> [Yolov8Inferencer]Model class count: 12
[2026-03-15 07:29:01.000]<DEBUG> [Yolov8Inferencer]Model loaded: armor_v8n
[2026-03-15 07:29:01.000]<DEBUG> [Yolov8Inferencer]Model class count: 12
[2026-03-15 07:29:01.000]<DEBUG> [Yolov8Inferencer]Model loaded: armor_v8n
[2026-03-15 07:29:01.000]<DEBUG> [Yolov8Inferencer]Model class count: 12
[2026-03-15 07:29:01.000]<DEBUG> [Yolov8Inferencer]Model loaded: armor_v8n
[2026-03-15 07:29:01.000]<DEBUG> [Yolov8Inferencer]Model class count: 12
[2026-03-15 07:29:01.000]<DEBUG> [Yolov8Inferencer]Model loaded: armor_v8n
[2026-03-15 07:29:01.000]<DEBUG> [Yolov8Inferencer]Model class count: 12
[2026-03-15 07:29:01.001]<DEBUG> [Yolov8Inferencer]Model loaded: armor_v8n
[2026-03-15 07:29:01.001]<DEBUG> [Yolov8Inferencer]Model class count: 12
[2026-03-15 07:29:01.001]<DEBUG> [Yolov8Inferencer]Model loaded: armor_v8n
[2026-03-15 07:29:01.001]<DEBUG> [Yolov8Inferencer]Model class count: 12
[2026-03-15 07:29:01.001]<DEBUG> [Yolov8Inferencer]Model loaded: armor_v8n
[2026-03-15 07:29:01.001]<DEBUG> [Yolov8Inferencer]Model class count: 12
[2026-03-15 07:29:01.001]<DEBUG> [Yolov8Inferencer]Model loaded: armor_v8n
[2026-03-15 07:29:01.001]<DEBUG> [Yolov8Inferencer]Model class count: 12
[2026-03-15 07:29:01.001]<DEBUG> [Detector]initialized.
[2026-03-15 07:29:13.366]<DEBUG> [WebCameraHandler]Camera devices scanned: 0 devices found.
[2026-03-15 07:33:25.470]<DEBUG> [WebCameraHandler]Camera devices scanned: 0 devices found.
[2026-03-15 07:33:25.785]<DEBUG> [WebCameraHandler]Camera devices scanned: 0 devices found.
[2026-03-15 07:33:26.608]<DEBUG> [WebCameraHandler]Camera devices scanned: 0 devices found.
