--- Log File Created: 2026-03-17 22:46:44.317 ---
[2026-03-17 22:46:44.490]<DEBUG> [Detector]Robot Inferencer initializing...
[2026-03-17 22:46:44.490]<DEBUG> [Yolov8Inferencer]Model loaded: car_v8n
[2026-03-17 22:46:44.490]<DEBUG> [Yolov8Inferencer]Model class count: 1
[2026-03-17 22:46:44.490]<DEBUG> [Yolov8Inferencer]Model loaded: armor_v8n
[2026-03-17 22:46:44.490]<DEBUG> [Yolov8Inferencer]Model class count: 12
[2026-03-17 22:46:44.491]<DEBUG> [Yolov8Inferencer]Model loaded: armor_v8n
[2026-03-17 22:46:44.491]<DEBUG> [Yolov8Inferencer]Model class count: 12
[2026-03-17 22:46:44.491]<DEBUG> [Yolov8Inferencer]Model loaded: armor_v8n
[2026-03-17 22:46:44.491]<DEBUG> [Yolov8Inferencer]Model class count: 12
[2026-03-17 22:46:44.491]<DEBUG> [Yolov8Inferencer]Model loaded: armor_v8n
[2026-03-17 22:46:44.491]<DEBUG> [Yolov8Inferencer]Model class count: 12
[2026-03-17 22:46:44.491]<DEBUG> [Yolov8Inferencer]Model loaded: armor_v8n
[2026-03-17 22:46:44.491]<DEBUG> [Yolov8Inferencer]Model class count: 12
[2026-03-17 22:46:44.491]<DEBUG> [Yolov8Inferencer]Model loaded: armor_v8n
[2026-03-17 22:46:44.491]<DEBUG> [Yolov8Inferencer]Model class count: 12
[2026-03-17 22:46:44.491]<DEBUG> [Yolov8Inferencer]Model loaded: armor_v8n
[2026-03-17 22:46:44.491]<DEBUG> [Yolov8Inferencer]Model class count: 12
[2026-03-17 22:46:44.491]<DEBUG> [Yolov8Inferencer]Model loaded: armor_v8n
[2026-03-17 22:46:44.491]<DEBUG> [Yolov8Inferencer]Model class count: 12
[2026-03-17 22:46:44.491]<DEBUG> [Yolov8Inferencer]Model loaded: armor_v8n
[2026-03-17 22:46:44.491]<DEBUG> [Yolov8Inferencer]Model class count: 12
[2026-03-17 22:46:44.491]<DEBUG> [Yolov8Inferencer]Model loaded: armor_v8n
[2026-03-17 22:46:44.491]<DEBUG> [Yolov8Inferencer]Model class count: 12
[2026-03-17 22:46:44.492]<DEBUG> [Yolov8Inferencer]Model loaded: armor_v8n
[2026-03-17 22:46:44.492]<DEBUG> [Yolov8Inferencer]Model class count: 12
[2026-03-17 22:46:44.492]<DEBUG> [Yolov8Inferencer]Model loaded: armor_v8n
[2026-03-17 22:46:44.492]<DEBUG> [Yolov8Inferencer]Model class count: 12
[2026-03-17 22:46:44.492]<DEBUG> [Detector]initialized.
[2026-03-17 22:46:56.242]<DEBUG> [Detector]Robot Inferencer initializing...
[2026-03-17 22:46:56.242]<DEBUG> [Detector]initialized.
[2026-03-17 22:46:56.242]<DEBUG> [Detector]Detection started.
[2026-03-17 22:47:06.890]<DEBUG> [Detector]Detection stopped.
[2026-03-17 22:47:16.283]<DEBUG> [Detector]Robot Inferencer initializing...
[2026-03-17 22:47:16.284]<DEBUG> [Yolov8Inferencer]Model loaded: car_v8n
[2026-03-17 22:47:16.284]<DEBUG> [Yolov8Inferencer]Model class count: 1
[2026-03-17 22:47:16.284]<DEBUG> [Yolov8Inferencer]Model loaded: armor_v8n
[2026-03-17 22:47:16.284]<DEBUG> [Yolov8Inferencer]Model class count: 12
[2026-03-17 22:47:16.284]<DEBUG> [Yolov8Inferencer]Model loaded: armor_v8n
[2026-03-17 22:47:16.284]<DEBUG> [Yolov8Inferencer]Model class count: 12
[2026-03-17 22:47:16.284]<DEBUG> [Yolov8Inferencer]Model loaded: armor_v8n
[2026-03-17 22:47:16.284]<DEBUG> [Yolov8Inferencer]Model class count: 12
[2026-03-17 22:47:16.284]<DEBUG> [Yolov8Inferencer]Model loaded: armor_v8n
[2026-03-17 22:47:16.284]<DEBUG> [Yolov8Inferencer]Model class count: 12
[2026-03-17 22:47:16.284]<DEBUG> [Yolov8Inferencer]Model loaded: armor_v8n
[2026-03-17 22:47:16.284]<DEBUG> [Yolov8Inferencer]Model class count: 12
[2026-03-17 22:47:16.284]<DEBUG> [Yolov8Inferencer]Model loaded: armor_v8n
[2026-03-17 22:47:16.284]<DEBUG> [Yolov8Inferencer]Model class count: 12
[2026-03-17 22:47:16.284]<DEBUG> [Yolov8Inferencer]Model loaded: armor_v8n
[2026-03-17 22:47:16.284]<DEBUG> [Yolov8Inferencer]Model class count: 12
[2026-03-17 22:47:16.284]<DEBUG> [Yolov8Inferencer]Model loaded: armor_v8n
[2026-03-17 22:47:16.285]<DEBUG> [Yolov8Inferencer]Model class count: 12
[2026-03-17 22:47:16.285]<DEBUG> [Yolov8Inferencer]Model loaded: armor_v8n
[2026-03-17 22:47:16.285]<DEBUG> [Yolov8Inferencer]Model class count: 12
[2026-03-17 22:47:16.285]<DEBUG> [Yolov8Inferencer]Model loaded: armor_v8n
[2026-03-17 22:47:16.285]<DEBUG> [Yolov8Inferencer]Model class count: 12
[2026-03-17 22:47:16.285]<DEBUG> [Yolov8Inferencer]Model loaded: armor_v8n
[2026-03-17 22:47:16.285]<DEBUG> [Yolov8Inferencer]Model class count: 12
[2026-03-17 22:47:16.285]<DEBUG> [Yolov8Inferencer]Model loaded: armor_v8n
[2026-03-17 22:47:16.285]<DEBUG> [Yolov8Inferencer]Model class count: 12
[2026-03-17 22:47:16.285]<DEBUG> [Detector]initialized.
[2026-03-17 22:47:16.285]<DEBUG> [Detector]Detection started.
[2026-03-17 22:47:25.704]<DEBUG> [WebCameraHandler]Camera devices scanned: 5 devices found.
[2026-03-17 22:47:25.705]<DEBUG> [WebCameraHandler]--- Camera device 0: UGREEN 95348: UGREEN 95348 (/dev/video0)
[2026-03-17 22:47:25.705]<DEBUG> [WebCameraHandler]--- Camera device 1: UGREEN 95348: UGREEN 95348 (/dev/video1)
[2026-03-17 22:47:25.705]<DEBUG> [WebCameraHandler]--- Camera device 2: USB2.0 FHD UVC WebCam: USB2.0 F (/dev/video2)
[2026-03-17 22:47:25.705]<DEBUG> [WebCameraHandler]--- Camera device 3: USB2.0 FHD UVC WebCam: USB2.0 F (/dev/video3)
[2026-03-17 22:47:25.705]<DEBUG> [WebCameraHandler]--- Camera device 4: VirtualCamera (/dev/video4)
[2026-03-17 22:47:26.923]<DEBUG> [WebCameraHandler]VirtualCamera (/dev/video4) opened successfully.
[2026-03-17 22:47:35.981]<DEBUG> [SerialHandler]Serial port closed.
