---TCP Log File Created: 2026-05-01 04:23:49.382 ---
[2026-05-01 04:23:49.382]<DEBUG> [TCP]TCP bridge started at 0.0.0.0:2000
[2026-05-01 04:23:49.382]<WARNING> [TCP]TCP sender connect warning: Connection refused
[2026-05-01 04:23:55.914]<DEBUG> [TCP]Received data (as string): bkagdbasd

[2026-05-01 04:23:57.443]<DEBUG> [TCP]Received data (as string): agdbasd
bkcabsdc

[2026-05-01 04:24:20.334]<DEBUG> [TCP]Received data (as string): kcabsdc
jlacasd

[2026-05-01 04:24:21.799]<DEBUG> [TCP]Received data (as string): jlacasd
hackhsdkvcla

[2026-05-01 04:24:23.710]<DEBUG> [TCP]Received data (as string): sdkvcla
hcklashcilasvc 

[2026-05-01 04:24:24.543]<WARNING> [TCP]TCP sender connect warning: Connection refused
[2026-05-01 04:24:26.557]<DEBUG> [TCP]Received data (as string): ilasvc 
asbdxkashc

[2026-05-01 04:24:28.337]<DEBUG> [TCP]Received data (as string): dxkashc
CBKLASHCASC'

[2026-05-01 04:24:29.566]<WARNING> [TCP]TCP sender connect warning: Connection refused
[2026-05-01 04:24:29.822]<DEBUG> [TCP]Received data (as string): SHCASC'
NHDBKSLHCVIALHCI

[2026-05-01 04:24:31.577]<DEBUG> [TCP]Received data (as string): VIALHCI
LSGCLKHASKLCHASD

[2026-05-01 04:24:32.563]<WARNING> [TCP]TCP sender connect warning: Connection refused
[2026-05-01 04:24:33.098]<DEBUG> [TCP]Received data (as string): KLCHASD
HKLSHCKASHDKLCFH

[2026-05-01 04:24:34.371]<DEBUG> [TCP]Received data (as string): HDKLCFH
HCXKLSHCD;KHAC

[2026-05-01 04:24:35.907]<DEBUG> [TCP]Received data (as string): CD;KHAC
SDHCKLSHCKLDHVC

[2026-05-01 04:24:37.512]<DEBUG> [TCP]Received data (as string): CKLDHVC
HNK;LSHCKLUASHDVCKLDS

[2026-05-01 04:24:48.045]<DEBUG> [TCP]Received data (as string): DVCKLDS
LSFDCJLSCJ;S;AD

[2026-05-01 04:24:50.550]<WARNING> [TCP]TCP sender connect warning: Connection refused
[2026-05-01 04:24:59.545]<WARNING> [TCP]TCP sender connect warning: Connection refused
[2026-05-01 04:25:02.485]<DEBUG> [TCP]Received data (as string): CJ;S;AD
JUFYF

[2026-05-01 04:25:04.376]<DEBUG> [TCP]Received data (as string): D
JUFYF
J

[2026-05-01 04:25:06.538]<DEBUG> [TCP]Received data (as string): JUFYF
J
Z

[2026-05-01 04:25:08.243]<DEBUG> [TCP]Received data (as string): FYF
J
Z


[2026-05-01 04:25:09.051]<DEBUG> [TCP]Received data (as string): YF
J
Z

A

[2026-05-01 04:25:09.858]<DEBUG> [TCP]Received data (as string): 
J
Z

A
A

[2026-05-01 04:25:10.970]<DEBUG> [TCP]Received data (as string): 
Z

A
A
A

[2026-05-01 04:25:12.917]<DEBUG> [TCP]Received data (as string): 

A
A
A


[2026-05-01 04:25:13.410]<DEBUG> [TCP]Received data (as string): 
A
A
A

A

[2026-05-01 04:25:13.547]<WARNING> [TCP]TCP sender connect warning: Connection refused
[2026-05-01 04:25:18.070]<DEBUG> [TCP]Received data (as string): 
A
A

A


[2026-05-01 04:25:22.332]<DEBUG> [TCP]Received data (as string): A
A

A

CLEAR

[2026-05-01 04:25:24.547]<WARNING> [TCP]TCP sender connect warning: Connection refused
[2026-05-01 04:25:25.442]<DEBUG> [TCP]Received data (as string): 

CLEAR


[2026-05-01 04:25:25.542]<WARNING> [TCP]TCP sender connect warning: Connection refused
[2026-05-01 04:25:25.745]<DEBUG> [TCP]Received data (as string): 
CLEAR



[2026-05-01 04:25:25.945]<DEBUG> [TCP]Received data (as string): CLEAR




[2026-05-01 04:25:26.130]<DEBUG> [TCP]Received data (as string): LEAR





[2026-05-01 04:25:26.291]<DEBUG> [TCP]Received data (as string): EAR






[2026-05-01 04:25:27.542]<WARNING> [TCP]TCP sender connect warning: Connection refused
[2026-05-01 04:25:31.592]<DEBUG> [TCP]Received data (as string): AR







[2026-05-01 04:25:31.782]<DEBUG> [TCP]Received data (as string): R








[2026-05-01 04:25:31.932]<DEBUG> [TCP]Received data (as string): 









[2026-05-01 04:25:32.116]<DEBUG> [TCP]Received data (as string): 









[2026-05-01 04:25:32.294]<DEBUG> [TCP]Received data (as string): 









[2026-05-01 04:25:36.578]<WARNING> [TCP]TCP sender connect warning: Connection refused
[2026-05-01 04:25:39.928]<DEBUG> [TCP]Received data (as string): 







A

[2026-05-01 04:25:43.715]<DEBUG> [TCP]Received data (as string): 





A
SA

[2026-05-01 04:25:46.782]<DEBUG> [TCP]Received data (as string): 


A
SA
ASAS

[2026-05-01 04:25:50.768]<DEBUG> [TCP]Received data (as string): SA
ASAS
9X

[2026-05-01 04:25:52.528]<WARNING> [TCP]TCP sender connect warning: Connection refused
[2026-05-01 04:26:00.547]<WARNING> [TCP]TCP sender connect warning: Connection refused
[2026-05-01 04:26:05.532]<WARNING> [TCP]TCP sender connect warning: Connection refused
[2026-05-01 04:26:10.536]<WARNING> [TCP]TCP sender connect warning: Connection refused
[2026-05-01 04:26:17.555]<WARNING> [TCP]TCP sender connect warning: Connection refused
[2026-05-01 04:26:19.537]<WARNING> [TCP]TCP sender connect warning: Connection refused
[2026-05-01 04:26:22.528]<WARNING> [TCP]TCP sender connect warning: Connection refused
[2026-05-01 04:26:35.541]<WARNING> [TCP]TCP sender connect warning: Connection refused
[2026-05-01 04:26:43.541]<WARNING> [TCP]TCP sender connect warning: Connection refused
[2026-05-01 04:26:47.558]<WARNING> [TCP]TCP sender connect warning: Connection refused
[2026-05-01 04:26:51.553]<WARNING> [TCP]TCP sender connect warning: Connection refused
[2026-05-01 04:26:56.547]<WARNING> [TCP]TCP sender connect warning: Connection refused
[2026-05-01 04:26:58.546]<WARNING> [TCP]TCP sender connect warning: Connection refused
[2026-05-01 04:27:16.546]<WARNING> [TCP]TCP sender connect warning: Connection refused
[2026-05-01 04:27:19.555]<WARNING> [TCP]TCP sender connect warning: Connection refused
[2026-05-01 04:27:20.581]<WARNING> [TCP]TCP sender connect warning: Connection refused
[2026-05-01 04:27:25.541]<WARNING> [TCP]TCP sender connect warning: Connection refused
[2026-05-01 04:27:29.552]<WARNING> [TCP]TCP sender connect warning: Connection refused
[2026-05-01 04:27:33.586]<WARNING> [TCP]TCP sender connect warning: Connection refused
[2026-05-01 04:27:36.533]<WARNING> [TCP]TCP sender connect warning: Connection refused
[2026-05-01 04:27:43.543]<WARNING> [TCP]TCP sender connect warning: Connection refused
[2026-05-01 04:27:46.536]<WARNING> [TCP]TCP sender connect warning: Connection refused
[2026-05-01 04:27:51.541]<WARNING> [TCP]TCP sender connect warning: Connection refused
[2026-05-01 04:28:04.554]<WARNING> [TCP]TCP sender connect warning: Connection refused
[2026-05-01 04:28:07.544]<WARNING> [TCP]TCP sender connect warning: Connection refused
[2026-05-01 04:28:21.545]<WARNING> [TCP]TCP sender connect warning: Connection refused
[2026-05-01 04:28:25.543]<WARNING> [TCP]TCP sender connect warning: Connection refused
[2026-05-01 04:28:32.535]<WARNING> [TCP]TCP sender connect warning: Connection refused
[2026-05-01 04:28:41.540]<WARNING> [TCP]TCP sender connect warning: Connection refused
[2026-05-01 04:28:46.543]<WARNING> [TCP]TCP sender connect warning: Connection refused
[2026-05-01 04:28:58.543]<WARNING> [TCP]TCP sender connect warning: Connection refused
[2026-05-01 04:29:11.541]<WARNING> [TCP]TCP sender connect warning: Connection refused
[2026-05-01 04:29:34.584]<WARNING> [TCP]TCP sender connect warning: Connection refused
[2026-05-01 04:29:35.535]<WARNING> [TCP]TCP sender connect warning: Connection refused
[2026-05-01 04:29:37.529]<WARNING> [TCP]TCP sender connect warning: Connection refused
[2026-05-01 04:29:40.550]<WARNING> [TCP]TCP sender connect warning: Connection refused
[2026-05-01 04:29:41.578]<WARNING> [TCP]TCP sender connect warning: Connection refused
[2026-05-01 04:29:54.549]<WARNING> [TCP]TCP sender connect warning: Connection refused
[2026-05-01 04:30:01.540]<WARNING> [TCP]TCP sender connect warning: Connection refused
[2026-05-01 04:30:09.548]<WARNING> [TCP]TCP sender connect warning: Connection refused
[2026-05-01 04:30:46.530]<WARNING> [TCP]TCP sender connect warning: Connection refused
[2026-05-01 04:30:50.544]<WARNING> [TCP]TCP sender connect warning: Connection refused
[2026-05-01 04:30:55.563]<WARNING> [TCP]TCP sender connect warning: Connection refused
[2026-05-01 04:31:00.520]<WARNING> [TCP]TCP sender connect warning: Connection refused
[2026-05-01 04:31:08.542]<WARNING> [TCP]TCP sender connect warning: Connection refused
[2026-05-01 04:31:12.532]<WARNING> [TCP]TCP sender connect warning: Connection refused
[2026-05-01 04:31:46.526]<WARNING> [TCP]TCP sender connect warning: Connection refused
[2026-05-01 04:31:58.554]<WARNING> [TCP]TCP sender connect warning: Connection refused
[2026-05-01 04:32:01.547]<WARNING> [TCP]TCP sender connect warning: Connection refused
[2026-05-01 04:32:13.540]<WARNING> [TCP]TCP sender connect warning: Connection refused
[2026-05-01 04:32:15.547]<WARNING> [TCP]TCP sender connect warning: Connection refused
[2026-05-01 04:32:23.569]<WARNING> [TCP]TCP sender connect warning: Connection refused
[2026-05-01 04:32:48.534]<WARNING> [TCP]TCP sender connect warning: Connection refused
[2026-05-01 04:32:49.541]<WARNING> [TCP]TCP sender connect warning: Connection refused
[2026-05-01 04:32:59.544]<WARNING> [TCP]TCP sender connect warning: Connection refused
[2026-05-01 04:33:00.549]<WARNING> [TCP]TCP sender connect warning: Connection refused
[2026-05-01 04:33:04.553]<WARNING> [TCP]TCP sender connect warning: Connection refused
[2026-05-01 04:33:22.526]<WARNING> [TCP]TCP sender connect warning: Connection refused
[2026-05-01 04:33:49.545]<WARNING> [TCP]TCP sender connect warning: Connection refused
[2026-05-01 04:33:57.537]<WARNING> [TCP]TCP sender connect warning: Connection refused
[2026-05-01 04:34:02.564]<WARNING> [TCP]TCP sender connect warning: Connection refused
[2026-05-01 04:34:07.540]<WARNING> [TCP]TCP sender connect warning: Connection refused
[2026-05-01 04:34:22.528]<WARNING> [TCP]TCP sender connect warning: Connection refused
[2026-05-01 04:34:31.555]<WARNING> [TCP]TCP sender connect warning: Connection refused
[2026-05-01 04:34:42.537]<WARNING> [TCP]TCP sender connect warning: Connection refused
[2026-05-01 04:34:43.535]<WARNING> [TCP]TCP sender connect warning: Connection refused
[2026-05-01 04:34:50.555]<WARNING> [TCP]TCP sender connect warning: Connection refused
[2026-05-01 04:34:51.525]<WARNING> [TCP]TCP sender connect warning: Connection refused
[2026-05-01 04:35:04.558]<WARNING> [TCP]TCP sender connect warning: Connection refused
[2026-05-01 04:35:25.537]<WARNING> [TCP]TCP sender connect warning: Connection refused
[2026-05-01 04:35:51.534]<WARNING> [TCP]TCP sender connect warning: Connection refused
[2026-05-01 04:35:59.538]<WARNING> [TCP]TCP sender connect warning: Connection refused
[2026-05-01 04:36:03.554]<WARNING> [TCP]TCP sender connect warning: Connection refused
[2026-05-01 04:36:04.532]<WARNING> [TCP]TCP sender connect warning: Connection refused
[2026-05-01 04:36:12.564]<WARNING> [TCP]TCP sender connect warning: Connection refused
[2026-05-01 04:36:55.542]<WARNING> [TCP]TCP sender connect warning: Connection refused
[2026-05-01 04:37:09.545]<WARNING> [TCP]TCP sender connect warning: Connection refused
[2026-05-01 04:37:10.558]<WARNING> [TCP]TCP sender connect warning: Connection refused
[2026-05-01 04:37:11.546]<WARNING> [TCP]TCP sender connect warning: Connection refused
[2026-05-01 04:37:17.559]<WARNING> [TCP]TCP sender connect warning: Connection refused
[2026-05-01 04:37:20.532]<WARNING> [TCP]TCP sender connect warning: Connection refused
[2026-05-01 04:37:30.533]<WARNING> [TCP]TCP sender connect warning: Connection refused
[2026-05-01 04:37:36.550]<WARNING> [TCP]TCP sender connect warning: Connection refused
[2026-05-01 04:38:06.539]<WARNING> [TCP]TCP sender connect warning: Connection refused
[2026-05-01 04:38:16.553]<WARNING> [TCP]TCP sender connect warning: Connection refused
[2026-05-01 04:38:27.549]<WARNING> [TCP]TCP sender connect warning: Connection refused
[2026-05-01 04:38:28.561]<WARNING> [TCP]TCP sender connect warning: Connection refused
[2026-05-01 04:38:33.544]<WARNING> [TCP]TCP sender connect warning: Connection refused
[2026-05-01 04:38:59.554]<WARNING> [TCP]TCP sender connect warning: Connection refused
[2026-05-01 04:39:16.544]<WARNING> [TCP]TCP sender connect warning: Connection refused
[2026-05-01 04:39:17.552]<WARNING> [TCP]TCP sender connect warning: Connection refused
[2026-05-01 04:39:35.554]<WARNING> [TCP]TCP sender connect warning: Connection refused
[2026-05-01 04:40:07.549]<WARNING> [TCP]TCP sender connect warning: Connection refused
[2026-05-01 04:40:15.547]<WARNING> [TCP]TCP sender connect warning: Connection refused
[2026-05-01 04:40:21.534]<WARNING> [TCP]TCP sender connect warning: Connection refused
[2026-05-01 04:40:43.537]<WARNING> [TCP]TCP sender connect warning: Connection refused
[2026-05-01 04:40:47.541]<WARNING> [TCP]TCP sender connect warning: Connection refused
[2026-05-01 04:40:52.537]<WARNING> [TCP]TCP sender connect warning: Connection refused
[2026-05-01 04:40:54.550]<WARNING> [TCP]TCP sender connect warning: Connection refused
[2026-05-01 04:41:10.544]<WARNING> [TCP]TCP sender connect warning: Connection refused
[2026-05-01 04:41:14.546]<WARNING> [TCP]TCP sender connect warning: Connection refused
[2026-05-01 04:41:25.532]<WARNING> [TCP]TCP sender connect warning: Connection refused
[2026-05-01 04:41:39.551]<WARNING> [TCP]TCP sender connect warning: Connection refused
[2026-05-01 04:41:41.560]<WARNING> [TCP]TCP sender connect warning: Connection refused
[2026-05-01 04:41:42.548]<WARNING> [TCP]TCP sender connect warning: Connection refused
[2026-05-01 04:41:54.533]<WARNING> [TCP]TCP sender connect warning: Connection refused
[2026-05-01 04:41:57.550]<WARNING> [TCP]TCP sender connect warning: Connection refused
[2026-05-01 04:42:00.543]<WARNING> [TCP]TCP sender connect warning: Connection refused
[2026-05-01 04:42:02.555]<WARNING> [TCP]TCP sender connect warning: Connection refused
[2026-05-01 04:42:11.529]<WARNING> [TCP]TCP sender connect warning: Connection refused
[2026-05-01 04:42:18.549]<WARNING> [TCP]TCP sender connect warning: Connection refused
[2026-05-01 04:42:20.569]<WARNING> [TCP]TCP sender connect warning: Connection refused
[2026-05-01 04:42:22.543]<WARNING> [TCP]TCP sender connect warning: Connection refused
[2026-05-01 04:42:37.560]<WARNING> [TCP]TCP sender connect warning: Connection refused
[2026-05-01 04:42:44.539]<WARNING> [TCP]TCP sender connect warning: Connection refused
[2026-05-01 04:42:49.546]<WARNING> [TCP]TCP sender connect warning: Connection refused
[2026-05-01 04:43:14.533]<WARNING> [TCP]TCP sender connect warning: Connection refused
[2026-05-01 04:43:17.535]<WARNING> [TCP]TCP sender connect warning: Connection refused
[2026-05-01 04:43:18.557]<WARNING> [TCP]TCP sender connect warning: Connection refused
[2026-05-01 04:43:26.558]<WARNING> [TCP]TCP sender connect warning: Connection refused
[2026-05-01 04:43:31.547]<WARNING> [TCP]TCP sender connect warning: Connection refused
[2026-05-01 04:43:34.548]<WARNING> [TCP]TCP sender connect warning: Connection refused
[2026-05-01 04:43:48.551]<WARNING> [TCP]TCP sender connect warning: Connection refused
[2026-05-01 04:44:24.537]<WARNING> [TCP]TCP sender connect warning: Connection refused
[2026-05-01 04:44:25.531]<WARNING> [TCP]TCP sender connect warning: Connection refused
[2026-05-01 04:44:41.576]<WARNING> [TCP]TCP sender connect warning: Connection refused
[2026-05-01 04:44:43.553]<WARNING> [TCP]TCP sender connect warning: Connection refused
[2026-05-01 04:44:53.548]<WARNING> [TCP]TCP sender connect warning: Connection refused
[2026-05-01 04:45:06.526]<WARNING> [TCP]TCP sender connect warning: Connection refused
[2026-05-01 04:45:21.539]<WARNING> [TCP]TCP sender connect warning: Connection refused
[2026-05-01 04:45:25.532]<WARNING> [TCP]TCP sender connect warning: Connection refused
[2026-05-01 04:45:33.554]<WARNING> [TCP]TCP sender connect warning: Connection refused
[2026-05-01 04:45:35.563]<WARNING> [TCP]TCP sender connect warning: Connection refused
[2026-05-01 04:45:50.549]<WARNING> [TCP]TCP sender connect warning: Connection refused
[2026-05-01 04:45:51.529]<WARNING> [TCP]TCP sender connect warning: Connection refused
[2026-05-01 04:45:56.541]<WARNING> [TCP]TCP sender connect warning: Connection refused
[2026-05-01 04:46:01.560]<WARNING> [TCP]TCP sender connect warning: Connection refused
[2026-05-01 04:46:02.534]<WARNING> [TCP]TCP sender connect warning: Connection refused
[2026-05-01 04:46:10.528]<WARNING> [TCP]TCP sender connect warning: Connection refused
[2026-05-01 04:46:14.554]<WARNING> [TCP]TCP sender connect warning: Connection refused
[2026-05-01 04:46:24.538]<WARNING> [TCP]TCP sender connect warning: Connection refused
[2026-05-01 04:46:51.567]<WARNING> [TCP]TCP sender connect warning: Connection refused
[2026-05-01 04:46:52.536]<WARNING> [TCP]TCP sender connect warning: Connection refused
[2026-05-01 04:46:57.544]<WARNING> [TCP]TCP sender connect warning: Connection refused
[2026-05-01 04:47:13.536]<WARNING> [TCP]TCP sender connect warning: Connection refused
[2026-05-01 04:47:15.549]<WARNING> [TCP]TCP sender connect warning: Connection refused
[2026-05-01 04:47:42.552]<WARNING> [TCP]TCP sender connect warning: Connection refused
[2026-05-01 04:47:46.537]<WARNING> [TCP]TCP sender connect warning: Connection refused
[2026-05-01 04:48:05.564]<WARNING> [TCP]TCP sender connect warning: Connection refused
[2026-05-01 04:48:23.555]<WARNING> [TCP]TCP sender connect warning: Connection refused
[2026-05-01 04:48:24.534]<WARNING> [TCP]TCP sender connect warning: Connection refused
[2026-05-01 04:48:28.539]<WARNING> [TCP]TCP sender connect warning: Connection refused
[2026-05-01 04:48:50.560]<WARNING> [TCP]TCP sender connect warning: Connection refused
[2026-05-01 04:48:57.551]<WARNING> [TCP]TCP sender connect warning: Connection refused
[2026-05-01 04:48:58.540]<WARNING> [TCP]TCP sender connect warning: Connection refused
[2026-05-01 04:49:11.542]<WARNING> [TCP]TCP sender connect warning: Connection refused
[2026-05-01 04:49:13.542]<WARNING> [TCP]TCP sender connect warning: Connection refused
[2026-05-01 04:49:19.547]<WARNING> [TCP]TCP sender connect warning: Connection refused
[2026-05-01 04:49:20.538]<WARNING> [TCP]TCP sender connect warning: Connection refused
[2026-05-01 04:49:22.534]<WARNING> [TCP]TCP sender connect warning: Connection refused
[2026-05-01 04:49:26.563]<WARNING> [TCP]TCP sender connect warning: Connection refused
[2026-05-01 04:49:38.538]<WARNING> [TCP]TCP sender connect warning: Connection refused
[2026-05-01 04:49:45.538]<WARNING> [TCP]TCP sender connect warning: Connection refused
[2026-05-01 04:49:50.534]<WARNING> [TCP]TCP sender connect warning: Connection refused
[2026-05-01 04:49:52.541]<WARNING> [TCP]TCP sender connect warning: Connection refused
[2026-05-01 04:49:58.537]<WARNING> [TCP]TCP sender connect warning: Connection refused
[2026-05-01 04:50:08.540]<WARNING> [TCP]TCP sender connect warning: Connection refused
[2026-05-01 04:50:11.544]<WARNING> [TCP]TCP sender connect warning: Connection refused
[2026-05-01 04:50:16.531]<WARNING> [TCP]TCP sender connect warning: Connection refused
[2026-05-01 04:50:33.529]<WARNING> [TCP]TCP sender connect warning: Connection refused
[2026-05-01 04:50:44.548]<WARNING> [TCP]TCP sender connect warning: Connection refused
[2026-05-01 04:50:45.541]<WARNING> [TCP]TCP sender connect warning: Connection refused
[2026-05-01 04:50:46.533]<WARNING> [TCP]TCP sender connect warning: Connection refused
[2026-05-01 04:50:48.547]<WARNING> [TCP]TCP sender connect warning: Connection refused
[2026-05-01 04:50:56.544]<WARNING> [TCP]TCP sender connect warning: Connection refused
[2026-05-01 04:51:02.536]<WARNING> [TCP]TCP sender connect warning: Connection refused
[2026-05-01 04:51:11.562]<WARNING> [TCP]TCP sender connect warning: Connection refused
[2026-05-01 04:51:25.535]<WARNING> [TCP]TCP sender connect warning: Connection refused
[2026-05-01 04:51:35.540]<WARNING> [TCP]TCP sender connect warning: Connection refused
[2026-05-01 04:51:39.531]<WARNING> [TCP]TCP sender connect warning: Connection refused
[2026-05-01 04:51:40.538]<WARNING> [TCP]TCP sender connect warning: Connection refused
[2026-05-01 04:52:14.529]<WARNING> [TCP]TCP sender connect warning: Connection refused
[2026-05-01 04:52:37.548]<WARNING> [TCP]TCP sender connect warning: Connection refused
[2026-05-01 04:52:39.546]<WARNING> [TCP]TCP sender connect warning: Connection refused
[2026-05-01 04:52:49.526]<WARNING> [TCP]TCP sender connect warning: Connection refused
[2026-05-01 04:52:57.533]<WARNING> [TCP]TCP sender connect warning: Connection refused
[2026-05-01 04:53:01.531]<WARNING> [TCP]TCP sender connect warning: Connection refused
[2026-05-01 04:53:04.554]<WARNING> [TCP]TCP sender connect warning: Connection refused
[2026-05-01 04:53:26.542]<WARNING> [TCP]TCP sender connect warning: Connection refused
[2026-05-01 04:53:53.544]<WARNING> [TCP]TCP sender connect warning: Connection refused
[2026-05-01 04:53:54.537]<WARNING> [TCP]TCP sender connect warning: Connection refused
[2026-05-01 04:53:56.569]<WARNING> [TCP]TCP sender connect warning: Connection refused
[2026-05-01 04:54:01.540]<WARNING> [TCP]TCP sender connect warning: Connection refused
[2026-05-01 04:54:05.542]<WARNING> [TCP]TCP sender connect warning: Connection refused
[2026-05-01 04:54:12.554]<WARNING> [TCP]TCP sender connect warning: Connection refused
[2026-05-01 04:54:21.530]<WARNING> [TCP]TCP sender connect warning: Connection refused
[2026-05-01 04:54:26.574]<WARNING> [TCP]TCP sender connect warning: Connection refused
[2026-05-01 04:54:32.544]<WARNING> [TCP]TCP sender connect warning: Connection refused
[2026-05-01 04:54:42.549]<WARNING> [TCP]TCP sender connect warning: Connection refused
[2026-05-01 04:54:51.550]<WARNING> [TCP]TCP sender connect warning: Connection refused
[2026-05-01 04:54:53.540]<WARNING> [TCP]TCP sender connect warning: Connection refused
[2026-05-01 04:54:59.577]<WARNING> [TCP]TCP sender connect warning: Connection refused
[2026-05-01 04:55:03.543]<WARNING> [TCP]TCP sender connect warning: Connection refused
[2026-05-01 04:55:17.554]<WARNING> [TCP]TCP sender connect warning: Connection refused
[2026-05-01 04:55:19.542]<WARNING> [TCP]TCP sender connect warning: Connection refused
[2026-05-01 04:55:28.562]<WARNING> [TCP]TCP sender connect warning: Connection refused
[2026-05-01 04:55:29.555]<WARNING> [TCP]TCP sender connect warning: Connection refused
[2026-05-01 04:55:33.533]<WARNING> [TCP]TCP sender connect warning: Connection refused
[2026-05-01 04:55:35.560]<WARNING> [TCP]TCP sender connect warning: Connection refused
[2026-05-01 04:55:40.525]<WARNING> [TCP]TCP sender connect warning: Connection refused
[2026-05-01 04:55:49.531]<WARNING> [TCP]TCP sender connect warning: Connection refused
[2026-05-01 04:55:55.526]<WARNING> [TCP]TCP sender connect warning: Connection refused
[2026-05-01 04:56:09.544]<WARNING> [TCP]TCP sender connect warning: Connection refused
[2026-05-01 04:56:20.538]<WARNING> [TCP]TCP sender connect warning: Connection refused
[2026-05-01 04:56:26.548]<WARNING> [TCP]TCP sender connect warning: Connection refused
[2026-05-01 04:56:29.529]<WARNING> [TCP]TCP sender connect warning: Connection refused
[2026-05-01 04:57:17.530]<WARNING> [TCP]TCP sender connect warning: Connection refused
[2026-05-01 04:57:34.539]<WARNING> [TCP]TCP sender connect warning: Connection refused
[2026-05-01 04:57:35.533]<WARNING> [TCP]TCP sender connect warning: Connection refused
[2026-05-01 04:57:43.540]<WARNING> [TCP]TCP sender connect warning: Connection refused
[2026-05-01 04:57:47.570]<WARNING> [TCP]TCP sender connect warning: Connection refused
[2026-05-01 04:57:52.560]<WARNING> [TCP]TCP sender connect warning: Connection refused
[2026-05-01 04:58:11.538]<WARNING> [TCP]TCP sender connect warning: Connection refused
[2026-05-01 04:58:26.585]<WARNING> [TCP]TCP sender connect warning: Connection refused
[2026-05-01 04:58:28.536]<WARNING> [TCP]TCP sender connect warning: Connection refused
[2026-05-01 04:58:32.554]<WARNING> [TCP]TCP sender connect warning: Connection refused
[2026-05-01 04:58:34.536]<WARNING> [TCP]TCP sender connect warning: Connection refused
[2026-05-01 04:58:42.542]<WARNING> [TCP]TCP sender connect warning: Connection refused
[2026-05-01 04:58:47.555]<WARNING> [TCP]TCP sender connect warning: Connection refused
[2026-05-01 04:58:49.560]<WARNING> [TCP]TCP sender connect warning: Connection refused
[2026-05-01 04:58:50.533]<WARNING> [TCP]TCP sender connect warning: Connection refused
[2026-05-01 04:58:51.525]<WARNING> [TCP]TCP sender connect warning: Connection refused
[2026-05-01 04:58:53.531]<WARNING> [TCP]TCP sender connect warning: Connection refused
[2026-05-01 04:59:38.550]<WARNING> [TCP]TCP sender connect warning: Connection refused
[2026-05-01 04:59:47.536]<WARNING> [TCP]TCP sender connect warning: Connection refused
[2026-05-01 04:59:50.536]<WARNING> [TCP]TCP sender connect warning: Connection refused
[2026-05-01 05:00:03.532]<WARNING> [TCP]TCP sender connect warning: Connection refused
[2026-05-01 05:00:08.538]<WARNING> [TCP]TCP sender connect warning: Connection refused
[2026-05-01 05:00:11.554]<WARNING> [TCP]TCP sender connect warning: Connection refused
[2026-05-01 05:00:12.528]<WARNING> [TCP]TCP sender connect warning: Connection refused
[2026-05-01 05:00:17.548]<WARNING> [TCP]TCP sender connect warning: Connection refused
[2026-05-01 05:00:18.540]<WARNING> [TCP]TCP sender connect warning: Connection refused
[2026-05-01 05:00:23.567]<WARNING> [TCP]TCP sender connect warning: Connection refused
[2026-05-01 05:00:34.525]<WARNING> [TCP]TCP sender connect warning: Connection refused
[2026-05-01 05:00:50.540]<WARNING> [TCP]TCP sender connect warning: Connection refused
[2026-05-01 05:01:05.545]<WARNING> [TCP]TCP sender connect warning: Connection refused
[2026-05-01 05:01:07.604]<WARNING> [TCP]TCP sender connect warning: Connection refused
[2026-05-01 05:01:08.540]<WARNING> [TCP]TCP sender connect warning: Connection refused
[2026-05-01 05:01:12.533]<WARNING> [TCP]TCP sender connect warning: Connection refused
[2026-05-01 05:01:13.547]<WARNING> [TCP]TCP sender connect warning: Connection refused
[2026-05-01 05:01:21.533]<WARNING> [TCP]TCP sender connect warning: Connection refused
[2026-05-01 05:01:31.547]<WARNING> [TCP]TCP sender connect warning: Connection refused
[2026-05-01 05:01:55.546]<WARNING> [TCP]TCP sender connect warning: Connection refused
[2026-05-01 05:02:18.530]<WARNING> [TCP]TCP sender connect warning: Connection refused
[2026-05-01 05:02:22.544]<WARNING> [TCP]TCP sender connect warning: Connection refused
[2026-05-01 05:02:33.522]<WARNING> [TCP]TCP sender connect warning: Connection refused
[2026-05-01 05:02:36.539]<WARNING> [TCP]TCP sender connect warning: Connection refused
[2026-05-01 05:02:41.548]<WARNING> [TCP]TCP sender connect warning: Connection refused
[2026-05-01 05:02:49.535]<WARNING> [TCP]TCP sender connect warning: Connection refused
[2026-05-01 05:02:51.540]<WARNING> [TCP]TCP sender connect warning: Connection refused
[2026-05-01 05:02:52.535]<WARNING> [TCP]TCP sender connect warning: Connection refused
[2026-05-01 05:02:55.541]<WARNING> [TCP]TCP sender connect warning: Connection refused
[2026-05-01 05:03:02.551]<WARNING> [TCP]TCP sender connect warning: Connection refused
[2026-05-01 05:03:08.553]<WARNING> [TCP]TCP sender connect warning: Connection refused
[2026-05-01 05:03:09.529]<WARNING> [TCP]TCP sender connect warning: Connection refused
[2026-05-01 05:03:16.535]<WARNING> [TCP]TCP sender connect warning: Connection refused
[2026-05-01 05:03:20.553]<WARNING> [TCP]TCP sender connect warning: Connection refused
[2026-05-01 05:03:21.546]<WARNING> [TCP]TCP sender connect warning: Connection refused
[2026-05-01 05:03:22.539]<WARNING> [TCP]TCP sender connect warning: Connection refused
[2026-05-01 05:03:26.553]<WARNING> [TCP]TCP sender connect warning: Connection refused
[2026-05-01 05:03:40.552]<WARNING> [TCP]TCP sender connect warning: Connection refused
[2026-05-01 05:03:45.523]<WARNING> [TCP]TCP sender connect warning: Connection refused
[2026-05-01 05:03:58.536]<WARNING> [TCP]TCP sender connect warning: Connection refused
[2026-05-01 05:04:09.564]<WARNING> [TCP]TCP sender connect warning: Connection refused
[2026-05-01 05:04:24.528]<WARNING> [TCP]TCP sender connect warning: Connection refused
[2026-05-01 05:04:27.542]<WARNING> [TCP]TCP sender connect warning: Connection refused
[2026-05-01 05:04:30.546]<WARNING> [TCP]TCP sender connect warning: Connection refused
[2026-05-01 05:04:41.576]<WARNING> [TCP]TCP sender connect warning: Connection refused
[2026-05-01 05:04:43.521]<WARNING> [TCP]TCP sender connect warning: Connection refused
[2026-05-01 05:04:48.539]<WARNING> [TCP]TCP sender connect warning: Connection refused
[2026-05-01 05:04:54.535]<WARNING> [TCP]TCP sender connect warning: Connection refused
[2026-05-01 05:05:01.530]<WARNING> [TCP]TCP sender connect warning: Connection refused
[2026-05-01 05:05:08.529]<WARNING> [TCP]TCP sender connect warning: Connection refused
[2026-05-01 05:05:16.540]<WARNING> [TCP]TCP sender connect warning: Connection refused
[2026-05-01 05:05:26.562]<WARNING> [TCP]TCP sender connect warning: Connection refused
[2026-05-01 05:05:30.533]<WARNING> [TCP]TCP sender connect warning: Connection refused
[2026-05-01 05:05:51.563]<WARNING> [TCP]TCP sender connect warning: Connection refused
[2026-05-01 05:05:54.558]<WARNING> [TCP]TCP sender connect warning: Connection refused
[2026-05-01 05:05:57.520]<WARNING> [TCP]TCP sender connect warning: Connection refused
[2026-05-01 05:05:58.536]<WARNING> [TCP]TCP sender connect warning: Connection refused
[2026-05-01 05:06:00.552]<WARNING> [TCP]TCP sender connect warning: Connection refused
[2026-05-01 05:06:07.574]<WARNING> [TCP]TCP sender connect warning: Connection refused
[2026-05-01 05:06:11.547]<WARNING> [TCP]TCP sender connect warning: Connection refused
[2026-05-01 05:06:48.552]<WARNING> [TCP]TCP sender connect warning: Connection refused
[2026-05-01 05:07:13.547]<WARNING> [TCP]TCP sender connect warning: Connection refused
[2026-05-01 05:07:21.537]<WARNING> [TCP]TCP sender connect warning: Connection refused
[2026-05-01 05:07:23.538]<WARNING> [TCP]TCP sender connect warning: Connection refused
[2026-05-01 05:07:24.533]<WARNING> [TCP]TCP sender connect warning: Connection refused
[2026-05-01 05:07:26.544]<WARNING> [TCP]TCP sender connect warning: Connection refused
[2026-05-01 05:07:51.548]<WARNING> [TCP]TCP sender connect warning: Connection refused
[2026-05-01 05:08:04.549]<WARNING> [TCP]TCP sender connect warning: Connection refused
[2026-05-01 05:08:18.528]<WARNING> [TCP]TCP sender connect warning: Connection refused
[2026-05-01 05:08:22.542]<WARNING> [TCP]TCP sender connect warning: Connection refused
[2026-05-01 05:08:23.557]<WARNING> [TCP]TCP sender connect warning: Connection refused
[2026-05-01 05:08:29.533]<WARNING> [TCP]TCP sender connect warning: Connection refused
[2026-05-01 05:08:34.543]<WARNING> [TCP]TCP sender connect warning: Connection refused
[2026-05-01 05:08:46.550]<WARNING> [TCP]TCP sender connect warning: Connection refused
[2026-05-01 05:08:52.547]<WARNING> [TCP]TCP sender connect warning: Connection refused
[2026-05-01 05:08:57.540]<WARNING> [TCP]TCP sender connect warning: Connection refused
[2026-05-01 05:08:59.562]<WARNING> [TCP]TCP sender connect warning: Connection refused
[2026-05-01 05:09:04.557]<WARNING> [TCP]TCP sender connect warning: Connection refused
[2026-05-01 05:09:15.556]<WARNING> [TCP]TCP sender connect warning: Connection refused
[2026-05-01 05:09:21.545]<WARNING> [TCP]TCP sender connect warning: Connection refused
[2026-05-01 05:09:28.536]<WARNING> [TCP]TCP sender connect warning: Connection refused
[2026-05-01 05:09:34.535]<WARNING> [TCP]TCP sender connect warning: Connection refused
[2026-05-01 05:09:45.524]<WARNING> [TCP]TCP sender connect warning: Connection refused
[2026-05-01 05:09:48.541]<WARNING> [TCP]TCP sender connect warning: Connection refused
[2026-05-01 05:09:59.543]<WARNING> [TCP]TCP sender connect warning: Connection refused
[2026-05-01 05:10:00.577]<WARNING> [TCP]TCP sender connect warning: Connection refused
[2026-05-01 05:10:05.564]<WARNING> [TCP]TCP sender connect warning: Connection refused
[2026-05-01 05:10:07.543]<WARNING> [TCP]TCP sender connect warning: Connection refused
[2026-05-01 05:10:32.559]<WARNING> [TCP]TCP sender connect warning: Connection refused
[2026-05-01 05:10:58.520]<WARNING> [TCP]TCP sender connect warning: Connection refused
[2026-05-01 05:11:05.540]<WARNING> [TCP]TCP sender connect warning: Connection refused
[2026-05-01 05:11:23.530]<WARNING> [TCP]TCP sender connect warning: Connection refused
[2026-05-01 05:11:30.550]<WARNING> [TCP]TCP sender connect warning: Connection refused
[2026-05-01 05:11:34.547]<WARNING> [TCP]TCP sender connect warning: Connection refused
[2026-05-01 05:11:55.533]<WARNING> [TCP]TCP sender connect warning: Connection refused
[2026-05-01 05:12:02.552]<WARNING> [TCP]TCP sender connect warning: Connection refused
[2026-05-01 05:12:22.553]<WARNING> [TCP]TCP sender connect warning: Connection refused
[2026-05-01 05:12:23.549]<WARNING> [TCP]TCP sender connect warning: Connection refused
[2026-05-01 05:12:34.537]<WARNING> [TCP]TCP sender connect warning: Connection refused
[2026-05-01 05:12:38.568]<WARNING> [TCP]TCP sender connect warning: Connection refused
[2026-05-01 05:12:43.537]<WARNING> [TCP]TCP sender connect warning: Connection refused
[2026-05-01 05:12:47.557]<WARNING> [TCP]TCP sender connect warning: Connection refused
[2026-05-01 05:13:01.549]<WARNING> [TCP]TCP sender connect warning: Connection refused
[2026-05-01 05:13:24.534]<WARNING> [TCP]TCP sender connect warning: Connection refused
[2026-05-01 05:13:29.542]<WARNING> [TCP]TCP sender connect warning: Connection refused
[2026-05-01 05:13:34.546]<WARNING> [TCP]TCP sender connect warning: Connection refused
[2026-05-01 05:13:35.524]<WARNING> [TCP]TCP sender connect warning: Connection refused
[2026-05-01 05:13:41.543]<WARNING> [TCP]TCP sender connect warning: Connection refused
[2026-05-01 05:13:44.549]<WARNING> [TCP]TCP sender connect warning: Connection refused
[2026-05-01 05:13:45.543]<WARNING> [TCP]TCP sender connect warning: Connection refused
[2026-05-01 05:14:02.543]<WARNING> [TCP]TCP sender connect warning: Connection refused
[2026-05-01 05:14:19.555]<WARNING> [TCP]TCP sender connect warning: Connection refused
[2026-05-01 05:14:31.558]<WARNING> [TCP]TCP sender connect warning: Connection refused
[2026-05-01 05:14:33.534]<WARNING> [TCP]TCP sender connect warning: Connection refused
[2026-05-01 05:14:38.538]<WARNING> [TCP]TCP sender connect warning: Connection refused
[2026-05-01 05:14:48.556]<WARNING> [TCP]TCP sender connect warning: Connection refused
[2026-05-01 05:14:57.537]<WARNING> [TCP]TCP sender connect warning: Connection refused
[2026-05-01 05:14:59.542]<WARNING> [TCP]TCP sender connect warning: Connection refused
[2026-05-01 05:15:07.556]<WARNING> [TCP]TCP sender connect warning: Connection refused
[2026-05-01 05:15:08.547]<WARNING> [TCP]TCP sender connect warning: Connection refused
[2026-05-01 05:15:09.541]<WARNING> [TCP]TCP sender connect warning: Connection refused
[2026-05-01 05:15:10.537]<WARNING> [TCP]TCP sender connect warning: Connection refused
[2026-05-01 05:15:11.550]<WARNING> [TCP]TCP sender connect warning: Connection refused
[2026-05-01 05:15:18.537]<WARNING> [TCP]TCP sender connect warning: Connection refused
[2026-05-01 05:15:33.530]<WARNING> [TCP]TCP sender connect warning: Connection refused
[2026-05-01 05:15:38.539]<WARNING> [TCP]TCP sender connect warning: Connection refused
[2026-05-01 05:16:00.549]<WARNING> [TCP]TCP sender connect warning: Connection refused
[2026-05-01 05:16:12.540]<WARNING> [TCP]TCP sender connect warning: Connection refused
[2026-05-01 05:16:22.526]<WARNING> [TCP]TCP sender connect warning: Connection refused
[2026-05-01 05:16:48.535]<WARNING> [TCP]TCP sender connect warning: Connection refused
[2026-05-01 05:17:00.557]<WARNING> [TCP]TCP sender connect warning: Connection refused
[2026-05-01 05:17:22.540]<WARNING> [TCP]TCP sender connect warning: Connection refused
[2026-05-01 05:17:27.551]<WARNING> [TCP]TCP sender connect warning: Connection refused
[2026-05-01 05:17:38.544]<WARNING> [TCP]TCP sender connect warning: Connection refused
[2026-05-01 05:17:40.549]<WARNING> [TCP]TCP sender connect warning: Connection refused
[2026-05-01 05:17:44.550]<WARNING> [TCP]TCP sender connect warning: Connection refused
