--- Log File Created: 2026-03-17 07:10:17.682 ---
[2026-03-17 07:10:17.858]<DEBUG> [Detector]Robot Inferencer initializing...
[2026-03-17 07:10:17.859]<DEBUG> [Yolov8Inferencer]Model loaded: car_v8n
[2026-03-17 07:10:17.860]<DEBUG> [Yolov8Inferencer]Model class count: 1
[2026-03-17 07:10:17.860]<DEBUG> [Yolov8Inferencer]Model loaded: armor_v8n
[2026-03-17 07:10:17.860]<DEBUG> [Yolov8Inferencer]Model class count: 12
[2026-03-17 07:10:17.860]<DEBUG> [Yolov8Inferencer]Model loaded: armor_v8n
[2026-03-17 07:10:17.860]<DEBUG> [Yolov8Inferencer]Model class count: 12
[2026-03-17 07:10:17.860]<DEBUG> [Yolov8Inferencer]Model loaded: armor_v8n
[2026-03-17 07:10:17.860]<DEBUG> [Yolov8Inferencer]Model class count: 12
[2026-03-17 07:10:17.860]<DEBUG> [Yolov8Inferencer]Model loaded: armor_v8n
[2026-03-17 07:10:17.860]<DEBUG> [Yolov8Inferencer]Model class count: 12
[2026-03-17 07:10:17.860]<DEBUG> [Yolov8Inferencer]Model loaded: armor_v8n
[2026-03-17 07:10:17.860]<DEBUG> [Yolov8Inferencer]Model class count: 12
[2026-03-17 07:10:17.860]<DEBUG> [Yolov8Inferencer]Model loaded: armor_v8n
[2026-03-17 07:10:17.860]<DEBUG> [Yolov8Inferencer]Model class count: 12
[2026-03-17 07:10:17.860]<DEBUG> [Yolov8Inferencer]Model loaded: armor_v8n
[2026-03-17 07:10:17.860]<DEBUG> [Yolov8Inferencer]Model class count: 12
[2026-03-17 07:10:17.860]<DEBUG> [Yolov8Inferencer]Model loaded: armor_v8n
[2026-03-17 07:10:17.860]<DEBUG> [Yolov8Inferencer]Model class count: 12
[2026-03-17 07:10:17.861]<DEBUG> [Yolov8Inferencer]Model loaded: armor_v8n
[2026-03-17 07:10:17.861]<DEBUG> [Yolov8Inferencer]Model class count: 12
[2026-03-17 07:10:17.861]<DEBUG> [Yolov8Inferencer]Model loaded: armor_v8n
[2026-03-17 07:10:17.861]<DEBUG> [Yolov8Inferencer]Model class count: 12
[2026-03-17 07:10:17.861]<DEBUG> [Yolov8Inferencer]Model loaded: armor_v8n
[2026-03-17 07:10:17.861]<DEBUG> [Yolov8Inferencer]Model class count: 12
[2026-03-17 07:10:17.861]<DEBUG> [Yolov8Inferencer]Model loaded: armor_v8n
[2026-03-17 07:10:17.861]<DEBUG> [Yolov8Inferencer]Model class count: 12
[2026-03-17 07:10:17.861]<DEBUG> [Detector]initialized.
[2026-03-17 07:10:31.483]<DEBUG> [Detector]Robot Inferencer initializing...
[2026-03-17 07:10:31.483]<DEBUG> [Detector]initialized.
[2026-03-17 07:10:31.483]<DEBUG> [Detector]Detection started.
[2026-03-17 07:11:27.146]<DEBUG> [Detector]Detection stopped.
