---TCP Log File Created: 2026-05-18 18:17:20.874 ---
[2026-05-18 18:17:20.874]<DEBUG> [TCP]TCP receiver client starting, target 127.0.0.1:1400
[2026-05-18 18:17:20.875]<DEBUG> [TCP]TCP sender server listening at 0.0.0.0:1500
[2026-05-18 18:17:20.875]<WARNING> [TCP]TCP receiver connect warning: Connection refused
[2026-05-18 18:17:21.815]<WARNING> [TCP]TCP receiver connect warning: Connection refused
[2026-05-18 18:17:22.713]<WARNING> [TCP]TCP receiver connect warning: Connection refused
[2026-05-18 18:17:23.705]<WARNING> [TCP]TCP receiver connect warning: Connection refused
[2026-05-18 18:17:24.697]<WARNING> [TCP]TCP receiver connect warning: Connection refused
[2026-05-18 18:17:25.696]<WARNING> [TCP]TCP receiver connect warning: Connection refused
[2026-05-18 18:17:26.716]<WARNING> [TCP]TCP receiver connect warning: Connection refused
[2026-05-18 18:17:27.771]<WARNING> [TCP]TCP receiver connect warning: Connection refused
[2026-05-18 18:17:28.735]<WARNING> [TCP]TCP receiver connect warning: Connection refused
[2026-05-18 18:17:29.716]<WARNING> [TCP]TCP receiver connect warning: Connection refused
[2026-05-18 18:17:30.712]<WARNING> [TCP]TCP receiver connect warning: Connection refused
[2026-05-18 18:17:31.724]<WARNING> [TCP]TCP receiver connect warning: Connection refused
[2026-05-18 18:17:32.747]<WARNING> [TCP]TCP receiver connect warning: Connection refused
[2026-05-18 18:17:33.703]<WARNING> [TCP]TCP receiver connect warning: Connection refused
[2026-05-18 18:17:34.791]<WARNING> [TCP]TCP receiver connect warning: Connection refused
[2026-05-18 18:17:35.708]<WARNING> [TCP]TCP receiver connect warning: Connection refused
[2026-05-18 18:17:36.726]<WARNING> [TCP]TCP receiver connect warning: Connection refused
[2026-05-18 18:17:37.928]<WARNING> [TCP]TCP receiver connect warning: Connection refused
[2026-05-18 18:17:38.810]<WARNING> [TCP]TCP receiver connect warning: Connection refused
[2026-05-18 18:17:39.794]<WARNING> [TCP]TCP receiver connect warning: Connection refused
[2026-05-18 18:17:40.801]<WARNING> [TCP]TCP receiver connect warning: Connection refused
[2026-05-18 18:17:41.705]<WARNING> [TCP]TCP receiver connect warning: Connection refused
[2026-05-18 18:17:42.837]<WARNING> [TCP]TCP receiver connect warning: Connection refused
[2026-05-18 18:17:43.855]<WARNING> [TCP]TCP receiver connect warning: Connection refused
[2026-05-18 18:17:44.885]<WARNING> [TCP]TCP receiver connect warning: Connection refused
[2026-05-18 18:17:45.764]<WARNING> [TCP]TCP receiver connect warning: Connection refused
[2026-05-18 18:17:46.703]<WARNING> [TCP]TCP receiver connect warning: Connection refused
[2026-05-18 18:17:47.725]<WARNING> [TCP]TCP receiver connect warning: Connection refused
[2026-05-18 18:17:48.741]<WARNING> [TCP]TCP receiver connect warning: Connection refused
[2026-05-18 18:17:49.744]<WARNING> [TCP]TCP receiver connect warning: Connection refused
[2026-05-18 18:17:50.726]<WARNING> [TCP]TCP receiver connect warning: Connection refused
[2026-05-18 18:17:51.851]<WARNING> [TCP]TCP receiver connect warning: Connection refused
[2026-05-18 18:17:52.726]<WARNING> [TCP]TCP receiver connect warning: Connection refused
[2026-05-18 18:17:53.716]<WARNING> [TCP]TCP receiver connect warning: Connection refused
[2026-05-18 18:17:54.755]<WARNING> [TCP]TCP receiver connect warning: Connection refused
[2026-05-18 18:17:55.774]<WARNING> [TCP]TCP receiver connect warning: Connection refused
[2026-05-18 18:17:56.758]<WARNING> [TCP]TCP receiver connect warning: Connection refused
[2026-05-18 18:17:57.737]<WARNING> [TCP]TCP receiver connect warning: Connection refused
[2026-05-18 18:17:58.720]<WARNING> [TCP]TCP receiver connect warning: Connection refused
[2026-05-18 18:17:59.743]<WARNING> [TCP]TCP receiver connect warning: Connection refused
[2026-05-18 18:18:00.743]<WARNING> [TCP]TCP receiver connect warning: Connection refused
[2026-05-18 18:18:01.715]<WARNING> [TCP]TCP receiver connect warning: Connection refused
[2026-05-18 18:18:02.749]<WARNING> [TCP]TCP receiver connect warning: Connection refused
[2026-05-18 18:18:03.733]<WARNING> [TCP]TCP receiver connect warning: Connection refused
[2026-05-18 18:18:04.713]<WARNING> [TCP]TCP receiver connect warning: Connection refused
[2026-05-18 18:18:05.746]<WARNING> [TCP]TCP receiver connect warning: Connection refused
[2026-05-18 18:18:06.720]<WARNING> [TCP]TCP receiver connect warning: Connection refused
[2026-05-18 18:18:07.869]<WARNING> [TCP]TCP receiver connect warning: Connection refused
[2026-05-18 18:18:08.765]<WARNING> [TCP]TCP receiver connect warning: Connection refused
[2026-05-18 18:18:09.954]<WARNING> [TCP]TCP receiver connect warning: Connection refused
[2026-05-18 18:18:10.754]<WARNING> [TCP]TCP receiver connect warning: Connection refused
[2026-05-18 18:18:11.738]<WARNING> [TCP]TCP receiver connect warning: Connection refused
[2026-05-18 18:18:12.713]<WARNING> [TCP]TCP receiver connect warning: Connection refused
[2026-05-18 18:18:13.745]<WARNING> [TCP]TCP receiver connect warning: Connection refused
[2026-05-18 18:18:14.740]<WARNING> [TCP]TCP receiver connect warning: Connection refused
[2026-05-18 18:18:15.716]<WARNING> [TCP]TCP receiver connect warning: Connection refused
[2026-05-18 18:18:16.756]<WARNING> [TCP]TCP receiver connect warning: Connection refused
[2026-05-18 18:18:17.739]<WARNING> [TCP]TCP receiver connect warning: Connection refused
[2026-05-18 18:18:18.715]<WARNING> [TCP]TCP receiver connect warning: Connection refused
[2026-05-18 18:18:19.751]<WARNING> [TCP]TCP receiver connect warning: Connection refused
[2026-05-18 18:18:20.747]<WARNING> [TCP]TCP receiver connect warning: Connection refused
[2026-05-18 18:18:21.729]<WARNING> [TCP]TCP receiver connect warning: Connection refused
[2026-05-18 18:18:22.734]<WARNING> [TCP]TCP receiver connect warning: Connection refused
[2026-05-18 18:18:23.731]<WARNING> [TCP]TCP receiver connect warning: Connection refused
[2026-05-18 18:18:24.778]<WARNING> [TCP]TCP receiver connect warning: Connection refused
[2026-05-18 18:18:25.752]<WARNING> [TCP]TCP receiver connect warning: Connection refused
[2026-05-18 18:18:26.730]<WARNING> [TCP]TCP receiver connect warning: Connection refused
[2026-05-18 18:18:27.758]<WARNING> [TCP]TCP receiver connect warning: Connection refused
[2026-05-18 18:18:28.747]<WARNING> [TCP]TCP receiver connect warning: Connection refused
[2026-05-18 18:18:29.780]<WARNING> [TCP]TCP receiver connect warning: Connection refused
[2026-05-18 18:18:30.742]<WARNING> [TCP]TCP receiver connect warning: Connection refused
[2026-05-18 18:18:31.738]<WARNING> [TCP]TCP receiver connect warning: Connection refused
[2026-05-18 18:18:32.718]<WARNING> [TCP]TCP receiver connect warning: Connection refused
[2026-05-18 18:18:33.724]<WARNING> [TCP]TCP receiver connect warning: Connection refused
[2026-05-18 18:18:34.746]<WARNING> [TCP]TCP receiver connect warning: Connection refused
[2026-05-18 18:18:35.732]<WARNING> [TCP]TCP receiver connect warning: Connection refused
[2026-05-18 18:18:36.766]<WARNING> [TCP]TCP receiver connect warning: Connection refused
[2026-05-18 18:18:37.742]<WARNING> [TCP]TCP receiver connect warning: Connection refused
[2026-05-18 18:18:38.727]<WARNING> [TCP]TCP receiver connect warning: Connection refused
[2026-05-18 18:18:40.016]<WARNING> [TCP]TCP receiver connect warning: Connection refused
[2026-05-18 18:18:40.782]<WARNING> [TCP]TCP receiver connect warning: Connection refused
[2026-05-18 18:18:41.748]<WARNING> [TCP]TCP receiver connect warning: Connection refused
[2026-05-18 18:18:42.736]<WARNING> [TCP]TCP receiver connect warning: Connection refused
[2026-05-18 18:18:43.784]<WARNING> [TCP]TCP receiver connect warning: Connection refused
[2026-05-18 18:18:44.744]<WARNING> [TCP]TCP receiver connect warning: Connection refused
[2026-05-18 18:18:45.768]<WARNING> [TCP]TCP receiver connect warning: Connection refused
[2026-05-18 18:18:46.734]<WARNING> [TCP]TCP receiver connect warning: Connection refused
[2026-05-18 18:18:47.807]<WARNING> [TCP]TCP receiver connect warning: Connection refused
[2026-05-18 18:18:48.792]<WARNING> [TCP]TCP receiver connect warning: Connection refused
[2026-05-18 18:18:49.776]<WARNING> [TCP]TCP receiver connect warning: Connection refused
[2026-05-18 18:18:50.735]<WARNING> [TCP]TCP receiver connect warning: Connection refused
[2026-05-18 18:18:51.779]<WARNING> [TCP]TCP receiver connect warning: Connection refused
[2026-05-18 18:18:52.787]<WARNING> [TCP]TCP receiver connect warning: Connection refused
[2026-05-18 18:18:53.784]<WARNING> [TCP]TCP receiver connect warning: Connection refused
[2026-05-18 18:18:54.783]<WARNING> [TCP]TCP receiver connect warning: Connection refused
[2026-05-18 18:18:55.741]<WARNING> [TCP]TCP receiver connect warning: Connection refused
[2026-05-18 18:18:56.767]<WARNING> [TCP]TCP receiver connect warning: Connection refused
[2026-05-18 18:18:57.780]<WARNING> [TCP]TCP receiver connect warning: Connection refused
[2026-05-18 18:18:58.738]<WARNING> [TCP]TCP receiver connect warning: Connection refused
[2026-05-18 18:18:59.724]<WARNING> [TCP]TCP receiver connect warning: Connection refused
[2026-05-18 18:19:00.746]<WARNING> [TCP]TCP receiver connect warning: Connection refused
[2026-05-18 18:19:01.758]<WARNING> [TCP]TCP receiver connect warning: Connection refused
[2026-05-18 18:19:02.775]<WARNING> [TCP]TCP receiver connect warning: Connection refused
[2026-05-18 18:19:03.799]<WARNING> [TCP]TCP receiver connect warning: Connection refused
[2026-05-18 18:19:04.734]<WARNING> [TCP]TCP receiver connect warning: Connection refused
[2026-05-18 18:19:05.768]<WARNING> [TCP]TCP receiver connect warning: Connection refused
[2026-05-18 18:19:06.744]<WARNING> [TCP]TCP receiver connect warning: Connection refused
[2026-05-18 18:19:07.731]<WARNING> [TCP]TCP receiver connect warning: Connection refused
[2026-05-18 18:19:08.732]<WARNING> [TCP]TCP receiver connect warning: Connection refused
[2026-05-18 18:19:09.793]<WARNING> [TCP]TCP receiver connect warning: Connection refused
[2026-05-18 18:19:10.728]<WARNING> [TCP]TCP receiver connect warning: Connection refused
[2026-05-18 18:19:11.757]<WARNING> [TCP]TCP receiver connect warning: Connection refused
[2026-05-18 18:19:12.827]<WARNING> [TCP]TCP receiver connect warning: Connection refused
[2026-05-18 18:19:13.740]<WARNING> [TCP]TCP receiver connect warning: Connection refused
[2026-05-18 18:19:14.759]<WARNING> [TCP]TCP receiver connect warning: Connection refused
[2026-05-18 18:19:15.823]<WARNING> [TCP]TCP receiver connect warning: Connection refused
[2026-05-18 18:19:16.746]<WARNING> [TCP]TCP receiver connect warning: Connection refused
[2026-05-18 18:19:17.774]<WARNING> [TCP]TCP receiver connect warning: Connection refused
[2026-05-18 18:19:18.798]<WARNING> [TCP]TCP receiver connect warning: Connection refused
[2026-05-18 18:19:19.773]<WARNING> [TCP]TCP receiver connect warning: Connection refused
[2026-05-18 18:19:20.747]<WARNING> [TCP]TCP receiver connect warning: Connection refused
[2026-05-18 18:19:21.771]<WARNING> [TCP]TCP receiver connect warning: Connection refused
[2026-05-18 18:19:22.772]<WARNING> [TCP]TCP receiver connect warning: Connection refused
[2026-05-18 18:19:23.772]<WARNING> [TCP]TCP receiver connect warning: Connection refused
[2026-05-18 18:19:24.789]<WARNING> [TCP]TCP receiver connect warning: Connection refused
[2026-05-18 18:19:25.738]<WARNING> [TCP]TCP receiver connect warning: Connection refused
[2026-05-18 18:19:26.756]<WARNING> [TCP]TCP receiver connect warning: Connection refused
[2026-05-18 18:19:27.751]<WARNING> [TCP]TCP receiver connect warning: Connection refused
[2026-05-18 18:19:28.735]<WARNING> [TCP]TCP receiver connect warning: Connection refused
[2026-05-18 18:19:29.836]<WARNING> [TCP]TCP receiver connect warning: Connection refused
[2026-05-18 18:19:30.806]<WARNING> [TCP]TCP receiver connect warning: Connection refused
[2026-05-18 18:19:31.737]<WARNING> [TCP]TCP receiver connect warning: Connection refused
[2026-05-18 18:19:32.738]<WARNING> [TCP]TCP receiver connect warning: Connection refused
[2026-05-18 18:19:33.762]<WARNING> [TCP]TCP receiver connect warning: Connection refused
[2026-05-18 18:19:34.762]<WARNING> [TCP]TCP receiver connect warning: Connection refused
[2026-05-18 18:19:35.738]<WARNING> [TCP]TCP receiver connect warning: Connection refused
[2026-05-18 18:19:36.804]<WARNING> [TCP]TCP receiver connect warning: Connection refused
[2026-05-18 18:19:37.745]<WARNING> [TCP]TCP receiver connect warning: Connection refused
[2026-05-18 18:19:38.778]<WARNING> [TCP]TCP receiver connect warning: Connection refused
[2026-05-18 18:19:39.769]<WARNING> [TCP]TCP receiver connect warning: Connection refused
[2026-05-18 18:19:40.762]<WARNING> [TCP]TCP receiver connect warning: Connection refused
[2026-05-18 18:19:41.786]<WARNING> [TCP]TCP receiver connect warning: Connection refused
[2026-05-18 18:19:42.843]<WARNING> [TCP]TCP receiver connect warning: Connection refused
[2026-05-18 18:19:43.761]<WARNING> [TCP]TCP receiver connect warning: Connection refused
[2026-05-18 18:19:44.781]<WARNING> [TCP]TCP receiver connect warning: Connection refused
[2026-05-18 18:19:45.845]<WARNING> [TCP]TCP receiver connect warning: Connection refused
[2026-05-18 18:19:46.780]<WARNING> [TCP]TCP receiver connect warning: Connection refused
[2026-05-18 18:19:47.746]<WARNING> [TCP]TCP receiver connect warning: Connection refused
[2026-05-18 18:19:48.776]<WARNING> [TCP]TCP receiver connect warning: Connection refused
[2026-05-18 18:19:49.780]<WARNING> [TCP]TCP receiver connect warning: Connection refused
[2026-05-18 18:19:50.746]<WARNING> [TCP]TCP receiver connect warning: Connection refused
[2026-05-18 18:19:51.771]<WARNING> [TCP]TCP receiver connect warning: Connection refused
[2026-05-18 18:19:52.760]<WARNING> [TCP]TCP receiver connect warning: Connection refused
[2026-05-18 18:19:53.788]<WARNING> [TCP]TCP receiver connect warning: Connection refused
[2026-05-18 18:19:54.771]<WARNING> [TCP]TCP receiver connect warning: Connection refused
[2026-05-18 18:19:55.747]<WARNING> [TCP]TCP receiver connect warning: Connection refused
[2026-05-18 18:19:56.768]<WARNING> [TCP]TCP receiver connect warning: Connection refused
[2026-05-18 18:19:57.826]<WARNING> [TCP]TCP receiver connect warning: Connection refused
[2026-05-18 18:19:58.768]<WARNING> [TCP]TCP receiver connect warning: Connection refused
[2026-05-18 18:19:59.786]<WARNING> [TCP]TCP receiver connect warning: Connection refused
[2026-05-18 18:20:00.780]<WARNING> [TCP]TCP receiver connect warning: Connection refused
[2026-05-18 18:20:01.784]<WARNING> [TCP]TCP receiver connect warning: Connection refused
[2026-05-18 18:20:02.766]<WARNING> [TCP]TCP receiver connect warning: Connection refused
[2026-05-18 18:20:03.770]<WARNING> [TCP]TCP receiver connect warning: Connection refused
[2026-05-18 18:20:04.751]<WARNING> [TCP]TCP receiver connect warning: Connection refused
[2026-05-18 18:20:05.773]<WARNING> [TCP]TCP receiver connect warning: Connection refused
[2026-05-18 18:20:06.830]<WARNING> [TCP]TCP receiver connect warning: Connection refused
[2026-05-18 18:20:07.756]<WARNING> [TCP]TCP receiver connect warning: Connection refused
[2026-05-18 18:20:08.765]<WARNING> [TCP]TCP receiver connect warning: Connection refused
[2026-05-18 18:20:09.851]<WARNING> [TCP]TCP receiver connect warning: Connection refused
[2026-05-18 18:20:10.782]<WARNING> [TCP]TCP receiver connect warning: Connection refused
[2026-05-18 18:20:11.758]<WARNING> [TCP]TCP receiver connect warning: Connection refused
[2026-05-18 18:20:12.783]<WARNING> [TCP]TCP receiver connect warning: Connection refused
[2026-05-18 18:20:13.785]<WARNING> [TCP]TCP receiver connect warning: Connection refused
[2026-05-18 18:20:14.767]<WARNING> [TCP]TCP receiver connect warning: Connection refused
[2026-05-18 18:20:15.775]<WARNING> [TCP]TCP receiver connect warning: Connection refused
[2026-05-18 18:20:16.777]<WARNING> [TCP]TCP receiver connect warning: Connection refused
[2026-05-18 18:20:17.752]<WARNING> [TCP]TCP receiver connect warning: Connection refused
[2026-05-18 18:20:18.752]<WARNING> [TCP]TCP receiver connect warning: Connection refused
[2026-05-18 18:20:19.781]<WARNING> [TCP]TCP receiver connect warning: Connection refused
[2026-05-18 18:20:20.768]<WARNING> [TCP]TCP receiver connect warning: Connection refused
[2026-05-18 18:20:21.796]<WARNING> [TCP]TCP receiver connect warning: Connection refused
[2026-05-18 18:20:22.775]<WARNING> [TCP]TCP receiver connect warning: Connection refused
[2026-05-18 18:20:23.782]<WARNING> [TCP]TCP receiver connect warning: Connection refused
[2026-05-18 18:20:24.755]<WARNING> [TCP]TCP receiver connect warning: Connection refused
[2026-05-18 18:20:25.801]<WARNING> [TCP]TCP receiver connect warning: Connection refused
[2026-05-18 18:20:26.768]<WARNING> [TCP]TCP receiver connect warning: Connection refused
[2026-05-18 18:20:27.793]<WARNING> [TCP]TCP receiver connect warning: Connection refused
[2026-05-18 18:20:28.764]<WARNING> [TCP]TCP receiver connect warning: Connection refused
[2026-05-18 18:20:29.801]<WARNING> [TCP]TCP receiver connect warning: Connection refused
[2026-05-18 18:20:30.776]<WARNING> [TCP]TCP receiver connect warning: Connection refused
[2026-05-18 18:20:31.774]<WARNING> [TCP]TCP receiver connect warning: Connection refused
[2026-05-18 18:20:32.782]<WARNING> [TCP]TCP receiver connect warning: Connection refused
[2026-05-18 18:20:33.755]<WARNING> [TCP]TCP receiver connect warning: Connection refused
[2026-05-18 18:20:34.964]<WARNING> [TCP]TCP receiver connect warning: Connection refused
[2026-05-18 18:20:35.772]<WARNING> [TCP]TCP receiver connect warning: Connection refused
[2026-05-18 18:20:36.779]<WARNING> [TCP]TCP receiver connect warning: Connection refused
[2026-05-18 18:20:37.774]<WARNING> [TCP]TCP receiver connect warning: Connection refused
[2026-05-18 18:20:38.801]<WARNING> [TCP]TCP receiver connect warning: Connection refused
[2026-05-18 18:20:39.764]<WARNING> [TCP]TCP receiver connect warning: Connection refused
[2026-05-18 18:20:40.824]<WARNING> [TCP]TCP receiver connect warning: Connection refused
[2026-05-18 18:20:41.774]<WARNING> [TCP]TCP receiver connect warning: Connection refused
[2026-05-18 18:20:42.768]<WARNING> [TCP]TCP receiver connect warning: Connection refused
[2026-05-18 18:20:43.794]<WARNING> [TCP]TCP receiver connect warning: Connection refused
[2026-05-18 18:20:44.790]<WARNING> [TCP]TCP receiver connect warning: Connection refused
[2026-05-18 18:20:45.787]<WARNING> [TCP]TCP receiver connect warning: Connection refused
[2026-05-18 18:20:47.030]<WARNING> [TCP]TCP receiver connect warning: Connection refused
[2026-05-18 18:20:47.951]<WARNING> [TCP]TCP receiver connect warning: Connection refused
[2026-05-18 18:20:48.893]<WARNING> [TCP]TCP receiver connect warning: Connection refused
[2026-05-18 18:20:49.821]<WARNING> [TCP]TCP receiver connect warning: Connection refused
[2026-05-18 18:20:51.016]<WARNING> [TCP]TCP receiver connect warning: Connection refused
[2026-05-18 18:20:51.801]<WARNING> [TCP]TCP receiver connect warning: Connection refused
[2026-05-18 18:20:52.797]<WARNING> [TCP]TCP receiver connect warning: Connection refused
[2026-05-18 18:20:53.759]<WARNING> [TCP]TCP receiver connect warning: Connection refused
[2026-05-18 18:20:54.761]<WARNING> [TCP]TCP receiver connect warning: Connection refused
[2026-05-18 18:20:55.780]<WARNING> [TCP]TCP receiver connect warning: Connection refused
[2026-05-18 18:20:56.885]<WARNING> [TCP]TCP receiver connect warning: Connection refused
[2026-05-18 18:20:57.771]<WARNING> [TCP]TCP receiver connect warning: Connection refused
[2026-05-18 18:20:58.837]<WARNING> [TCP]TCP receiver connect warning: Connection refused
[2026-05-18 18:20:59.902]<WARNING> [TCP]TCP receiver connect warning: Connection refused
[2026-05-18 18:21:00.800]<WARNING> [TCP]TCP receiver connect warning: Connection refused
[2026-05-18 18:21:01.866]<WARNING> [TCP]TCP receiver connect warning: Connection refused
[2026-05-18 18:21:02.853]<WARNING> [TCP]TCP receiver connect warning: Connection refused
[2026-05-18 18:21:03.943]<WARNING> [TCP]TCP receiver connect warning: Connection refused
[2026-05-18 18:21:04.766]<WARNING> [TCP]TCP receiver connect warning: Connection refused
[2026-05-18 18:21:05.969]<WARNING> [TCP]TCP receiver connect warning: Connection refused
[2026-05-18 18:21:06.811]<WARNING> [TCP]TCP receiver connect warning: Connection refused
[2026-05-18 18:21:07.765]<WARNING> [TCP]TCP receiver connect warning: Connection refused
[2026-05-18 18:21:08.761]<WARNING> [TCP]TCP receiver connect warning: Connection refused
[2026-05-18 18:21:09.851]<WARNING> [TCP]TCP receiver connect warning: Connection refused
[2026-05-18 18:21:10.800]<WARNING> [TCP]TCP receiver connect warning: Connection refused
[2026-05-18 18:21:11.887]<WARNING> [TCP]TCP receiver connect warning: Connection refused
[2026-05-18 18:21:12.787]<WARNING> [TCP]TCP receiver connect warning: Connection refused
[2026-05-18 18:21:13.763]<WARNING> [TCP]TCP receiver connect warning: Connection refused
[2026-05-18 18:21:14.809]<WARNING> [TCP]TCP receiver connect warning: Connection refused
[2026-05-18 18:21:15.985]<WARNING> [TCP]TCP receiver connect warning: Connection refused
[2026-05-18 18:21:16.801]<WARNING> [TCP]TCP receiver connect warning: Connection refused
[2026-05-18 18:21:17.813]<WARNING> [TCP]TCP receiver connect warning: Connection refused
[2026-05-18 18:21:18.865]<WARNING> [TCP]TCP receiver connect warning: Connection refused
[2026-05-18 18:21:19.789]<WARNING> [TCP]TCP receiver connect warning: Connection refused
[2026-05-18 18:21:20.831]<WARNING> [TCP]TCP receiver connect warning: Connection refused
[2026-05-18 18:21:21.977]<WARNING> [TCP]TCP receiver connect warning: Connection refused
[2026-05-18 18:21:22.941]<WARNING> [TCP]TCP receiver connect warning: Connection refused
[2026-05-18 18:21:23.828]<WARNING> [TCP]TCP receiver connect warning: Connection refused
[2026-05-18 18:21:24.848]<WARNING> [TCP]TCP receiver connect warning: Connection refused
[2026-05-18 18:21:25.824]<WARNING> [TCP]TCP receiver connect warning: Connection refused
[2026-05-18 18:21:26.781]<WARNING> [TCP]TCP receiver connect warning: Connection refused
[2026-05-18 18:21:28.014]<WARNING> [TCP]TCP receiver connect warning: Connection refused
[2026-05-18 18:21:29.071]<WARNING> [TCP]TCP receiver connect warning: Connection refused
[2026-05-18 18:21:29.800]<WARNING> [TCP]TCP receiver connect warning: Connection refused
[2026-05-18 18:21:30.783]<WARNING> [TCP]TCP receiver connect warning: Connection refused
[2026-05-18 18:21:31.779]<WARNING> [TCP]TCP receiver connect warning: Connection refused
[2026-05-18 18:21:32.772]<WARNING> [TCP]TCP receiver connect warning: Connection refused
[2026-05-18 18:21:33.770]<WARNING> [TCP]TCP receiver connect warning: Connection refused
[2026-05-18 18:21:34.807]<WARNING> [TCP]TCP receiver connect warning: Connection refused
[2026-05-18 18:21:35.773]<WARNING> [TCP]TCP receiver connect warning: Connection refused
[2026-05-18 18:21:36.999]<WARNING> [TCP]TCP receiver connect warning: Connection refused
[2026-05-18 18:21:37.940]<WARNING> [TCP]TCP receiver connect warning: Connection refused
[2026-05-18 18:21:38.833]<WARNING> [TCP]TCP receiver connect warning: Connection refused
[2026-05-18 18:21:39.806]<WARNING> [TCP]TCP receiver connect warning: Connection refused
[2026-05-18 18:21:40.774]<WARNING> [TCP]TCP receiver connect warning: Connection refused
[2026-05-18 18:21:41.835]<WARNING> [TCP]TCP receiver connect warning: Connection refused
[2026-05-18 18:21:42.784]<WARNING> [TCP]TCP receiver connect warning: Connection refused
[2026-05-18 18:21:43.820]<WARNING> [TCP]TCP receiver connect warning: Connection refused
[2026-05-18 18:21:44.781]<WARNING> [TCP]TCP receiver connect warning: Connection refused
[2026-05-18 18:21:45.973]<WARNING> [TCP]TCP receiver connect warning: Connection refused
[2026-05-18 18:21:46.790]<WARNING> [TCP]TCP receiver connect warning: Connection refused
[2026-05-18 18:21:47.824]<WARNING> [TCP]TCP receiver connect warning: Connection refused
[2026-05-18 18:21:48.797]<WARNING> [TCP]TCP receiver connect warning: Connection refused
[2026-05-18 18:21:49.822]<WARNING> [TCP]TCP receiver connect warning: Connection refused
[2026-05-18 18:21:50.828]<WARNING> [TCP]TCP receiver connect warning: Connection refused
[2026-05-18 18:21:52.478]<WARNING> [TCP]TCP receiver connect warning: Connection refused
[2026-05-18 18:21:53.471]<WARNING> [TCP]TCP receiver connect warning: Connection refused
[2026-05-18 18:21:54.471]<WARNING> [TCP]TCP receiver connect warning: Connection refused
[2026-05-18 18:21:55.467]<WARNING> [TCP]TCP receiver connect warning: Connection refused
[2026-05-18 18:21:56.455]<WARNING> [TCP]TCP receiver connect warning: Connection refused
[2026-05-18 18:21:57.441]<WARNING> [TCP]TCP receiver connect warning: Connection refused
[2026-05-18 18:21:58.485]<WARNING> [TCP]TCP receiver connect warning: Connection refused
[2026-05-18 18:21:59.534]<WARNING> [TCP]TCP receiver connect warning: Connection refused
[2026-05-18 18:22:00.452]<WARNING> [TCP]TCP receiver connect warning: Connection refused
[2026-05-18 18:22:01.449]<WARNING> [TCP]TCP receiver connect warning: Connection refused
[2026-05-18 18:22:02.436]<WARNING> [TCP]TCP receiver connect warning: Connection refused
[2026-05-18 18:22:03.471]<WARNING> [TCP]TCP receiver connect warning: Connection refused
[2026-05-18 18:22:04.460]<WARNING> [TCP]TCP receiver connect warning: Connection refused
[2026-05-18 18:22:05.469]<WARNING> [TCP]TCP receiver connect warning: Connection refused
[2026-05-18 18:22:06.636]<WARNING> [TCP]TCP receiver connect warning: Connection refused
[2026-05-18 18:22:07.591]<WARNING> [TCP]TCP receiver connect warning: Connection refused
[2026-05-18 18:22:08.506]<WARNING> [TCP]TCP receiver connect warning: Connection refused
[2026-05-18 18:22:09.619]<WARNING> [TCP]TCP receiver connect warning: Connection refused
[2026-05-18 18:22:10.437]<WARNING> [TCP]TCP receiver connect warning: Connection refused
[2026-05-18 18:22:11.470]<WARNING> [TCP]TCP receiver connect warning: Connection refused
[2026-05-18 18:22:12.496]<WARNING> [TCP]TCP receiver connect warning: Connection refused
[2026-05-18 18:22:13.551]<WARNING> [TCP]TCP receiver connect warning: Connection refused
[2026-05-18 18:22:14.477]<WARNING> [TCP]TCP receiver connect warning: Connection refused
[2026-05-18 18:22:15.457]<WARNING> [TCP]TCP receiver connect warning: Connection refused
[2026-05-18 18:22:16.459]<WARNING> [TCP]TCP receiver connect warning: Connection refused
[2026-05-18 18:22:17.445]<WARNING> [TCP]TCP receiver connect warning: Connection refused
[2026-05-18 18:22:18.663]<WARNING> [TCP]TCP receiver connect warning: Connection refused
[2026-05-18 18:22:19.472]<WARNING> [TCP]TCP receiver connect warning: Connection refused
[2026-05-18 18:22:20.483]<WARNING> [TCP]TCP receiver connect warning: Connection refused
[2026-05-18 18:22:21.441]<WARNING> [TCP]TCP receiver connect warning: Connection refused
[2026-05-18 18:22:22.451]<WARNING> [TCP]TCP receiver connect warning: Connection refused
[2026-05-18 18:22:23.450]<WARNING> [TCP]TCP receiver connect warning: Connection refused
[2026-05-18 18:22:24.724]<WARNING> [TCP]TCP receiver connect warning: Connection refused
[2026-05-18 18:22:25.647]<WARNING> [TCP]TCP receiver connect warning: Connection refused
[2026-05-18 18:22:26.450]<WARNING> [TCP]TCP receiver connect warning: Connection refused
[2026-05-18 18:22:27.487]<WARNING> [TCP]TCP receiver connect warning: Connection refused
[2026-05-18 18:22:28.586]<WARNING> [TCP]TCP receiver connect warning: Connection refused
[2026-05-18 18:22:29.515]<WARNING> [TCP]TCP receiver connect warning: Connection refused
[2026-05-18 18:22:30.444]<WARNING> [TCP]TCP receiver connect warning: Connection refused
[2026-05-18 18:22:31.454]<WARNING> [TCP]TCP receiver connect warning: Connection refused
[2026-05-18 18:22:32.571]<WARNING> [TCP]TCP receiver connect warning: Connection refused
[2026-05-18 18:22:33.444]<WARNING> [TCP]TCP receiver connect warning: Connection refused
[2026-05-18 18:22:34.505]<WARNING> [TCP]TCP receiver connect warning: Connection refused
[2026-05-18 18:22:35.449]<WARNING> [TCP]TCP receiver connect warning: Connection refused
[2026-05-18 18:22:36.443]<WARNING> [TCP]TCP receiver connect warning: Connection refused
[2026-05-18 18:22:37.470]<WARNING> [TCP]TCP receiver connect warning: Connection refused
[2026-05-18 18:22:38.469]<WARNING> [TCP]TCP receiver connect warning: Connection refused
[2026-05-18 18:22:39.522]<WARNING> [TCP]TCP receiver connect warning: Connection refused
[2026-05-18 18:22:40.578]<WARNING> [TCP]TCP receiver connect warning: Connection refused
[2026-05-18 18:22:41.495]<WARNING> [TCP]TCP receiver connect warning: Connection refused
[2026-05-18 18:22:42.541]<WARNING> [TCP]TCP receiver connect warning: Connection refused
[2026-05-18 18:22:43.607]<WARNING> [TCP]TCP receiver connect warning: Connection refused
[2026-05-18 18:22:44.562]<WARNING> [TCP]TCP receiver connect warning: Connection refused
[2026-05-18 18:22:45.461]<WARNING> [TCP]TCP receiver connect warning: Connection refused
[2026-05-18 18:22:46.448]<WARNING> [TCP]TCP receiver connect warning: Connection refused
[2026-05-18 18:22:47.530]<WARNING> [TCP]TCP receiver connect warning: Connection refused
[2026-05-18 18:22:48.462]<WARNING> [TCP]TCP receiver connect warning: Connection refused
[2026-05-18 18:22:49.495]<WARNING> [TCP]TCP receiver connect warning: Connection refused
[2026-05-18 18:22:50.494]<WARNING> [TCP]TCP receiver connect warning: Connection refused
[2026-05-18 18:22:51.522]<WARNING> [TCP]TCP receiver connect warning: Connection refused
[2026-05-18 18:22:52.580]<WARNING> [TCP]TCP receiver connect warning: Connection refused
[2026-05-18 18:22:53.519]<WARNING> [TCP]TCP receiver connect warning: Connection refused
[2026-05-18 18:22:54.594]<WARNING> [TCP]TCP receiver connect warning: Connection refused
[2026-05-18 18:22:55.483]<WARNING> [TCP]TCP receiver connect warning: Connection refused
[2026-05-18 18:22:56.453]<WARNING> [TCP]TCP receiver connect warning: Connection refused
[2026-05-18 18:22:57.449]<WARNING> [TCP]TCP receiver connect warning: Connection refused
[2026-05-18 18:22:58.538]<WARNING> [TCP]TCP receiver connect warning: Connection refused
[2026-05-18 18:22:59.606]<WARNING> [TCP]TCP receiver connect warning: Connection refused
[2026-05-18 18:23:00.452]<WARNING> [TCP]TCP receiver connect warning: Connection refused
[2026-05-18 18:23:01.494]<WARNING> [TCP]TCP receiver connect warning: Connection refused
[2026-05-18 18:23:02.461]<WARNING> [TCP]TCP receiver connect warning: Connection refused
[2026-05-18 18:23:03.509]<WARNING> [TCP]TCP receiver connect warning: Connection refused
[2026-05-18 18:23:04.474]<WARNING> [TCP]TCP receiver connect warning: Connection refused
[2026-05-18 18:23:05.458]<WARNING> [TCP]TCP receiver connect warning: Connection refused
[2026-05-18 18:23:06.560]<WARNING> [TCP]TCP receiver connect warning: Connection refused
[2026-05-18 18:23:07.457]<WARNING> [TCP]TCP receiver connect warning: Connection refused
[2026-05-18 18:23:08.551]<WARNING> [TCP]TCP receiver connect warning: Connection refused
[2026-05-18 18:23:09.554]<WARNING> [TCP]TCP receiver connect warning: Connection refused
[2026-05-18 18:23:10.482]<WARNING> [TCP]TCP receiver connect warning: Connection refused
[2026-05-18 18:23:11.652]<WARNING> [TCP]TCP receiver connect warning: Connection refused
[2026-05-18 18:23:12.659]<WARNING> [TCP]TCP receiver connect warning: Connection refused
[2026-05-18 18:23:13.485]<WARNING> [TCP]TCP receiver connect warning: Connection refused
[2026-05-18 18:23:14.457]<WARNING> [TCP]TCP receiver connect warning: Connection refused
[2026-05-18 18:23:15.578]<WARNING> [TCP]TCP receiver connect warning: Connection refused
[2026-05-18 18:23:16.544]<WARNING> [TCP]TCP receiver connect warning: Connection refused
[2026-05-18 18:23:17.462]<WARNING> [TCP]TCP receiver connect warning: Connection refused
[2026-05-18 18:23:18.617]<WARNING> [TCP]TCP receiver connect warning: Connection refused
[2026-05-18 18:23:19.470]<WARNING> [TCP]TCP receiver connect warning: Connection refused
[2026-05-18 18:23:20.551]<WARNING> [TCP]TCP receiver connect warning: Connection refused
[2026-05-18 18:23:21.710]<WARNING> [TCP]TCP receiver connect warning: Connection refused
[2026-05-18 18:23:22.638]<WARNING> [TCP]TCP receiver connect warning: Connection refused
[2026-05-18 18:23:23.577]<WARNING> [TCP]TCP receiver connect warning: Connection refused
[2026-05-18 18:23:24.532]<WARNING> [TCP]TCP receiver connect warning: Connection refused
[2026-05-18 18:23:25.692]<WARNING> [TCP]TCP receiver connect warning: Connection refused
[2026-05-18 18:23:26.495]<WARNING> [TCP]TCP receiver connect warning: Connection refused
[2026-05-18 18:23:27.686]<WARNING> [TCP]TCP receiver connect warning: Connection refused
[2026-05-18 18:23:28.608]<WARNING> [TCP]TCP receiver connect warning: Connection refused
[2026-05-18 18:23:29.490]<WARNING> [TCP]TCP receiver connect warning: Connection refused
[2026-05-18 18:23:30.569]<WARNING> [TCP]TCP receiver connect warning: Connection refused
[2026-05-18 18:23:31.690]<WARNING> [TCP]TCP receiver connect warning: Connection refused
[2026-05-18 18:23:32.546]<WARNING> [TCP]TCP receiver connect warning: Connection refused
[2026-05-18 18:23:33.534]<WARNING> [TCP]TCP receiver connect warning: Connection refused
[2026-05-18 18:23:34.519]<WARNING> [TCP]TCP receiver connect warning: Connection refused
[2026-05-18 18:23:35.524]<WARNING> [TCP]TCP receiver connect warning: Connection refused
[2026-05-18 18:23:36.687]<WARNING> [TCP]TCP receiver connect warning: Connection refused
[2026-05-18 18:23:37.555]<WARNING> [TCP]TCP receiver connect warning: Connection refused
[2026-05-18 18:23:38.619]<WARNING> [TCP]TCP receiver connect warning: Connection refused
[2026-05-18 18:23:39.705]<WARNING> [TCP]TCP receiver connect warning: Connection refused
[2026-05-18 18:23:40.505]<WARNING> [TCP]TCP receiver connect warning: Connection refused
[2026-05-18 18:23:41.644]<WARNING> [TCP]TCP receiver connect warning: Connection refused
[2026-05-18 18:23:42.715]<WARNING> [TCP]TCP receiver connect warning: Connection refused
[2026-05-18 18:23:43.549]<WARNING> [TCP]TCP receiver connect warning: Connection refused
[2026-05-18 18:23:44.587]<WARNING> [TCP]TCP receiver connect warning: Connection refused
[2026-05-18 18:23:45.741]<WARNING> [TCP]TCP receiver connect warning: Connection refused
[2026-05-18 18:23:46.497]<WARNING> [TCP]TCP receiver connect warning: Connection refused
[2026-05-18 18:23:47.488]<WARNING> [TCP]TCP receiver connect warning: Connection refused
[2026-05-18 18:23:48.498]<WARNING> [TCP]TCP receiver connect warning: Connection refused
[2026-05-18 18:23:49.541]<WARNING> [TCP]TCP receiver connect warning: Connection refused
[2026-05-18 18:23:50.650]<WARNING> [TCP]TCP receiver connect warning: Connection refused
[2026-05-18 18:23:51.475]<WARNING> [TCP]TCP receiver connect warning: Connection refused
[2026-05-18 18:23:52.469]<WARNING> [TCP]TCP receiver connect warning: Connection refused
[2026-05-18 18:23:53.480]<WARNING> [TCP]TCP receiver connect warning: Connection refused
[2026-05-18 18:23:54.468]<WARNING> [TCP]TCP receiver connect warning: Connection refused
[2026-05-18 18:23:55.469]<WARNING> [TCP]TCP receiver connect warning: Connection refused
[2026-05-18 18:23:56.470]<WARNING> [TCP]TCP receiver connect warning: Connection refused
[2026-05-18 18:23:57.466]<WARNING> [TCP]TCP receiver connect warning: Connection refused
[2026-05-18 18:23:58.468]<WARNING> [TCP]TCP receiver connect warning: Connection refused
[2026-05-18 18:23:59.493]<WARNING> [TCP]TCP receiver connect warning: Connection refused
[2026-05-18 18:24:00.471]<WARNING> [TCP]TCP receiver connect warning: Connection refused
[2026-05-18 18:24:01.470]<WARNING> [TCP]TCP receiver connect warning: Connection refused
[2026-05-18 18:24:02.470]<WARNING> [TCP]TCP receiver connect warning: Connection refused
[2026-05-18 18:24:03.474]<WARNING> [TCP]TCP receiver connect warning: Connection refused
[2026-05-18 18:24:04.469]<WARNING> [TCP]TCP receiver connect warning: Connection refused
[2026-05-18 18:24:05.468]<WARNING> [TCP]TCP receiver connect warning: Connection refused
[2026-05-18 18:24:06.474]<WARNING> [TCP]TCP receiver connect warning: Connection refused
[2026-05-18 18:24:07.480]<WARNING> [TCP]TCP receiver connect warning: Connection refused
[2026-05-18 18:24:08.475]<WARNING> [TCP]TCP receiver connect warning: Connection refused
[2026-05-18 18:24:09.473]<WARNING> [TCP]TCP receiver connect warning: Connection refused
[2026-05-18 18:24:10.487]<WARNING> [TCP]TCP receiver connect warning: Connection refused
[2026-05-18 18:24:11.494]<WARNING> [TCP]TCP receiver connect warning: Connection refused
[2026-05-18 18:24:12.477]<WARNING> [TCP]TCP receiver connect warning: Connection refused
[2026-05-18 18:24:13.476]<WARNING> [TCP]TCP receiver connect warning: Connection refused
[2026-05-18 18:24:14.470]<WARNING> [TCP]TCP receiver connect warning: Connection refused
[2026-05-18 18:24:15.471]<WARNING> [TCP]TCP receiver connect warning: Connection refused
[2026-05-18 18:24:16.479]<WARNING> [TCP]TCP receiver connect warning: Connection refused
[2026-05-18 18:24:17.471]<WARNING> [TCP]TCP receiver connect warning: Connection refused
[2026-05-18 18:24:18.478]<WARNING> [TCP]TCP receiver connect warning: Connection refused
[2026-05-18 18:24:19.479]<WARNING> [TCP]TCP receiver connect warning: Connection refused
[2026-05-18 18:24:20.474]<WARNING> [TCP]TCP receiver connect warning: Connection refused
[2026-05-18 18:24:21.476]<WARNING> [TCP]TCP receiver connect warning: Connection refused
[2026-05-18 18:24:22.492]<WARNING> [TCP]TCP receiver connect warning: Connection refused
[2026-05-18 18:24:23.476]<WARNING> [TCP]TCP receiver connect warning: Connection refused
[2026-05-18 18:24:24.491]<WARNING> [TCP]TCP receiver connect warning: Connection refused
[2026-05-18 18:24:25.473]<WARNING> [TCP]TCP receiver connect warning: Connection refused
[2026-05-18 18:24:26.481]<WARNING> [TCP]TCP receiver connect warning: Connection refused
[2026-05-18 18:24:27.483]<WARNING> [TCP]TCP receiver connect warning: Connection refused
[2026-05-18 18:24:28.479]<WARNING> [TCP]TCP receiver connect warning: Connection refused
[2026-05-18 18:24:29.474]<WARNING> [TCP]TCP receiver connect warning: Connection refused
[2026-05-18 18:24:30.478]<WARNING> [TCP]TCP receiver connect warning: Connection refused
[2026-05-18 18:24:31.482]<WARNING> [TCP]TCP receiver connect warning: Connection refused
[2026-05-18 18:24:32.476]<WARNING> [TCP]TCP receiver connect warning: Connection refused
[2026-05-18 18:24:33.480]<WARNING> [TCP]TCP receiver connect warning: Connection refused
[2026-05-18 18:24:34.479]<WARNING> [TCP]TCP receiver connect warning: Connection refused
[2026-05-18 18:24:35.477]<WARNING> [TCP]TCP receiver connect warning: Connection refused
[2026-05-18 18:24:36.482]<WARNING> [TCP]TCP receiver connect warning: Connection refused
[2026-05-18 18:24:37.480]<WARNING> [TCP]TCP receiver connect warning: Connection refused
[2026-05-18 18:24:38.499]<WARNING> [TCP]TCP receiver connect warning: Connection refused
[2026-05-18 18:24:39.479]<WARNING> [TCP]TCP receiver connect warning: Connection refused
[2026-05-18 18:24:40.481]<WARNING> [TCP]TCP receiver connect warning: Connection refused
[2026-05-18 18:24:41.483]<WARNING> [TCP]TCP receiver connect warning: Connection refused
[2026-05-18 18:24:42.482]<WARNING> [TCP]TCP receiver connect warning: Connection refused
[2026-05-18 18:24:43.482]<WARNING> [TCP]TCP receiver connect warning: Connection refused
[2026-05-18 18:24:44.483]<WARNING> [TCP]TCP receiver connect warning: Connection refused
[2026-05-18 18:24:45.481]<WARNING> [TCP]TCP receiver connect warning: Connection refused
[2026-05-18 18:24:46.479]<WARNING> [TCP]TCP receiver connect warning: Connection refused
[2026-05-18 18:24:47.484]<WARNING> [TCP]TCP receiver connect warning: Connection refused
[2026-05-18 18:24:48.483]<WARNING> [TCP]TCP receiver connect warning: Connection refused
[2026-05-18 18:24:49.478]<WARNING> [TCP]TCP receiver connect warning: Connection refused
[2026-05-18 18:24:50.482]<WARNING> [TCP]TCP receiver connect warning: Connection refused
[2026-05-18 18:24:51.482]<WARNING> [TCP]TCP receiver connect warning: Connection refused
[2026-05-18 18:24:52.480]<WARNING> [TCP]TCP receiver connect warning: Connection refused
[2026-05-18 18:24:53.482]<WARNING> [TCP]TCP receiver connect warning: Connection refused
[2026-05-18 18:24:54.485]<WARNING> [TCP]TCP receiver connect warning: Connection refused
[2026-05-18 18:24:55.498]<WARNING> [TCP]TCP receiver connect warning: Connection refused
[2026-05-18 18:24:56.508]<WARNING> [TCP]TCP receiver connect warning: Connection refused
[2026-05-18 18:24:57.497]<WARNING> [TCP]TCP receiver connect warning: Connection refused
[2026-05-18 18:24:58.515]<WARNING> [TCP]TCP receiver connect warning: Connection refused
[2026-05-18 18:24:59.502]<WARNING> [TCP]TCP receiver connect warning: Connection refused
[2026-05-18 18:25:00.502]<WARNING> [TCP]TCP receiver connect warning: Connection refused
[2026-05-18 18:25:01.499]<WARNING> [TCP]TCP receiver connect warning: Connection refused
[2026-05-18 18:25:02.514]<WARNING> [TCP]TCP receiver connect warning: Connection refused
[2026-05-18 18:25:03.503]<WARNING> [TCP]TCP receiver connect warning: Connection refused
[2026-05-18 18:25:04.498]<WARNING> [TCP]TCP receiver connect warning: Connection refused
[2026-05-18 18:25:05.497]<WARNING> [TCP]TCP receiver connect warning: Connection refused
[2026-05-18 18:25:06.502]<WARNING> [TCP]TCP receiver connect warning: Connection refused
[2026-05-18 18:25:07.516]<WARNING> [TCP]TCP receiver connect warning: Connection refused
[2026-05-18 18:25:08.523]<WARNING> [TCP]TCP receiver connect warning: Connection refused
[2026-05-18 18:25:09.525]<WARNING> [TCP]TCP receiver connect warning: Connection refused
[2026-05-18 18:25:10.501]<WARNING> [TCP]TCP receiver connect warning: Connection refused
[2026-05-18 18:25:11.503]<WARNING> [TCP]TCP receiver connect warning: Connection refused
[2026-05-18 18:25:12.501]<WARNING> [TCP]TCP receiver connect warning: Connection refused
[2026-05-18 18:25:13.502]<WARNING> [TCP]TCP receiver connect warning: Connection refused
[2026-05-18 18:25:14.525]<WARNING> [TCP]TCP receiver connect warning: Connection refused
[2026-05-18 18:25:15.499]<WARNING> [TCP]TCP receiver connect warning: Connection refused
[2026-05-18 18:25:16.500]<WARNING> [TCP]TCP receiver connect warning: Connection refused
[2026-05-18 18:25:17.507]<WARNING> [TCP]TCP receiver connect warning: Connection refused
[2026-05-18 18:25:18.500]<WARNING> [TCP]TCP receiver connect warning: Connection refused
[2026-05-18 18:25:19.507]<WARNING> [TCP]TCP receiver connect warning: Connection refused
[2026-05-18 18:25:20.527]<WARNING> [TCP]TCP receiver connect warning: Connection refused
[2026-05-18 18:25:21.524]<WARNING> [TCP]TCP receiver connect warning: Connection refused
[2026-05-18 18:25:22.520]<WARNING> [TCP]TCP receiver connect warning: Connection refused
[2026-05-18 18:25:23.510]<WARNING> [TCP]TCP receiver connect warning: Connection refused
[2026-05-18 18:25:24.527]<WARNING> [TCP]TCP receiver connect warning: Connection refused
[2026-05-18 18:25:25.502]<WARNING> [TCP]TCP receiver connect warning: Connection refused
[2026-05-18 18:25:26.507]<WARNING> [TCP]TCP receiver connect warning: Connection refused
[2026-05-18 18:25:27.510]<WARNING> [TCP]TCP receiver connect warning: Connection refused
[2026-05-18 18:25:28.514]<WARNING> [TCP]TCP receiver connect warning: Connection refused
[2026-05-18 18:25:29.506]<WARNING> [TCP]TCP receiver connect warning: Connection refused
[2026-05-18 18:25:30.506]<WARNING> [TCP]TCP receiver connect warning: Connection refused
[2026-05-18 18:25:31.509]<WARNING> [TCP]TCP receiver connect warning: Connection refused
[2026-05-18 18:25:32.509]<WARNING> [TCP]TCP receiver connect warning: Connection refused
[2026-05-18 18:25:33.508]<WARNING> [TCP]TCP receiver connect warning: Connection refused
[2026-05-18 18:25:34.508]<WARNING> [TCP]TCP receiver connect warning: Connection refused
[2026-05-18 18:25:35.505]<WARNING> [TCP]TCP receiver connect warning: Connection refused
[2026-05-18 18:25:36.510]<WARNING> [TCP]TCP receiver connect warning: Connection refused
[2026-05-18 18:25:37.508]<WARNING> [TCP]TCP receiver connect warning: Connection refused
[2026-05-18 18:25:38.505]<WARNING> [TCP]TCP receiver connect warning: Connection refused
[2026-05-18 18:25:39.511]<WARNING> [TCP]TCP receiver connect warning: Connection refused
[2026-05-18 18:25:40.512]<WARNING> [TCP]TCP receiver connect warning: Connection refused
[2026-05-18 18:25:41.513]<WARNING> [TCP]TCP receiver connect warning: Connection refused
[2026-05-18 18:25:42.507]<WARNING> [TCP]TCP receiver connect warning: Connection refused
[2026-05-18 18:25:43.511]<WARNING> [TCP]TCP receiver connect warning: Connection refused
[2026-05-18 18:25:44.510]<WARNING> [TCP]TCP receiver connect warning: Connection refused
[2026-05-18 18:25:45.509]<WARNING> [TCP]TCP receiver connect warning: Connection refused
[2026-05-18 18:25:46.511]<WARNING> [TCP]TCP receiver connect warning: Connection refused
[2026-05-18 18:25:47.533]<WARNING> [TCP]TCP receiver connect warning: Connection refused
[2026-05-18 18:25:48.517]<WARNING> [TCP]TCP receiver connect warning: Connection refused
[2026-05-18 18:25:49.512]<WARNING> [TCP]TCP receiver connect warning: Connection refused
[2026-05-18 18:25:50.507]<WARNING> [TCP]TCP receiver connect warning: Connection refused
[2026-05-18 18:25:51.512]<WARNING> [TCP]TCP receiver connect warning: Connection refused
[2026-05-18 18:25:52.511]<WARNING> [TCP]TCP receiver connect warning: Connection refused
[2026-05-18 18:25:53.509]<WARNING> [TCP]TCP receiver connect warning: Connection refused
[2026-05-18 18:25:54.511]<WARNING> [TCP]TCP receiver connect warning: Connection refused
[2026-05-18 18:25:55.518]<WARNING> [TCP]TCP receiver connect warning: Connection refused
[2026-05-18 18:25:56.509]<WARNING> [TCP]TCP receiver connect warning: Connection refused
[2026-05-18 18:25:57.514]<WARNING> [TCP]TCP receiver connect warning: Connection refused
[2026-05-18 18:25:58.509]<WARNING> [TCP]TCP receiver connect warning: Connection refused
[2026-05-18 18:25:59.515]<WARNING> [TCP]TCP receiver connect warning: Connection refused
[2026-05-18 18:26:00.512]<WARNING> [TCP]TCP receiver connect warning: Connection refused
[2026-05-18 18:26:01.538]<WARNING> [TCP]TCP receiver connect warning: Connection refused
[2026-05-18 18:26:02.511]<WARNING> [TCP]TCP receiver connect warning: Connection refused
[2026-05-18 18:26:03.512]<WARNING> [TCP]TCP receiver connect warning: Connection refused
[2026-05-18 18:26:04.512]<WARNING> [TCP]TCP receiver connect warning: Connection refused
[2026-05-18 18:26:05.517]<WARNING> [TCP]TCP receiver connect warning: Connection refused
[2026-05-18 18:26:06.512]<WARNING> [TCP]TCP receiver connect warning: Connection refused
[2026-05-18 18:26:07.512]<WARNING> [TCP]TCP receiver connect warning: Connection refused
[2026-05-18 18:26:08.516]<WARNING> [TCP]TCP receiver connect warning: Connection refused
[2026-05-18 18:26:09.511]<WARNING> [TCP]TCP receiver connect warning: Connection refused
[2026-05-18 18:26:10.512]<WARNING> [TCP]TCP receiver connect warning: Connection refused
[2026-05-18 18:26:11.515]<WARNING> [TCP]TCP receiver connect warning: Connection refused
[2026-05-18 18:26:12.513]<WARNING> [TCP]TCP receiver connect warning: Connection refused
[2026-05-18 18:26:13.516]<WARNING> [TCP]TCP receiver connect warning: Connection refused
[2026-05-18 18:26:14.515]<WARNING> [TCP]TCP receiver connect warning: Connection refused
[2026-05-18 18:26:15.516]<WARNING> [TCP]TCP receiver connect warning: Connection refused
[2026-05-18 18:26:16.519]<WARNING> [TCP]TCP receiver connect warning: Connection refused
[2026-05-18 18:26:17.516]<WARNING> [TCP]TCP receiver connect warning: Connection refused
[2026-05-18 18:26:18.518]<WARNING> [TCP]TCP receiver connect warning: Connection refused
[2026-05-18 18:26:19.519]<WARNING> [TCP]TCP receiver connect warning: Connection refused
[2026-05-18 18:26:20.515]<WARNING> [TCP]TCP receiver connect warning: Connection refused
[2026-05-18 18:26:21.521]<WARNING> [TCP]TCP receiver connect warning: Connection refused
[2026-05-18 18:26:22.515]<WARNING> [TCP]TCP receiver connect warning: Connection refused
[2026-05-18 18:26:23.516]<WARNING> [TCP]TCP receiver connect warning: Connection refused
[2026-05-18 18:26:24.515]<WARNING> [TCP]TCP receiver connect warning: Connection refused
[2026-05-18 18:26:25.522]<WARNING> [TCP]TCP receiver connect warning: Connection refused
[2026-05-18 18:26:26.529]<WARNING> [TCP]TCP receiver connect warning: Connection refused
[2026-05-18 18:26:27.528]<WARNING> [TCP]TCP receiver connect warning: Connection refused
[2026-05-18 18:26:28.518]<WARNING> [TCP]TCP receiver connect warning: Connection refused
[2026-05-18 18:26:29.523]<WARNING> [TCP]TCP receiver connect warning: Connection refused
[2026-05-18 18:26:30.519]<WARNING> [TCP]TCP receiver connect warning: Connection refused
[2026-05-18 18:26:31.517]<WARNING> [TCP]TCP receiver connect warning: Connection refused
[2026-05-18 18:26:32.542]<WARNING> [TCP]TCP receiver connect warning: Connection refused
[2026-05-18 18:26:33.520]<WARNING> [TCP]TCP receiver connect warning: Connection refused
[2026-05-18 18:26:34.517]<WARNING> [TCP]TCP receiver connect warning: Connection refused
[2026-05-18 18:26:35.525]<WARNING> [TCP]TCP receiver connect warning: Connection refused
[2026-05-18 18:26:36.524]<WARNING> [TCP]TCP receiver connect warning: Connection refused
[2026-05-18 18:26:37.521]<WARNING> [TCP]TCP receiver connect warning: Connection refused
[2026-05-18 18:26:38.520]<WARNING> [TCP]TCP receiver connect warning: Connection refused
[2026-05-18 18:26:39.529]<WARNING> [TCP]TCP receiver connect warning: Connection refused
[2026-05-18 18:26:40.536]<WARNING> [TCP]TCP receiver connect warning: Connection refused
[2026-05-18 18:26:41.519]<WARNING> [TCP]TCP receiver connect warning: Connection refused
[2026-05-18 18:26:42.520]<WARNING> [TCP]TCP receiver connect warning: Connection refused
[2026-05-18 18:26:43.524]<WARNING> [TCP]TCP receiver connect warning: Connection refused
[2026-05-18 18:26:44.523]<WARNING> [TCP]TCP receiver connect warning: Connection refused
[2026-05-18 18:26:45.524]<WARNING> [TCP]TCP receiver connect warning: Connection refused
[2026-05-18 18:26:46.527]<WARNING> [TCP]TCP receiver connect warning: Connection refused
[2026-05-18 18:26:47.537]<WARNING> [TCP]TCP receiver connect warning: Connection refused
[2026-05-18 18:26:48.525]<WARNING> [TCP]TCP receiver connect warning: Connection refused
[2026-05-18 18:26:49.523]<WARNING> [TCP]TCP receiver connect warning: Connection refused
[2026-05-18 18:26:50.527]<WARNING> [TCP]TCP receiver connect warning: Connection refused
[2026-05-18 18:26:51.533]<WARNING> [TCP]TCP receiver connect warning: Connection refused
[2026-05-18 18:26:52.527]<WARNING> [TCP]TCP receiver connect warning: Connection refused
[2026-05-18 18:26:53.530]<WARNING> [TCP]TCP receiver connect warning: Connection refused
[2026-05-18 18:26:54.535]<WARNING> [TCP]TCP receiver connect warning: Connection refused
[2026-05-18 18:26:55.548]<WARNING> [TCP]TCP receiver connect warning: Connection refused
[2026-05-18 18:26:56.525]<WARNING> [TCP]TCP receiver connect warning: Connection refused
[2026-05-18 18:26:57.531]<WARNING> [TCP]TCP receiver connect warning: Connection refused
[2026-05-18 18:26:58.533]<WARNING> [TCP]TCP receiver connect warning: Connection refused
[2026-05-18 18:26:59.526]<WARNING> [TCP]TCP receiver connect warning: Connection refused
[2026-05-18 18:27:00.529]<WARNING> [TCP]TCP receiver connect warning: Connection refused
[2026-05-18 18:27:01.547]<WARNING> [TCP]TCP receiver connect warning: Connection refused
[2026-05-18 18:27:02.532]<WARNING> [TCP]TCP receiver connect warning: Connection refused
[2026-05-18 18:27:03.535]<WARNING> [TCP]TCP receiver connect warning: Connection refused
[2026-05-18 18:27:04.533]<WARNING> [TCP]TCP receiver connect warning: Connection refused
[2026-05-18 18:27:05.533]<WARNING> [TCP]TCP receiver connect warning: Connection refused
[2026-05-18 18:27:06.530]<WARNING> [TCP]TCP receiver connect warning: Connection refused
[2026-05-18 18:27:07.531]<WARNING> [TCP]TCP receiver connect warning: Connection refused
[2026-05-18 18:27:08.545]<WARNING> [TCP]TCP receiver connect warning: Connection refused
[2026-05-18 18:27:09.555]<WARNING> [TCP]TCP receiver connect warning: Connection refused
[2026-05-18 18:27:10.535]<WARNING> [TCP]TCP receiver connect warning: Connection refused
[2026-05-18 18:27:11.534]<WARNING> [TCP]TCP receiver connect warning: Connection refused
[2026-05-18 18:27:12.532]<WARNING> [TCP]TCP receiver connect warning: Connection refused
[2026-05-18 18:27:13.534]<WARNING> [TCP]TCP receiver connect warning: Connection refused
[2026-05-18 18:27:14.537]<WARNING> [TCP]TCP receiver connect warning: Connection refused
[2026-05-18 18:27:15.551]<WARNING> [TCP]TCP receiver connect warning: Connection refused
[2026-05-18 18:27:16.533]<WARNING> [TCP]TCP receiver connect warning: Connection refused
[2026-05-18 18:27:17.547]<WARNING> [TCP]TCP receiver connect warning: Connection refused
[2026-05-18 18:27:18.532]<WARNING> [TCP]TCP receiver connect warning: Connection refused
[2026-05-18 18:27:19.533]<WARNING> [TCP]TCP receiver connect warning: Connection refused
[2026-05-18 18:27:20.545]<WARNING> [TCP]TCP receiver connect warning: Connection refused
[2026-05-18 18:27:21.529]<WARNING> [TCP]TCP receiver connect warning: Connection refused
[2026-05-18 18:27:22.535]<WARNING> [TCP]TCP receiver connect warning: Connection refused
[2026-05-18 18:27:23.538]<WARNING> [TCP]TCP receiver connect warning: Connection refused
[2026-05-18 18:27:24.530]<WARNING> [TCP]TCP receiver connect warning: Connection refused
[2026-05-18 18:27:25.534]<WARNING> [TCP]TCP receiver connect warning: Connection refused
[2026-05-18 18:27:26.545]<WARNING> [TCP]TCP receiver connect warning: Connection refused
[2026-05-18 18:27:27.535]<WARNING> [TCP]TCP receiver connect warning: Connection refused
[2026-05-18 18:27:28.531]<WARNING> [TCP]TCP receiver connect warning: Connection refused
[2026-05-18 18:27:29.553]<WARNING> [TCP]TCP receiver connect warning: Connection refused
[2026-05-18 18:27:30.538]<WARNING> [TCP]TCP receiver connect warning: Connection refused
[2026-05-18 18:27:31.537]<WARNING> [TCP]TCP receiver connect warning: Connection refused
[2026-05-18 18:27:32.534]<WARNING> [TCP]TCP receiver connect warning: Connection refused
[2026-05-18 18:27:33.534]<WARNING> [TCP]TCP receiver connect warning: Connection refused
[2026-05-18 18:27:34.556]<WARNING> [TCP]TCP receiver connect warning: Connection refused
[2026-05-18 18:27:35.533]<WARNING> [TCP]TCP receiver connect warning: Connection refused
[2026-05-18 18:27:36.535]<WARNING> [TCP]TCP receiver connect warning: Connection refused
[2026-05-18 18:27:37.535]<WARNING> [TCP]TCP receiver connect warning: Connection refused
[2026-05-18 18:27:38.545]<WARNING> [TCP]TCP receiver connect warning: Connection refused
[2026-05-18 18:27:39.560]<WARNING> [TCP]TCP receiver connect warning: Connection refused
[2026-05-18 18:27:40.558]<WARNING> [TCP]TCP receiver connect warning: Connection refused
[2026-05-18 18:27:41.539]<WARNING> [TCP]TCP receiver connect warning: Connection refused
[2026-05-18 18:27:42.534]<WARNING> [TCP]TCP receiver connect warning: Connection refused
[2026-05-18 18:27:43.536]<WARNING> [TCP]TCP receiver connect warning: Connection refused
[2026-05-18 18:27:44.548]<WARNING> [TCP]TCP receiver connect warning: Connection refused
[2026-05-18 18:27:45.545]<WARNING> [TCP]TCP receiver connect warning: Connection refused
[2026-05-18 18:27:46.535]<WARNING> [TCP]TCP receiver connect warning: Connection refused
[2026-05-18 18:27:47.558]<WARNING> [TCP]TCP receiver connect warning: Connection refused
[2026-05-18 18:27:48.543]<WARNING> [TCP]TCP receiver connect warning: Connection refused
[2026-05-18 18:27:49.542]<WARNING> [TCP]TCP receiver connect warning: Connection refused
[2026-05-18 18:27:50.538]<WARNING> [TCP]TCP receiver connect warning: Connection refused
[2026-05-18 18:27:51.550]<WARNING> [TCP]TCP receiver connect warning: Connection refused
[2026-05-18 18:27:52.543]<WARNING> [TCP]TCP receiver connect warning: Connection refused
[2026-05-18 18:27:53.551]<WARNING> [TCP]TCP receiver connect warning: Connection refused
[2026-05-18 18:27:54.541]<WARNING> [TCP]TCP receiver connect warning: Connection refused
[2026-05-18 18:27:55.547]<WARNING> [TCP]TCP receiver connect warning: Connection refused
[2026-05-18 18:27:56.545]<WARNING> [TCP]TCP receiver connect warning: Connection refused
[2026-05-18 18:27:57.538]<WARNING> [TCP]TCP receiver connect warning: Connection refused
[2026-05-18 18:27:58.545]<WARNING> [TCP]TCP receiver connect warning: Connection refused
[2026-05-18 18:27:59.540]<WARNING> [TCP]TCP receiver connect warning: Connection refused
[2026-05-18 18:28:00.540]<WARNING> [TCP]TCP receiver connect warning: Connection refused
[2026-05-18 18:28:01.544]<WARNING> [TCP]TCP receiver connect warning: Connection refused
[2026-05-18 18:28:02.543]<WARNING> [TCP]TCP receiver connect warning: Connection refused
[2026-05-18 18:28:03.542]<WARNING> [TCP]TCP receiver connect warning: Connection refused
[2026-05-18 18:28:04.542]<WARNING> [TCP]TCP receiver connect warning: Connection refused
[2026-05-18 18:28:05.547]<WARNING> [TCP]TCP receiver connect warning: Connection refused
[2026-05-18 18:28:06.543]<WARNING> [TCP]TCP receiver connect warning: Connection refused
[2026-05-18 18:28:07.547]<WARNING> [TCP]TCP receiver connect warning: Connection refused
[2026-05-18 18:28:08.545]<WARNING> [TCP]TCP receiver connect warning: Connection refused
[2026-05-18 18:28:09.562]<WARNING> [TCP]TCP receiver connect warning: Connection refused
[2026-05-18 18:28:10.547]<WARNING> [TCP]TCP receiver connect warning: Connection refused
[2026-05-18 18:28:11.548]<WARNING> [TCP]TCP receiver connect warning: Connection refused
[2026-05-18 18:28:12.551]<WARNING> [TCP]TCP receiver connect warning: Connection refused
[2026-05-18 18:28:13.542]<WARNING> [TCP]TCP receiver connect warning: Connection refused
[2026-05-18 18:28:14.545]<WARNING> [TCP]TCP receiver connect warning: Connection refused
[2026-05-18 18:28:15.561]<WARNING> [TCP]TCP receiver connect warning: Connection refused
[2026-05-18 18:28:16.546]<WARNING> [TCP]TCP receiver connect warning: Connection refused
[2026-05-18 18:28:17.546]<WARNING> [TCP]TCP receiver connect warning: Connection refused
[2026-05-18 18:28:18.544]<WARNING> [TCP]TCP receiver connect warning: Connection refused
[2026-05-18 18:28:19.554]<WARNING> [TCP]TCP receiver connect warning: Connection refused
[2026-05-18 18:28:20.544]<WARNING> [TCP]TCP receiver connect warning: Connection refused
[2026-05-18 18:28:21.545]<WARNING> [TCP]TCP receiver connect warning: Connection refused
[2026-05-18 18:28:22.556]<WARNING> [TCP]TCP receiver connect warning: Connection refused
[2026-05-18 18:28:23.572]<WARNING> [TCP]TCP receiver connect warning: Connection refused
[2026-05-18 18:28:24.550]<WARNING> [TCP]TCP receiver connect warning: Connection refused
[2026-05-18 18:28:25.548]<WARNING> [TCP]TCP receiver connect warning: Connection refused
[2026-05-18 18:28:26.550]<WARNING> [TCP]TCP receiver connect warning: Connection refused
[2026-05-18 18:28:27.554]<WARNING> [TCP]TCP receiver connect warning: Connection refused
[2026-05-18 18:28:28.566]<WARNING> [TCP]TCP receiver connect warning: Connection refused
[2026-05-18 18:28:29.547]<WARNING> [TCP]TCP receiver connect warning: Connection refused
[2026-05-18 18:28:30.565]<WARNING> [TCP]TCP receiver connect warning: Connection refused
[2026-05-18 18:28:31.554]<WARNING> [TCP]TCP receiver connect warning: Connection refused
[2026-05-18 18:28:32.550]<WARNING> [TCP]TCP receiver connect warning: Connection refused
[2026-05-18 18:28:33.546]<WARNING> [TCP]TCP receiver connect warning: Connection refused
[2026-05-18 18:28:34.551]<WARNING> [TCP]TCP receiver connect warning: Connection refused
[2026-05-18 18:28:35.549]<WARNING> [TCP]TCP receiver connect warning: Connection refused
[2026-05-18 18:28:36.550]<WARNING> [TCP]TCP receiver connect warning: Connection refused
[2026-05-18 18:28:37.550]<WARNING> [TCP]TCP receiver connect warning: Connection refused
[2026-05-18 18:28:38.555]<WARNING> [TCP]TCP receiver connect warning: Connection refused
[2026-05-18 18:28:39.552]<WARNING> [TCP]TCP receiver connect warning: Connection refused
[2026-05-18 18:28:40.560]<WARNING> [TCP]TCP receiver connect warning: Connection refused
[2026-05-18 18:28:41.554]<WARNING> [TCP]TCP receiver connect warning: Connection refused
[2026-05-18 18:28:42.559]<WARNING> [TCP]TCP receiver connect warning: Connection refused
[2026-05-18 18:28:43.551]<WARNING> [TCP]TCP receiver connect warning: Connection refused
[2026-05-18 18:28:44.549]<WARNING> [TCP]TCP receiver connect warning: Connection refused
[2026-05-18 18:28:45.561]<WARNING> [TCP]TCP receiver connect warning: Connection refused
[2026-05-18 18:28:46.553]<WARNING> [TCP]TCP receiver connect warning: Connection refused
[2026-05-18 18:28:47.558]<WARNING> [TCP]TCP receiver connect warning: Connection refused
[2026-05-18 18:28:48.551]<WARNING> [TCP]TCP receiver connect warning: Connection refused
[2026-05-18 18:28:49.554]<WARNING> [TCP]TCP receiver connect warning: Connection refused
[2026-05-18 18:28:50.568]<WARNING> [TCP]TCP receiver connect warning: Connection refused
[2026-05-18 18:28:51.555]<WARNING> [TCP]TCP receiver connect warning: Connection refused
[2026-05-18 18:28:52.551]<WARNING> [TCP]TCP receiver connect warning: Connection refused
[2026-05-18 18:28:53.558]<WARNING> [TCP]TCP receiver connect warning: Connection refused
[2026-05-18 18:28:54.555]<WARNING> [TCP]TCP receiver connect warning: Connection refused
[2026-05-18 18:28:55.558]<WARNING> [TCP]TCP receiver connect warning: Connection refused
[2026-05-18 18:28:56.560]<WARNING> [TCP]TCP receiver connect warning: Connection refused
[2026-05-18 18:28:57.573]<WARNING> [TCP]TCP receiver connect warning: Connection refused
[2026-05-18 18:28:58.554]<WARNING> [TCP]TCP receiver connect warning: Connection refused
[2026-05-18 18:28:59.568]<WARNING> [TCP]TCP receiver connect warning: Connection refused
[2026-05-18 18:29:00.557]<WARNING> [TCP]TCP receiver connect warning: Connection refused
[2026-05-18 18:29:01.556]<WARNING> [TCP]TCP receiver connect warning: Connection refused
[2026-05-18 18:29:02.560]<WARNING> [TCP]TCP receiver connect warning: Connection refused
[2026-05-18 18:29:03.555]<WARNING> [TCP]TCP receiver connect warning: Connection refused
[2026-05-18 18:29:04.576]<WARNING> [TCP]TCP receiver connect warning: Connection refused
[2026-05-18 18:29:05.560]<WARNING> [TCP]TCP receiver connect warning: Connection refused
[2026-05-18 18:29:06.557]<WARNING> [TCP]TCP receiver connect warning: Connection refused
[2026-05-18 18:29:07.567]<WARNING> [TCP]TCP receiver connect warning: Connection refused
[2026-05-18 18:29:08.556]<WARNING> [TCP]TCP receiver connect warning: Connection refused
[2026-05-18 18:29:09.569]<WARNING> [TCP]TCP receiver connect warning: Connection refused
[2026-05-18 18:29:10.560]<WARNING> [TCP]TCP receiver connect warning: Connection refused
[2026-05-18 18:29:11.562]<WARNING> [TCP]TCP receiver connect warning: Connection refused
[2026-05-18 18:29:12.562]<WARNING> [TCP]TCP receiver connect warning: Connection refused
[2026-05-18 18:29:13.565]<WARNING> [TCP]TCP receiver connect warning: Connection refused
[2026-05-18 18:29:14.561]<WARNING> [TCP]TCP receiver connect warning: Connection refused
[2026-05-18 18:29:15.563]<WARNING> [TCP]TCP receiver connect warning: Connection refused
[2026-05-18 18:29:16.563]<WARNING> [TCP]TCP receiver connect warning: Connection refused
[2026-05-18 18:29:17.563]<WARNING> [TCP]TCP receiver connect warning: Connection refused
[2026-05-18 18:29:18.566]<WARNING> [TCP]TCP receiver connect warning: Connection refused
[2026-05-18 18:29:19.574]<WARNING> [TCP]TCP receiver connect warning: Connection refused
[2026-05-18 18:29:20.561]<WARNING> [TCP]TCP receiver connect warning: Connection refused
[2026-05-18 18:29:21.560]<WARNING> [TCP]TCP receiver connect warning: Connection refused
[2026-05-18 18:29:22.559]<WARNING> [TCP]TCP receiver connect warning: Connection refused
[2026-05-18 18:29:23.562]<WARNING> [TCP]TCP receiver connect warning: Connection refused
[2026-05-18 18:29:24.567]<WARNING> [TCP]TCP receiver connect warning: Connection refused
[2026-05-18 18:29:25.564]<WARNING> [TCP]TCP receiver connect warning: Connection refused
[2026-05-18 18:29:26.567]<WARNING> [TCP]TCP receiver connect warning: Connection refused
[2026-05-18 18:29:27.563]<WARNING> [TCP]TCP receiver connect warning: Connection refused
[2026-05-18 18:29:28.571]<WARNING> [TCP]TCP receiver connect warning: Connection refused
[2026-05-18 18:29:29.563]<WARNING> [TCP]TCP receiver connect warning: Connection refused
[2026-05-18 18:29:30.562]<WARNING> [TCP]TCP receiver connect warning: Connection refused
[2026-05-18 18:29:31.563]<WARNING> [TCP]TCP receiver connect warning: Connection refused
[2026-05-18 18:29:32.588]<WARNING> [TCP]TCP receiver connect warning: Connection refused
[2026-05-18 18:29:33.563]<WARNING> [TCP]TCP receiver connect warning: Connection refused
[2026-05-18 18:29:34.571]<WARNING> [TCP]TCP receiver connect warning: Connection refused
[2026-05-18 18:29:35.566]<WARNING> [TCP]TCP receiver connect warning: Connection refused
[2026-05-18 18:29:36.566]<WARNING> [TCP]TCP receiver connect warning: Connection refused
[2026-05-18 18:29:37.563]<WARNING> [TCP]TCP receiver connect warning: Connection refused
[2026-05-18 18:29:38.591]<WARNING> [TCP]TCP receiver connect warning: Connection refused
[2026-05-18 18:29:39.576]<WARNING> [TCP]TCP receiver connect warning: Connection refused
[2026-05-18 18:29:40.563]<WARNING> [TCP]TCP receiver connect warning: Connection refused
[2026-05-18 18:29:41.564]<WARNING> [TCP]TCP receiver connect warning: Connection refused
[2026-05-18 18:29:42.571]<WARNING> [TCP]TCP receiver connect warning: Connection refused
[2026-05-18 18:29:43.565]<WARNING> [TCP]TCP receiver connect warning: Connection refused
[2026-05-18 18:29:44.567]<WARNING> [TCP]TCP receiver connect warning: Connection refused
[2026-05-18 18:29:45.568]<WARNING> [TCP]TCP receiver connect warning: Connection refused
[2026-05-18 18:29:46.568]<WARNING> [TCP]TCP receiver connect warning: Connection refused
[2026-05-18 18:29:47.570]<WARNING> [TCP]TCP receiver connect warning: Connection refused
[2026-05-18 18:29:48.581]<WARNING> [TCP]TCP receiver connect warning: Connection refused
[2026-05-18 18:29:49.590]<WARNING> [TCP]TCP receiver connect warning: Connection refused
[2026-05-18 18:29:50.570]<WARNING> [TCP]TCP receiver connect warning: Connection refused
[2026-05-18 18:29:51.573]<WARNING> [TCP]TCP receiver connect warning: Connection refused
[2026-05-18 18:29:52.569]<WARNING> [TCP]TCP receiver connect warning: Connection refused
[2026-05-18 18:29:53.574]<WARNING> [TCP]TCP receiver connect warning: Connection refused
[2026-05-18 18:29:54.567]<WARNING> [TCP]TCP receiver connect warning: Connection refused
[2026-05-18 18:29:55.571]<WARNING> [TCP]TCP receiver connect warning: Connection refused
[2026-05-18 18:29:56.571]<WARNING> [TCP]TCP receiver connect warning: Connection refused
[2026-05-18 18:29:57.592]<WARNING> [TCP]TCP receiver connect warning: Connection refused
[2026-05-18 18:29:58.572]<WARNING> [TCP]TCP receiver connect warning: Connection refused
[2026-05-18 18:29:59.569]<WARNING> [TCP]TCP receiver connect warning: Connection refused
[2026-05-18 18:30:00.571]<WARNING> [TCP]TCP receiver connect warning: Connection refused
[2026-05-18 18:30:01.569]<WARNING> [TCP]TCP receiver connect warning: Connection refused
[2026-05-18 18:30:02.588]<WARNING> [TCP]TCP receiver connect warning: Connection refused
[2026-05-18 18:30:03.569]<WARNING> [TCP]TCP receiver connect warning: Connection refused
[2026-05-18 18:30:04.572]<WARNING> [TCP]TCP receiver connect warning: Connection refused
[2026-05-18 18:30:05.577]<WARNING> [TCP]TCP receiver connect warning: Connection refused
[2026-05-18 18:30:06.578]<WARNING> [TCP]TCP receiver connect warning: Connection refused
[2026-05-18 18:30:07.570]<WARNING> [TCP]TCP receiver connect warning: Connection refused
[2026-05-18 18:30:08.577]<WARNING> [TCP]TCP receiver connect warning: Connection refused
[2026-05-18 18:30:09.576]<WARNING> [TCP]TCP receiver connect warning: Connection refused
[2026-05-18 18:30:10.577]<WARNING> [TCP]TCP receiver connect warning: Connection refused
[2026-05-18 18:30:11.574]<WARNING> [TCP]TCP receiver connect warning: Connection refused
[2026-05-18 18:30:12.593]<WARNING> [TCP]TCP receiver connect warning: Connection refused
[2026-05-18 18:30:13.576]<WARNING> [TCP]TCP receiver connect warning: Connection refused
[2026-05-18 18:30:14.580]<WARNING> [TCP]TCP receiver connect warning: Connection refused
[2026-05-18 18:30:15.583]<WARNING> [TCP]TCP receiver connect warning: Connection refused
[2026-05-18 18:30:16.572]<WARNING> [TCP]TCP receiver connect warning: Connection refused
[2026-05-18 18:30:17.574]<WARNING> [TCP]TCP receiver connect warning: Connection refused
[2026-05-18 18:30:18.580]<WARNING> [TCP]TCP receiver connect warning: Connection refused
[2026-05-18 18:30:19.578]<WARNING> [TCP]TCP receiver connect warning: Connection refused
[2026-05-18 18:30:20.581]<WARNING> [TCP]TCP receiver connect warning: Connection refused
[2026-05-18 18:30:21.574]<WARNING> [TCP]TCP receiver connect warning: Connection refused
[2026-05-18 18:30:22.580]<WARNING> [TCP]TCP receiver connect warning: Connection refused
[2026-05-18 18:30:23.577]<WARNING> [TCP]TCP receiver connect warning: Connection refused
[2026-05-18 18:30:24.581]<WARNING> [TCP]TCP receiver connect warning: Connection refused
[2026-05-18 18:30:25.578]<WARNING> [TCP]TCP receiver connect warning: Connection refused
[2026-05-18 18:30:26.598]<WARNING> [TCP]TCP receiver connect warning: Connection refused
[2026-05-18 18:30:27.576]<WARNING> [TCP]TCP receiver connect warning: Connection refused
[2026-05-18 18:30:28.585]<WARNING> [TCP]TCP receiver connect warning: Connection refused
[2026-05-18 18:30:29.576]<WARNING> [TCP]TCP receiver connect warning: Connection refused
[2026-05-18 18:30:30.577]<WARNING> [TCP]TCP receiver connect warning: Connection refused
[2026-05-18 18:30:31.580]<WARNING> [TCP]TCP receiver connect warning: Connection refused
[2026-05-18 18:30:32.579]<WARNING> [TCP]TCP receiver connect warning: Connection refused
[2026-05-18 18:30:33.579]<WARNING> [TCP]TCP receiver connect warning: Connection refused
[2026-05-18 18:30:34.577]<WARNING> [TCP]TCP receiver connect warning: Connection refused
[2026-05-18 18:30:35.603]<WARNING> [TCP]TCP receiver connect warning: Connection refused
[2026-05-18 18:30:36.584]<WARNING> [TCP]TCP receiver connect warning: Connection refused
[2026-05-18 18:30:37.601]<WARNING> [TCP]TCP receiver connect warning: Connection refused
[2026-05-18 18:30:38.581]<WARNING> [TCP]TCP receiver connect warning: Connection refused
[2026-05-18 18:30:39.599]<WARNING> [TCP]TCP receiver connect warning: Connection refused
[2026-05-18 18:30:40.581]<WARNING> [TCP]TCP receiver connect warning: Connection refused
[2026-05-18 18:30:41.602]<WARNING> [TCP]TCP receiver connect warning: Connection refused
[2026-05-18 18:30:42.590]<WARNING> [TCP]TCP receiver connect warning: Connection refused
[2026-05-18 18:30:43.588]<WARNING> [TCP]TCP receiver connect warning: Connection refused
[2026-05-18 18:30:44.584]<WARNING> [TCP]TCP receiver connect warning: Connection refused
[2026-05-18 18:30:45.591]<WARNING> [TCP]TCP receiver connect warning: Connection refused
[2026-05-18 18:30:46.583]<WARNING> [TCP]TCP receiver connect warning: Connection refused
[2026-05-18 18:30:47.629]<WARNING> [TCP]TCP receiver connect warning: Connection refused
[2026-05-18 18:30:48.589]<WARNING> [TCP]TCP receiver connect warning: Connection refused
[2026-05-18 18:30:49.583]<WARNING> [TCP]TCP receiver connect warning: Connection refused
[2026-05-18 18:30:50.588]<WARNING> [TCP]TCP receiver connect warning: Connection refused
[2026-05-18 18:30:51.591]<WARNING> [TCP]TCP receiver connect warning: Connection refused
[2026-05-18 18:30:52.603]<WARNING> [TCP]TCP receiver connect warning: Connection refused
[2026-05-18 18:30:53.592]<WARNING> [TCP]TCP receiver connect warning: Connection refused
[2026-05-18 18:30:54.585]<WARNING> [TCP]TCP receiver connect warning: Connection refused
[2026-05-18 18:30:55.590]<WARNING> [TCP]TCP receiver connect warning: Connection refused
[2026-05-18 18:30:56.613]<WARNING> [TCP]TCP receiver connect warning: Connection refused
[2026-05-18 18:30:57.586]<WARNING> [TCP]TCP receiver connect warning: Connection refused
[2026-05-18 18:30:58.590]<WARNING> [TCP]TCP receiver connect warning: Connection refused
[2026-05-18 18:30:59.586]<WARNING> [TCP]TCP receiver connect warning: Connection refused
[2026-05-18 18:31:00.622]<WARNING> [TCP]TCP receiver connect warning: Connection refused
[2026-05-18 18:31:01.593]<WARNING> [TCP]TCP receiver connect warning: Connection refused
[2026-05-18 18:31:02.587]<WARNING> [TCP]TCP receiver connect warning: Connection refused
[2026-05-18 18:31:03.587]<WARNING> [TCP]TCP receiver connect warning: Connection refused
[2026-05-18 18:31:04.585]<WARNING> [TCP]TCP receiver connect warning: Connection refused
[2026-05-18 18:31:05.585]<WARNING> [TCP]TCP receiver connect warning: Connection refused
[2026-05-18 18:31:06.611]<WARNING> [TCP]TCP receiver connect warning: Connection refused
[2026-05-18 18:31:07.590]<WARNING> [TCP]TCP receiver connect warning: Connection refused
[2026-05-18 18:31:08.587]<WARNING> [TCP]TCP receiver connect warning: Connection refused
[2026-05-18 18:31:09.590]<WARNING> [TCP]TCP receiver connect warning: Connection refused
[2026-05-18 18:31:10.600]<WARNING> [TCP]TCP receiver connect warning: Connection refused
[2026-05-18 18:31:11.593]<WARNING> [TCP]TCP receiver connect warning: Connection refused
[2026-05-18 18:31:12.589]<WARNING> [TCP]TCP receiver connect warning: Connection refused
[2026-05-18 18:31:13.605]<WARNING> [TCP]TCP receiver connect warning: Connection refused
[2026-05-18 18:31:14.589]<WARNING> [TCP]TCP receiver connect warning: Connection refused
[2026-05-18 18:31:15.592]<WARNING> [TCP]TCP receiver connect warning: Connection refused
[2026-05-18 18:31:16.596]<WARNING> [TCP]TCP receiver connect warning: Connection refused
[2026-05-18 18:31:17.601]<WARNING> [TCP]TCP receiver connect warning: Connection refused
[2026-05-18 18:31:18.594]<WARNING> [TCP]TCP receiver connect warning: Connection refused
[2026-05-18 18:31:19.593]<WARNING> [TCP]TCP receiver connect warning: Connection refused
[2026-05-18 18:31:20.627]<WARNING> [TCP]TCP receiver connect warning: Connection refused
[2026-05-18 18:31:21.595]<WARNING> [TCP]TCP receiver connect warning: Connection refused
[2026-05-18 18:31:22.593]<WARNING> [TCP]TCP receiver connect warning: Connection refused
[2026-05-18 18:31:23.614]<WARNING> [TCP]TCP receiver connect warning: Connection refused
[2026-05-18 18:31:24.600]<WARNING> [TCP]TCP receiver connect warning: Connection refused
[2026-05-18 18:31:25.599]<WARNING> [TCP]TCP receiver connect warning: Connection refused
[2026-05-18 18:31:26.594]<WARNING> [TCP]TCP receiver connect warning: Connection refused
[2026-05-18 18:31:27.608]<WARNING> [TCP]TCP receiver connect warning: Connection refused
[2026-05-18 18:31:28.598]<WARNING> [TCP]TCP receiver connect warning: Connection refused
[2026-05-18 18:31:29.601]<WARNING> [TCP]TCP receiver connect warning: Connection refused
[2026-05-18 18:31:30.605]<WARNING> [TCP]TCP receiver connect warning: Connection refused
[2026-05-18 18:31:31.600]<WARNING> [TCP]TCP receiver connect warning: Connection refused
[2026-05-18 18:31:32.596]<WARNING> [TCP]TCP receiver connect warning: Connection refused
[2026-05-18 18:31:33.597]<WARNING> [TCP]TCP receiver connect warning: Connection refused
[2026-05-18 18:31:34.595]<WARNING> [TCP]TCP receiver connect warning: Connection refused
[2026-05-18 18:31:35.604]<WARNING> [TCP]TCP receiver connect warning: Connection refused
[2026-05-18 18:31:36.608]<WARNING> [TCP]TCP receiver connect warning: Connection refused
[2026-05-18 18:31:37.601]<WARNING> [TCP]TCP receiver connect warning: Connection refused
[2026-05-18 18:31:38.607]<WARNING> [TCP]TCP receiver connect warning: Connection refused
[2026-05-18 18:31:39.607]<WARNING> [TCP]TCP receiver connect warning: Connection refused
[2026-05-18 18:31:40.603]<WARNING> [TCP]TCP receiver connect warning: Connection refused
[2026-05-18 18:31:41.602]<WARNING> [TCP]TCP receiver connect warning: Connection refused
[2026-05-18 18:31:42.605]<WARNING> [TCP]TCP receiver connect warning: Connection refused
[2026-05-18 18:31:43.611]<WARNING> [TCP]TCP receiver connect warning: Connection refused
[2026-05-18 18:31:44.607]<WARNING> [TCP]TCP receiver connect warning: Connection refused
[2026-05-18 18:31:45.599]<WARNING> [TCP]TCP receiver connect warning: Connection refused
[2026-05-18 18:31:46.599]<WARNING> [TCP]TCP receiver connect warning: Connection refused
[2026-05-18 18:31:47.608]<WARNING> [TCP]TCP receiver connect warning: Connection refused
[2026-05-18 18:31:48.607]<WARNING> [TCP]TCP receiver connect warning: Connection refused
[2026-05-18 18:31:49.605]<WARNING> [TCP]TCP receiver connect warning: Connection refused
[2026-05-18 18:31:50.605]<WARNING> [TCP]TCP receiver connect warning: Connection refused
[2026-05-18 18:31:51.613]<WARNING> [TCP]TCP receiver connect warning: Connection refused
[2026-05-18 18:31:52.602]<WARNING> [TCP]TCP receiver connect warning: Connection refused
[2026-05-18 18:31:53.610]<WARNING> [TCP]TCP receiver connect warning: Connection refused
[2026-05-18 18:31:54.600]<WARNING> [TCP]TCP receiver connect warning: Connection refused
[2026-05-18 18:31:55.600]<WARNING> [TCP]TCP receiver connect warning: Connection refused
[2026-05-18 18:31:56.606]<WARNING> [TCP]TCP receiver connect warning: Connection refused
[2026-05-18 18:31:57.609]<WARNING> [TCP]TCP receiver connect warning: Connection refused
[2026-05-18 18:31:58.611]<WARNING> [TCP]TCP receiver connect warning: Connection refused
[2026-05-18 18:31:59.608]<WARNING> [TCP]TCP receiver connect warning: Connection refused
[2026-05-18 18:32:00.602]<WARNING> [TCP]TCP receiver connect warning: Connection refused
[2026-05-18 18:32:01.606]<WARNING> [TCP]TCP receiver connect warning: Connection refused
[2026-05-18 18:32:02.610]<WARNING> [TCP]TCP receiver connect warning: Connection refused
[2026-05-18 18:32:03.608]<WARNING> [TCP]TCP receiver connect warning: Connection refused
[2026-05-18 18:32:04.608]<WARNING> [TCP]TCP receiver connect warning: Connection refused
[2026-05-18 18:32:05.610]<WARNING> [TCP]TCP receiver connect warning: Connection refused
[2026-05-18 18:32:06.603]<WARNING> [TCP]TCP receiver connect warning: Connection refused
[2026-05-18 18:32:07.605]<WARNING> [TCP]TCP receiver connect warning: Connection refused
[2026-05-18 18:32:08.627]<WARNING> [TCP]TCP receiver connect warning: Connection refused
[2026-05-18 18:32:09.610]<WARNING> [TCP]TCP receiver connect warning: Connection refused
[2026-05-18 18:32:10.609]<WARNING> [TCP]TCP receiver connect warning: Connection refused
[2026-05-18 18:32:11.609]<WARNING> [TCP]TCP receiver connect warning: Connection refused
[2026-05-18 18:32:12.606]<WARNING> [TCP]TCP receiver connect warning: Connection refused
[2026-05-18 18:32:13.610]<WARNING> [TCP]TCP receiver connect warning: Connection refused
[2026-05-18 18:32:14.611]<WARNING> [TCP]TCP receiver connect warning: Connection refused
[2026-05-18 18:32:15.624]<WARNING> [TCP]TCP receiver connect warning: Connection refused
[2026-05-18 18:32:16.612]<WARNING> [TCP]TCP receiver connect warning: Connection refused
[2026-05-18 18:32:17.606]<WARNING> [TCP]TCP receiver connect warning: Connection refused
[2026-05-18 18:32:18.616]<WARNING> [TCP]TCP receiver connect warning: Connection refused
[2026-05-18 18:32:19.610]<WARNING> [TCP]TCP receiver connect warning: Connection refused
[2026-05-18 18:32:20.623]<WARNING> [TCP]TCP receiver connect warning: Connection refused
[2026-05-18 18:32:21.613]<WARNING> [TCP]TCP receiver connect warning: Connection refused
[2026-05-18 18:32:22.622]<WARNING> [TCP]TCP receiver connect warning: Connection refused
[2026-05-18 18:32:23.616]<WARNING> [TCP]TCP receiver connect warning: Connection refused
[2026-05-18 18:32:24.614]<WARNING> [TCP]TCP receiver connect warning: Connection refused
[2026-05-18 18:32:25.610]<WARNING> [TCP]TCP receiver connect warning: Connection refused
[2026-05-18 18:32:26.611]<WARNING> [TCP]TCP receiver connect warning: Connection refused
[2026-05-18 18:32:27.616]<WARNING> [TCP]TCP receiver connect warning: Connection refused
[2026-05-18 18:32:28.615]<WARNING> [TCP]TCP receiver connect warning: Connection refused
[2026-05-18 18:32:29.614]<WARNING> [TCP]TCP receiver connect warning: Connection refused
[2026-05-18 18:32:30.611]<WARNING> [TCP]TCP receiver connect warning: Connection refused
[2026-05-18 18:32:31.630]<WARNING> [TCP]TCP receiver connect warning: Connection refused
[2026-05-18 18:32:32.614]<WARNING> [TCP]TCP receiver connect warning: Connection refused
[2026-05-18 18:32:33.625]<WARNING> [TCP]TCP receiver connect warning: Connection refused
[2026-05-18 18:32:34.615]<WARNING> [TCP]TCP receiver connect warning: Connection refused
[2026-05-18 18:32:35.613]<WARNING> [TCP]TCP receiver connect warning: Connection refused
[2026-05-18 18:32:36.612]<WARNING> [TCP]TCP receiver connect warning: Connection refused
[2026-05-18 18:32:37.611]<WARNING> [TCP]TCP receiver connect warning: Connection refused
[2026-05-18 18:32:38.615]<WARNING> [TCP]TCP receiver connect warning: Connection refused
[2026-05-18 18:32:39.618]<WARNING> [TCP]TCP receiver connect warning: Connection refused
[2026-05-18 18:32:40.615]<WARNING> [TCP]TCP receiver connect warning: Connection refused
[2026-05-18 18:32:41.613]<WARNING> [TCP]TCP receiver connect warning: Connection refused
[2026-05-18 18:32:42.621]<WARNING> [TCP]TCP receiver connect warning: Connection refused
[2026-05-18 18:32:43.619]<WARNING> [TCP]TCP receiver connect warning: Connection refused
[2026-05-18 18:32:44.614]<WARNING> [TCP]TCP receiver connect warning: Connection refused
[2026-05-18 18:32:45.620]<WARNING> [TCP]TCP receiver connect warning: Connection refused
[2026-05-18 18:32:46.618]<WARNING> [TCP]TCP receiver connect warning: Connection refused
[2026-05-18 18:32:47.614]<WARNING> [TCP]TCP receiver connect warning: Connection refused
[2026-05-18 18:32:48.637]<WARNING> [TCP]TCP receiver connect warning: Connection refused
[2026-05-18 18:32:49.620]<WARNING> [TCP]TCP receiver connect warning: Connection refused
[2026-05-18 18:32:50.624]<WARNING> [TCP]TCP receiver connect warning: Connection refused
[2026-05-18 18:32:51.624]<WARNING> [TCP]TCP receiver connect warning: Connection refused
[2026-05-18 18:32:52.620]<WARNING> [TCP]TCP receiver connect warning: Connection refused
[2026-05-18 18:32:53.615]<WARNING> [TCP]TCP receiver connect warning: Connection refused
[2026-05-18 18:32:54.640]<WARNING> [TCP]TCP receiver connect warning: Connection refused
[2026-05-18 18:32:55.620]<WARNING> [TCP]TCP receiver connect warning: Connection refused
[2026-05-18 18:32:56.626]<WARNING> [TCP]TCP receiver connect warning: Connection refused
[2026-05-18 18:32:57.621]<WARNING> [TCP]TCP receiver connect warning: Connection refused
[2026-05-18 18:32:58.633]<WARNING> [TCP]TCP receiver connect warning: Connection refused
[2026-05-18 18:32:59.621]<WARNING> [TCP]TCP receiver connect warning: Connection refused
[2026-05-18 18:33:00.617]<WARNING> [TCP]TCP receiver connect warning: Connection refused
[2026-05-18 18:33:01.621]<WARNING> [TCP]TCP receiver connect warning: Connection refused
[2026-05-18 18:33:02.639]<WARNING> [TCP]TCP receiver connect warning: Connection refused
[2026-05-18 18:33:03.621]<WARNING> [TCP]TCP receiver connect warning: Connection refused
[2026-05-18 18:33:04.617]<WARNING> [TCP]TCP receiver connect warning: Connection refused
[2026-05-18 18:33:05.617]<WARNING> [TCP]TCP receiver connect warning: Connection refused
[2026-05-18 18:33:06.635]<WARNING> [TCP]TCP receiver connect warning: Connection refused
[2026-05-18 18:33:07.621]<WARNING> [TCP]TCP receiver connect warning: Connection refused
[2026-05-18 18:33:08.624]<WARNING> [TCP]TCP receiver connect warning: Connection refused
[2026-05-18 18:33:09.619]<WARNING> [TCP]TCP receiver connect warning: Connection refused
[2026-05-18 18:33:10.637]<WARNING> [TCP]TCP receiver connect warning: Connection refused
[2026-05-18 18:33:11.623]<WARNING> [TCP]TCP receiver connect warning: Connection refused
[2026-05-18 18:33:12.637]<WARNING> [TCP]TCP receiver connect warning: Connection refused
[2026-05-18 18:33:13.620]<WARNING> [TCP]TCP receiver connect warning: Connection refused
[2026-05-18 18:33:14.621]<WARNING> [TCP]TCP receiver connect warning: Connection refused
[2026-05-18 18:33:15.626]<WARNING> [TCP]TCP receiver connect warning: Connection refused
[2026-05-18 18:33:16.621]<WARNING> [TCP]TCP receiver connect warning: Connection refused
[2026-05-18 18:33:17.624]<WARNING> [TCP]TCP receiver connect warning: Connection refused
[2026-05-18 18:33:18.636]<WARNING> [TCP]TCP receiver connect warning: Connection refused
[2026-05-18 18:33:19.623]<WARNING> [TCP]TCP receiver connect warning: Connection refused
[2026-05-18 18:33:20.622]<WARNING> [TCP]TCP receiver connect warning: Connection refused
[2026-05-18 18:33:21.624]<WARNING> [TCP]TCP receiver connect warning: Connection refused
[2026-05-18 18:33:22.625]<WARNING> [TCP]TCP receiver connect warning: Connection refused
[2026-05-18 18:33:23.622]<WARNING> [TCP]TCP receiver connect warning: Connection refused
[2026-05-18 18:33:24.624]<WARNING> [TCP]TCP receiver connect warning: Connection refused
[2026-05-18 18:33:25.624]<WARNING> [TCP]TCP receiver connect warning: Connection refused
[2026-05-18 18:33:26.631]<WARNING> [TCP]TCP receiver connect warning: Connection refused
[2026-05-18 18:33:27.625]<WARNING> [TCP]TCP receiver connect warning: Connection refused
[2026-05-18 18:33:28.627]<WARNING> [TCP]TCP receiver connect warning: Connection refused
[2026-05-18 18:33:29.632]<WARNING> [TCP]TCP receiver connect warning: Connection refused
[2026-05-18 18:33:30.632]<WARNING> [TCP]TCP receiver connect warning: Connection refused
[2026-05-18 18:33:31.631]<WARNING> [TCP]TCP receiver connect warning: Connection refused
[2026-05-18 18:33:32.633]<WARNING> [TCP]TCP receiver connect warning: Connection refused
[2026-05-18 18:33:33.634]<WARNING> [TCP]TCP receiver connect warning: Connection refused
[2026-05-18 18:33:34.628]<WARNING> [TCP]TCP receiver connect warning: Connection refused
[2026-05-18 18:33:35.632]<WARNING> [TCP]TCP receiver connect warning: Connection refused
[2026-05-18 18:33:36.632]<WARNING> [TCP]TCP receiver connect warning: Connection refused
[2026-05-18 18:33:37.632]<WARNING> [TCP]TCP receiver connect warning: Connection refused
[2026-05-18 18:33:38.648]<WARNING> [TCP]TCP receiver connect warning: Connection refused
[2026-05-18 18:33:39.631]<WARNING> [TCP]TCP receiver connect warning: Connection refused
[2026-05-18 18:33:40.627]<WARNING> [TCP]TCP receiver connect warning: Connection refused
[2026-05-18 18:33:41.632]<WARNING> [TCP]TCP receiver connect warning: Connection refused
[2026-05-18 18:33:42.629]<WARNING> [TCP]TCP receiver connect warning: Connection refused
[2026-05-18 18:33:43.629]<WARNING> [TCP]TCP receiver connect warning: Connection refused
[2026-05-18 18:33:44.627]<WARNING> [TCP]TCP receiver connect warning: Connection refused
[2026-05-18 18:33:45.633]<WARNING> [TCP]TCP receiver connect warning: Connection refused
[2026-05-18 18:33:46.631]<WARNING> [TCP]TCP receiver connect warning: Connection refused
[2026-05-18 18:33:47.630]<WARNING> [TCP]TCP receiver connect warning: Connection refused
[2026-05-18 18:33:48.632]<WARNING> [TCP]TCP receiver connect warning: Connection refused
[2026-05-18 18:33:49.633]<WARNING> [TCP]TCP receiver connect warning: Connection refused
[2026-05-18 18:33:50.630]<WARNING> [TCP]TCP receiver connect warning: Connection refused
[2026-05-18 18:33:51.629]<WARNING> [TCP]TCP receiver connect warning: Connection refused
[2026-05-18 18:33:52.631]<WARNING> [TCP]TCP receiver connect warning: Connection refused
[2026-05-18 18:33:53.656]<WARNING> [TCP]TCP receiver connect warning: Connection refused
[2026-05-18 18:33:54.631]<WARNING> [TCP]TCP receiver connect warning: Connection refused
[2026-05-18 18:33:55.633]<WARNING> [TCP]TCP receiver connect warning: Connection refused
[2026-05-18 18:33:56.631]<WARNING> [TCP]TCP receiver connect warning: Connection refused
[2026-05-18 18:33:57.633]<WARNING> [TCP]TCP receiver connect warning: Connection refused
[2026-05-18 18:33:58.631]<WARNING> [TCP]TCP receiver connect warning: Connection refused
[2026-05-18 18:33:59.640]<WARNING> [TCP]TCP receiver connect warning: Connection refused
[2026-05-18 18:34:00.631]<WARNING> [TCP]TCP receiver connect warning: Connection refused
[2026-05-18 18:34:01.631]<WARNING> [TCP]TCP receiver connect warning: Connection refused
[2026-05-18 18:34:02.634]<WARNING> [TCP]TCP receiver connect warning: Connection refused
[2026-05-18 18:34:03.632]<WARNING> [TCP]TCP receiver connect warning: Connection refused
[2026-05-18 18:34:04.640]<WARNING> [TCP]TCP receiver connect warning: Connection refused
[2026-05-18 18:34:05.647]<WARNING> [TCP]TCP receiver connect warning: Connection refused
[2026-05-18 18:34:06.639]<WARNING> [TCP]TCP receiver connect warning: Connection refused
[2026-05-18 18:34:07.640]<WARNING> [TCP]TCP receiver connect warning: Connection refused
[2026-05-18 18:34:08.636]<WARNING> [TCP]TCP receiver connect warning: Connection refused
[2026-05-18 18:34:09.635]<WARNING> [TCP]TCP receiver connect warning: Connection refused
[2026-05-18 18:34:10.647]<WARNING> [TCP]TCP receiver connect warning: Connection refused
[2026-05-18 18:34:11.637]<WARNING> [TCP]TCP receiver connect warning: Connection refused
[2026-05-18 18:34:12.655]<WARNING> [TCP]TCP receiver connect warning: Connection refused
[2026-05-18 18:34:13.637]<WARNING> [TCP]TCP receiver connect warning: Connection refused
[2026-05-18 18:34:14.640]<WARNING> [TCP]TCP receiver connect warning: Connection refused
[2026-05-18 18:34:15.644]<WARNING> [TCP]TCP receiver connect warning: Connection refused
[2026-05-18 18:34:16.644]<WARNING> [TCP]TCP receiver connect warning: Connection refused
[2026-05-18 18:34:17.637]<WARNING> [TCP]TCP receiver connect warning: Connection refused
[2026-05-18 18:34:18.643]<WARNING> [TCP]TCP receiver connect warning: Connection refused
[2026-05-18 18:34:19.645]<WARNING> [TCP]TCP receiver connect warning: Connection refused
[2026-05-18 18:34:20.644]<WARNING> [TCP]TCP receiver connect warning: Connection refused
[2026-05-18 18:34:21.636]<WARNING> [TCP]TCP receiver connect warning: Connection refused
[2026-05-18 18:34:22.639]<WARNING> [TCP]TCP receiver connect warning: Connection refused
[2026-05-18 18:34:23.644]<WARNING> [TCP]TCP receiver connect warning: Connection refused
[2026-05-18 18:34:24.644]<WARNING> [TCP]TCP receiver connect warning: Connection refused
[2026-05-18 18:34:25.641]<WARNING> [TCP]TCP receiver connect warning: Connection refused
[2026-05-18 18:34:26.641]<WARNING> [TCP]TCP receiver connect warning: Connection refused
[2026-05-18 18:34:27.640]<WARNING> [TCP]TCP receiver connect warning: Connection refused
[2026-05-18 18:34:28.638]<WARNING> [TCP]TCP receiver connect warning: Connection refused
[2026-05-18 18:34:29.645]<WARNING> [TCP]TCP receiver connect warning: Connection refused
[2026-05-18 18:34:30.639]<WARNING> [TCP]TCP receiver connect warning: Connection refused
[2026-05-18 18:34:31.654]<WARNING> [TCP]TCP receiver connect warning: Connection refused
[2026-05-18 18:34:32.647]<WARNING> [TCP]TCP receiver connect warning: Connection refused
[2026-05-18 18:34:33.648]<WARNING> [TCP]TCP receiver connect warning: Connection refused
[2026-05-18 18:34:34.642]<WARNING> [TCP]TCP receiver connect warning: Connection refused
[2026-05-18 18:34:35.647]<WARNING> [TCP]TCP receiver connect warning: Connection refused
[2026-05-18 18:34:36.641]<WARNING> [TCP]TCP receiver connect warning: Connection refused
[2026-05-18 18:34:37.647]<WARNING> [TCP]TCP receiver connect warning: Connection refused
[2026-05-18 18:34:38.641]<WARNING> [TCP]TCP receiver connect warning: Connection refused
[2026-05-18 18:34:39.648]<WARNING> [TCP]TCP receiver connect warning: Connection refused
[2026-05-18 18:34:40.642]<WARNING> [TCP]TCP receiver connect warning: Connection refused
[2026-05-18 18:34:41.644]<WARNING> [TCP]TCP receiver connect warning: Connection refused
[2026-05-18 18:34:42.643]<WARNING> [TCP]TCP receiver connect warning: Connection refused
[2026-05-18 18:34:43.656]<WARNING> [TCP]TCP receiver connect warning: Connection refused
[2026-05-18 18:34:44.644]<WARNING> [TCP]TCP receiver connect warning: Connection refused
[2026-05-18 18:34:45.670]<WARNING> [TCP]TCP receiver connect warning: Connection refused
[2026-05-18 18:34:46.649]<WARNING> [TCP]TCP receiver connect warning: Connection refused
[2026-05-18 18:34:47.649]<WARNING> [TCP]TCP receiver connect warning: Connection refused
[2026-05-18 18:34:48.643]<WARNING> [TCP]TCP receiver connect warning: Connection refused
[2026-05-18 18:34:49.663]<WARNING> [TCP]TCP receiver connect warning: Connection refused
[2026-05-18 18:34:50.648]<WARNING> [TCP]TCP receiver connect warning: Connection refused
[2026-05-18 18:34:51.651]<WARNING> [TCP]TCP receiver connect warning: Connection refused
[2026-05-18 18:34:52.646]<WARNING> [TCP]TCP receiver connect warning: Connection refused
[2026-05-18 18:34:53.655]<WARNING> [TCP]TCP receiver connect warning: Connection refused
[2026-05-18 18:34:54.645]<WARNING> [TCP]TCP receiver connect warning: Connection refused
[2026-05-18 18:34:55.645]<WARNING> [TCP]TCP receiver connect warning: Connection refused
[2026-05-18 18:34:56.653]<WARNING> [TCP]TCP receiver connect warning: Connection refused
[2026-05-18 18:34:57.649]<WARNING> [TCP]TCP receiver connect warning: Connection refused
[2026-05-18 18:34:58.645]<WARNING> [TCP]TCP receiver connect warning: Connection refused
[2026-05-18 18:34:59.654]<WARNING> [TCP]TCP receiver connect warning: Connection refused
[2026-05-18 18:35:00.668]<WARNING> [TCP]TCP receiver connect warning: Connection refused
[2026-05-18 18:35:01.647]<WARNING> [TCP]TCP receiver connect warning: Connection refused
[2026-05-18 18:35:02.650]<WARNING> [TCP]TCP receiver connect warning: Connection refused
[2026-05-18 18:35:03.672]<WARNING> [TCP]TCP receiver connect warning: Connection refused
[2026-05-18 18:35:04.651]<WARNING> [TCP]TCP receiver connect warning: Connection refused
[2026-05-18 18:35:05.654]<WARNING> [TCP]TCP receiver connect warning: Connection refused
[2026-05-18 18:35:06.648]<WARNING> [TCP]TCP receiver connect warning: Connection refused
[2026-05-18 18:35:07.657]<WARNING> [TCP]TCP receiver connect warning: Connection refused
[2026-05-18 18:35:08.673]<WARNING> [TCP]TCP receiver connect warning: Connection refused
[2026-05-18 18:35:09.655]<WARNING> [TCP]TCP receiver connect warning: Connection refused
[2026-05-18 18:35:10.655]<WARNING> [TCP]TCP receiver connect warning: Connection refused
[2026-05-18 18:35:11.654]<WARNING> [TCP]TCP receiver connect warning: Connection refused
[2026-05-18 18:35:12.660]<WARNING> [TCP]TCP receiver connect warning: Connection refused
[2026-05-18 18:35:13.659]<WARNING> [TCP]TCP receiver connect warning: Connection refused
[2026-05-18 18:35:14.655]<WARNING> [TCP]TCP receiver connect warning: Connection refused
