--- Log File Created: 2026-03-17 07:20:05.315 ---
[2026-03-17 07:20:05.489]<DEBUG> [Detector]Robot Inferencer initializing...
[2026-03-17 07:20:05.489]<DEBUG> [Yolov8Inferencer]Model loaded: car_v8n
[2026-03-17 07:20:05.490]<DEBUG> [Yolov8Inferencer]Model class count: 1
[2026-03-17 07:20:05.490]<DEBUG> [Yolov8Inferencer]Model loaded: armor_v8n
[2026-03-17 07:20:05.490]<DEBUG> [Yolov8Inferencer]Model class count: 12
[2026-03-17 07:20:05.490]<DEBUG> [Yolov8Inferencer]Model loaded: armor_v8n
[2026-03-17 07:20:05.490]<DEBUG> [Yolov8Inferencer]Model class count: 12
[2026-03-17 07:20:05.490]<DEBUG> [Yolov8Inferencer]Model loaded: armor_v8n
[2026-03-17 07:20:05.490]<DEBUG> [Yolov8Inferencer]Model class count: 12
[2026-03-17 07:20:05.490]<DEBUG> [Yolov8Inferencer]Model loaded: armor_v8n
[2026-03-17 07:20:05.490]<DEBUG> [Yolov8Inferencer]Model class count: 12
[2026-03-17 07:20:05.490]<DEBUG> [Yolov8Inferencer]Model loaded: armor_v8n
[2026-03-17 07:20:05.490]<DEBUG> [Yolov8Inferencer]Model class count: 12
[2026-03-17 07:20:05.490]<DEBUG> [Yolov8Inferencer]Model loaded: armor_v8n
[2026-03-17 07:20:05.490]<DEBUG> [Yolov8Inferencer]Model class count: 12
[2026-03-17 07:20:05.490]<DEBUG> [Yolov8Inferencer]Model loaded: armor_v8n
[2026-03-17 07:20:05.490]<DEBUG> [Yolov8Inferencer]Model class count: 12
[2026-03-17 07:20:05.491]<DEBUG> [Yolov8Inferencer]Model loaded: armor_v8n
[2026-03-17 07:20:05.491]<DEBUG> [Yolov8Inferencer]Model class count: 12
[2026-03-17 07:20:05.491]<DEBUG> [Yolov8Inferencer]Model loaded: armor_v8n
[2026-03-17 07:20:05.491]<DEBUG> [Yolov8Inferencer]Model class count: 12
[2026-03-17 07:20:05.491]<DEBUG> [Yolov8Inferencer]Model loaded: armor_v8n
[2026-03-17 07:20:05.491]<DEBUG> [Yolov8Inferencer]Model class count: 12
[2026-03-17 07:20:05.491]<DEBUG> [Yolov8Inferencer]Model loaded: armor_v8n
[2026-03-17 07:20:05.491]<DEBUG> [Yolov8Inferencer]Model class count: 12
[2026-03-17 07:20:05.491]<DEBUG> [Yolov8Inferencer]Model loaded: armor_v8n
[2026-03-17 07:20:05.491]<DEBUG> [Yolov8Inferencer]Model class count: 12
[2026-03-17 07:20:05.491]<DEBUG> [Detector]initialized.
[2026-03-17 07:20:33.433]<DEBUG> [Detector]Robot Inferencer initializing...
[2026-03-17 07:20:33.433]<DEBUG> [Detector]initialized.
[2026-03-17 07:20:33.433]<DEBUG> [Detector]Detection started.
[2026-03-17 07:20:50.748]<DEBUG> [Detector]Detection stopped.
[2026-03-17 07:21:15.898]<DEBUG> [Detector]Robot Inferencer initializing...
[2026-03-17 07:21:15.898]<DEBUG> [Yolov8Inferencer]Model loaded: car_v8n
[2026-03-17 07:21:15.898]<DEBUG> [Yolov8Inferencer]Model class count: 1
[2026-03-17 07:21:15.898]<DEBUG> [Yolov8Inferencer]Model loaded: armor_v8n
[2026-03-17 07:21:15.898]<DEBUG> [Yolov8Inferencer]Model class count: 12
[2026-03-17 07:21:15.898]<DEBUG> [Yolov8Inferencer]Model loaded: armor_v8n
[2026-03-17 07:21:15.898]<DEBUG> [Yolov8Inferencer]Model class count: 12
[2026-03-17 07:21:15.898]<DEBUG> [Yolov8Inferencer]Model loaded: armor_v8n
[2026-03-17 07:21:15.898]<DEBUG> [Yolov8Inferencer]Model class count: 12
[2026-03-17 07:21:15.899]<DEBUG> [Yolov8Inferencer]Model loaded: armor_v8n
[2026-03-17 07:21:15.899]<DEBUG> [Yolov8Inferencer]Model class count: 12
[2026-03-17 07:21:15.899]<DEBUG> [Yolov8Inferencer]Model loaded: armor_v8n
[2026-03-17 07:21:15.899]<DEBUG> [Yolov8Inferencer]Model class count: 12
[2026-03-17 07:21:15.899]<DEBUG> [Yolov8Inferencer]Model loaded: armor_v8n
[2026-03-17 07:21:15.899]<DEBUG> [Yolov8Inferencer]Model class count: 12
[2026-03-17 07:21:15.899]<DEBUG> [Yolov8Inferencer]Model loaded: armor_v8n
[2026-03-17 07:21:15.899]<DEBUG> [Yolov8Inferencer]Model class count: 12
[2026-03-17 07:21:15.899]<DEBUG> [Yolov8Inferencer]Model loaded: armor_v8n
[2026-03-17 07:21:15.899]<DEBUG> [Yolov8Inferencer]Model class count: 12
[2026-03-17 07:21:15.899]<DEBUG> [Yolov8Inferencer]Model loaded: armor_v8n
[2026-03-17 07:21:15.899]<DEBUG> [Yolov8Inferencer]Model class count: 12
[2026-03-17 07:21:15.899]<DEBUG> [Yolov8Inferencer]Model loaded: armor_v8n
[2026-03-17 07:21:15.899]<DEBUG> [Yolov8Inferencer]Model class count: 12
[2026-03-17 07:21:15.899]<DEBUG> [Yolov8Inferencer]Model loaded: armor_v8n
[2026-03-17 07:21:15.899]<DEBUG> [Yolov8Inferencer]Model class count: 12
[2026-03-17 07:21:15.900]<DEBUG> [Yolov8Inferencer]Model loaded: armor_v8n
[2026-03-17 07:21:15.900]<DEBUG> [Yolov8Inferencer]Model class count: 12
[2026-03-17 07:21:15.900]<DEBUG> [Detector]initialized.
[2026-03-17 07:21:15.900]<DEBUG> [Detector]Detection started.
[2026-03-17 07:21:29.471]<DEBUG> [Detector]Detection stopped.
[2026-03-17 07:21:32.125]<DEBUG> [Detector]Robot Inferencer initializing...
[2026-03-17 07:21:32.125]<DEBUG> [Yolov8Inferencer]Model loaded: car_v8n
[2026-03-17 07:21:32.125]<DEBUG> [Yolov8Inferencer]Model class count: 1
[2026-03-17 07:21:32.125]<DEBUG> [Yolov8Inferencer]Model loaded: armor_v8n
[2026-03-17 07:21:32.125]<DEBUG> [Yolov8Inferencer]Model class count: 12
[2026-03-17 07:21:32.125]<DEBUG> [Yolov8Inferencer]Model loaded: armor_v8n
[2026-03-17 07:21:32.125]<DEBUG> [Yolov8Inferencer]Model class count: 12
[2026-03-17 07:21:32.125]<DEBUG> [Yolov8Inferencer]Model loaded: armor_v8n
[2026-03-17 07:21:32.125]<DEBUG> [Yolov8Inferencer]Model class count: 12
[2026-03-17 07:21:32.125]<DEBUG> [Yolov8Inferencer]Model loaded: armor_v8n
[2026-03-17 07:21:32.125]<DEBUG> [Yolov8Inferencer]Model class count: 12
[2026-03-17 07:21:32.126]<DEBUG> [Yolov8Inferencer]Model loaded: armor_v8n
[2026-03-17 07:21:32.126]<DEBUG> [Yolov8Inferencer]Model class count: 12
[2026-03-17 07:21:32.126]<DEBUG> [Yolov8Inferencer]Model loaded: armor_v8n
[2026-03-17 07:21:32.126]<DEBUG> [Yolov8Inferencer]Model class count: 12
[2026-03-17 07:21:32.126]<DEBUG> [Yolov8Inferencer]Model loaded: armor_v8n
[2026-03-17 07:21:32.126]<DEBUG> [Yolov8Inferencer]Model class count: 12
[2026-03-17 07:21:32.126]<DEBUG> [Yolov8Inferencer]Model loaded: armor_v8n
[2026-03-17 07:21:32.126]<DEBUG> [Yolov8Inferencer]Model class count: 12
[2026-03-17 07:21:32.126]<DEBUG> [Yolov8Inferencer]Model loaded: armor_v8n
[2026-03-17 07:21:32.126]<DEBUG> [Yolov8Inferencer]Model class count: 12
[2026-03-17 07:21:32.126]<DEBUG> [Yolov8Inferencer]Model loaded: armor_v8n
[2026-03-17 07:21:32.126]<DEBUG> [Yolov8Inferencer]Model class count: 12
[2026-03-17 07:21:32.126]<DEBUG> [Yolov8Inferencer]Model loaded: armor_v8n
[2026-03-17 07:21:32.126]<DEBUG> [Yolov8Inferencer]Model class count: 12
[2026-03-17 07:21:32.126]<DEBUG> [Yolov8Inferencer]Model loaded: armor_v8n
[2026-03-17 07:21:32.126]<DEBUG> [Yolov8Inferencer]Model class count: 12
[2026-03-17 07:21:32.126]<DEBUG> [Detector]initialized.
[2026-03-17 07:21:32.127]<DEBUG> [Detector]Detection started.
[2026-03-17 07:21:33.502]<DEBUG> [Detector]Detection stopped.
