--- Log File Created: 2026-03-17 21:13:03.969 ---
[2026-03-17 21:13:04.153]<DEBUG> [Detector]Robot Inferencer initializing...
[2026-03-17 21:13:04.154]<DEBUG> [Yolov8Inferencer]Model loaded: car_v8n
[2026-03-17 21:13:04.154]<DEBUG> [Yolov8Inferencer]Model class count: 1
[2026-03-17 21:13:04.154]<DEBUG> [Yolov8Inferencer]Model loaded: armor_v8n
[2026-03-17 21:13:04.154]<DEBUG> [Yolov8Inferencer]Model class count: 12
[2026-03-17 21:13:04.154]<DEBUG> [Yolov8Inferencer]Model loaded: armor_v8n
[2026-03-17 21:13:04.154]<DEBUG> [Yolov8Inferencer]Model class count: 12
[2026-03-17 21:13:04.154]<DEBUG> [Yolov8Inferencer]Model loaded: armor_v8n
[2026-03-17 21:13:04.155]<DEBUG> [Yolov8Inferencer]Model class count: 12
[2026-03-17 21:13:04.155]<DEBUG> [Yolov8Inferencer]Model loaded: armor_v8n
[2026-03-17 21:13:04.155]<DEBUG> [Yolov8Inferencer]Model class count: 12
[2026-03-17 21:13:04.155]<DEBUG> [Yolov8Inferencer]Model loaded: armor_v8n
[2026-03-17 21:13:04.155]<DEBUG> [Yolov8Inferencer]Model class count: 12
[2026-03-17 21:13:04.155]<DEBUG> [Yolov8Inferencer]Model loaded: armor_v8n
[2026-03-17 21:13:04.155]<DEBUG> [Yolov8Inferencer]Model class count: 12
[2026-03-17 21:13:04.155]<DEBUG> [Yolov8Inferencer]Model loaded: armor_v8n
[2026-03-17 21:13:04.155]<DEBUG> [Yolov8Inferencer]Model class count: 12
[2026-03-17 21:13:04.155]<DEBUG> [Yolov8Inferencer]Model loaded: armor_v8n
[2026-03-17 21:13:04.155]<DEBUG> [Yolov8Inferencer]Model class count: 12
[2026-03-17 21:13:04.155]<DEBUG> [Yolov8Inferencer]Model loaded: armor_v8n
[2026-03-17 21:13:04.155]<DEBUG> [Yolov8Inferencer]Model class count: 12
[2026-03-17 21:13:04.155]<DEBUG> [Yolov8Inferencer]Model loaded: armor_v8n
[2026-03-17 21:13:04.155]<DEBUG> [Yolov8Inferencer]Model class count: 12
[2026-03-17 21:13:04.155]<DEBUG> [Yolov8Inferencer]Model loaded: armor_v8n
[2026-03-17 21:13:04.155]<DEBUG> [Yolov8Inferencer]Model class count: 12
[2026-03-17 21:13:04.156]<DEBUG> [Yolov8Inferencer]Model loaded: armor_v8n
[2026-03-17 21:13:04.156]<DEBUG> [Yolov8Inferencer]Model class count: 12
[2026-03-17 21:13:04.156]<DEBUG> [Detector]initialized.
[2026-03-17 21:13:23.128]<DEBUG> [WebCameraHandler]Camera devices scanned: 5 devices found.
[2026-03-17 21:13:23.131]<DEBUG> [WebCameraHandler]--- Camera device 0: UGREEN 95348: UGREEN 95348 (/dev/video0)
[2026-03-17 21:13:23.132]<DEBUG> [WebCameraHandler]--- Camera device 1: UGREEN 95348: UGREEN 95348 (/dev/video1)
[2026-03-17 21:13:23.133]<DEBUG> [WebCameraHandler]--- Camera device 2: USB2.0 FHD UVC WebCam: USB2.0 F (/dev/video2)
[2026-03-17 21:13:23.133]<DEBUG> [WebCameraHandler]--- Camera device 3: USB2.0 FHD UVC WebCam: USB2.0 F (/dev/video3)
[2026-03-17 21:13:23.134]<DEBUG> [WebCameraHandler]--- Camera device 4: VirtualCamera (/dev/video4)
[2026-03-17 21:13:24.122]<DEBUG> [WebCameraHandler]VirtualCamera (/dev/video4) opened successfully.
