--- Log File Created: 2026-05-15 08:01:47.119 ---
[2026-05-15 08:01:47.274]<DEBUG> [WebCameraHandler]Starting...
[2026-05-15 08:01:47.275]<DEBUG> [TCP]TCP receiver client starting, target 127.0.0.1:1400
[2026-05-15 08:01:47.275]<DEBUG> [TCP]TCP sender server listening at 0.0.0.0:1500
[2026-05-15 08:01:47.275]<DEBUG> [Detector]Robot Inferencer initializing...
[2026-05-15 08:01:47.275]<WARNING> [TCP]TCP receiver connect warning: Connection refused
[2026-05-15 08:01:47.275]<DEBUG> [Yolov8Inferencer]Model loaded: car_v8n
[2026-05-15 08:01:47.275]<DEBUG> [Yolov8Inferencer]Model class count: 1
[2026-05-15 08:01:47.275]<DEBUG> [Yolov8Inferencer]Model loaded: armor_v8n
[2026-05-15 08:01:47.276]<DEBUG> [Yolov8Inferencer]Model class count: 12
[2026-05-15 08:01:47.276]<DEBUG> [Yolov8Inferencer]Model loaded: armor_v8n
[2026-05-15 08:01:47.276]<DEBUG> [Yolov8Inferencer]Model class count: 12
[2026-05-15 08:01:47.276]<DEBUG> [Yolov8Inferencer]Model loaded: armor_v8n
[2026-05-15 08:01:47.276]<DEBUG> [Yolov8Inferencer]Model class count: 12
[2026-05-15 08:01:47.276]<DEBUG> [Yolov8Inferencer]Model loaded: armor_v8n
[2026-05-15 08:01:47.276]<DEBUG> [Yolov8Inferencer]Model class count: 12
[2026-05-15 08:01:47.276]<DEBUG> [Yolov8Inferencer]Model loaded: armor_v8n
[2026-05-15 08:01:47.276]<DEBUG> [Yolov8Inferencer]Model class count: 12
[2026-05-15 08:01:47.276]<DEBUG> [Yolov8Inferencer]Model loaded: armor_v8n
[2026-05-15 08:01:47.276]<DEBUG> [Yolov8Inferencer]Model class count: 12
[2026-05-15 08:01:47.276]<DEBUG> [Yolov8Inferencer]Model loaded: armor_v8n
[2026-05-15 08:01:47.276]<DEBUG> [Yolov8Inferencer]Model class count: 12
[2026-05-15 08:01:47.276]<DEBUG> [Yolov8Inferencer]Model loaded: armor_v8n
[2026-05-15 08:01:47.276]<DEBUG> [Yolov8Inferencer]Model class count: 12
[2026-05-15 08:01:47.277]<DEBUG> [Yolov8Inferencer]Model loaded: armor_v8n
[2026-05-15 08:01:47.277]<DEBUG> [Yolov8Inferencer]Model class count: 12
[2026-05-15 08:01:47.277]<DEBUG> [Yolov8Inferencer]Model loaded: armor_v8n
[2026-05-15 08:01:47.277]<DEBUG> [Yolov8Inferencer]Model class count: 12
[2026-05-15 08:01:47.277]<DEBUG> [Yolov8Inferencer]Model loaded: armor_v8n
[2026-05-15 08:01:47.277]<DEBUG> [Yolov8Inferencer]Model class count: 12
[2026-05-15 08:01:47.277]<DEBUG> [Yolov8Inferencer]Model loaded: armor_v8n
[2026-05-15 08:01:47.277]<DEBUG> [Yolov8Inferencer]Model class count: 12
[2026-05-15 08:01:47.277]<DEBUG> [Detector]initialized.
[2026-05-15 08:01:48.135]<WARNING> [TCP]TCP receiver connect warning: Connection refused
[2026-05-15 08:01:49.135]<WARNING> [TCP]TCP receiver connect warning: Connection refused
[2026-05-15 08:01:50.131]<WARNING> [TCP]TCP receiver connect warning: Connection refused
[2026-05-15 08:01:51.134]<WARNING> [TCP]TCP receiver connect warning: Connection refused
[2026-05-15 08:01:52.133]<WARNING> [TCP]TCP receiver connect warning: Connection refused
[2026-05-15 08:01:53.135]<WARNING> [TCP]TCP receiver connect warning: Connection refused
[2026-05-15 08:01:54.136]<WARNING> [TCP]TCP receiver connect warning: Connection refused
[2026-05-15 08:01:55.138]<WARNING> [TCP]TCP receiver connect warning: Connection refused
[2026-05-15 08:01:56.138]<WARNING> [TCP]TCP receiver connect warning: Connection refused
[2026-05-15 08:01:57.135]<WARNING> [TCP]TCP receiver connect warning: Connection refused
[2026-05-15 08:01:58.136]<WARNING> [TCP]TCP receiver connect warning: Connection refused
[2026-05-15 08:01:59.135]<WARNING> [TCP]TCP receiver connect warning: Connection refused
[2026-05-15 08:02:00.136]<WARNING> [TCP]TCP receiver connect warning: Connection refused
[2026-05-15 08:02:01.138]<WARNING> [TCP]TCP receiver connect warning: Connection refused
[2026-05-15 08:02:02.136]<WARNING> [TCP]TCP receiver connect warning: Connection refused
[2026-05-15 08:02:03.134]<WARNING> [TCP]TCP receiver connect warning: Connection refused
[2026-05-15 08:02:04.135]<WARNING> [TCP]TCP receiver connect warning: Connection refused
[2026-05-15 08:02:05.140]<WARNING> [TCP]TCP receiver connect warning: Connection refused
[2026-05-15 08:02:06.137]<WARNING> [TCP]TCP receiver connect warning: Connection refused
[2026-05-15 08:02:07.141]<WARNING> [TCP]TCP receiver connect warning: Connection refused
[2026-05-15 08:02:08.139]<WARNING> [TCP]TCP receiver connect warning: Connection refused
[2026-05-15 08:02:09.138]<WARNING> [TCP]TCP receiver connect warning: Connection refused
[2026-05-15 08:02:10.140]<WARNING> [TCP]TCP receiver connect warning: Connection refused
[2026-05-15 08:02:11.138]<WARNING> [TCP]TCP receiver connect warning: Connection refused
[2026-05-15 08:02:12.141]<WARNING> [TCP]TCP receiver connect warning: Connection refused
[2026-05-15 08:02:13.139]<WARNING> [TCP]TCP receiver connect warning: Connection refused
[2026-05-15 08:02:14.137]<WARNING> [TCP]TCP receiver connect warning: Connection refused
[2026-05-15 08:02:15.138]<WARNING> [TCP]TCP receiver connect warning: Connection refused
[2026-05-15 08:02:16.145]<WARNING> [TCP]TCP receiver connect warning: Connection refused
[2026-05-15 08:02:17.139]<WARNING> [TCP]TCP receiver connect warning: Connection refused
[2026-05-15 08:02:18.142]<WARNING> [TCP]TCP receiver connect warning: Connection refused
[2026-05-15 08:02:19.138]<WARNING> [TCP]TCP receiver connect warning: Connection refused
[2026-05-15 08:02:20.139]<WARNING> [TCP]TCP receiver connect warning: Connection refused
[2026-05-15 08:02:21.142]<WARNING> [TCP]TCP receiver connect warning: Connection refused
[2026-05-15 08:02:22.142]<WARNING> [TCP]TCP receiver connect warning: Connection refused
[2026-05-15 08:02:23.140]<WARNING> [TCP]TCP receiver connect warning: Connection refused
[2026-05-15 08:02:24.141]<WARNING> [TCP]TCP receiver connect warning: Connection refused
[2026-05-15 08:02:25.145]<WARNING> [TCP]TCP receiver connect warning: Connection refused
[2026-05-15 08:02:26.144]<WARNING> [TCP]TCP receiver connect warning: Connection refused
[2026-05-15 08:02:27.143]<WARNING> [TCP]TCP receiver connect warning: Connection refused
[2026-05-15 08:02:28.144]<WARNING> [TCP]TCP receiver connect warning: Connection refused
[2026-05-15 08:02:29.143]<WARNING> [TCP]TCP receiver connect warning: Connection refused
[2026-05-15 08:02:30.140]<WARNING> [TCP]TCP receiver connect warning: Connection refused
[2026-05-15 08:02:31.144]<WARNING> [TCP]TCP receiver connect warning: Connection refused
[2026-05-15 08:02:32.143]<WARNING> [TCP]TCP receiver connect warning: Connection refused
[2026-05-15 08:02:33.141]<WARNING> [TCP]TCP receiver connect warning: Connection refused
[2026-05-15 08:02:34.144]<WARNING> [TCP]TCP receiver connect warning: Connection refused
[2026-05-15 08:02:35.141]<WARNING> [TCP]TCP receiver connect warning: Connection refused
[2026-05-15 08:02:36.148]<WARNING> [TCP]TCP receiver connect warning: Connection refused
[2026-05-15 08:02:37.142]<WARNING> [TCP]TCP receiver connect warning: Connection refused
[2026-05-15 08:02:38.147]<WARNING> [TCP]TCP receiver connect warning: Connection refused
[2026-05-15 08:02:39.147]<WARNING> [TCP]TCP receiver connect warning: Connection refused
[2026-05-15 08:02:40.145]<WARNING> [TCP]TCP receiver connect warning: Connection refused
[2026-05-15 08:02:41.152]<WARNING> [TCP]TCP receiver connect warning: Connection refused
[2026-05-15 08:02:42.152]<WARNING> [TCP]TCP receiver connect warning: Connection refused
[2026-05-15 08:02:43.152]<WARNING> [TCP]TCP receiver connect warning: Connection refused
[2026-05-15 08:02:44.147]<WARNING> [TCP]TCP receiver connect warning: Connection refused
[2026-05-15 08:02:45.150]<WARNING> [TCP]TCP receiver connect warning: Connection refused
[2026-05-15 08:02:46.148]<WARNING> [TCP]TCP receiver connect warning: Connection refused
[2026-05-15 08:02:47.146]<WARNING> [TCP]TCP receiver connect warning: Connection refused
[2026-05-15 08:02:48.146]<WARNING> [TCP]TCP receiver connect warning: Connection refused
[2026-05-15 08:02:49.150]<WARNING> [TCP]TCP receiver connect warning: Connection refused
[2026-05-15 08:02:50.146]<WARNING> [TCP]TCP receiver connect warning: Connection refused
[2026-05-15 08:02:51.148]<WARNING> [TCP]TCP receiver connect warning: Connection refused
[2026-05-15 08:02:52.148]<WARNING> [TCP]TCP receiver connect warning: Connection refused
[2026-05-15 08:02:53.149]<WARNING> [TCP]TCP receiver connect warning: Connection refused
[2026-05-15 08:02:54.147]<WARNING> [TCP]TCP receiver connect warning: Connection refused
[2026-05-15 08:02:55.149]<WARNING> [TCP]TCP receiver connect warning: Connection refused
[2026-05-15 08:02:56.149]<WARNING> [TCP]TCP receiver connect warning: Connection refused
[2026-05-15 08:02:57.150]<WARNING> [TCP]TCP receiver connect warning: Connection refused
[2026-05-15 08:02:58.147]<WARNING> [TCP]TCP receiver connect warning: Connection refused
[2026-05-15 08:02:59.149]<WARNING> [TCP]TCP receiver connect warning: Connection refused
[2026-05-15 08:03:00.151]<WARNING> [TCP]TCP receiver connect warning: Connection refused
[2026-05-15 08:03:01.147]<WARNING> [TCP]TCP receiver connect warning: Connection refused
[2026-05-15 08:03:02.154]<WARNING> [TCP]TCP receiver connect warning: Connection refused
[2026-05-15 08:03:03.154]<WARNING> [TCP]TCP receiver connect warning: Connection refused
[2026-05-15 08:03:04.149]<WARNING> [TCP]TCP receiver connect warning: Connection refused
[2026-05-15 08:03:05.157]<WARNING> [TCP]TCP receiver connect warning: Connection refused
[2026-05-15 08:03:06.149]<WARNING> [TCP]TCP receiver connect warning: Connection refused
[2026-05-15 08:03:07.149]<WARNING> [TCP]TCP receiver connect warning: Connection refused
[2026-05-15 08:03:08.154]<WARNING> [TCP]TCP receiver connect warning: Connection refused
[2026-05-15 08:03:09.154]<WARNING> [TCP]TCP receiver connect warning: Connection refused
[2026-05-15 08:03:10.151]<WARNING> [TCP]TCP receiver connect warning: Connection refused
[2026-05-15 08:03:11.151]<WARNING> [TCP]TCP receiver connect warning: Connection refused
[2026-05-15 08:03:12.155]<WARNING> [TCP]TCP receiver connect warning: Connection refused
[2026-05-15 08:03:13.154]<WARNING> [TCP]TCP receiver connect warning: Connection refused
[2026-05-15 08:03:14.150]<WARNING> [TCP]TCP receiver connect warning: Connection refused
[2026-05-15 08:03:15.151]<WARNING> [TCP]TCP receiver connect warning: Connection refused
[2026-05-15 08:03:16.154]<WARNING> [TCP]TCP receiver connect warning: Connection refused
[2026-05-15 08:03:17.154]<WARNING> [TCP]TCP receiver connect warning: Connection refused
[2026-05-15 08:03:18.152]<WARNING> [TCP]TCP receiver connect warning: Connection refused
[2026-05-15 08:03:19.154]<WARNING> [TCP]TCP receiver connect warning: Connection refused
[2026-05-15 08:03:20.154]<WARNING> [TCP]TCP receiver connect warning: Connection refused
[2026-05-15 08:03:21.152]<WARNING> [TCP]TCP receiver connect warning: Connection refused
[2026-05-15 08:03:22.161]<WARNING> [TCP]TCP receiver connect warning: Connection refused
[2026-05-15 08:03:23.153]<WARNING> [TCP]TCP receiver connect warning: Connection refused
[2026-05-15 08:03:24.154]<WARNING> [TCP]TCP receiver connect warning: Connection refused
[2026-05-15 08:03:25.153]<WARNING> [TCP]TCP receiver connect warning: Connection refused
[2026-05-15 08:03:26.156]<WARNING> [TCP]TCP receiver connect warning: Connection refused
[2026-05-15 08:03:27.155]<WARNING> [TCP]TCP receiver connect warning: Connection refused
[2026-05-15 08:03:28.158]<WARNING> [TCP]TCP receiver connect warning: Connection refused
[2026-05-15 08:03:29.157]<WARNING> [TCP]TCP receiver connect warning: Connection refused
[2026-05-15 08:03:30.157]<WARNING> [TCP]TCP receiver connect warning: Connection refused
[2026-05-15 08:03:31.157]<WARNING> [TCP]TCP receiver connect warning: Connection refused
[2026-05-15 08:03:32.159]<WARNING> [TCP]TCP receiver connect warning: Connection refused
[2026-05-15 08:03:33.160]<WARNING> [TCP]TCP receiver connect warning: Connection refused
[2026-05-15 08:03:34.161]<WARNING> [TCP]TCP receiver connect warning: Connection refused
[2026-05-15 08:03:35.162]<WARNING> [TCP]TCP receiver connect warning: Connection refused
[2026-05-15 08:03:36.157]<WARNING> [TCP]TCP receiver connect warning: Connection refused
[2026-05-15 08:03:37.158]<WARNING> [TCP]TCP receiver connect warning: Connection refused
[2026-05-15 08:03:38.161]<WARNING> [TCP]TCP receiver connect warning: Connection refused
[2026-05-15 08:03:39.158]<WARNING> [TCP]TCP receiver connect warning: Connection refused
[2026-05-15 08:03:40.161]<WARNING> [TCP]TCP receiver connect warning: Connection refused
[2026-05-15 08:03:41.161]<WARNING> [TCP]TCP receiver connect warning: Connection refused
[2026-05-15 08:03:42.162]<WARNING> [TCP]TCP receiver connect warning: Connection refused
[2026-05-15 08:03:43.164]<WARNING> [TCP]TCP receiver connect warning: Connection refused
[2026-05-15 08:03:44.162]<WARNING> [TCP]TCP receiver connect warning: Connection refused
[2026-05-15 08:03:45.158]<WARNING> [TCP]TCP receiver connect warning: Connection refused
[2026-05-15 08:03:46.158]<WARNING> [TCP]TCP receiver connect warning: Connection refused
[2026-05-15 08:03:46.625]<DEBUG> [Python]Launching with enemySide=Blue
[2026-05-15 08:03:46.626]<DEBUG> [Python]Script: /home/pinkpanda/linux-RADAR/RADAR-2026/RADAR-SDR/thread_init.py
[2026-05-15 08:03:46.626]<DEBUG> [Python]Started: python3 "/home/pinkpanda/linux-RADAR/RADAR-2026/RADAR-SDR/thread_init.py" --enemySide "Blue"
[2026-05-15 08:03:46.814]<DEBUG> [TCP]TCP sender accepted client.
[2026-05-15 08:03:47.164]<DEBUG> [TCP]TCP receiver client connected to 127.0.0.1:1400
[2026-05-15 08:03:47.164]<DEBUG> [TCP]TCP 0x0A06 parsed, updated 7-byte decision suffix.
[2026-05-15 08:03:47.164]<DEBUG> [TCP]New decision suffix: 2, 0, 0, 0, 0, 0, 0
[2026-05-15 08:03:47.261]<DEBUG> [TCP]TCP 0x0A06 parsed, updated 7-byte decision suffix.
[2026-05-15 08:03:47.261]<DEBUG> [TCP]New decision suffix: 2, 0, 0, 0, 0, 0, 0
[2026-05-15 08:03:47.359]<DEBUG> [TCP]TCP 0x0A06 parsed, updated 7-byte decision suffix.
[2026-05-15 08:03:47.359]<DEBUG> [TCP]New decision suffix: 2, 0, 0, 0, 0, 0, 0
[2026-05-15 08:03:47.464]<DEBUG> [TCP]TCP 0x0A06 parsed, updated 7-byte decision suffix.
[2026-05-15 08:03:47.464]<DEBUG> [TCP]New decision suffix: 2, 0, 0, 0, 0, 0, 0
[2026-05-15 08:03:47.563]<DEBUG> [TCP]TCP 0x0A06 parsed, updated 7-byte decision suffix.
[2026-05-15 08:03:47.563]<DEBUG> [TCP]New decision suffix: 2, 0, 0, 0, 0, 0, 0
[2026-05-15 08:03:47.662]<DEBUG> [TCP]TCP 0x0A06 parsed, updated 7-byte decision suffix.
[2026-05-15 08:03:47.663]<DEBUG> [TCP]New decision suffix: 2, 0, 0, 0, 0, 0, 0
[2026-05-15 08:03:47.765]<DEBUG> [TCP]TCP 0x0A06 parsed, updated 7-byte decision suffix.
[2026-05-15 08:03:47.766]<DEBUG> [TCP]New decision suffix: 2, 0, 0, 0, 0, 0, 0
[2026-05-15 08:03:47.864]<DEBUG> [TCP]TCP 0x0A06 parsed, updated 7-byte decision suffix.
[2026-05-15 08:03:47.865]<DEBUG> [TCP]New decision suffix: 2, 0, 0, 0, 0, 0, 0
[2026-05-15 08:03:47.970]<DEBUG> [TCP]TCP 0x0A06 parsed, updated 7-byte decision suffix.
[2026-05-15 08:03:47.970]<DEBUG> [TCP]New decision suffix: 2, 0, 0, 0, 0, 0, 0
[2026-05-15 08:03:48.069]<DEBUG> [TCP]TCP 0x0A06 parsed, updated 7-byte decision suffix.
[2026-05-15 08:03:48.069]<DEBUG> [TCP]New decision suffix: 2, 0, 0, 0, 0, 0, 0
[2026-05-15 08:03:48.161]<DEBUG> [TCP]TCP 0x0A06 parsed, updated 7-byte decision suffix.
[2026-05-15 08:03:48.162]<DEBUG> [TCP]New decision suffix: 2, 0, 0, 0, 0, 0, 0
[2026-05-15 08:03:48.263]<DEBUG> [TCP]TCP 0x0A06 parsed, updated 7-byte decision suffix.
[2026-05-15 08:03:48.263]<DEBUG> [TCP]New decision suffix: 2, 0, 0, 0, 0, 0, 0
[2026-05-15 08:03:48.361]<DEBUG> [TCP]TCP 0x0A06 parsed, updated 7-byte decision suffix.
[2026-05-15 08:03:48.362]<DEBUG> [TCP]New decision suffix: 2, 0, 0, 0, 0, 0, 0
[2026-05-15 08:03:48.467]<DEBUG> [TCP]TCP 0x0A06 parsed, updated 7-byte decision suffix.
[2026-05-15 08:03:48.467]<DEBUG> [TCP]New decision suffix: 2, 0, 0, 0, 0, 0, 0
[2026-05-15 08:03:48.573]<DEBUG> [TCP]TCP 0x0A06 parsed, updated 7-byte decision suffix.
[2026-05-15 08:03:48.574]<DEBUG> [TCP]New decision suffix: 2, 0, 0, 0, 0, 0, 0
[2026-05-15 08:03:48.672]<DEBUG> [TCP]TCP 0x0A06 parsed, updated 7-byte decision suffix.
[2026-05-15 08:03:48.673]<DEBUG> [TCP]New decision suffix: 2, 0, 0, 0, 0, 0, 0
[2026-05-15 08:03:48.762]<DEBUG> [TCP]TCP 0x0A06 parsed, updated 7-byte decision suffix.
[2026-05-15 08:03:48.763]<DEBUG> [TCP]New decision suffix: 2, 0, 0, 0, 0, 0, 0
[2026-05-15 08:03:48.871]<DEBUG> [TCP]TCP 0x0A06 parsed, updated 7-byte decision suffix.
[2026-05-15 08:03:48.871]<DEBUG> [TCP]New decision suffix: 2, 0, 0, 0, 0, 0, 0
[2026-05-15 08:03:48.963]<DEBUG> [TCP]TCP 0x0A06 parsed, updated 7-byte decision suffix.
[2026-05-15 08:03:48.963]<DEBUG> [TCP]New decision suffix: 2, 0, 0, 0, 0, 0, 0
[2026-05-15 08:03:49.064]<DEBUG> [TCP]TCP 0x0A06 parsed, updated 7-byte decision suffix.
[2026-05-15 08:03:49.065]<DEBUG> [TCP]New decision suffix: 2, 0, 0, 0, 0, 0, 0
[2026-05-15 08:03:49.166]<DEBUG> [TCP]TCP 0x0A06 parsed, updated 7-byte decision suffix.
[2026-05-15 08:03:49.166]<DEBUG> [TCP]New decision suffix: 2, 0, 0, 0, 0, 0, 0
[2026-05-15 08:03:49.264]<DEBUG> [TCP]TCP 0x0A06 parsed, updated 7-byte decision suffix.
[2026-05-15 08:03:49.265]<DEBUG> [TCP]New decision suffix: 2, 0, 0, 0, 0, 0, 0
[2026-05-15 08:03:49.372]<DEBUG> [TCP]TCP 0x0A06 parsed, updated 7-byte decision suffix.
[2026-05-15 08:03:49.372]<DEBUG> [TCP]New decision suffix: 2, 0, 0, 0, 0, 0, 0
[2026-05-15 08:03:49.470]<DEBUG> [TCP]TCP 0x0A06 parsed, updated 7-byte decision suffix.
[2026-05-15 08:03:49.471]<DEBUG> [TCP]New decision suffix: 2, 0, 0, 0, 0, 0, 0
[2026-05-15 08:03:49.569]<DEBUG> [TCP]TCP 0x0A06 parsed, updated 7-byte decision suffix.
[2026-05-15 08:03:49.569]<DEBUG> [TCP]New decision suffix: 2, 0, 0, 0, 0, 0, 0
[2026-05-15 08:03:49.667]<DEBUG> [TCP]TCP 0x0A06 parsed, updated 7-byte decision suffix.
[2026-05-15 08:03:49.667]<DEBUG> [TCP]New decision suffix: 2, 0, 0, 0, 0, 0, 0
[2026-05-15 08:03:49.765]<DEBUG> [TCP]TCP 0x0A06 parsed, updated 7-byte decision suffix.
[2026-05-15 08:03:49.765]<DEBUG> [TCP]New decision suffix: 2, 0, 0, 0, 0, 0, 0
[2026-05-15 08:03:49.870]<DEBUG> [TCP]TCP 0x0A06 parsed, updated 7-byte decision suffix.
[2026-05-15 08:03:49.870]<DEBUG> [TCP]New decision suffix: 2, 0, 0, 0, 0, 0, 0
[2026-05-15 08:03:49.967]<DEBUG> [TCP]TCP 0x0A06 parsed, updated 7-byte decision suffix.
[2026-05-15 08:03:49.967]<DEBUG> [TCP]New decision suffix: 2, 0, 0, 0, 0, 0, 0
[2026-05-15 08:03:50.073]<DEBUG> [TCP]TCP 0x0A06 parsed, updated 7-byte decision suffix.
[2026-05-15 08:03:50.073]<DEBUG> [TCP]New decision suffix: 2, 0, 0, 0, 0, 0, 0
[2026-05-15 08:03:50.177]<DEBUG> [TCP]TCP 0x0A06 parsed, updated 7-byte decision suffix.
[2026-05-15 08:03:50.177]<DEBUG> [TCP]New decision suffix: 2, 0, 0, 0, 0, 0, 0
[2026-05-15 08:03:50.271]<DEBUG> [TCP]TCP 0x0A06 parsed, updated 7-byte decision suffix.
[2026-05-15 08:03:50.272]<DEBUG> [TCP]New decision suffix: 2, 0, 0, 0, 0, 0, 0
[2026-05-15 08:03:50.366]<DEBUG> [TCP]TCP 0x0A06 parsed, updated 7-byte decision suffix.
[2026-05-15 08:03:50.367]<DEBUG> [TCP]New decision suffix: 2, 0, 0, 0, 0, 0, 0
[2026-05-15 08:03:50.473]<DEBUG> [TCP]TCP 0x0A06 parsed, updated 7-byte decision suffix.
[2026-05-15 08:03:50.473]<DEBUG> [TCP]New decision suffix: 2, 0, 0, 0, 0, 0, 0
[2026-05-15 08:03:50.567]<DEBUG> [TCP]TCP 0x0A06 parsed, updated 7-byte decision suffix.
[2026-05-15 08:03:50.567]<DEBUG> [TCP]New decision suffix: 2, 0, 0, 0, 0, 0, 0
[2026-05-15 08:03:50.668]<DEBUG> [TCP]TCP 0x0A06 parsed, updated 7-byte decision suffix.
[2026-05-15 08:03:50.668]<DEBUG> [TCP]New decision suffix: 2, 0, 0, 0, 0, 0, 0
[2026-05-15 08:03:50.774]<DEBUG> [TCP]TCP 0x0A06 parsed, updated 7-byte decision suffix.
[2026-05-15 08:03:50.774]<DEBUG> [TCP]New decision suffix: 2, 0, 0, 0, 0, 0, 0
[2026-05-15 08:03:51.128]<DEBUG> [TCP]TCP 0x0A06 parsed, updated 7-byte decision suffix.
[2026-05-15 08:03:51.128]<DEBUG> [TCP]New decision suffix: 2, 0, 0, 0, 0, 0, 0
[2026-05-15 08:03:51.128]<DEBUG> [TCP]TCP 0x0A06 parsed, updated 7-byte decision suffix.
[2026-05-15 08:03:51.129]<DEBUG> [TCP]New decision suffix: 2, 0, 0, 0, 0, 0, 0
[2026-05-15 08:03:51.129]<DEBUG> [TCP]TCP 0x0A06 parsed, updated 7-byte decision suffix.
[2026-05-15 08:03:51.129]<DEBUG> [TCP]New decision suffix: 2, 0, 0, 0, 0, 0, 0
[2026-05-15 08:03:51.175]<DEBUG> [TCP]TCP 0x0A06 parsed, updated 7-byte decision suffix.
[2026-05-15 08:03:51.175]<DEBUG> [TCP]New decision suffix: 2, 0, 0, 0, 0, 0, 0
[2026-05-15 08:03:51.277]<DEBUG> [TCP]TCP 0x0A06 parsed, updated 7-byte decision suffix.
[2026-05-15 08:03:51.277]<DEBUG> [TCP]New decision suffix: 2, 0, 0, 0, 0, 0, 0
[2026-05-15 08:03:51.374]<DEBUG> [TCP]TCP 0x0A06 parsed, updated 7-byte decision suffix.
[2026-05-15 08:03:51.374]<DEBUG> [TCP]New decision suffix: 2, 0, 0, 0, 0, 0, 0
[2026-05-15 08:03:51.477]<DEBUG> [TCP]TCP 0x0A06 parsed, updated 7-byte decision suffix.
[2026-05-15 08:03:51.477]<DEBUG> [TCP]New decision suffix: 2, 0, 0, 0, 0, 0, 0
[2026-05-15 08:03:51.696]<DEBUG> [TCP]TCP 0x0A06 parsed, updated 7-byte decision suffix.
[2026-05-15 08:03:51.697]<DEBUG> [TCP]New decision suffix: 2, 0, 0, 0, 0, 0, 0
[2026-05-15 08:03:51.697]<DEBUG> [TCP]TCP 0x0A06 parsed, updated 7-byte decision suffix.
[2026-05-15 08:03:51.698]<DEBUG> [TCP]New decision suffix: 2, 0, 0, 0, 0, 0, 0
[2026-05-15 08:03:51.784]<DEBUG> [TCP]TCP 0x0A06 parsed, updated 7-byte decision suffix.
[2026-05-15 08:03:51.784]<DEBUG> [TCP]New decision suffix: 2, 0, 0, 0, 0, 0, 0
[2026-05-15 08:03:51.873]<DEBUG> [TCP]TCP 0x0A06 parsed, updated 7-byte decision suffix.
[2026-05-15 08:03:51.874]<DEBUG> [TCP]New decision suffix: 2, 0, 0, 0, 0, 0, 0
[2026-05-15 08:03:51.978]<DEBUG> [TCP]TCP 0x0A06 parsed, updated 7-byte decision suffix.
[2026-05-15 08:03:51.978]<DEBUG> [TCP]New decision suffix: 2, 0, 0, 0, 0, 0, 0
[2026-05-15 08:03:52.270]<DEBUG> [TCP]TCP 0x0A06 parsed, updated 7-byte decision suffix.
[2026-05-15 08:03:52.270]<DEBUG> [TCP]New decision suffix: 2, 0, 0, 0, 0, 0, 0
[2026-05-15 08:03:52.270]<DEBUG> [TCP]TCP 0x0A06 parsed, updated 7-byte decision suffix.
[2026-05-15 08:03:52.270]<DEBUG> [TCP]New decision suffix: 2, 0, 0, 0, 0, 0, 0
[2026-05-15 08:03:52.443]<DEBUG> [TCP]TCP 0x0A06 parsed, updated 7-byte decision suffix.
[2026-05-15 08:03:52.444]<DEBUG> [TCP]New decision suffix: 2, 0, 0, 0, 0, 0, 0
[2026-05-15 08:03:52.444]<DEBUG> [TCP]TCP 0x0A06 parsed, updated 7-byte decision suffix.
[2026-05-15 08:03:52.444]<DEBUG> [TCP]New decision suffix: 2, 0, 0, 0, 0, 0, 0
[2026-05-15 08:03:52.477]<DEBUG> [TCP]TCP 0x0A06 parsed, updated 7-byte decision suffix.
[2026-05-15 08:03:52.477]<DEBUG> [TCP]New decision suffix: 2, 0, 0, 0, 0, 0, 0
[2026-05-15 08:03:52.587]<DEBUG> [TCP]TCP 0x0A06 parsed, updated 7-byte decision suffix.
[2026-05-15 08:03:52.587]<DEBUG> [TCP]New decision suffix: 2, 0, 0, 0, 0, 0, 0
[2026-05-15 08:03:52.683]<DEBUG> [TCP]TCP 0x0A06 parsed, updated 7-byte decision suffix.
[2026-05-15 08:03:52.683]<DEBUG> [TCP]New decision suffix: 2, 0, 0, 0, 0, 0, 0
[2026-05-15 08:03:52.781]<DEBUG> [TCP]TCP 0x0A06 parsed, updated 7-byte decision suffix.
[2026-05-15 08:03:52.782]<DEBUG> [TCP]New decision suffix: 2, 0, 0, 0, 0, 0, 0
[2026-05-15 08:03:52.877]<DEBUG> [TCP]TCP 0x0A06 parsed, updated 7-byte decision suffix.
[2026-05-15 08:03:52.878]<DEBUG> [TCP]New decision suffix: 2, 0, 0, 0, 0, 0, 0
[2026-05-15 08:03:52.977]<DEBUG> [TCP]TCP 0x0A06 parsed, updated 7-byte decision suffix.
[2026-05-15 08:03:52.977]<DEBUG> [TCP]New decision suffix: 2, 0, 0, 0, 0, 0, 0
[2026-05-15 08:03:53.089]<DEBUG> [TCP]TCP 0x0A06 parsed, updated 7-byte decision suffix.
[2026-05-15 08:03:53.089]<DEBUG> [TCP]New decision suffix: 2, 0, 0, 0, 0, 0, 0
[2026-05-15 08:03:53.186]<DEBUG> [TCP]TCP 0x0A06 parsed, updated 7-byte decision suffix.
[2026-05-15 08:03:53.186]<DEBUG> [TCP]New decision suffix: 2, 0, 0, 0, 0, 0, 0
[2026-05-15 08:03:53.276]<DEBUG> [TCP]TCP 0x0A06 parsed, updated 7-byte decision suffix.
[2026-05-15 08:03:53.277]<DEBUG> [TCP]New decision suffix: 2, 0, 0, 0, 0, 0, 0
[2026-05-15 08:03:53.387]<DEBUG> [TCP]TCP 0x0A06 parsed, updated 7-byte decision suffix.
[2026-05-15 08:03:53.387]<DEBUG> [TCP]New decision suffix: 2, 0, 0, 0, 0, 0, 0
[2026-05-15 08:03:53.478]<DEBUG> [TCP]TCP 0x0A06 parsed, updated 7-byte decision suffix.
[2026-05-15 08:03:53.478]<DEBUG> [TCP]New decision suffix: 2, 0, 0, 0, 0, 0, 0
[2026-05-15 08:03:53.580]<DEBUG> [TCP]TCP 0x0A06 parsed, updated 7-byte decision suffix.
[2026-05-15 08:03:53.580]<DEBUG> [TCP]New decision suffix: 2, 0, 0, 0, 0, 0, 0
[2026-05-15 08:03:53.678]<DEBUG> [TCP]TCP 0x0A06 parsed, updated 7-byte decision suffix.
[2026-05-15 08:03:53.678]<DEBUG> [TCP]New decision suffix: 2, 0, 0, 0, 0, 0, 0
[2026-05-15 08:03:53.784]<DEBUG> [TCP]TCP 0x0A06 parsed, updated 7-byte decision suffix.
[2026-05-15 08:03:53.784]<DEBUG> [TCP]New decision suffix: 2, 0, 0, 0, 0, 0, 0
[2026-05-15 08:03:53.884]<DEBUG> [TCP]TCP 0x0A06 parsed, updated 7-byte decision suffix.
[2026-05-15 08:03:53.884]<DEBUG> [TCP]New decision suffix: 2, 0, 0, 0, 0, 0, 0
[2026-05-15 08:03:53.987]<DEBUG> [TCP]TCP 0x0A06 parsed, updated 7-byte decision suffix.
[2026-05-15 08:03:53.987]<DEBUG> [TCP]New decision suffix: 2, 0, 0, 0, 0, 0, 0
[2026-05-15 08:03:54.086]<DEBUG> [TCP]TCP 0x0A06 parsed, updated 7-byte decision suffix.
[2026-05-15 08:03:54.086]<DEBUG> [TCP]New decision suffix: 2, 0, 0, 0, 0, 0, 0
[2026-05-15 08:03:54.181]<DEBUG> [TCP]TCP 0x0A06 parsed, updated 7-byte decision suffix.
[2026-05-15 08:03:54.181]<DEBUG> [TCP]New decision suffix: 2, 0, 0, 0, 0, 0, 0
[2026-05-15 08:03:54.280]<DEBUG> [TCP]TCP 0x0A06 parsed, updated 7-byte decision suffix.
[2026-05-15 08:03:54.280]<DEBUG> [TCP]New decision suffix: 2, 0, 0, 0, 0, 0, 0
[2026-05-15 08:03:54.384]<DEBUG> [TCP]TCP 0x0A06 parsed, updated 7-byte decision suffix.
[2026-05-15 08:03:54.384]<DEBUG> [TCP]New decision suffix: 2, 0, 0, 0, 0, 0, 0
[2026-05-15 08:03:54.486]<DEBUG> [TCP]TCP 0x0A06 parsed, updated 7-byte decision suffix.
[2026-05-15 08:03:54.486]<DEBUG> [TCP]New decision suffix: 2, 0, 0, 0, 0, 0, 0
[2026-05-15 08:03:54.580]<DEBUG> [TCP]TCP 0x0A06 parsed, updated 7-byte decision suffix.
[2026-05-15 08:03:54.580]<DEBUG> [TCP]New decision suffix: 2, 0, 0, 0, 0, 0, 0
[2026-05-15 08:03:54.691]<DEBUG> [TCP]TCP 0x0A06 parsed, updated 7-byte decision suffix.
[2026-05-15 08:03:54.691]<DEBUG> [TCP]New decision suffix: 2, 0, 0, 0, 0, 0, 0
[2026-05-15 08:03:54.781]<DEBUG> [TCP]TCP 0x0A06 parsed, updated 7-byte decision suffix.
[2026-05-15 08:03:54.781]<DEBUG> [TCP]New decision suffix: 2, 0, 0, 0, 0, 0, 0
[2026-05-15 08:03:54.893]<DEBUG> [TCP]TCP 0x0A06 parsed, updated 7-byte decision suffix.
[2026-05-15 08:03:54.894]<DEBUG> [TCP]New decision suffix: 2, 0, 0, 0, 0, 0, 0
[2026-05-15 08:03:54.987]<DEBUG> [TCP]TCP 0x0A06 parsed, updated 7-byte decision suffix.
[2026-05-15 08:03:54.987]<DEBUG> [TCP]New decision suffix: 2, 0, 0, 0, 0, 0, 0
[2026-05-15 08:03:55.092]<DEBUG> [TCP]TCP 0x0A06 parsed, updated 7-byte decision suffix.
[2026-05-15 08:03:55.092]<DEBUG> [TCP]New decision suffix: 2, 0, 0, 0, 0, 0, 0
[2026-05-15 08:03:55.191]<DEBUG> [TCP]TCP 0x0A06 parsed, updated 7-byte decision suffix.
[2026-05-15 08:03:55.191]<DEBUG> [TCP]New decision suffix: 2, 0, 0, 0, 0, 0, 0
[2026-05-15 08:03:55.289]<DEBUG> [TCP]TCP 0x0A06 parsed, updated 7-byte decision suffix.
[2026-05-15 08:03:55.290]<DEBUG> [TCP]New decision suffix: 2, 0, 0, 0, 0, 0, 0
[2026-05-15 08:03:55.382]<DEBUG> [TCP]TCP 0x0A06 parsed, updated 7-byte decision suffix.
[2026-05-15 08:03:55.382]<DEBUG> [TCP]New decision suffix: 2, 0, 0, 0, 0, 0, 0
[2026-05-15 08:03:55.496]<DEBUG> [TCP]TCP 0x0A06 parsed, updated 7-byte decision suffix.
[2026-05-15 08:03:55.496]<DEBUG> [TCP]New decision suffix: 2, 0, 0, 0, 0, 0, 0
[2026-05-15 08:03:55.584]<DEBUG> [TCP]TCP 0x0A06 parsed, updated 7-byte decision suffix.
[2026-05-15 08:03:55.584]<DEBUG> [TCP]New decision suffix: 2, 0, 0, 0, 0, 0, 0
[2026-05-15 08:03:55.804]<DEBUG> [TCP]TCP 0x0A06 parsed, updated 7-byte decision suffix.
[2026-05-15 08:03:55.804]<DEBUG> [TCP]New decision suffix: 2, 0, 0, 0, 0, 0, 0
[2026-05-15 08:03:55.804]<DEBUG> [TCP]TCP 0x0A06 parsed, updated 7-byte decision suffix.
[2026-05-15 08:03:55.804]<DEBUG> [TCP]New decision suffix: 2, 0, 0, 0, 0, 0, 0
[2026-05-15 08:03:55.891]<DEBUG> [TCP]TCP 0x0A06 parsed, updated 7-byte decision suffix.
[2026-05-15 08:03:55.891]<DEBUG> [TCP]New decision suffix: 2, 0, 0, 0, 0, 0, 0
[2026-05-15 08:03:55.987]<DEBUG> [TCP]TCP 0x0A06 parsed, updated 7-byte decision suffix.
[2026-05-15 08:03:55.988]<DEBUG> [TCP]New decision suffix: 2, 0, 0, 0, 0, 0, 0
[2026-05-15 08:03:56.090]<DEBUG> [TCP]TCP 0x0A06 parsed, updated 7-byte decision suffix.
[2026-05-15 08:03:56.090]<DEBUG> [TCP]New decision suffix: 2, 0, 0, 0, 0, 0, 0
[2026-05-15 08:03:56.195]<DEBUG> [TCP]TCP 0x0A06 parsed, updated 7-byte decision suffix.
[2026-05-15 08:03:56.195]<DEBUG> [TCP]New decision suffix: 2, 0, 0, 0, 0, 0, 0
[2026-05-15 08:03:56.293]<DEBUG> [TCP]TCP 0x0A06 parsed, updated 7-byte decision suffix.
[2026-05-15 08:03:56.293]<DEBUG> [TCP]New decision suffix: 2, 0, 0, 0, 0, 0, 0
[2026-05-15 08:03:56.394]<DEBUG> [TCP]TCP 0x0A06 parsed, updated 7-byte decision suffix.
[2026-05-15 08:03:56.395]<DEBUG> [TCP]New decision suffix: 2, 0, 0, 0, 0, 0, 0
[2026-05-15 08:03:56.487]<DEBUG> [TCP]TCP 0x0A06 parsed, updated 7-byte decision suffix.
[2026-05-15 08:03:56.487]<DEBUG> [TCP]New decision suffix: 2, 0, 0, 0, 0, 0, 0
[2026-05-15 08:03:56.594]<DEBUG> [TCP]TCP 0x0A06 parsed, updated 7-byte decision suffix.
[2026-05-15 08:03:56.594]<DEBUG> [TCP]New decision suffix: 2, 0, 0, 0, 0, 0, 0
[2026-05-15 08:03:56.687]<DEBUG> [TCP]TCP 0x0A06 parsed, updated 7-byte decision suffix.
[2026-05-15 08:03:56.687]<DEBUG> [TCP]New decision suffix: 2, 0, 0, 0, 0, 0, 0
[2026-05-15 08:03:56.793]<DEBUG> [TCP]TCP 0x0A06 parsed, updated 7-byte decision suffix.
[2026-05-15 08:03:56.793]<DEBUG> [TCP]New decision suffix: 2, 0, 0, 0, 0, 0, 0
[2026-05-15 08:03:56.891]<DEBUG> [TCP]TCP 0x0A06 parsed, updated 7-byte decision suffix.
[2026-05-15 08:03:56.891]<DEBUG> [TCP]New decision suffix: 2, 0, 0, 0, 0, 0, 0
[2026-05-15 08:03:56.993]<DEBUG> [TCP]TCP 0x0A06 parsed, updated 7-byte decision suffix.
[2026-05-15 08:03:56.993]<DEBUG> [TCP]New decision suffix: 2, 0, 0, 0, 0, 0, 0
[2026-05-15 08:03:57.089]<DEBUG> [TCP]TCP 0x0A06 parsed, updated 7-byte decision suffix.
[2026-05-15 08:03:57.089]<DEBUG> [TCP]New decision suffix: 2, 0, 0, 0, 0, 0, 0
[2026-05-15 08:03:57.191]<DEBUG> [TCP]TCP 0x0A06 parsed, updated 7-byte decision suffix.
[2026-05-15 08:03:57.191]<DEBUG> [TCP]New decision suffix: 2, 0, 0, 0, 0, 0, 0
[2026-05-15 08:03:57.292]<DEBUG> [TCP]TCP 0x0A06 parsed, updated 7-byte decision suffix.
[2026-05-15 08:03:57.293]<DEBUG> [TCP]New decision suffix: 2, 0, 0, 0, 0, 0, 0
[2026-05-15 08:03:57.393]<DEBUG> [TCP]TCP 0x0A06 parsed, updated 7-byte decision suffix.
[2026-05-15 08:03:57.394]<DEBUG> [TCP]New decision suffix: 2, 0, 0, 0, 0, 0, 0
[2026-05-15 08:03:57.491]<DEBUG> [TCP]TCP 0x0A06 parsed, updated 7-byte decision suffix.
[2026-05-15 08:03:57.491]<DEBUG> [TCP]New decision suffix: 2, 0, 0, 0, 0, 0, 0
[2026-05-15 08:03:57.590]<DEBUG> [TCP]TCP 0x0A06 parsed, updated 7-byte decision suffix.
[2026-05-15 08:03:57.590]<DEBUG> [TCP]New decision suffix: 2, 0, 0, 0, 0, 0, 0
[2026-05-15 08:03:57.689]<DEBUG> [TCP]TCP 0x0A06 parsed, updated 7-byte decision suffix.
[2026-05-15 08:03:57.690]<DEBUG> [TCP]New decision suffix: 2, 0, 0, 0, 0, 0, 0
[2026-05-15 08:03:57.794]<DEBUG> [TCP]TCP 0x0A06 parsed, updated 7-byte decision suffix.
[2026-05-15 08:03:57.794]<DEBUG> [TCP]New decision suffix: 2, 0, 0, 0, 0, 0, 0
[2026-05-15 08:03:57.889]<DEBUG> [TCP]TCP 0x0A06 parsed, updated 7-byte decision suffix.
[2026-05-15 08:03:57.889]<DEBUG> [TCP]New decision suffix: 2, 0, 0, 0, 0, 0, 0
[2026-05-15 08:03:57.989]<DEBUG> [TCP]TCP 0x0A06 parsed, updated 7-byte decision suffix.
[2026-05-15 08:03:57.989]<DEBUG> [TCP]New decision suffix: 2, 0, 0, 0, 0, 0, 0
[2026-05-15 08:03:58.093]<DEBUG> [TCP]TCP 0x0A06 parsed, updated 7-byte decision suffix.
[2026-05-15 08:03:58.093]<DEBUG> [TCP]New decision suffix: 2, 0, 0, 0, 0, 0, 0
[2026-05-15 08:03:58.190]<DEBUG> [TCP]TCP 0x0A06 parsed, updated 7-byte decision suffix.
[2026-05-15 08:03:58.190]<DEBUG> [TCP]New decision suffix: 2, 0, 0, 0, 0, 0, 0
[2026-05-15 08:03:58.294]<DEBUG> [TCP]TCP 0x0A06 parsed, updated 7-byte decision suffix.
[2026-05-15 08:03:58.294]<DEBUG> [TCP]New decision suffix: 2, 0, 0, 0, 0, 0, 0
[2026-05-15 08:03:58.390]<DEBUG> [TCP]TCP 0x0A06 parsed, updated 7-byte decision suffix.
[2026-05-15 08:03:58.390]<DEBUG> [TCP]New decision suffix: 2, 0, 0, 0, 0, 0, 0
[2026-05-15 08:03:58.492]<DEBUG> [TCP]TCP 0x0A06 parsed, updated 7-byte decision suffix.
[2026-05-15 08:03:58.492]<DEBUG> [TCP]New decision suffix: 2, 0, 0, 0, 0, 0, 0
[2026-05-15 08:03:58.594]<DEBUG> [TCP]TCP 0x0A06 parsed, updated 7-byte decision suffix.
[2026-05-15 08:03:58.594]<DEBUG> [TCP]New decision suffix: 2, 0, 0, 0, 0, 0, 0
[2026-05-15 08:03:58.693]<DEBUG> [TCP]TCP 0x0A06 parsed, updated 7-byte decision suffix.
[2026-05-15 08:03:58.693]<DEBUG> [TCP]New decision suffix: 2, 0, 0, 0, 0, 0, 0
[2026-05-15 08:03:58.796]<DEBUG> [TCP]TCP 0x0A06 parsed, updated 7-byte decision suffix.
[2026-05-15 08:03:58.796]<DEBUG> [TCP]New decision suffix: 2, 0, 0, 0, 0, 0, 0
[2026-05-15 08:03:58.895]<DEBUG> [TCP]TCP 0x0A06 parsed, updated 7-byte decision suffix.
[2026-05-15 08:03:58.895]<DEBUG> [TCP]New decision suffix: 2, 0, 0, 0, 0, 0, 0
[2026-05-15 08:03:58.994]<DEBUG> [TCP]TCP 0x0A06 parsed, updated 7-byte decision suffix.
[2026-05-15 08:03:58.994]<DEBUG> [TCP]New decision suffix: 2, 0, 0, 0, 0, 0, 0
[2026-05-15 08:03:59.097]<DEBUG> [TCP]TCP 0x0A06 parsed, updated 7-byte decision suffix.
[2026-05-15 08:03:59.097]<DEBUG> [TCP]New decision suffix: 2, 0, 0, 0, 0, 0, 0
[2026-05-15 08:03:59.195]<DEBUG> [TCP]TCP 0x0A06 parsed, updated 7-byte decision suffix.
[2026-05-15 08:03:59.195]<DEBUG> [TCP]New decision suffix: 2, 0, 0, 0, 0, 0, 0
[2026-05-15 08:03:59.292]<DEBUG> [TCP]TCP 0x0A06 parsed, updated 7-byte decision suffix.
[2026-05-15 08:03:59.292]<DEBUG> [TCP]New decision suffix: 2, 0, 0, 0, 0, 0, 0
[2026-05-15 08:03:59.397]<DEBUG> [TCP]TCP 0x0A06 parsed, updated 7-byte decision suffix.
[2026-05-15 08:03:59.397]<DEBUG> [TCP]New decision suffix: 2, 0, 0, 0, 0, 0, 0
[2026-05-15 08:03:59.496]<DEBUG> [TCP]TCP 0x0A06 parsed, updated 7-byte decision suffix.
[2026-05-15 08:03:59.496]<DEBUG> [TCP]New decision suffix: 2, 0, 0, 0, 0, 0, 0
[2026-05-15 08:03:59.593]<DEBUG> [TCP]TCP 0x0A06 parsed, updated 7-byte decision suffix.
[2026-05-15 08:03:59.593]<DEBUG> [TCP]New decision suffix: 2, 0, 0, 0, 0, 0, 0
[2026-05-15 08:03:59.698]<DEBUG> [TCP]TCP 0x0A06 parsed, updated 7-byte decision suffix.
[2026-05-15 08:03:59.698]<DEBUG> [TCP]New decision suffix: 2, 0, 0, 0, 0, 0, 0
[2026-05-15 08:03:59.796]<DEBUG> [TCP]TCP 0x0A06 parsed, updated 7-byte decision suffix.
[2026-05-15 08:03:59.796]<DEBUG> [TCP]New decision suffix: 2, 0, 0, 0, 0, 0, 0
[2026-05-15 08:03:59.895]<DEBUG> [TCP]TCP 0x0A06 parsed, updated 7-byte decision suffix.
[2026-05-15 08:03:59.895]<DEBUG> [TCP]New decision suffix: 2, 0, 0, 0, 0, 0, 0
[2026-05-15 08:03:59.995]<DEBUG> [TCP]TCP 0x0A06 parsed, updated 7-byte decision suffix.
[2026-05-15 08:03:59.995]<DEBUG> [TCP]New decision suffix: 2, 0, 0, 0, 0, 0, 0
[2026-05-15 08:04:00.100]<DEBUG> [TCP]TCP 0x0A06 parsed, updated 7-byte decision suffix.
[2026-05-15 08:04:00.100]<DEBUG> [TCP]New decision suffix: 2, 0, 0, 0, 0, 0, 0
[2026-05-15 08:04:00.200]<DEBUG> [TCP]TCP 0x0A06 parsed, updated 7-byte decision suffix.
[2026-05-15 08:04:00.200]<DEBUG> [TCP]New decision suffix: 2, 0, 0, 0, 0, 0, 0
[2026-05-15 08:04:00.297]<DEBUG> [TCP]TCP 0x0A06 parsed, updated 7-byte decision suffix.
[2026-05-15 08:04:00.298]<DEBUG> [TCP]New decision suffix: 2, 0, 0, 0, 0, 0, 0
[2026-05-15 08:04:00.404]<DEBUG> [TCP]TCP 0x0A06 parsed, updated 7-byte decision suffix.
[2026-05-15 08:04:00.404]<DEBUG> [TCP]New decision suffix: 2, 0, 0, 0, 0, 0, 0
[2026-05-15 08:04:00.502]<DEBUG> [TCP]TCP 0x0A06 parsed, updated 7-byte decision suffix.
[2026-05-15 08:04:00.502]<DEBUG> [TCP]New decision suffix: 2, 0, 0, 0, 0, 0, 0
[2026-05-15 08:04:00.600]<DEBUG> [TCP]TCP 0x0A06 parsed, updated 7-byte decision suffix.
[2026-05-15 08:04:00.601]<DEBUG> [TCP]New decision suffix: 2, 0, 0, 0, 0, 0, 0
[2026-05-15 08:04:00.702]<DEBUG> [TCP]TCP 0x0A06 parsed, updated 7-byte decision suffix.
[2026-05-15 08:04:00.702]<DEBUG> [TCP]New decision suffix: 2, 0, 0, 0, 0, 0, 0
[2026-05-15 08:04:00.799]<DEBUG> [TCP]TCP 0x0A06 parsed, updated 7-byte decision suffix.
[2026-05-15 08:04:00.799]<DEBUG> [TCP]New decision suffix: 2, 0, 0, 0, 0, 0, 0
[2026-05-15 08:04:00.897]<DEBUG> [TCP]TCP 0x0A06 parsed, updated 7-byte decision suffix.
[2026-05-15 08:04:00.897]<DEBUG> [TCP]New decision suffix: 2, 0, 0, 0, 0, 0, 0
[2026-05-15 08:04:01.004]<DEBUG> [TCP]TCP 0x0A06 parsed, updated 7-byte decision suffix.
[2026-05-15 08:04:01.004]<DEBUG> [TCP]New decision suffix: 2, 0, 0, 0, 0, 0, 0
[2026-05-15 08:04:01.101]<DEBUG> [TCP]TCP 0x0A06 parsed, updated 7-byte decision suffix.
[2026-05-15 08:04:01.101]<DEBUG> [TCP]New decision suffix: 2, 0, 0, 0, 0, 0, 0
[2026-05-15 08:04:01.203]<DEBUG> [TCP]TCP 0x0A06 parsed, updated 7-byte decision suffix.
[2026-05-15 08:04:01.203]<DEBUG> [TCP]New decision suffix: 2, 0, 0, 0, 0, 0, 0
[2026-05-15 08:04:01.299]<DEBUG> [TCP]TCP 0x0A06 parsed, updated 7-byte decision suffix.
[2026-05-15 08:04:01.300]<DEBUG> [TCP]New decision suffix: 2, 0, 0, 0, 0, 0, 0
[2026-05-15 08:04:01.401]<DEBUG> [TCP]TCP 0x0A06 parsed, updated 7-byte decision suffix.
[2026-05-15 08:04:01.401]<DEBUG> [TCP]New decision suffix: 2, 0, 0, 0, 0, 0, 0
[2026-05-15 08:04:01.500]<DEBUG> [TCP]TCP 0x0A06 parsed, updated 7-byte decision suffix.
[2026-05-15 08:04:01.500]<DEBUG> [TCP]New decision suffix: 2, 0, 0, 0, 0, 0, 0
[2026-05-15 08:04:01.598]<DEBUG> [TCP]TCP 0x0A06 parsed, updated 7-byte decision suffix.
[2026-05-15 08:04:01.598]<DEBUG> [TCP]New decision suffix: 2, 0, 0, 0, 0, 0, 0
[2026-05-15 08:04:01.702]<DEBUG> [TCP]TCP 0x0A06 parsed, updated 7-byte decision suffix.
[2026-05-15 08:04:01.702]<DEBUG> [TCP]New decision suffix: 2, 0, 0, 0, 0, 0, 0
[2026-05-15 08:04:01.798]<DEBUG> [TCP]TCP 0x0A06 parsed, updated 7-byte decision suffix.
[2026-05-15 08:04:01.799]<DEBUG> [TCP]New decision suffix: 2, 0, 0, 0, 0, 0, 0
[2026-05-15 08:04:01.903]<DEBUG> [TCP]TCP 0x0A06 parsed, updated 7-byte decision suffix.
[2026-05-15 08:04:01.903]<DEBUG> [TCP]New decision suffix: 2, 0, 0, 0, 0, 0, 0
[2026-05-15 08:04:01.999]<DEBUG> [TCP]TCP 0x0A06 parsed, updated 7-byte decision suffix.
[2026-05-15 08:04:01.999]<DEBUG> [TCP]New decision suffix: 2, 0, 0, 0, 0, 0, 0
[2026-05-15 08:04:02.099]<DEBUG> [TCP]TCP 0x0A06 parsed, updated 7-byte decision suffix.
[2026-05-15 08:04:02.099]<DEBUG> [TCP]New decision suffix: 2, 0, 0, 0, 0, 0, 0
[2026-05-15 08:04:02.200]<DEBUG> [TCP]TCP 0x0A06 parsed, updated 7-byte decision suffix.
[2026-05-15 08:04:02.201]<DEBUG> [TCP]New decision suffix: 2, 0, 0, 0, 0, 0, 0
[2026-05-15 08:04:02.302]<DEBUG> [TCP]TCP 0x0A06 parsed, updated 7-byte decision suffix.
[2026-05-15 08:04:02.302]<DEBUG> [TCP]New decision suffix: 2, 0, 0, 0, 0, 0, 0
[2026-05-15 08:04:02.405]<DEBUG> [TCP]TCP 0x0A06 parsed, updated 7-byte decision suffix.
[2026-05-15 08:04:02.405]<DEBUG> [TCP]New decision suffix: 2, 0, 0, 0, 0, 0, 0
[2026-05-15 08:04:02.501]<DEBUG> [TCP]TCP 0x0A06 parsed, updated 7-byte decision suffix.
[2026-05-15 08:04:02.501]<DEBUG> [TCP]New decision suffix: 2, 0, 0, 0, 0, 0, 0
[2026-05-15 08:04:02.601]<DEBUG> [TCP]TCP 0x0A06 parsed, updated 7-byte decision suffix.
[2026-05-15 08:04:02.602]<DEBUG> [TCP]New decision suffix: 2, 0, 0, 0, 0, 0, 0
[2026-05-15 08:04:02.707]<DEBUG> [TCP]TCP 0x0A06 parsed, updated 7-byte decision suffix.
[2026-05-15 08:04:02.707]<DEBUG> [TCP]New decision suffix: 2, 0, 0, 0, 0, 0, 0
[2026-05-15 08:04:02.804]<DEBUG> [TCP]TCP 0x0A06 parsed, updated 7-byte decision suffix.
[2026-05-15 08:04:02.804]<DEBUG> [TCP]New decision suffix: 2, 0, 0, 0, 0, 0, 0
[2026-05-15 08:04:02.901]<DEBUG> [TCP]TCP 0x0A06 parsed, updated 7-byte decision suffix.
[2026-05-15 08:04:02.901]<DEBUG> [TCP]New decision suffix: 2, 0, 0, 0, 0, 0, 0
[2026-05-15 08:04:03.003]<DEBUG> [TCP]TCP 0x0A06 parsed, updated 7-byte decision suffix.
[2026-05-15 08:04:03.004]<DEBUG> [TCP]New decision suffix: 2, 0, 0, 0, 0, 0, 0
[2026-05-15 08:04:03.105]<DEBUG> [TCP]TCP 0x0A06 parsed, updated 7-byte decision suffix.
[2026-05-15 08:04:03.105]<DEBUG> [TCP]New decision suffix: 2, 0, 0, 0, 0, 0, 0
[2026-05-15 08:04:03.207]<DEBUG> [TCP]TCP 0x0A06 parsed, updated 7-byte decision suffix.
[2026-05-15 08:04:03.208]<DEBUG> [TCP]New decision suffix: 2, 0, 0, 0, 0, 0, 0
[2026-05-15 08:04:03.305]<DEBUG> [TCP]TCP 0x0A06 parsed, updated 7-byte decision suffix.
[2026-05-15 08:04:03.305]<DEBUG> [TCP]New decision suffix: 2, 0, 0, 0, 0, 0, 0
[2026-05-15 08:04:03.410]<DEBUG> [TCP]TCP 0x0A06 parsed, updated 7-byte decision suffix.
[2026-05-15 08:04:03.410]<DEBUG> [TCP]New decision suffix: 2, 0, 0, 0, 0, 0, 0
[2026-05-15 08:04:03.504]<DEBUG> [TCP]TCP 0x0A06 parsed, updated 7-byte decision suffix.
[2026-05-15 08:04:03.504]<DEBUG> [TCP]New decision suffix: 2, 0, 0, 0, 0, 0, 0
[2026-05-15 08:04:03.609]<DEBUG> [TCP]TCP 0x0A06 parsed, updated 7-byte decision suffix.
[2026-05-15 08:04:03.609]<DEBUG> [TCP]New decision suffix: 2, 0, 0, 0, 0, 0, 0
[2026-05-15 08:04:03.709]<DEBUG> [TCP]TCP 0x0A06 parsed, updated 7-byte decision suffix.
[2026-05-15 08:04:03.709]<DEBUG> [TCP]New decision suffix: 2, 0, 0, 0, 0, 0, 0
[2026-05-15 08:04:03.815]<DEBUG> [TCP]TCP 0x0A06 parsed, updated 7-byte decision suffix.
[2026-05-15 08:04:03.815]<DEBUG> [TCP]New decision suffix: 2, 0, 0, 0, 0, 0, 0
[2026-05-15 08:04:03.902]<DEBUG> [TCP]TCP 0x0A06 parsed, updated 7-byte decision suffix.
[2026-05-15 08:04:03.903]<DEBUG> [TCP]New decision suffix: 2, 0, 0, 0, 0, 0, 0
[2026-05-15 08:04:04.004]<DEBUG> [TCP]TCP 0x0A06 parsed, updated 7-byte decision suffix.
[2026-05-15 08:04:04.004]<DEBUG> [TCP]New decision suffix: 2, 0, 0, 0, 0, 0, 0
[2026-05-15 08:04:04.106]<DEBUG> [TCP]TCP 0x0A06 parsed, updated 7-byte decision suffix.
[2026-05-15 08:04:04.106]<DEBUG> [TCP]New decision suffix: 2, 0, 0, 0, 0, 0, 0
[2026-05-15 08:04:04.205]<DEBUG> [TCP]TCP 0x0A06 parsed, updated 7-byte decision suffix.
[2026-05-15 08:04:04.205]<DEBUG> [TCP]New decision suffix: 2, 0, 0, 0, 0, 0, 0
[2026-05-15 08:04:04.305]<DEBUG> [TCP]TCP 0x0A06 parsed, updated 7-byte decision suffix.
[2026-05-15 08:04:04.305]<DEBUG> [TCP]New decision suffix: 2, 0, 0, 0, 0, 0, 0
[2026-05-15 08:04:04.409]<DEBUG> [TCP]TCP 0x0A06 parsed, updated 7-byte decision suffix.
[2026-05-15 08:04:04.410]<DEBUG> [TCP]New decision suffix: 2, 0, 0, 0, 0, 0, 0
[2026-05-15 08:04:04.510]<DEBUG> [TCP]TCP 0x0A06 parsed, updated 7-byte decision suffix.
[2026-05-15 08:04:04.510]<DEBUG> [TCP]New decision suffix: 2, 0, 0, 0, 0, 0, 0
[2026-05-15 08:04:04.606]<DEBUG> [TCP]TCP 0x0A06 parsed, updated 7-byte decision suffix.
[2026-05-15 08:04:04.606]<DEBUG> [TCP]New decision suffix: 2, 0, 0, 0, 0, 0, 0
