--- Log File Created: 2026-05-16 10:50:51.172 ---
[2026-05-16 10:50:51.358]<DEBUG> [WebCameraHandler]Starting...
[2026-05-16 10:50:51.360]<DEBUG> [TCP]TCP receiver client starting, target 127.0.0.1:1400
[2026-05-16 10:50:51.360]<DEBUG> [TCP]TCP sender server listening at 0.0.0.0:1500
[2026-05-16 10:50:51.360]<DEBUG> [Detector]Robot Inferencer initializing...
[2026-05-16 10:50:51.360]<WARNING> [TCP]TCP receiver connect warning: Connection refused
[2026-05-16 10:50:51.360]<DEBUG> [Yolov8Inferencer]Model loaded: car_v8n
[2026-05-16 10:50:51.361]<DEBUG> [Yolov8Inferencer]Model class count: 1
[2026-05-16 10:50:51.361]<DEBUG> [Yolov8Inferencer]Model loaded: armor_v8n
[2026-05-16 10:50:51.361]<DEBUG> [Yolov8Inferencer]Model class count: 12
[2026-05-16 10:50:51.361]<DEBUG> [Yolov8Inferencer]Model loaded: armor_v8n
[2026-05-16 10:50:51.361]<DEBUG> [Yolov8Inferencer]Model class count: 12
[2026-05-16 10:50:51.361]<DEBUG> [Yolov8Inferencer]Model loaded: armor_v8n
[2026-05-16 10:50:51.361]<DEBUG> [Yolov8Inferencer]Model class count: 12
[2026-05-16 10:50:51.361]<DEBUG> [Yolov8Inferencer]Model loaded: armor_v8n
[2026-05-16 10:50:51.361]<DEBUG> [Yolov8Inferencer]Model class count: 12
[2026-05-16 10:50:51.361]<DEBUG> [Yolov8Inferencer]Model loaded: armor_v8n
[2026-05-16 10:50:51.361]<DEBUG> [Yolov8Inferencer]Model class count: 12
[2026-05-16 10:50:51.361]<DEBUG> [Yolov8Inferencer]Model loaded: armor_v8n
[2026-05-16 10:50:51.362]<DEBUG> [Yolov8Inferencer]Model class count: 12
[2026-05-16 10:50:51.362]<DEBUG> [Yolov8Inferencer]Model loaded: armor_v8n
[2026-05-16 10:50:51.362]<DEBUG> [Yolov8Inferencer]Model class count: 12
[2026-05-16 10:50:51.362]<DEBUG> [Yolov8Inferencer]Model loaded: armor_v8n
[2026-05-16 10:50:51.362]<DEBUG> [Yolov8Inferencer]Model class count: 12
[2026-05-16 10:50:51.362]<DEBUG> [Yolov8Inferencer]Model loaded: armor_v8n
[2026-05-16 10:50:51.362]<DEBUG> [Yolov8Inferencer]Model class count: 12
[2026-05-16 10:50:51.362]<DEBUG> [Yolov8Inferencer]Model loaded: armor_v8n
[2026-05-16 10:50:51.362]<DEBUG> [Yolov8Inferencer]Model class count: 12
[2026-05-16 10:50:51.362]<DEBUG> [Yolov8Inferencer]Model loaded: armor_v8n
[2026-05-16 10:50:51.362]<DEBUG> [Yolov8Inferencer]Model class count: 12
[2026-05-16 10:50:51.362]<DEBUG> [Yolov8Inferencer]Model loaded: armor_v8n
[2026-05-16 10:50:51.362]<DEBUG> [Yolov8Inferencer]Model class count: 12
[2026-05-16 10:50:51.362]<DEBUG> [Detector]initialized.
[2026-05-16 10:50:52.237]<WARNING> [TCP]TCP receiver connect warning: Connection refused
[2026-05-16 10:50:53.182]<WARNING> [TCP]TCP receiver connect warning: Connection refused
[2026-05-16 10:50:54.183]<WARNING> [TCP]TCP receiver connect warning: Connection refused
[2026-05-16 10:50:55.183]<WARNING> [TCP]TCP receiver connect warning: Connection refused
[2026-05-16 10:50:56.181]<WARNING> [TCP]TCP receiver connect warning: Connection refused
[2026-05-16 10:50:57.185]<WARNING> [TCP]TCP receiver connect warning: Connection refused
[2026-05-16 10:50:58.184]<WARNING> [TCP]TCP receiver connect warning: Connection refused
[2026-05-16 10:50:59.188]<WARNING> [TCP]TCP receiver connect warning: Connection refused
[2026-05-16 10:51:00.187]<WARNING> [TCP]TCP receiver connect warning: Connection refused
[2026-05-16 10:51:01.186]<WARNING> [TCP]TCP receiver connect warning: Connection refused
[2026-05-16 10:51:02.188]<WARNING> [TCP]TCP receiver connect warning: Connection refused
[2026-05-16 10:51:03.186]<WARNING> [TCP]TCP receiver connect warning: Connection refused
[2026-05-16 10:51:04.188]<WARNING> [TCP]TCP receiver connect warning: Connection refused
[2026-05-16 10:51:05.189]<WARNING> [TCP]TCP receiver connect warning: Connection refused
[2026-05-16 10:51:06.188]<WARNING> [TCP]TCP receiver connect warning: Connection refused
[2026-05-16 10:51:07.183]<WARNING> [TCP]TCP receiver connect warning: Connection refused
[2026-05-16 10:51:08.189]<WARNING> [TCP]TCP receiver connect warning: Connection refused
[2026-05-16 10:51:09.187]<WARNING> [TCP]TCP receiver connect warning: Connection refused
[2026-05-16 10:51:10.183]<WARNING> [TCP]TCP receiver connect warning: Connection refused
[2026-05-16 10:51:11.190]<WARNING> [TCP]TCP receiver connect warning: Connection refused
[2026-05-16 10:51:12.188]<WARNING> [TCP]TCP receiver connect warning: Connection refused
[2026-05-16 10:51:13.189]<WARNING> [TCP]TCP receiver connect warning: Connection refused
[2026-05-16 10:51:14.187]<WARNING> [TCP]TCP receiver connect warning: Connection refused
[2026-05-16 10:51:15.191]<WARNING> [TCP]TCP receiver connect warning: Connection refused
[2026-05-16 10:51:16.191]<WARNING> [TCP]TCP receiver connect warning: Connection refused
[2026-05-16 10:51:17.189]<WARNING> [TCP]TCP receiver connect warning: Connection refused
[2026-05-16 10:51:18.189]<WARNING> [TCP]TCP receiver connect warning: Connection refused
[2026-05-16 10:51:19.190]<WARNING> [TCP]TCP receiver connect warning: Connection refused
[2026-05-16 10:51:20.189]<WARNING> [TCP]TCP receiver connect warning: Connection refused
[2026-05-16 10:51:21.187]<WARNING> [TCP]TCP receiver connect warning: Connection refused
[2026-05-16 10:51:22.187]<WARNING> [TCP]TCP receiver connect warning: Connection refused
[2026-05-16 10:51:23.192]<WARNING> [TCP]TCP receiver connect warning: Connection refused
[2026-05-16 10:51:24.189]<WARNING> [TCP]TCP receiver connect warning: Connection refused
[2026-05-16 10:51:25.188]<WARNING> [TCP]TCP receiver connect warning: Connection refused
[2026-05-16 10:51:26.193]<WARNING> [TCP]TCP receiver connect warning: Connection refused
[2026-05-16 10:51:27.190]<WARNING> [TCP]TCP receiver connect warning: Connection refused
[2026-05-16 10:51:28.188]<WARNING> [TCP]TCP receiver connect warning: Connection refused
[2026-05-16 10:51:29.195]<WARNING> [TCP]TCP receiver connect warning: Connection refused
[2026-05-16 10:51:30.192]<WARNING> [TCP]TCP receiver connect warning: Connection refused
[2026-05-16 10:51:31.196]<WARNING> [TCP]TCP receiver connect warning: Connection refused
[2026-05-16 10:51:32.192]<WARNING> [TCP]TCP receiver connect warning: Connection refused
[2026-05-16 10:51:33.194]<WARNING> [TCP]TCP receiver connect warning: Connection refused
[2026-05-16 10:51:34.193]<WARNING> [TCP]TCP receiver connect warning: Connection refused
[2026-05-16 10:51:35.194]<WARNING> [TCP]TCP receiver connect warning: Connection refused
[2026-05-16 10:51:36.191]<WARNING> [TCP]TCP receiver connect warning: Connection refused
[2026-05-16 10:51:37.202]<WARNING> [TCP]TCP receiver connect warning: Connection refused
[2026-05-16 10:51:38.195]<WARNING> [TCP]TCP receiver connect warning: Connection refused
[2026-05-16 10:51:39.197]<WARNING> [TCP]TCP receiver connect warning: Connection refused
[2026-05-16 10:51:40.197]<WARNING> [TCP]TCP receiver connect warning: Connection refused
[2026-05-16 10:51:41.197]<WARNING> [TCP]TCP receiver connect warning: Connection refused
[2026-05-16 10:51:42.194]<WARNING> [TCP]TCP receiver connect warning: Connection refused
[2026-05-16 10:51:43.192]<WARNING> [TCP]TCP receiver connect warning: Connection refused
[2026-05-16 10:51:44.198]<WARNING> [TCP]TCP receiver connect warning: Connection refused
[2026-05-16 10:51:45.197]<WARNING> [TCP]TCP receiver connect warning: Connection refused
[2026-05-16 10:51:46.198]<WARNING> [TCP]TCP receiver connect warning: Connection refused
[2026-05-16 10:51:47.193]<WARNING> [TCP]TCP receiver connect warning: Connection refused
[2026-05-16 10:51:48.198]<WARNING> [TCP]TCP receiver connect warning: Connection refused
[2026-05-16 10:51:49.193]<WARNING> [TCP]TCP receiver connect warning: Connection refused
[2026-05-16 10:51:50.200]<WARNING> [TCP]TCP receiver connect warning: Connection refused
[2026-05-16 10:51:51.197]<WARNING> [TCP]TCP receiver connect warning: Connection refused
[2026-05-16 10:51:52.197]<WARNING> [TCP]TCP receiver connect warning: Connection refused
[2026-05-16 10:51:53.202]<WARNING> [TCP]TCP receiver connect warning: Connection refused
[2026-05-16 10:51:54.198]<WARNING> [TCP]TCP receiver connect warning: Connection refused
[2026-05-16 10:51:55.195]<WARNING> [TCP]TCP receiver connect warning: Connection refused
[2026-05-16 10:51:56.197]<WARNING> [TCP]TCP receiver connect warning: Connection refused
[2026-05-16 10:51:57.199]<WARNING> [TCP]TCP receiver connect warning: Connection refused
[2026-05-16 10:51:58.200]<WARNING> [TCP]TCP receiver connect warning: Connection refused
[2026-05-16 10:51:59.195]<WARNING> [TCP]TCP receiver connect warning: Connection refused
[2026-05-16 10:52:00.208]<WARNING> [TCP]TCP receiver connect warning: Connection refused
[2026-05-16 10:52:01.201]<WARNING> [TCP]TCP receiver connect warning: Connection refused
[2026-05-16 10:52:02.201]<WARNING> [TCP]TCP receiver connect warning: Connection refused
[2026-05-16 10:52:03.201]<WARNING> [TCP]TCP receiver connect warning: Connection refused
[2026-05-16 10:52:04.202]<WARNING> [TCP]TCP receiver connect warning: Connection refused
[2026-05-16 10:52:05.199]<WARNING> [TCP]TCP receiver connect warning: Connection refused
[2026-05-16 10:52:06.198]<WARNING> [TCP]TCP receiver connect warning: Connection refused
[2026-05-16 10:52:07.199]<WARNING> [TCP]TCP receiver connect warning: Connection refused
[2026-05-16 10:52:08.198]<WARNING> [TCP]TCP receiver connect warning: Connection refused
[2026-05-16 10:52:09.198]<WARNING> [TCP]TCP receiver connect warning: Connection refused
[2026-05-16 10:52:10.202]<WARNING> [TCP]TCP receiver connect warning: Connection refused
[2026-05-16 10:52:11.198]<WARNING> [TCP]TCP receiver connect warning: Connection refused
[2026-05-16 10:52:12.207]<WARNING> [TCP]TCP receiver connect warning: Connection refused
[2026-05-16 10:52:13.203]<WARNING> [TCP]TCP receiver connect warning: Connection refused
[2026-05-16 10:52:14.203]<WARNING> [TCP]TCP receiver connect warning: Connection refused
[2026-05-16 10:52:15.201]<WARNING> [TCP]TCP receiver connect warning: Connection refused
[2026-05-16 10:52:16.201]<WARNING> [TCP]TCP receiver connect warning: Connection refused
[2026-05-16 10:52:17.205]<WARNING> [TCP]TCP receiver connect warning: Connection refused
[2026-05-16 10:52:18.208]<WARNING> [TCP]TCP receiver connect warning: Connection refused
[2026-05-16 10:52:19.207]<WARNING> [TCP]TCP receiver connect warning: Connection refused
[2026-05-16 10:52:20.201]<WARNING> [TCP]TCP receiver connect warning: Connection refused
[2026-05-16 10:52:21.200]<WARNING> [TCP]TCP receiver connect warning: Connection refused
[2026-05-16 10:52:22.204]<WARNING> [TCP]TCP receiver connect warning: Connection refused
[2026-05-16 10:52:23.203]<WARNING> [TCP]TCP receiver connect warning: Connection refused
[2026-05-16 10:52:24.206]<WARNING> [TCP]TCP receiver connect warning: Connection refused
[2026-05-16 10:52:25.201]<WARNING> [TCP]TCP receiver connect warning: Connection refused
[2026-05-16 10:52:26.209]<WARNING> [TCP]TCP receiver connect warning: Connection refused
[2026-05-16 10:52:27.210]<WARNING> [TCP]TCP receiver connect warning: Connection refused
[2026-05-16 10:52:28.207]<WARNING> [TCP]TCP receiver connect warning: Connection refused
[2026-05-16 10:52:29.205]<WARNING> [TCP]TCP receiver connect warning: Connection refused
[2026-05-16 10:52:30.209]<WARNING> [TCP]TCP receiver connect warning: Connection refused
[2026-05-16 10:52:31.209]<WARNING> [TCP]TCP receiver connect warning: Connection refused
[2026-05-16 10:52:32.207]<WARNING> [TCP]TCP receiver connect warning: Connection refused
[2026-05-16 10:52:33.213]<WARNING> [TCP]TCP receiver connect warning: Connection refused
[2026-05-16 10:52:34.210]<WARNING> [TCP]TCP receiver connect warning: Connection refused
[2026-05-16 10:52:35.207]<WARNING> [TCP]TCP receiver connect warning: Connection refused
[2026-05-16 10:52:36.204]<WARNING> [TCP]TCP receiver connect warning: Connection refused
[2026-05-16 10:52:37.208]<WARNING> [TCP]TCP receiver connect warning: Connection refused
[2026-05-16 10:52:38.207]<WARNING> [TCP]TCP receiver connect warning: Connection refused
[2026-05-16 10:52:39.210]<WARNING> [TCP]TCP receiver connect warning: Connection refused
[2026-05-16 10:52:40.207]<WARNING> [TCP]TCP receiver connect warning: Connection refused
[2026-05-16 10:52:41.207]<WARNING> [TCP]TCP receiver connect warning: Connection refused
[2026-05-16 10:52:42.208]<WARNING> [TCP]TCP receiver connect warning: Connection refused
[2026-05-16 10:52:43.209]<WARNING> [TCP]TCP receiver connect warning: Connection refused
[2026-05-16 10:52:44.210]<WARNING> [TCP]TCP receiver connect warning: Connection refused
[2026-05-16 10:52:45.210]<WARNING> [TCP]TCP receiver connect warning: Connection refused
[2026-05-16 10:52:46.211]<WARNING> [TCP]TCP receiver connect warning: Connection refused
[2026-05-16 10:52:47.209]<WARNING> [TCP]TCP receiver connect warning: Connection refused
[2026-05-16 10:52:48.207]<WARNING> [TCP]TCP receiver connect warning: Connection refused
[2026-05-16 10:52:49.209]<WARNING> [TCP]TCP receiver connect warning: Connection refused
[2026-05-16 10:52:50.209]<WARNING> [TCP]TCP receiver connect warning: Connection refused
[2026-05-16 10:52:51.215]<WARNING> [TCP]TCP receiver connect warning: Connection refused
[2026-05-16 10:52:52.212]<WARNING> [TCP]TCP receiver connect warning: Connection refused
[2026-05-16 10:52:53.217]<WARNING> [TCP]TCP receiver connect warning: Connection refused
[2026-05-16 10:52:54.208]<WARNING> [TCP]TCP receiver connect warning: Connection refused
[2026-05-16 10:52:55.215]<WARNING> [TCP]TCP receiver connect warning: Connection refused
[2026-05-16 10:52:56.217]<WARNING> [TCP]TCP receiver connect warning: Connection refused
[2026-05-16 10:52:57.215]<WARNING> [TCP]TCP receiver connect warning: Connection refused
[2026-05-16 10:52:58.216]<WARNING> [TCP]TCP receiver connect warning: Connection refused
[2026-05-16 10:52:59.210]<WARNING> [TCP]TCP receiver connect warning: Connection refused
[2026-05-16 10:53:00.217]<WARNING> [TCP]TCP receiver connect warning: Connection refused
[2026-05-16 10:53:01.217]<WARNING> [TCP]TCP receiver connect warning: Connection refused
[2026-05-16 10:53:02.216]<WARNING> [TCP]TCP receiver connect warning: Connection refused
[2026-05-16 10:53:03.210]<WARNING> [TCP]TCP receiver connect warning: Connection refused
[2026-05-16 10:53:04.215]<WARNING> [TCP]TCP receiver connect warning: Connection refused
[2026-05-16 10:53:05.218]<WARNING> [TCP]TCP receiver connect warning: Connection refused
[2026-05-16 10:53:06.217]<WARNING> [TCP]TCP receiver connect warning: Connection refused
[2026-05-16 10:53:07.212]<WARNING> [TCP]TCP receiver connect warning: Connection refused
[2026-05-16 10:53:08.217]<WARNING> [TCP]TCP receiver connect warning: Connection refused
[2026-05-16 10:53:09.220]<WARNING> [TCP]TCP receiver connect warning: Connection refused
[2026-05-16 10:53:10.215]<WARNING> [TCP]TCP receiver connect warning: Connection refused
[2026-05-16 10:53:11.216]<WARNING> [TCP]TCP receiver connect warning: Connection refused
[2026-05-16 10:53:12.216]<WARNING> [TCP]TCP receiver connect warning: Connection refused
[2026-05-16 10:53:13.216]<WARNING> [TCP]TCP receiver connect warning: Connection refused
[2026-05-16 10:53:14.220]<WARNING> [TCP]TCP receiver connect warning: Connection refused
[2026-05-16 10:53:15.218]<WARNING> [TCP]TCP receiver connect warning: Connection refused
[2026-05-16 10:53:16.220]<WARNING> [TCP]TCP receiver connect warning: Connection refused
[2026-05-16 10:53:17.217]<WARNING> [TCP]TCP receiver connect warning: Connection refused
[2026-05-16 10:53:18.221]<WARNING> [TCP]TCP receiver connect warning: Connection refused
[2026-05-16 10:53:19.217]<WARNING> [TCP]TCP receiver connect warning: Connection refused
[2026-05-16 10:53:20.220]<WARNING> [TCP]TCP receiver connect warning: Connection refused
[2026-05-16 10:53:21.222]<WARNING> [TCP]TCP receiver connect warning: Connection refused
[2026-05-16 10:53:22.219]<WARNING> [TCP]TCP receiver connect warning: Connection refused
[2026-05-16 10:53:23.229]<WARNING> [TCP]TCP receiver connect warning: Connection refused
[2026-05-16 10:53:24.218]<WARNING> [TCP]TCP receiver connect warning: Connection refused
[2026-05-16 10:53:25.218]<WARNING> [TCP]TCP receiver connect warning: Connection refused
[2026-05-16 10:53:26.217]<WARNING> [TCP]TCP receiver connect warning: Connection refused
[2026-05-16 10:53:27.225]<WARNING> [TCP]TCP receiver connect warning: Connection refused
[2026-05-16 10:53:28.220]<WARNING> [TCP]TCP receiver connect warning: Connection refused
[2026-05-16 10:53:29.227]<WARNING> [TCP]TCP receiver connect warning: Connection refused
[2026-05-16 10:53:30.224]<WARNING> [TCP]TCP receiver connect warning: Connection refused
[2026-05-16 10:53:31.219]<WARNING> [TCP]TCP receiver connect warning: Connection refused
[2026-05-16 10:53:32.220]<WARNING> [TCP]TCP receiver connect warning: Connection refused
[2026-05-16 10:53:33.221]<WARNING> [TCP]TCP receiver connect warning: Connection refused
[2026-05-16 10:53:34.222]<WARNING> [TCP]TCP receiver connect warning: Connection refused
[2026-05-16 10:53:35.220]<WARNING> [TCP]TCP receiver connect warning: Connection refused
[2026-05-16 10:53:36.225]<WARNING> [TCP]TCP receiver connect warning: Connection refused
[2026-05-16 10:53:37.224]<WARNING> [TCP]TCP receiver connect warning: Connection refused
[2026-05-16 10:53:38.225]<WARNING> [TCP]TCP receiver connect warning: Connection refused
[2026-05-16 10:53:39.221]<WARNING> [TCP]TCP receiver connect warning: Connection refused
[2026-05-16 10:53:40.220]<WARNING> [TCP]TCP receiver connect warning: Connection refused
[2026-05-16 10:53:41.226]<WARNING> [TCP]TCP receiver connect warning: Connection refused
[2026-05-16 10:53:42.226]<WARNING> [TCP]TCP receiver connect warning: Connection refused
[2026-05-16 10:53:43.227]<WARNING> [TCP]TCP receiver connect warning: Connection refused
[2026-05-16 10:53:44.227]<WARNING> [TCP]TCP receiver connect warning: Connection refused
[2026-05-16 10:53:45.221]<WARNING> [TCP]TCP receiver connect warning: Connection refused
[2026-05-16 10:53:46.225]<WARNING> [TCP]TCP receiver connect warning: Connection refused
[2026-05-16 10:53:47.223]<WARNING> [TCP]TCP receiver connect warning: Connection refused
[2026-05-16 10:53:48.225]<WARNING> [TCP]TCP receiver connect warning: Connection refused
[2026-05-16 10:53:49.228]<WARNING> [TCP]TCP receiver connect warning: Connection refused
[2026-05-16 10:53:50.224]<WARNING> [TCP]TCP receiver connect warning: Connection refused
[2026-05-16 10:53:51.224]<WARNING> [TCP]TCP receiver connect warning: Connection refused
[2026-05-16 10:53:52.223]<WARNING> [TCP]TCP receiver connect warning: Connection refused
[2026-05-16 10:53:53.226]<WARNING> [TCP]TCP receiver connect warning: Connection refused
[2026-05-16 10:53:54.230]<WARNING> [TCP]TCP receiver connect warning: Connection refused
[2026-05-16 10:53:55.224]<WARNING> [TCP]TCP receiver connect warning: Connection refused
[2026-05-16 10:53:56.226]<WARNING> [TCP]TCP receiver connect warning: Connection refused
[2026-05-16 10:53:57.227]<WARNING> [TCP]TCP receiver connect warning: Connection refused
[2026-05-16 10:53:58.227]<WARNING> [TCP]TCP receiver connect warning: Connection refused
[2026-05-16 10:53:59.229]<WARNING> [TCP]TCP receiver connect warning: Connection refused
[2026-05-16 10:54:00.228]<WARNING> [TCP]TCP receiver connect warning: Connection refused
[2026-05-16 10:54:01.228]<WARNING> [TCP]TCP receiver connect warning: Connection refused
[2026-05-16 10:54:02.227]<WARNING> [TCP]TCP receiver connect warning: Connection refused
[2026-05-16 10:54:03.227]<WARNING> [TCP]TCP receiver connect warning: Connection refused
[2026-05-16 10:54:04.226]<WARNING> [TCP]TCP receiver connect warning: Connection refused
[2026-05-16 10:54:05.228]<WARNING> [TCP]TCP receiver connect warning: Connection refused
[2026-05-16 10:54:06.233]<WARNING> [TCP]TCP receiver connect warning: Connection refused
[2026-05-16 10:54:07.233]<WARNING> [TCP]TCP receiver connect warning: Connection refused
[2026-05-16 10:54:08.231]<WARNING> [TCP]TCP receiver connect warning: Connection refused
[2026-05-16 10:54:09.229]<WARNING> [TCP]TCP receiver connect warning: Connection refused
[2026-05-16 10:54:10.230]<WARNING> [TCP]TCP receiver connect warning: Connection refused
[2026-05-16 10:54:11.233]<WARNING> [TCP]TCP receiver connect warning: Connection refused
[2026-05-16 10:54:12.232]<WARNING> [TCP]TCP receiver connect warning: Connection refused
[2026-05-16 10:54:13.230]<WARNING> [TCP]TCP receiver connect warning: Connection refused
[2026-05-16 10:54:14.231]<WARNING> [TCP]TCP receiver connect warning: Connection refused
[2026-05-16 10:54:15.229]<WARNING> [TCP]TCP receiver connect warning: Connection refused
[2026-05-16 10:54:16.238]<WARNING> [TCP]TCP receiver connect warning: Connection refused
[2026-05-16 10:54:17.232]<WARNING> [TCP]TCP receiver connect warning: Connection refused
[2026-05-16 10:54:18.232]<WARNING> [TCP]TCP receiver connect warning: Connection refused
[2026-05-16 10:54:19.232]<WARNING> [TCP]TCP receiver connect warning: Connection refused
[2026-05-16 10:54:20.231]<WARNING> [TCP]TCP receiver connect warning: Connection refused
[2026-05-16 10:54:21.236]<WARNING> [TCP]TCP receiver connect warning: Connection refused
[2026-05-16 10:54:22.232]<WARNING> [TCP]TCP receiver connect warning: Connection refused
[2026-05-16 10:54:23.234]<WARNING> [TCP]TCP receiver connect warning: Connection refused
[2026-05-16 10:54:24.236]<WARNING> [TCP]TCP receiver connect warning: Connection refused
[2026-05-16 10:54:25.236]<WARNING> [TCP]TCP receiver connect warning: Connection refused
[2026-05-16 10:54:26.231]<WARNING> [TCP]TCP receiver connect warning: Connection refused
[2026-05-16 10:54:27.232]<WARNING> [TCP]TCP receiver connect warning: Connection refused
[2026-05-16 10:54:28.234]<WARNING> [TCP]TCP receiver connect warning: Connection refused
[2026-05-16 10:54:29.232]<WARNING> [TCP]TCP receiver connect warning: Connection refused
[2026-05-16 10:54:30.238]<WARNING> [TCP]TCP receiver connect warning: Connection refused
[2026-05-16 10:54:31.238]<WARNING> [TCP]TCP receiver connect warning: Connection refused
[2026-05-16 10:54:32.237]<WARNING> [TCP]TCP receiver connect warning: Connection refused
[2026-05-16 10:54:33.235]<WARNING> [TCP]TCP receiver connect warning: Connection refused
[2026-05-16 10:54:34.235]<WARNING> [TCP]TCP receiver connect warning: Connection refused
[2026-05-16 10:54:35.238]<WARNING> [TCP]TCP receiver connect warning: Connection refused
[2026-05-16 10:54:36.235]<WARNING> [TCP]TCP receiver connect warning: Connection refused
[2026-05-16 10:54:37.238]<WARNING> [TCP]TCP receiver connect warning: Connection refused
[2026-05-16 10:54:38.235]<WARNING> [TCP]TCP receiver connect warning: Connection refused
[2026-05-16 10:54:39.233]<WARNING> [TCP]TCP receiver connect warning: Connection refused
[2026-05-16 10:54:40.234]<WARNING> [TCP]TCP receiver connect warning: Connection refused
[2026-05-16 10:54:41.239]<WARNING> [TCP]TCP receiver connect warning: Connection refused
[2026-05-16 10:54:42.239]<WARNING> [TCP]TCP receiver connect warning: Connection refused
[2026-05-16 10:54:43.236]<WARNING> [TCP]TCP receiver connect warning: Connection refused
[2026-05-16 10:54:44.236]<WARNING> [TCP]TCP receiver connect warning: Connection refused
[2026-05-16 10:54:45.234]<WARNING> [TCP]TCP receiver connect warning: Connection refused
[2026-05-16 10:54:46.241]<WARNING> [TCP]TCP receiver connect warning: Connection refused
[2026-05-16 10:54:47.235]<WARNING> [TCP]TCP receiver connect warning: Connection refused
[2026-05-16 10:54:48.236]<WARNING> [TCP]TCP receiver connect warning: Connection refused
[2026-05-16 10:54:49.237]<WARNING> [TCP]TCP receiver connect warning: Connection refused
[2026-05-16 10:54:50.238]<WARNING> [TCP]TCP receiver connect warning: Connection refused
[2026-05-16 10:54:51.240]<WARNING> [TCP]TCP receiver connect warning: Connection refused
[2026-05-16 10:54:52.241]<WARNING> [TCP]TCP receiver connect warning: Connection refused
[2026-05-16 10:54:53.241]<WARNING> [TCP]TCP receiver connect warning: Connection refused
[2026-05-16 10:54:54.237]<WARNING> [TCP]TCP receiver connect warning: Connection refused
[2026-05-16 10:54:55.238]<WARNING> [TCP]TCP receiver connect warning: Connection refused
[2026-05-16 10:54:56.239]<WARNING> [TCP]TCP receiver connect warning: Connection refused
[2026-05-16 10:54:57.241]<WARNING> [TCP]TCP receiver connect warning: Connection refused
[2026-05-16 10:54:58.243]<WARNING> [TCP]TCP receiver connect warning: Connection refused
[2026-05-16 10:54:59.239]<WARNING> [TCP]TCP receiver connect warning: Connection refused
[2026-05-16 10:55:00.244]<WARNING> [TCP]TCP receiver connect warning: Connection refused
[2026-05-16 10:55:01.243]<WARNING> [TCP]TCP receiver connect warning: Connection refused
[2026-05-16 10:55:02.241]<WARNING> [TCP]TCP receiver connect warning: Connection refused
[2026-05-16 10:55:03.243]<WARNING> [TCP]TCP receiver connect warning: Connection refused
[2026-05-16 10:55:04.242]<WARNING> [TCP]TCP receiver connect warning: Connection refused
[2026-05-16 10:55:05.240]<WARNING> [TCP]TCP receiver connect warning: Connection refused
[2026-05-16 10:55:06.241]<WARNING> [TCP]TCP receiver connect warning: Connection refused
[2026-05-16 10:55:07.245]<WARNING> [TCP]TCP receiver connect warning: Connection refused
[2026-05-16 10:55:08.243]<WARNING> [TCP]TCP receiver connect warning: Connection refused
[2026-05-16 10:55:09.245]<WARNING> [TCP]TCP receiver connect warning: Connection refused
[2026-05-16 10:55:10.245]<WARNING> [TCP]TCP receiver connect warning: Connection refused
[2026-05-16 10:55:11.242]<WARNING> [TCP]TCP receiver connect warning: Connection refused
[2026-05-16 10:55:12.243]<WARNING> [TCP]TCP receiver connect warning: Connection refused
[2026-05-16 10:55:13.242]<WARNING> [TCP]TCP receiver connect warning: Connection refused
[2026-05-16 10:55:14.245]<WARNING> [TCP]TCP receiver connect warning: Connection refused
[2026-05-16 10:55:15.241]<WARNING> [TCP]TCP receiver connect warning: Connection refused
[2026-05-16 10:55:16.248]<WARNING> [TCP]TCP receiver connect warning: Connection refused
[2026-05-16 10:55:17.247]<WARNING> [TCP]TCP receiver connect warning: Connection refused
[2026-05-16 10:55:18.247]<WARNING> [TCP]TCP receiver connect warning: Connection refused
[2026-05-16 10:55:19.246]<WARNING> [TCP]TCP receiver connect warning: Connection refused
[2026-05-16 10:55:20.242]<WARNING> [TCP]TCP receiver connect warning: Connection refused
[2026-05-16 10:55:21.244]<WARNING> [TCP]TCP receiver connect warning: Connection refused
[2026-05-16 10:55:22.244]<WARNING> [TCP]TCP receiver connect warning: Connection refused
[2026-05-16 10:55:23.245]<WARNING> [TCP]TCP receiver connect warning: Connection refused
[2026-05-16 10:55:24.244]<WARNING> [TCP]TCP receiver connect warning: Connection refused
[2026-05-16 10:55:25.248]<WARNING> [TCP]TCP receiver connect warning: Connection refused
[2026-05-16 10:55:26.250]<WARNING> [TCP]TCP receiver connect warning: Connection refused
[2026-05-16 10:55:27.245]<WARNING> [TCP]TCP receiver connect warning: Connection refused
[2026-05-16 10:55:28.249]<WARNING> [TCP]TCP receiver connect warning: Connection refused
[2026-05-16 10:55:29.248]<WARNING> [TCP]TCP receiver connect warning: Connection refused
[2026-05-16 10:55:30.249]<WARNING> [TCP]TCP receiver connect warning: Connection refused
[2026-05-16 10:55:31.248]<WARNING> [TCP]TCP receiver connect warning: Connection refused
[2026-05-16 10:55:32.246]<WARNING> [TCP]TCP receiver connect warning: Connection refused
[2026-05-16 10:55:33.249]<WARNING> [TCP]TCP receiver connect warning: Connection refused
[2026-05-16 10:55:34.249]<WARNING> [TCP]TCP receiver connect warning: Connection refused
[2026-05-16 10:55:35.252]<WARNING> [TCP]TCP receiver connect warning: Connection refused
[2026-05-16 10:55:36.247]<WARNING> [TCP]TCP receiver connect warning: Connection refused
[2026-05-16 10:55:37.248]<WARNING> [TCP]TCP receiver connect warning: Connection refused
[2026-05-16 10:55:38.247]<WARNING> [TCP]TCP receiver connect warning: Connection refused
[2026-05-16 10:55:39.252]<WARNING> [TCP]TCP receiver connect warning: Connection refused
[2026-05-16 10:55:40.251]<WARNING> [TCP]TCP receiver connect warning: Connection refused
[2026-05-16 10:55:41.253]<WARNING> [TCP]TCP receiver connect warning: Connection refused
[2026-05-16 10:55:42.253]<WARNING> [TCP]TCP receiver connect warning: Connection refused
[2026-05-16 10:55:43.249]<WARNING> [TCP]TCP receiver connect warning: Connection refused
[2026-05-16 10:55:44.251]<WARNING> [TCP]TCP receiver connect warning: Connection refused
[2026-05-16 10:55:45.254]<WARNING> [TCP]TCP receiver connect warning: Connection refused
[2026-05-16 10:55:46.253]<WARNING> [TCP]TCP receiver connect warning: Connection refused
[2026-05-16 10:55:47.253]<WARNING> [TCP]TCP receiver connect warning: Connection refused
[2026-05-16 10:55:48.250]<WARNING> [TCP]TCP receiver connect warning: Connection refused
[2026-05-16 10:55:49.254]<WARNING> [TCP]TCP receiver connect warning: Connection refused
[2026-05-16 10:55:50.251]<WARNING> [TCP]TCP receiver connect warning: Connection refused
[2026-05-16 10:55:51.255]<WARNING> [TCP]TCP receiver connect warning: Connection refused
[2026-05-16 10:55:52.256]<WARNING> [TCP]TCP receiver connect warning: Connection refused
[2026-05-16 10:55:53.255]<WARNING> [TCP]TCP receiver connect warning: Connection refused
[2026-05-16 10:55:54.253]<WARNING> [TCP]TCP receiver connect warning: Connection refused
[2026-05-16 10:55:55.255]<WARNING> [TCP]TCP receiver connect warning: Connection refused
[2026-05-16 10:55:56.256]<WARNING> [TCP]TCP receiver connect warning: Connection refused
[2026-05-16 10:55:57.256]<WARNING> [TCP]TCP receiver connect warning: Connection refused
[2026-05-16 10:55:58.254]<WARNING> [TCP]TCP receiver connect warning: Connection refused
[2026-05-16 10:55:59.257]<WARNING> [TCP]TCP receiver connect warning: Connection refused
[2026-05-16 10:56:00.256]<WARNING> [TCP]TCP receiver connect warning: Connection refused
[2026-05-16 10:56:01.257]<WARNING> [TCP]TCP receiver connect warning: Connection refused
[2026-05-16 10:56:02.254]<WARNING> [TCP]TCP receiver connect warning: Connection refused
[2026-05-16 10:56:03.254]<WARNING> [TCP]TCP receiver connect warning: Connection refused
[2026-05-16 10:56:04.253]<WARNING> [TCP]TCP receiver connect warning: Connection refused
[2026-05-16 10:56:05.254]<WARNING> [TCP]TCP receiver connect warning: Connection refused
[2026-05-16 10:56:06.260]<WARNING> [TCP]TCP receiver connect warning: Connection refused
[2026-05-16 10:56:07.257]<WARNING> [TCP]TCP receiver connect warning: Connection refused
[2026-05-16 10:56:08.254]<WARNING> [TCP]TCP receiver connect warning: Connection refused
[2026-05-16 10:56:09.255]<WARNING> [TCP]TCP receiver connect warning: Connection refused
[2026-05-16 10:56:10.256]<WARNING> [TCP]TCP receiver connect warning: Connection refused
[2026-05-16 10:56:11.259]<WARNING> [TCP]TCP receiver connect warning: Connection refused
[2026-05-16 10:56:12.261]<WARNING> [TCP]TCP receiver connect warning: Connection refused
[2026-05-16 10:56:13.256]<WARNING> [TCP]TCP receiver connect warning: Connection refused
[2026-05-16 10:56:14.256]<WARNING> [TCP]TCP receiver connect warning: Connection refused
[2026-05-16 10:56:15.259]<WARNING> [TCP]TCP receiver connect warning: Connection refused
[2026-05-16 10:56:16.257]<WARNING> [TCP]TCP receiver connect warning: Connection refused
[2026-05-16 10:56:17.257]<WARNING> [TCP]TCP receiver connect warning: Connection refused
[2026-05-16 10:56:18.262]<WARNING> [TCP]TCP receiver connect warning: Connection refused
[2026-05-16 10:56:19.261]<WARNING> [TCP]TCP receiver connect warning: Connection refused
[2026-05-16 10:56:20.262]<WARNING> [TCP]TCP receiver connect warning: Connection refused
[2026-05-16 10:56:21.262]<WARNING> [TCP]TCP receiver connect warning: Connection refused
[2026-05-16 10:56:22.257]<WARNING> [TCP]TCP receiver connect warning: Connection refused
[2026-05-16 10:56:23.259]<WARNING> [TCP]TCP receiver connect warning: Connection refused
[2026-05-16 10:56:24.263]<WARNING> [TCP]TCP receiver connect warning: Connection refused
[2026-05-16 10:56:25.262]<WARNING> [TCP]TCP receiver connect warning: Connection refused
[2026-05-16 10:56:26.258]<WARNING> [TCP]TCP receiver connect warning: Connection refused
[2026-05-16 10:56:27.265]<WARNING> [TCP]TCP receiver connect warning: Connection refused
[2026-05-16 10:56:28.263]<WARNING> [TCP]TCP receiver connect warning: Connection refused
[2026-05-16 10:56:29.260]<WARNING> [TCP]TCP receiver connect warning: Connection refused
[2026-05-16 10:56:30.261]<WARNING> [TCP]TCP receiver connect warning: Connection refused
[2026-05-16 10:56:31.265]<WARNING> [TCP]TCP receiver connect warning: Connection refused
[2026-05-16 10:56:32.263]<WARNING> [TCP]TCP receiver connect warning: Connection refused
[2026-05-16 10:56:33.266]<WARNING> [TCP]TCP receiver connect warning: Connection refused
[2026-05-16 10:56:34.264]<WARNING> [TCP]TCP receiver connect warning: Connection refused
[2026-05-16 10:56:35.263]<WARNING> [TCP]TCP receiver connect warning: Connection refused
[2026-05-16 10:56:36.265]<WARNING> [TCP]TCP receiver connect warning: Connection refused
[2026-05-16 10:56:37.262]<WARNING> [TCP]TCP receiver connect warning: Connection refused
[2026-05-16 10:56:38.267]<WARNING> [TCP]TCP receiver connect warning: Connection refused
[2026-05-16 10:56:39.261]<WARNING> [TCP]TCP receiver connect warning: Connection refused
[2026-05-16 10:56:40.262]<WARNING> [TCP]TCP receiver connect warning: Connection refused
[2026-05-16 10:56:41.262]<WARNING> [TCP]TCP receiver connect warning: Connection refused
[2026-05-16 10:56:42.262]<WARNING> [TCP]TCP receiver connect warning: Connection refused
[2026-05-16 10:56:43.265]<WARNING> [TCP]TCP receiver connect warning: Connection refused
[2026-05-16 10:56:44.268]<WARNING> [TCP]TCP receiver connect warning: Connection refused
[2026-05-16 10:56:45.265]<WARNING> [TCP]TCP receiver connect warning: Connection refused
[2026-05-16 10:56:46.264]<WARNING> [TCP]TCP receiver connect warning: Connection refused
[2026-05-16 10:56:47.267]<WARNING> [TCP]TCP receiver connect warning: Connection refused
[2026-05-16 10:56:48.269]<WARNING> [TCP]TCP receiver connect warning: Connection refused
[2026-05-16 10:56:49.268]<WARNING> [TCP]TCP receiver connect warning: Connection refused
[2026-05-16 10:56:50.267]<WARNING> [TCP]TCP receiver connect warning: Connection refused
[2026-05-16 10:56:51.266]<WARNING> [TCP]TCP receiver connect warning: Connection refused
[2026-05-16 10:56:52.265]<WARNING> [TCP]TCP receiver connect warning: Connection refused
[2026-05-16 10:56:53.270]<WARNING> [TCP]TCP receiver connect warning: Connection refused
[2026-05-16 10:56:54.270]<WARNING> [TCP]TCP receiver connect warning: Connection refused
[2026-05-16 10:56:55.266]<WARNING> [TCP]TCP receiver connect warning: Connection refused
[2026-05-16 10:56:56.267]<WARNING> [TCP]TCP receiver connect warning: Connection refused
[2026-05-16 10:56:57.268]<WARNING> [TCP]TCP receiver connect warning: Connection refused
[2026-05-16 10:56:58.271]<WARNING> [TCP]TCP receiver connect warning: Connection refused
[2026-05-16 10:56:59.271]<WARNING> [TCP]TCP receiver connect warning: Connection refused
[2026-05-16 10:57:00.272]<WARNING> [TCP]TCP receiver connect warning: Connection refused
[2026-05-16 10:57:01.273]<WARNING> [TCP]TCP receiver connect warning: Connection refused
[2026-05-16 10:57:02.270]<WARNING> [TCP]TCP receiver connect warning: Connection refused
[2026-05-16 10:57:03.270]<WARNING> [TCP]TCP receiver connect warning: Connection refused
[2026-05-16 10:57:04.270]<WARNING> [TCP]TCP receiver connect warning: Connection refused
[2026-05-16 10:57:05.272]<WARNING> [TCP]TCP receiver connect warning: Connection refused
[2026-05-16 10:57:06.273]<WARNING> [TCP]TCP receiver connect warning: Connection refused
[2026-05-16 10:57:07.271]<WARNING> [TCP]TCP receiver connect warning: Connection refused
[2026-05-16 10:57:08.268]<WARNING> [TCP]TCP receiver connect warning: Connection refused
[2026-05-16 10:57:09.270]<WARNING> [TCP]TCP receiver connect warning: Connection refused
[2026-05-16 10:57:10.268]<WARNING> [TCP]TCP receiver connect warning: Connection refused
[2026-05-16 10:57:11.274]<WARNING> [TCP]TCP receiver connect warning: Connection refused
[2026-05-16 10:57:12.273]<WARNING> [TCP]TCP receiver connect warning: Connection refused
[2026-05-16 10:57:13.273]<WARNING> [TCP]TCP receiver connect warning: Connection refused
[2026-05-16 10:57:14.274]<WARNING> [TCP]TCP receiver connect warning: Connection refused
[2026-05-16 10:57:15.272]<WARNING> [TCP]TCP receiver connect warning: Connection refused
[2026-05-16 10:57:16.274]<WARNING> [TCP]TCP receiver connect warning: Connection refused
[2026-05-16 10:57:17.275]<WARNING> [TCP]TCP receiver connect warning: Connection refused
[2026-05-16 10:57:18.271]<WARNING> [TCP]TCP receiver connect warning: Connection refused
[2026-05-16 10:57:19.274]<WARNING> [TCP]TCP receiver connect warning: Connection refused
[2026-05-16 10:57:20.273]<WARNING> [TCP]TCP receiver connect warning: Connection refused
[2026-05-16 10:57:21.277]<WARNING> [TCP]TCP receiver connect warning: Connection refused
[2026-05-16 10:57:22.271]<WARNING> [TCP]TCP receiver connect warning: Connection refused
[2026-05-16 10:57:23.272]<WARNING> [TCP]TCP receiver connect warning: Connection refused
[2026-05-16 10:57:24.276]<WARNING> [TCP]TCP receiver connect warning: Connection refused
[2026-05-16 10:57:25.273]<WARNING> [TCP]TCP receiver connect warning: Connection refused
[2026-05-16 10:57:26.273]<WARNING> [TCP]TCP receiver connect warning: Connection refused
[2026-05-16 10:57:27.273]<WARNING> [TCP]TCP receiver connect warning: Connection refused
[2026-05-16 10:57:28.279]<WARNING> [TCP]TCP receiver connect warning: Connection refused
[2026-05-16 10:57:29.279]<WARNING> [TCP]TCP receiver connect warning: Connection refused
[2026-05-16 10:57:30.279]<WARNING> [TCP]TCP receiver connect warning: Connection refused
[2026-05-16 10:57:31.275]<WARNING> [TCP]TCP receiver connect warning: Connection refused
[2026-05-16 10:57:32.277]<WARNING> [TCP]TCP receiver connect warning: Connection refused
[2026-05-16 10:57:33.280]<WARNING> [TCP]TCP receiver connect warning: Connection refused
[2026-05-16 10:57:34.279]<WARNING> [TCP]TCP receiver connect warning: Connection refused
[2026-05-16 10:57:35.277]<WARNING> [TCP]TCP receiver connect warning: Connection refused
[2026-05-16 10:57:36.275]<WARNING> [TCP]TCP receiver connect warning: Connection refused
[2026-05-16 10:57:37.277]<WARNING> [TCP]TCP receiver connect warning: Connection refused
[2026-05-16 10:57:38.278]<WARNING> [TCP]TCP receiver connect warning: Connection refused
[2026-05-16 10:57:39.280]<WARNING> [TCP]TCP receiver connect warning: Connection refused
[2026-05-16 10:57:40.277]<WARNING> [TCP]TCP receiver connect warning: Connection refused
[2026-05-16 10:57:41.276]<WARNING> [TCP]TCP receiver connect warning: Connection refused
[2026-05-16 10:57:42.279]<WARNING> [TCP]TCP receiver connect warning: Connection refused
[2026-05-16 10:57:43.276]<WARNING> [TCP]TCP receiver connect warning: Connection refused
[2026-05-16 10:57:44.281]<WARNING> [TCP]TCP receiver connect warning: Connection refused
[2026-05-16 10:57:45.279]<WARNING> [TCP]TCP receiver connect warning: Connection refused
[2026-05-16 10:57:46.282]<WARNING> [TCP]TCP receiver connect warning: Connection refused
[2026-05-16 10:57:47.282]<WARNING> [TCP]TCP receiver connect warning: Connection refused
[2026-05-16 10:57:48.277]<WARNING> [TCP]TCP receiver connect warning: Connection refused
[2026-05-16 10:57:49.283]<WARNING> [TCP]TCP receiver connect warning: Connection refused
[2026-05-16 10:57:50.284]<WARNING> [TCP]TCP receiver connect warning: Connection refused
[2026-05-16 10:57:51.279]<WARNING> [TCP]TCP receiver connect warning: Connection refused
[2026-05-16 10:57:52.285]<WARNING> [TCP]TCP receiver connect warning: Connection refused
[2026-05-16 10:57:53.279]<WARNING> [TCP]TCP receiver connect warning: Connection refused
[2026-05-16 10:57:54.280]<WARNING> [TCP]TCP receiver connect warning: Connection refused
[2026-05-16 10:57:55.281]<WARNING> [TCP]TCP receiver connect warning: Connection refused
[2026-05-16 10:57:56.282]<WARNING> [TCP]TCP receiver connect warning: Connection refused
[2026-05-16 10:57:57.284]<WARNING> [TCP]TCP receiver connect warning: Connection refused
[2026-05-16 10:57:58.281]<WARNING> [TCP]TCP receiver connect warning: Connection refused
[2026-05-16 10:57:59.286]<WARNING> [TCP]TCP receiver connect warning: Connection refused
[2026-05-16 10:58:00.283]<WARNING> [TCP]TCP receiver connect warning: Connection refused
[2026-05-16 10:58:01.285]<WARNING> [TCP]TCP receiver connect warning: Connection refused
[2026-05-16 10:58:02.282]<WARNING> [TCP]TCP receiver connect warning: Connection refused
[2026-05-16 10:58:03.283]<WARNING> [TCP]TCP receiver connect warning: Connection refused
[2026-05-16 10:58:04.283]<WARNING> [TCP]TCP receiver connect warning: Connection refused
[2026-05-16 10:58:05.286]<WARNING> [TCP]TCP receiver connect warning: Connection refused
[2026-05-16 10:58:06.282]<WARNING> [TCP]TCP receiver connect warning: Connection refused
[2026-05-16 10:58:07.286]<WARNING> [TCP]TCP receiver connect warning: Connection refused
[2026-05-16 10:58:08.287]<WARNING> [TCP]TCP receiver connect warning: Connection refused
[2026-05-16 10:58:09.287]<WARNING> [TCP]TCP receiver connect warning: Connection refused
[2026-05-16 10:58:10.285]<WARNING> [TCP]TCP receiver connect warning: Connection refused
[2026-05-16 10:58:11.289]<WARNING> [TCP]TCP receiver connect warning: Connection refused
[2026-05-16 10:58:12.289]<WARNING> [TCP]TCP receiver connect warning: Connection refused
[2026-05-16 10:58:13.283]<WARNING> [TCP]TCP receiver connect warning: Connection refused
[2026-05-16 10:58:14.285]<WARNING> [TCP]TCP receiver connect warning: Connection refused
[2026-05-16 10:58:15.287]<WARNING> [TCP]TCP receiver connect warning: Connection refused
[2026-05-16 10:58:16.284]<WARNING> [TCP]TCP receiver connect warning: Connection refused
[2026-05-16 10:58:17.290]<WARNING> [TCP]TCP receiver connect warning: Connection refused
[2026-05-16 10:58:18.285]<WARNING> [TCP]TCP receiver connect warning: Connection refused
[2026-05-16 10:58:19.286]<WARNING> [TCP]TCP receiver connect warning: Connection refused
[2026-05-16 10:58:20.288]<WARNING> [TCP]TCP receiver connect warning: Connection refused
[2026-05-16 10:58:21.289]<WARNING> [TCP]TCP receiver connect warning: Connection refused
[2026-05-16 10:58:22.287]<WARNING> [TCP]TCP receiver connect warning: Connection refused
[2026-05-16 10:58:23.288]<WARNING> [TCP]TCP receiver connect warning: Connection refused
[2026-05-16 10:58:24.290]<WARNING> [TCP]TCP receiver connect warning: Connection refused
[2026-05-16 10:58:25.290]<WARNING> [TCP]TCP receiver connect warning: Connection refused
[2026-05-16 10:58:26.286]<WARNING> [TCP]TCP receiver connect warning: Connection refused
[2026-05-16 10:58:27.287]<WARNING> [TCP]TCP receiver connect warning: Connection refused
[2026-05-16 10:58:28.292]<WARNING> [TCP]TCP receiver connect warning: Connection refused
[2026-05-16 10:58:29.287]<WARNING> [TCP]TCP receiver connect warning: Connection refused
[2026-05-16 10:58:30.289]<WARNING> [TCP]TCP receiver connect warning: Connection refused
[2026-05-16 10:58:31.291]<WARNING> [TCP]TCP receiver connect warning: Connection refused
[2026-05-16 10:58:32.291]<WARNING> [TCP]TCP receiver connect warning: Connection refused
[2026-05-16 10:58:33.293]<WARNING> [TCP]TCP receiver connect warning: Connection refused
[2026-05-16 10:58:34.287]<WARNING> [TCP]TCP receiver connect warning: Connection refused
[2026-05-16 10:58:35.294]<WARNING> [TCP]TCP receiver connect warning: Connection refused
[2026-05-16 10:58:36.288]<WARNING> [TCP]TCP receiver connect warning: Connection refused
[2026-05-16 10:58:37.292]<WARNING> [TCP]TCP receiver connect warning: Connection refused
[2026-05-16 10:58:38.295]<WARNING> [TCP]TCP receiver connect warning: Connection refused
[2026-05-16 10:58:39.292]<WARNING> [TCP]TCP receiver connect warning: Connection refused
[2026-05-16 10:58:40.289]<WARNING> [TCP]TCP receiver connect warning: Connection refused
[2026-05-16 10:58:41.294]<WARNING> [TCP]TCP receiver connect warning: Connection refused
[2026-05-16 10:58:42.293]<WARNING> [TCP]TCP receiver connect warning: Connection refused
[2026-05-16 10:58:43.292]<WARNING> [TCP]TCP receiver connect warning: Connection refused
[2026-05-16 10:58:44.290]<WARNING> [TCP]TCP receiver connect warning: Connection refused
[2026-05-16 10:58:45.295]<WARNING> [TCP]TCP receiver connect warning: Connection refused
[2026-05-16 10:58:46.294]<WARNING> [TCP]TCP receiver connect warning: Connection refused
[2026-05-16 10:58:47.293]<WARNING> [TCP]TCP receiver connect warning: Connection refused
[2026-05-16 10:58:48.291]<WARNING> [TCP]TCP receiver connect warning: Connection refused
[2026-05-16 10:58:49.297]<WARNING> [TCP]TCP receiver connect warning: Connection refused
[2026-05-16 10:58:50.294]<WARNING> [TCP]TCP receiver connect warning: Connection refused
[2026-05-16 10:58:51.294]<WARNING> [TCP]TCP receiver connect warning: Connection refused
[2026-05-16 10:58:52.297]<WARNING> [TCP]TCP receiver connect warning: Connection refused
[2026-05-16 10:58:53.298]<WARNING> [TCP]TCP receiver connect warning: Connection refused
[2026-05-16 10:58:54.295]<WARNING> [TCP]TCP receiver connect warning: Connection refused
[2026-05-16 10:58:55.297]<WARNING> [TCP]TCP receiver connect warning: Connection refused
[2026-05-16 10:58:56.297]<WARNING> [TCP]TCP receiver connect warning: Connection refused
[2026-05-16 10:58:57.297]<WARNING> [TCP]TCP receiver connect warning: Connection refused
[2026-05-16 10:58:58.295]<WARNING> [TCP]TCP receiver connect warning: Connection refused
[2026-05-16 10:58:59.294]<WARNING> [TCP]TCP receiver connect warning: Connection refused
[2026-05-16 10:59:00.300]<WARNING> [TCP]TCP receiver connect warning: Connection refused
[2026-05-16 10:59:01.296]<WARNING> [TCP]TCP receiver connect warning: Connection refused
[2026-05-16 10:59:02.297]<WARNING> [TCP]TCP receiver connect warning: Connection refused
[2026-05-16 10:59:03.459]<WARNING> [TCP]TCP receiver connect warning: Connection refused
