--- Log File Created: 2026-05-08 09:36:25.117 ---
[2026-05-08 09:36:25.315]<DEBUG> [WebCameraHandler]Starting...
[2026-05-08 09:36:25.316]<DEBUG> [TCP]TCP receiver client starting, target 127.0.0.1:1400
[2026-05-08 09:36:25.316]<DEBUG> [TCP]TCP sender server listening at 0.0.0.0:1500
[2026-05-08 09:36:25.316]<DEBUG> [Detector]Robot Inferencer initializing...
[2026-05-08 09:36:25.316]<WARNING> [TCP]TCP receiver connect warning: Connection refused
[2026-05-08 09:36:25.316]<DEBUG> [Yolov8Inferencer]Model loaded: car_v8n
[2026-05-08 09:36:25.317]<DEBUG> [Yolov8Inferencer]Model class count: 1
[2026-05-08 09:36:25.317]<DEBUG> [Yolov8Inferencer]Model loaded: armor_v8n
[2026-05-08 09:36:25.317]<DEBUG> [Yolov8Inferencer]Model class count: 12
[2026-05-08 09:36:25.317]<DEBUG> [Yolov8Inferencer]Model loaded: armor_v8n
[2026-05-08 09:36:25.317]<DEBUG> [Yolov8Inferencer]Model class count: 12
[2026-05-08 09:36:25.317]<DEBUG> [Yolov8Inferencer]Model loaded: armor_v8n
[2026-05-08 09:36:25.317]<DEBUG> [Yolov8Inferencer]Model class count: 12
[2026-05-08 09:36:25.317]<DEBUG> [Yolov8Inferencer]Model loaded: armor_v8n
[2026-05-08 09:36:25.317]<DEBUG> [Yolov8Inferencer]Model class count: 12
[2026-05-08 09:36:25.317]<DEBUG> [Yolov8Inferencer]Model loaded: armor_v8n
[2026-05-08 09:36:25.317]<DEBUG> [Yolov8Inferencer]Model class count: 12
[2026-05-08 09:36:25.317]<DEBUG> [Yolov8Inferencer]Model loaded: armor_v8n
[2026-05-08 09:36:25.317]<DEBUG> [Yolov8Inferencer]Model class count: 12
[2026-05-08 09:36:25.317]<DEBUG> [Yolov8Inferencer]Model loaded: armor_v8n
[2026-05-08 09:36:25.318]<DEBUG> [Yolov8Inferencer]Model class count: 12
[2026-05-08 09:36:25.318]<DEBUG> [Yolov8Inferencer]Model loaded: armor_v8n
[2026-05-08 09:36:25.318]<DEBUG> [Yolov8Inferencer]Model class count: 12
[2026-05-08 09:36:25.318]<DEBUG> [Yolov8Inferencer]Model loaded: armor_v8n
[2026-05-08 09:36:25.318]<DEBUG> [Yolov8Inferencer]Model class count: 12
[2026-05-08 09:36:25.318]<DEBUG> [Yolov8Inferencer]Model loaded: armor_v8n
[2026-05-08 09:36:25.318]<DEBUG> [Yolov8Inferencer]Model class count: 12
[2026-05-08 09:36:25.318]<DEBUG> [Yolov8Inferencer]Model loaded: armor_v8n
[2026-05-08 09:36:25.318]<DEBUG> [Yolov8Inferencer]Model class count: 12
[2026-05-08 09:36:25.318]<DEBUG> [Yolov8Inferencer]Model loaded: armor_v8n
[2026-05-08 09:36:25.318]<DEBUG> [Yolov8Inferencer]Model class count: 12
[2026-05-08 09:36:25.318]<DEBUG> [Detector]initialized.
[2026-05-08 09:36:26.270]<WARNING> [TCP]TCP receiver connect warning: Connection refused
[2026-05-08 09:36:27.128]<WARNING> [TCP]TCP receiver connect warning: Connection refused
[2026-05-08 09:36:28.127]<WARNING> [TCP]TCP receiver connect warning: Connection refused
[2026-05-08 09:36:29.132]<WARNING> [TCP]TCP receiver connect warning: Connection refused
[2026-05-08 09:36:30.127]<WARNING> [TCP]TCP receiver connect warning: Connection refused
[2026-05-08 09:36:31.132]<WARNING> [TCP]TCP receiver connect warning: Connection refused
[2026-05-08 09:36:32.145]<WARNING> [TCP]TCP receiver connect warning: Connection refused
[2026-05-08 09:36:33.131]<WARNING> [TCP]TCP receiver connect warning: Connection refused
[2026-05-08 09:36:33.935]<DEBUG> [Python]Launching with enemySide=Red
[2026-05-08 09:36:33.936]<DEBUG> [Python]Script: /home/pinkpanda/linux-RADAR/RADAR-2026/RADAR-SDR/thread_init.py
[2026-05-08 09:36:33.936]<DEBUG> [Python]Started: python3 "/home/pinkpanda/linux-RADAR/RADAR-2026/RADAR-SDR/thread_init.py" --enemySide "Red"
[2026-05-08 09:36:34.130]<WARNING> [TCP]TCP receiver connect warning: Connection refused
[2026-05-08 09:36:35.133]<WARNING> [TCP]TCP receiver connect warning: Connection refused
[2026-05-08 09:36:36.139]<WARNING> [TCP]TCP receiver connect warning: Connection refused
[2026-05-08 09:36:37.138]<WARNING> [TCP]TCP receiver connect warning: Connection refused
[2026-05-08 09:36:37.220]<DEBUG> [TCP]TCP sender accepted client.
[2026-05-08 09:36:38.138]<DEBUG> [TCP]TCP receiver client connected to 127.0.0.1:1400
[2026-05-08 09:36:38.138]<DEBUG> [TCP]TCP cache size: 33 bytes.
[2026-05-08 09:36:38.138]<DEBUG> [TCP]TCP cache: 10, 5, 0, 0, 0, 0, 0, 0, 0, 0, 0, 0, 0, 0, 0, 0, 0, 0, 0, 0, 0, 0, 0, 0, 0, 0, 10, 6, 2, 0, 0, 0, 0
[2026-05-08 09:36:38.138]<DEBUG> [TCP]TCP cache size: 10 bytes.
[2026-05-08 09:36:38.138]<DEBUG> [TCP]TCP cache: 0, 10, 6, 2, 0, 0, 0, 0, 0, 0
[2026-05-08 09:36:38.234]<DEBUG> [TCP]TCP cache size: 41 bytes.
[2026-05-08 09:36:38.234]<DEBUG> [TCP]TCP cache: 6, 2, 0, 0, 0, 0, 0, 0, 10, 5, 0, 0, 0, 0, 0, 0, 0, 0, 0, 0, 0, 0, 0, 0, 0, 0, 0, 0, 0, 0, 0, 0, 0, 0, 10, 6, 2, 0, 0, 0, 0
[2026-05-08 09:36:38.234]<DEBUG> [TCP]TCP cache size: 10 bytes.
[2026-05-08 09:36:38.234]<DEBUG> [TCP]TCP cache: 0, 10, 6, 2, 0, 0, 0, 0, 0, 0
[2026-05-08 09:36:38.338]<DEBUG> [TCP]TCP cache size: 41 bytes.
[2026-05-08 09:36:38.338]<DEBUG> [TCP]TCP cache: 6, 2, 0, 0, 0, 0, 0, 0, 10, 5, 0, 0, 0, 0, 0, 0, 0, 0, 0, 0, 0, 0, 0, 0, 0, 0, 0, 0, 0, 0, 0, 0, 0, 0, 10, 6, 2, 0, 0, 0, 0
[2026-05-08 09:36:38.338]<DEBUG> [TCP]TCP cache size: 10 bytes.
[2026-05-08 09:36:38.338]<DEBUG> [TCP]TCP cache: 0, 10, 6, 2, 0, 0, 0, 0, 0, 0
[2026-05-08 09:36:38.438]<DEBUG> [TCP]TCP cache size: 41 bytes.
[2026-05-08 09:36:38.438]<DEBUG> [TCP]TCP cache: 6, 2, 0, 0, 0, 0, 0, 0, 10, 5, 0, 0, 0, 0, 0, 0, 0, 0, 0, 0, 0, 0, 0, 0, 0, 0, 0, 0, 0, 0, 0, 0, 0, 0, 10, 6, 2, 0, 0, 0, 0
[2026-05-08 09:36:38.438]<DEBUG> [TCP]TCP cache size: 10 bytes.
[2026-05-08 09:36:38.438]<DEBUG> [TCP]TCP cache: 0, 10, 6, 2, 0, 0, 0, 0, 0, 0
[2026-05-08 09:36:38.539]<DEBUG> [TCP]TCP cache size: 41 bytes.
[2026-05-08 09:36:38.539]<DEBUG> [TCP]TCP cache: 6, 2, 0, 0, 0, 0, 0, 0, 10, 5, 0, 0, 0, 0, 0, 0, 0, 0, 0, 0, 0, 0, 0, 0, 0, 0, 0, 0, 0, 0, 0, 0, 0, 0, 10, 6, 2, 0, 0, 0, 0
[2026-05-08 09:36:38.539]<DEBUG> [TCP]TCP cache size: 10 bytes.
[2026-05-08 09:36:38.539]<DEBUG> [TCP]TCP cache: 0, 10, 6, 2, 0, 0, 0, 0, 0, 0
[2026-05-08 09:36:38.641]<DEBUG> [TCP]TCP cache size: 41 bytes.
[2026-05-08 09:36:38.641]<DEBUG> [TCP]TCP cache: 6, 2, 0, 0, 0, 0, 0, 0, 10, 5, 0, 0, 0, 0, 0, 0, 0, 0, 0, 0, 0, 0, 0, 0, 0, 0, 0, 0, 0, 0, 0, 0, 0, 0, 10, 6, 2, 0, 0, 0, 0
[2026-05-08 09:36:38.641]<DEBUG> [TCP]TCP cache size: 10 bytes.
[2026-05-08 09:36:38.642]<DEBUG> [TCP]TCP cache: 0, 10, 6, 2, 0, 0, 0, 0, 0, 0
[2026-05-08 09:36:38.735]<DEBUG> [TCP]TCP cache size: 41 bytes.
[2026-05-08 09:36:38.735]<DEBUG> [TCP]TCP cache: 6, 2, 0, 0, 0, 0, 0, 0, 10, 5, 0, 0, 0, 0, 0, 0, 0, 0, 0, 0, 0, 0, 0, 0, 0, 0, 0, 0, 0, 0, 0, 0, 0, 0, 10, 6, 2, 0, 0, 0, 0
[2026-05-08 09:36:38.735]<DEBUG> [TCP]TCP cache size: 10 bytes.
[2026-05-08 09:36:38.735]<DEBUG> [TCP]TCP cache: 0, 10, 6, 2, 0, 0, 0, 0, 0, 0
[2026-05-08 09:36:38.839]<DEBUG> [TCP]TCP cache size: 41 bytes.
[2026-05-08 09:36:38.839]<DEBUG> [TCP]TCP cache: 6, 2, 0, 0, 0, 0, 0, 0, 10, 5, 0, 0, 0, 0, 0, 0, 0, 0, 0, 0, 0, 0, 0, 0, 0, 0, 0, 0, 0, 0, 0, 0, 0, 0, 10, 6, 2, 0, 0, 0, 0
[2026-05-08 09:36:38.840]<DEBUG> [TCP]TCP cache size: 10 bytes.
[2026-05-08 09:36:38.840]<DEBUG> [TCP]TCP cache: 0, 10, 6, 2, 0, 0, 0, 0, 0, 0
[2026-05-08 09:36:38.932]<DEBUG> [TCP]TCP cache size: 41 bytes.
[2026-05-08 09:36:38.932]<DEBUG> [TCP]TCP cache: 6, 2, 0, 0, 0, 0, 0, 0, 10, 5, 0, 0, 0, 0, 0, 0, 0, 0, 0, 0, 0, 0, 0, 0, 0, 0, 0, 0, 0, 0, 0, 0, 0, 0, 10, 6, 2, 0, 0, 0, 0
[2026-05-08 09:36:38.932]<DEBUG> [TCP]TCP cache size: 10 bytes.
[2026-05-08 09:36:38.933]<DEBUG> [TCP]TCP cache: 0, 10, 6, 2, 0, 0, 0, 0, 0, 0
[2026-05-08 09:36:39.038]<DEBUG> [TCP]TCP cache size: 41 bytes.
[2026-05-08 09:36:39.038]<DEBUG> [TCP]TCP cache: 6, 2, 0, 0, 0, 0, 0, 0, 10, 5, 0, 0, 0, 0, 0, 0, 0, 0, 0, 0, 0, 0, 0, 0, 0, 0, 0, 0, 0, 0, 0, 0, 0, 0, 10, 6, 2, 0, 0, 0, 0
[2026-05-08 09:36:39.038]<DEBUG> [TCP]TCP cache size: 10 bytes.
[2026-05-08 09:36:39.038]<DEBUG> [TCP]TCP cache: 0, 10, 6, 2, 0, 0, 0, 0, 0, 0
[2026-05-08 09:36:39.135]<DEBUG> [TCP]TCP cache size: 41 bytes.
[2026-05-08 09:36:39.136]<DEBUG> [TCP]TCP cache: 6, 2, 0, 0, 0, 0, 0, 0, 10, 5, 0, 0, 0, 0, 0, 0, 0, 0, 0, 0, 0, 0, 0, 0, 0, 0, 0, 0, 0, 0, 0, 0, 0, 0, 10, 6, 2, 0, 0, 0, 0
[2026-05-08 09:36:39.136]<DEBUG> [TCP]TCP cache size: 10 bytes.
[2026-05-08 09:36:39.136]<DEBUG> [TCP]TCP cache: 0, 10, 6, 2, 0, 0, 0, 0, 0, 0
[2026-05-08 09:36:39.238]<DEBUG> [TCP]TCP cache size: 41 bytes.
[2026-05-08 09:36:39.238]<DEBUG> [TCP]TCP cache: 6, 2, 0, 0, 0, 0, 0, 0, 10, 5, 0, 0, 0, 0, 0, 0, 0, 0, 0, 0, 0, 0, 0, 0, 0, 0, 0, 0, 0, 0, 0, 0, 0, 0, 10, 6, 2, 0, 0, 0, 0
[2026-05-08 09:36:39.239]<DEBUG> [TCP]TCP cache size: 10 bytes.
[2026-05-08 09:36:39.239]<DEBUG> [TCP]TCP cache: 0, 10, 6, 2, 0, 0, 0, 0, 0, 0
[2026-05-08 09:36:39.341]<DEBUG> [TCP]TCP cache size: 41 bytes.
[2026-05-08 09:36:39.341]<DEBUG> [TCP]TCP cache: 6, 2, 0, 0, 0, 0, 0, 0, 10, 5, 0, 0, 0, 0, 0, 0, 0, 0, 0, 0, 0, 0, 0, 0, 0, 0, 0, 0, 0, 0, 0, 0, 0, 0, 10, 6, 2, 0, 0, 0, 0
[2026-05-08 09:36:39.341]<DEBUG> [TCP]TCP cache size: 10 bytes.
[2026-05-08 09:36:39.341]<DEBUG> [TCP]TCP cache: 0, 10, 6, 2, 0, 0, 0, 0, 0, 0
[2026-05-08 09:36:39.436]<DEBUG> [TCP]TCP cache size: 41 bytes.
[2026-05-08 09:36:39.437]<DEBUG> [TCP]TCP cache: 6, 2, 0, 0, 0, 0, 0, 0, 10, 5, 0, 0, 0, 0, 0, 0, 0, 0, 0, 0, 0, 0, 0, 0, 0, 0, 0, 0, 0, 0, 0, 0, 0, 0, 10, 6, 2, 0, 0, 0, 0
[2026-05-08 09:36:39.437]<DEBUG> [TCP]TCP cache size: 10 bytes.
[2026-05-08 09:36:39.437]<DEBUG> [TCP]TCP cache: 0, 10, 6, 2, 0, 0, 0, 0, 0, 0
[2026-05-08 09:36:39.533]<DEBUG> [TCP]TCP cache size: 41 bytes.
[2026-05-08 09:36:39.533]<DEBUG> [TCP]TCP cache: 6, 2, 0, 0, 0, 0, 0, 0, 10, 5, 0, 0, 0, 0, 0, 0, 0, 0, 0, 0, 0, 0, 0, 0, 0, 0, 0, 0, 0, 0, 0, 0, 0, 0, 10, 6, 2, 0, 0, 0, 0
[2026-05-08 09:36:39.533]<DEBUG> [TCP]TCP cache size: 10 bytes.
[2026-05-08 09:36:39.533]<DEBUG> [TCP]TCP cache: 0, 10, 6, 2, 0, 0, 0, 0, 0, 0
[2026-05-08 09:36:39.635]<DEBUG> [TCP]TCP cache size: 41 bytes.
[2026-05-08 09:36:39.636]<DEBUG> [TCP]TCP cache: 6, 2, 0, 0, 0, 0, 0, 0, 10, 5, 0, 0, 0, 0, 0, 0, 0, 0, 0, 0, 0, 0, 0, 0, 0, 0, 0, 0, 0, 0, 0, 0, 0, 0, 10, 6, 2, 0, 0, 0, 0
[2026-05-08 09:36:39.636]<DEBUG> [TCP]TCP cache size: 10 bytes.
[2026-05-08 09:36:39.636]<DEBUG> [TCP]TCP cache: 0, 10, 6, 2, 0, 0, 0, 0, 0, 0
[2026-05-08 09:36:39.739]<DEBUG> [TCP]TCP cache size: 41 bytes.
[2026-05-08 09:36:39.739]<DEBUG> [TCP]TCP cache: 6, 2, 0, 0, 0, 0, 0, 0, 10, 5, 0, 0, 0, 0, 0, 0, 0, 0, 0, 0, 0, 0, 0, 0, 0, 0, 0, 0, 0, 0, 0, 0, 0, 0, 10, 6, 2, 0, 0, 0, 0
[2026-05-08 09:36:39.739]<DEBUG> [TCP]TCP cache size: 10 bytes.
[2026-05-08 09:36:39.739]<DEBUG> [TCP]TCP cache: 0, 10, 6, 2, 0, 0, 0, 0, 0, 0
[2026-05-08 09:36:39.839]<DEBUG> [TCP]TCP cache size: 41 bytes.
[2026-05-08 09:36:39.840]<DEBUG> [TCP]TCP cache: 6, 2, 0, 0, 0, 0, 0, 0, 10, 5, 0, 0, 0, 0, 0, 0, 0, 0, 0, 0, 0, 0, 0, 0, 0, 0, 0, 0, 0, 0, 0, 0, 0, 0, 10, 6, 2, 0, 0, 0, 0
[2026-05-08 09:36:39.840]<DEBUG> [TCP]TCP cache size: 10 bytes.
[2026-05-08 09:36:39.840]<DEBUG> [TCP]TCP cache: 0, 10, 6, 2, 0, 0, 0, 0, 0, 0
[2026-05-08 09:36:39.935]<DEBUG> [TCP]TCP cache size: 41 bytes.
[2026-05-08 09:36:39.935]<DEBUG> [TCP]TCP cache: 6, 2, 0, 0, 0, 0, 0, 0, 10, 5, 0, 0, 0, 0, 0, 0, 0, 0, 0, 0, 0, 0, 0, 0, 0, 0, 0, 0, 0, 0, 0, 0, 0, 0, 10, 6, 2, 0, 0, 0, 0
[2026-05-08 09:36:39.935]<DEBUG> [TCP]TCP cache size: 10 bytes.
[2026-05-08 09:36:39.935]<DEBUG> [TCP]TCP cache: 0, 10, 6, 2, 0, 0, 0, 0, 0, 0
[2026-05-08 09:36:40.038]<DEBUG> [TCP]TCP cache size: 41 bytes.
[2026-05-08 09:36:40.038]<DEBUG> [TCP]TCP cache: 6, 2, 0, 0, 0, 0, 0, 0, 10, 5, 0, 0, 0, 0, 0, 0, 0, 0, 0, 0, 0, 0, 0, 0, 0, 0, 0, 0, 0, 0, 0, 0, 0, 0, 10, 6, 2, 0, 0, 0, 0
[2026-05-08 09:36:40.038]<DEBUG> [TCP]TCP cache size: 10 bytes.
[2026-05-08 09:36:40.038]<DEBUG> [TCP]TCP cache: 0, 10, 6, 2, 0, 0, 0, 0, 0, 0
[2026-05-08 09:36:40.140]<DEBUG> [TCP]TCP cache size: 41 bytes.
[2026-05-08 09:36:40.140]<DEBUG> [TCP]TCP cache: 6, 2, 0, 0, 0, 0, 0, 0, 10, 5, 0, 0, 0, 0, 0, 0, 0, 0, 0, 0, 0, 0, 0, 0, 0, 0, 0, 0, 0, 0, 0, 0, 0, 0, 10, 6, 2, 0, 0, 0, 0
[2026-05-08 09:36:40.141]<DEBUG> [TCP]TCP cache size: 10 bytes.
[2026-05-08 09:36:40.141]<DEBUG> [TCP]TCP cache: 0, 10, 6, 2, 0, 0, 0, 0, 0, 0
[2026-05-08 09:36:40.235]<DEBUG> [TCP]TCP cache size: 41 bytes.
[2026-05-08 09:36:40.235]<DEBUG> [TCP]TCP cache: 6, 2, 0, 0, 0, 0, 0, 0, 10, 5, 0, 0, 0, 0, 0, 0, 0, 0, 0, 0, 0, 0, 0, 0, 0, 0, 0, 0, 0, 0, 0, 0, 0, 0, 10, 6, 2, 0, 0, 0, 0
[2026-05-08 09:36:40.235]<DEBUG> [TCP]TCP cache size: 10 bytes.
[2026-05-08 09:36:40.235]<DEBUG> [TCP]TCP cache: 0, 10, 6, 2, 0, 0, 0, 0, 0, 0
[2026-05-08 09:36:40.352]<DEBUG> [TCP]TCP cache size: 41 bytes.
[2026-05-08 09:36:40.352]<DEBUG> [TCP]TCP cache: 6, 2, 0, 0, 0, 0, 0, 0, 10, 5, 0, 0, 0, 0, 0, 0, 0, 0, 0, 0, 0, 0, 0, 0, 0, 0, 0, 0, 0, 0, 0, 0, 0, 0, 10, 6, 2, 0, 0, 0, 0
[2026-05-08 09:36:40.352]<DEBUG> [TCP]TCP cache size: 10 bytes.
[2026-05-08 09:36:40.353]<DEBUG> [TCP]TCP cache: 0, 10, 6, 2, 0, 0, 0, 0, 0, 0
[2026-05-08 09:36:40.437]<DEBUG> [TCP]TCP cache size: 41 bytes.
[2026-05-08 09:36:40.437]<DEBUG> [TCP]TCP cache: 6, 2, 0, 0, 0, 0, 0, 0, 10, 5, 0, 0, 0, 0, 0, 0, 0, 0, 0, 0, 0, 0, 0, 0, 0, 0, 0, 0, 0, 0, 0, 0, 0, 0, 10, 6, 2, 0, 0, 0, 0
[2026-05-08 09:36:40.437]<DEBUG> [TCP]TCP cache size: 10 bytes.
[2026-05-08 09:36:40.437]<DEBUG> [TCP]TCP cache: 0, 10, 6, 2, 0, 0, 0, 0, 0, 0
[2026-05-08 09:36:40.536]<DEBUG> [TCP]TCP cache size: 41 bytes.
[2026-05-08 09:36:40.537]<DEBUG> [TCP]TCP cache: 6, 2, 0, 0, 0, 0, 0, 0, 10, 5, 0, 0, 0, 0, 0, 0, 0, 0, 0, 0, 0, 0, 0, 0, 0, 0, 0, 0, 0, 0, 0, 0, 0, 0, 10, 6, 2, 0, 0, 0, 0
[2026-05-08 09:36:40.537]<DEBUG> [TCP]TCP cache size: 10 bytes.
[2026-05-08 09:36:40.537]<DEBUG> [TCP]TCP cache: 0, 10, 6, 2, 0, 0, 0, 0, 0, 0
[2026-05-08 09:36:40.635]<DEBUG> [TCP]TCP cache size: 41 bytes.
[2026-05-08 09:36:40.635]<DEBUG> [TCP]TCP cache: 6, 2, 0, 0, 0, 0, 0, 0, 10, 5, 0, 0, 0, 0, 0, 0, 0, 0, 0, 0, 0, 0, 0, 0, 0, 0, 0, 0, 0, 0, 0, 0, 0, 0, 10, 6, 2, 0, 0, 0, 0
[2026-05-08 09:36:40.635]<DEBUG> [TCP]TCP cache size: 10 bytes.
[2026-05-08 09:36:40.635]<DEBUG> [TCP]TCP cache: 0, 10, 6, 2, 0, 0, 0, 0, 0, 0
[2026-05-08 09:36:40.742]<DEBUG> [TCP]TCP cache size: 41 bytes.
[2026-05-08 09:36:40.742]<DEBUG> [TCP]TCP cache: 6, 2, 0, 0, 0, 0, 0, 0, 10, 5, 0, 0, 0, 0, 0, 0, 0, 0, 0, 0, 0, 0, 0, 0, 0, 0, 0, 0, 0, 0, 0, 0, 0, 0, 10, 6, 2, 0, 0, 0, 0
[2026-05-08 09:36:40.742]<DEBUG> [TCP]TCP cache size: 10 bytes.
[2026-05-08 09:36:40.742]<DEBUG> [TCP]TCP cache: 0, 10, 6, 2, 0, 0, 0, 0, 0, 0
[2026-05-08 09:36:40.844]<DEBUG> [TCP]TCP cache size: 41 bytes.
[2026-05-08 09:36:40.844]<DEBUG> [TCP]TCP cache: 6, 2, 0, 0, 0, 0, 0, 0, 10, 5, 0, 0, 0, 0, 0, 0, 0, 0, 0, 0, 0, 0, 0, 0, 0, 0, 0, 0, 0, 0, 0, 0, 0, 0, 10, 6, 2, 0, 0, 0, 0
[2026-05-08 09:36:40.844]<DEBUG> [TCP]TCP cache size: 10 bytes.
[2026-05-08 09:36:40.844]<DEBUG> [TCP]TCP cache: 0, 10, 6, 2, 0, 0, 0, 0, 0, 0
[2026-05-08 09:36:40.939]<DEBUG> [TCP]TCP cache size: 41 bytes.
[2026-05-08 09:36:40.939]<DEBUG> [TCP]TCP cache: 6, 2, 0, 0, 0, 0, 0, 0, 10, 5, 0, 0, 0, 0, 0, 0, 0, 0, 0, 0, 0, 0, 0, 0, 0, 0, 0, 0, 0, 0, 0, 0, 0, 0, 10, 6, 2, 0, 0, 0, 0
[2026-05-08 09:36:40.940]<DEBUG> [TCP]TCP cache size: 10 bytes.
[2026-05-08 09:36:40.940]<DEBUG> [TCP]TCP cache: 0, 10, 6, 2, 0, 0, 0, 0, 0, 0
[2026-05-08 09:36:41.039]<DEBUG> [TCP]TCP cache size: 41 bytes.
[2026-05-08 09:36:41.039]<DEBUG> [TCP]TCP cache: 6, 2, 0, 0, 0, 0, 0, 0, 10, 5, 0, 0, 0, 0, 0, 0, 0, 0, 0, 0, 0, 0, 0, 0, 0, 0, 0, 0, 0, 0, 0, 0, 0, 0, 10, 6, 2, 0, 0, 0, 0
[2026-05-08 09:36:41.039]<DEBUG> [TCP]TCP cache size: 10 bytes.
[2026-05-08 09:36:41.039]<DEBUG> [TCP]TCP cache: 0, 10, 6, 2, 0, 0, 0, 0, 0, 0
[2026-05-08 09:36:41.136]<DEBUG> [TCP]TCP cache size: 41 bytes.
[2026-05-08 09:36:41.136]<DEBUG> [TCP]TCP cache: 6, 2, 0, 0, 0, 0, 0, 0, 10, 5, 0, 0, 0, 0, 0, 0, 0, 0, 0, 0, 0, 0, 0, 0, 0, 0, 0, 0, 0, 0, 0, 0, 0, 0, 10, 6, 2, 0, 0, 0, 0
[2026-05-08 09:36:41.137]<DEBUG> [TCP]TCP cache size: 10 bytes.
[2026-05-08 09:36:41.137]<DEBUG> [TCP]TCP cache: 0, 10, 6, 2, 0, 0, 0, 0, 0, 0
[2026-05-08 09:36:41.237]<DEBUG> [TCP]TCP cache size: 41 bytes.
[2026-05-08 09:36:41.237]<DEBUG> [TCP]TCP cache: 6, 2, 0, 0, 0, 0, 0, 0, 10, 5, 0, 0, 0, 0, 0, 0, 0, 0, 0, 0, 0, 0, 0, 0, 0, 0, 0, 0, 0, 0, 0, 0, 0, 0, 10, 6, 2, 0, 0, 0, 0
[2026-05-08 09:36:41.238]<DEBUG> [TCP]TCP cache size: 10 bytes.
[2026-05-08 09:36:41.238]<DEBUG> [TCP]TCP cache: 0, 10, 6, 2, 0, 0, 0, 0, 0, 0
[2026-05-08 09:36:41.337]<DEBUG> [TCP]TCP cache size: 41 bytes.
[2026-05-08 09:36:41.337]<DEBUG> [TCP]TCP cache: 6, 2, 0, 0, 0, 0, 0, 0, 10, 5, 0, 0, 0, 0, 0, 0, 0, 0, 0, 0, 0, 0, 0, 0, 0, 0, 0, 0, 0, 0, 0, 0, 0, 0, 10, 6, 2, 0, 0, 0, 0
[2026-05-08 09:36:41.337]<DEBUG> [TCP]TCP cache size: 10 bytes.
[2026-05-08 09:36:41.337]<DEBUG> [TCP]TCP cache: 0, 10, 6, 2, 0, 0, 0, 0, 0, 0
[2026-05-08 09:36:41.438]<DEBUG> [TCP]TCP cache size: 41 bytes.
[2026-05-08 09:36:41.438]<DEBUG> [TCP]TCP cache: 6, 2, 0, 0, 0, 0, 0, 0, 10, 5, 0, 0, 0, 0, 0, 0, 0, 0, 0, 0, 0, 0, 0, 0, 0, 0, 0, 0, 0, 0, 0, 0, 0, 0, 10, 6, 2, 0, 0, 0, 0
[2026-05-08 09:36:41.438]<DEBUG> [TCP]TCP cache size: 10 bytes.
[2026-05-08 09:36:41.438]<DEBUG> [TCP]TCP cache: 0, 10, 6, 2, 0, 0, 0, 0, 0, 0
[2026-05-08 09:36:41.541]<DEBUG> [TCP]TCP cache size: 41 bytes.
[2026-05-08 09:36:41.541]<DEBUG> [TCP]TCP cache: 6, 2, 0, 0, 0, 0, 0, 0, 10, 5, 0, 0, 0, 0, 0, 0, 0, 0, 0, 0, 0, 0, 0, 0, 0, 0, 0, 0, 0, 0, 0, 0, 0, 0, 10, 6, 2, 0, 0, 0, 0
[2026-05-08 09:36:41.541]<DEBUG> [TCP]TCP cache size: 10 bytes.
[2026-05-08 09:36:41.541]<DEBUG> [TCP]TCP cache: 0, 10, 6, 2, 0, 0, 0, 0, 0, 0
[2026-05-08 09:36:41.638]<DEBUG> [TCP]TCP cache size: 41 bytes.
[2026-05-08 09:36:41.638]<DEBUG> [TCP]TCP cache: 6, 2, 0, 0, 0, 0, 0, 0, 10, 5, 0, 0, 0, 0, 0, 0, 0, 0, 0, 0, 0, 0, 0, 0, 0, 0, 0, 0, 0, 0, 0, 0, 0, 0, 10, 6, 2, 0, 0, 0, 0
[2026-05-08 09:36:41.638]<DEBUG> [TCP]TCP cache size: 10 bytes.
[2026-05-08 09:36:41.638]<DEBUG> [TCP]TCP cache: 0, 10, 6, 2, 0, 0, 0, 0, 0, 0
[2026-05-08 09:36:41.742]<DEBUG> [TCP]TCP cache size: 41 bytes.
[2026-05-08 09:36:41.743]<DEBUG> [TCP]TCP cache: 6, 2, 0, 0, 0, 0, 0, 0, 10, 5, 0, 0, 0, 0, 0, 0, 0, 0, 0, 0, 0, 0, 0, 0, 0, 0, 0, 0, 0, 0, 0, 0, 0, 0, 10, 6, 2, 0, 0, 0, 0
[2026-05-08 09:36:41.743]<DEBUG> [TCP]TCP cache size: 10 bytes.
[2026-05-08 09:36:41.743]<DEBUG> [TCP]TCP cache: 0, 10, 6, 2, 0, 0, 0, 0, 0, 0
[2026-05-08 09:36:41.842]<DEBUG> [TCP]TCP cache size: 41 bytes.
[2026-05-08 09:36:41.842]<DEBUG> [TCP]TCP cache: 6, 2, 0, 0, 0, 0, 0, 0, 10, 5, 0, 0, 0, 0, 0, 0, 0, 0, 0, 0, 0, 0, 0, 0, 0, 0, 0, 0, 0, 0, 0, 0, 0, 0, 10, 6, 2, 0, 0, 0, 0
[2026-05-08 09:36:41.842]<DEBUG> [TCP]TCP cache size: 10 bytes.
[2026-05-08 09:36:41.842]<DEBUG> [TCP]TCP cache: 0, 10, 6, 2, 0, 0, 0, 0, 0, 0
[2026-05-08 09:36:41.944]<DEBUG> [TCP]TCP cache size: 41 bytes.
[2026-05-08 09:36:41.944]<DEBUG> [TCP]TCP cache: 6, 2, 0, 0, 0, 0, 0, 0, 10, 5, 0, 0, 0, 0, 0, 0, 0, 0, 0, 0, 0, 0, 0, 0, 0, 0, 0, 0, 0, 0, 0, 0, 0, 0, 10, 6, 2, 0, 0, 0, 0
[2026-05-08 09:36:41.944]<DEBUG> [TCP]TCP cache size: 10 bytes.
[2026-05-08 09:36:41.944]<DEBUG> [TCP]TCP cache: 0, 10, 6, 2, 0, 0, 0, 0, 0, 0
[2026-05-08 09:36:42.044]<DEBUG> [TCP]TCP cache size: 41 bytes.
[2026-05-08 09:36:42.044]<DEBUG> [TCP]TCP cache: 6, 2, 0, 0, 0, 0, 0, 0, 10, 5, 0, 0, 0, 0, 0, 0, 0, 0, 0, 0, 0, 0, 0, 0, 0, 0, 0, 0, 0, 0, 0, 0, 0, 0, 10, 6, 2, 0, 0, 0, 0
[2026-05-08 09:36:42.044]<DEBUG> [TCP]TCP cache size: 10 bytes.
[2026-05-08 09:36:42.044]<DEBUG> [TCP]TCP cache: 0, 10, 6, 2, 0, 0, 0, 0, 0, 0
[2026-05-08 09:36:42.142]<DEBUG> [TCP]TCP cache size: 41 bytes.
[2026-05-08 09:36:42.143]<DEBUG> [TCP]TCP cache: 6, 2, 0, 0, 0, 0, 0, 0, 10, 5, 0, 0, 0, 0, 0, 0, 0, 0, 0, 0, 0, 0, 0, 0, 0, 0, 0, 0, 0, 0, 0, 0, 0, 0, 10, 6, 2, 0, 0, 0, 0
[2026-05-08 09:36:42.143]<DEBUG> [TCP]TCP cache size: 10 bytes.
[2026-05-08 09:36:42.143]<DEBUG> [TCP]TCP cache: 0, 10, 6, 2, 0, 0, 0, 0, 0, 0
[2026-05-08 09:36:42.241]<DEBUG> [TCP]TCP cache size: 41 bytes.
[2026-05-08 09:36:42.241]<DEBUG> [TCP]TCP cache: 6, 2, 0, 0, 0, 0, 0, 0, 10, 5, 0, 0, 0, 0, 0, 0, 0, 0, 0, 0, 0, 0, 0, 0, 0, 0, 0, 0, 0, 0, 0, 0, 0, 0, 10, 6, 2, 0, 0, 0, 0
[2026-05-08 09:36:42.241]<DEBUG> [TCP]TCP cache size: 10 bytes.
[2026-05-08 09:36:42.241]<DEBUG> [TCP]TCP cache: 0, 10, 6, 2, 0, 0, 0, 0, 0, 0
[2026-05-08 09:36:42.345]<DEBUG> [TCP]TCP cache size: 41 bytes.
[2026-05-08 09:36:42.345]<DEBUG> [TCP]TCP cache: 6, 2, 0, 0, 0, 0, 0, 0, 10, 5, 0, 0, 0, 0, 0, 0, 0, 0, 0, 0, 0, 0, 0, 0, 0, 0, 0, 0, 0, 0, 0, 0, 0, 0, 10, 6, 2, 0, 0, 0, 0
[2026-05-08 09:36:42.345]<DEBUG> [TCP]TCP cache size: 10 bytes.
[2026-05-08 09:36:42.345]<DEBUG> [TCP]TCP cache: 0, 10, 6, 2, 0, 0, 0, 0, 0, 0
[2026-05-08 09:36:42.442]<DEBUG> [TCP]TCP cache size: 41 bytes.
[2026-05-08 09:36:42.442]<DEBUG> [TCP]TCP cache: 6, 2, 0, 0, 0, 0, 0, 0, 10, 5, 0, 0, 0, 0, 0, 0, 0, 0, 0, 0, 0, 0, 0, 0, 0, 0, 0, 0, 0, 0, 0, 0, 0, 0, 10, 6, 2, 0, 0, 0, 0
[2026-05-08 09:36:42.442]<DEBUG> [TCP]TCP cache size: 10 bytes.
[2026-05-08 09:36:42.442]<DEBUG> [TCP]TCP cache: 0, 10, 6, 2, 0, 0, 0, 0, 0, 0
[2026-05-08 09:36:42.545]<DEBUG> [TCP]TCP cache size: 41 bytes.
[2026-05-08 09:36:42.545]<DEBUG> [TCP]TCP cache: 6, 2, 0, 0, 0, 0, 0, 0, 10, 5, 0, 0, 0, 0, 0, 0, 0, 0, 0, 0, 0, 0, 0, 0, 0, 0, 0, 0, 0, 0, 0, 0, 0, 0, 10, 6, 2, 0, 0, 0, 0
[2026-05-08 09:36:42.545]<DEBUG> [TCP]TCP cache size: 10 bytes.
[2026-05-08 09:36:42.545]<DEBUG> [TCP]TCP cache: 0, 10, 6, 2, 0, 0, 0, 0, 0, 0
[2026-05-08 09:36:42.641]<DEBUG> [TCP]TCP cache size: 41 bytes.
[2026-05-08 09:36:42.641]<DEBUG> [TCP]TCP cache: 6, 2, 0, 0, 0, 0, 0, 0, 10, 5, 0, 0, 0, 0, 0, 0, 0, 0, 0, 0, 0, 0, 0, 0, 0, 0, 0, 0, 0, 0, 0, 0, 0, 0, 10, 6, 2, 0, 0, 0, 0
[2026-05-08 09:36:42.642]<DEBUG> [TCP]TCP cache size: 10 bytes.
[2026-05-08 09:36:42.642]<DEBUG> [TCP]TCP cache: 0, 10, 6, 2, 0, 0, 0, 0, 0, 0
[2026-05-08 09:36:42.739]<DEBUG> [TCP]TCP cache size: 41 bytes.
[2026-05-08 09:36:42.739]<DEBUG> [TCP]TCP cache: 6, 2, 0, 0, 0, 0, 0, 0, 10, 5, 0, 0, 0, 0, 0, 0, 0, 0, 0, 0, 0, 0, 0, 0, 0, 0, 0, 0, 0, 0, 0, 0, 0, 0, 10, 6, 2, 0, 0, 0, 0
[2026-05-08 09:36:42.740]<DEBUG> [TCP]TCP cache size: 10 bytes.
[2026-05-08 09:36:42.740]<DEBUG> [TCP]TCP cache: 0, 10, 6, 2, 0, 0, 0, 0, 0, 0
[2026-05-08 09:36:42.842]<DEBUG> [TCP]TCP cache size: 41 bytes.
[2026-05-08 09:36:42.842]<DEBUG> [TCP]TCP cache: 6, 2, 0, 0, 0, 0, 0, 0, 10, 5, 0, 0, 0, 0, 0, 0, 0, 0, 0, 0, 0, 0, 0, 0, 0, 0, 0, 0, 0, 0, 0, 0, 0, 0, 10, 6, 2, 0, 0, 0, 0
[2026-05-08 09:36:42.842]<DEBUG> [TCP]TCP cache size: 10 bytes.
[2026-05-08 09:36:42.843]<DEBUG> [TCP]TCP cache: 0, 10, 6, 2, 0, 0, 0, 0, 0, 0
[2026-05-08 09:36:42.948]<DEBUG> [TCP]TCP cache size: 41 bytes.
[2026-05-08 09:36:42.948]<DEBUG> [TCP]TCP cache: 6, 2, 0, 0, 0, 0, 0, 0, 10, 5, 0, 0, 0, 0, 0, 0, 0, 0, 0, 0, 0, 0, 0, 0, 0, 0, 0, 0, 0, 0, 0, 0, 0, 0, 10, 6, 2, 0, 0, 0, 0
[2026-05-08 09:36:42.948]<DEBUG> [TCP]TCP cache size: 10 bytes.
[2026-05-08 09:36:42.949]<DEBUG> [TCP]TCP cache: 0, 10, 6, 2, 0, 0, 0, 0, 0, 0
[2026-05-08 09:36:43.046]<DEBUG> [TCP]TCP cache size: 41 bytes.
[2026-05-08 09:36:43.046]<DEBUG> [TCP]TCP cache: 6, 2, 0, 0, 0, 0, 0, 0, 10, 5, 0, 0, 0, 0, 0, 0, 0, 0, 0, 0, 0, 0, 0, 0, 0, 0, 0, 0, 0, 0, 0, 0, 0, 0, 10, 6, 2, 0, 0, 0, 0
[2026-05-08 09:36:43.046]<DEBUG> [TCP]TCP cache size: 10 bytes.
[2026-05-08 09:36:43.046]<DEBUG> [TCP]TCP cache: 0, 10, 6, 2, 0, 0, 0, 0, 0, 0
[2026-05-08 09:36:43.142]<DEBUG> [TCP]TCP cache size: 41 bytes.
[2026-05-08 09:36:43.143]<DEBUG> [TCP]TCP cache: 6, 2, 0, 0, 0, 0, 0, 0, 10, 5, 0, 0, 0, 0, 0, 0, 0, 0, 0, 0, 0, 0, 0, 0, 0, 0, 0, 0, 0, 0, 0, 0, 0, 0, 10, 6, 2, 0, 0, 0, 0
[2026-05-08 09:36:43.143]<DEBUG> [TCP]TCP cache size: 10 bytes.
[2026-05-08 09:36:43.143]<DEBUG> [TCP]TCP cache: 0, 10, 6, 2, 0, 0, 0, 0, 0, 0
[2026-05-08 09:36:43.243]<DEBUG> [TCP]TCP cache size: 41 bytes.
[2026-05-08 09:36:43.243]<DEBUG> [TCP]TCP cache: 6, 2, 0, 0, 0, 0, 0, 0, 10, 5, 0, 0, 0, 0, 0, 0, 0, 0, 0, 0, 0, 0, 0, 0, 0, 0, 0, 0, 0, 0, 0, 0, 0, 0, 10, 6, 2, 0, 0, 0, 0
[2026-05-08 09:36:43.243]<DEBUG> [TCP]TCP cache size: 10 bytes.
[2026-05-08 09:36:43.243]<DEBUG> [TCP]TCP cache: 0, 10, 6, 2, 0, 0, 0, 0, 0, 0
[2026-05-08 09:36:43.344]<DEBUG> [TCP]TCP cache size: 41 bytes.
[2026-05-08 09:36:43.344]<DEBUG> [TCP]TCP cache: 6, 2, 0, 0, 0, 0, 0, 0, 10, 5, 0, 0, 0, 0, 0, 0, 0, 0, 0, 0, 0, 0, 0, 0, 0, 0, 0, 0, 0, 0, 0, 0, 0, 0, 10, 6, 2, 0, 0, 0, 0
[2026-05-08 09:36:43.345]<DEBUG> [TCP]TCP cache size: 10 bytes.
[2026-05-08 09:36:43.345]<DEBUG> [TCP]TCP cache: 0, 10, 6, 2, 0, 0, 0, 0, 0, 0
[2026-05-08 09:36:43.443]<DEBUG> [TCP]TCP cache size: 41 bytes.
[2026-05-08 09:36:43.443]<DEBUG> [TCP]TCP cache: 6, 2, 0, 0, 0, 0, 0, 0, 10, 5, 0, 0, 0, 0, 0, 0, 0, 0, 0, 0, 0, 0, 0, 0, 0, 0, 0, 0, 0, 0, 0, 0, 0, 0, 10, 6, 2, 0, 0, 0, 0
[2026-05-08 09:36:43.443]<DEBUG> [TCP]TCP cache size: 10 bytes.
[2026-05-08 09:36:43.443]<DEBUG> [TCP]TCP cache: 0, 10, 6, 2, 0, 0, 0, 0, 0, 0
[2026-05-08 09:36:43.544]<DEBUG> [TCP]TCP cache size: 41 bytes.
[2026-05-08 09:36:43.545]<DEBUG> [TCP]TCP cache: 6, 2, 0, 0, 0, 0, 0, 0, 10, 5, 0, 0, 0, 0, 0, 0, 0, 0, 0, 0, 0, 0, 0, 0, 0, 0, 0, 0, 0, 0, 0, 0, 0, 0, 10, 6, 2, 0, 0, 0, 0
[2026-05-08 09:36:43.545]<DEBUG> [TCP]TCP cache size: 10 bytes.
[2026-05-08 09:36:43.545]<DEBUG> [TCP]TCP cache: 0, 10, 6, 2, 0, 0, 0, 0, 0, 0
[2026-05-08 09:36:43.642]<DEBUG> [TCP]TCP cache size: 41 bytes.
[2026-05-08 09:36:43.642]<DEBUG> [TCP]TCP cache: 6, 2, 0, 0, 0, 0, 0, 0, 10, 5, 0, 0, 0, 0, 0, 0, 0, 0, 0, 0, 0, 0, 0, 0, 0, 0, 0, 0, 0, 0, 0, 0, 0, 0, 10, 6, 2, 0, 0, 0, 0
[2026-05-08 09:36:43.642]<DEBUG> [TCP]TCP cache size: 10 bytes.
[2026-05-08 09:36:43.643]<DEBUG> [TCP]TCP cache: 0, 10, 6, 2, 0, 0, 0, 0, 0, 0
[2026-05-08 09:36:43.748]<DEBUG> [TCP]TCP cache size: 41 bytes.
[2026-05-08 09:36:43.748]<DEBUG> [TCP]TCP cache: 6, 2, 0, 0, 0, 0, 0, 0, 10, 5, 0, 0, 0, 0, 0, 0, 0, 0, 0, 0, 0, 0, 0, 0, 0, 0, 0, 0, 0, 0, 0, 0, 0, 0, 10, 6, 2, 0, 0, 0, 0
[2026-05-08 09:36:43.748]<DEBUG> [TCP]TCP cache size: 10 bytes.
[2026-05-08 09:36:43.748]<DEBUG> [TCP]TCP cache: 0, 10, 6, 2, 0, 0, 0, 0, 0, 0
[2026-05-08 09:36:43.844]<DEBUG> [TCP]TCP cache size: 41 bytes.
[2026-05-08 09:36:43.844]<DEBUG> [TCP]TCP cache: 6, 2, 0, 0, 0, 0, 0, 0, 10, 5, 0, 0, 0, 0, 0, 0, 0, 0, 0, 0, 0, 0, 0, 0, 0, 0, 0, 0, 0, 0, 0, 0, 0, 0, 10, 6, 2, 0, 0, 0, 0
[2026-05-08 09:36:43.844]<DEBUG> [TCP]TCP cache size: 10 bytes.
[2026-05-08 09:36:43.844]<DEBUG> [TCP]TCP cache: 0, 10, 6, 2, 0, 0, 0, 0, 0, 0
[2026-05-08 09:36:43.945]<DEBUG> [TCP]TCP cache size: 41 bytes.
[2026-05-08 09:36:43.945]<DEBUG> [TCP]TCP cache: 6, 2, 0, 0, 0, 0, 0, 0, 10, 5, 0, 0, 0, 0, 0, 0, 0, 0, 0, 0, 0, 0, 0, 0, 0, 0, 0, 0, 0, 0, 0, 0, 0, 0, 10, 6, 2, 0, 0, 0, 0
[2026-05-08 09:36:43.945]<DEBUG> [TCP]TCP cache size: 10 bytes.
[2026-05-08 09:36:43.945]<DEBUG> [TCP]TCP cache: 0, 10, 6, 2, 0, 0, 0, 0, 0, 0
[2026-05-08 09:36:44.052]<DEBUG> [TCP]TCP cache size: 41 bytes.
[2026-05-08 09:36:44.052]<DEBUG> [TCP]TCP cache: 6, 2, 0, 0, 0, 0, 0, 0, 10, 5, 0, 0, 0, 0, 0, 0, 0, 0, 0, 0, 0, 0, 0, 0, 0, 0, 0, 0, 0, 0, 0, 0, 0, 0, 10, 6, 2, 0, 0, 0, 0
[2026-05-08 09:36:44.052]<DEBUG> [TCP]TCP cache size: 10 bytes.
[2026-05-08 09:36:44.052]<DEBUG> [TCP]TCP cache: 0, 10, 6, 2, 0, 0, 0, 0, 0, 0
[2026-05-08 09:36:44.144]<DEBUG> [TCP]TCP cache size: 41 bytes.
[2026-05-08 09:36:44.144]<DEBUG> [TCP]TCP cache: 6, 2, 0, 0, 0, 0, 0, 0, 10, 5, 0, 0, 0, 0, 0, 0, 0, 0, 0, 0, 0, 0, 0, 0, 0, 0, 0, 0, 0, 0, 0, 0, 0, 0, 10, 6, 2, 0, 0, 0, 0
[2026-05-08 09:36:44.144]<DEBUG> [TCP]TCP cache size: 10 bytes.
[2026-05-08 09:36:44.144]<DEBUG> [TCP]TCP cache: 0, 10, 6, 2, 0, 0, 0, 0, 0, 0
[2026-05-08 09:36:44.243]<DEBUG> [TCP]TCP cache size: 41 bytes.
[2026-05-08 09:36:44.243]<DEBUG> [TCP]TCP cache: 6, 2, 0, 0, 0, 0, 0, 0, 10, 5, 0, 0, 0, 0, 0, 0, 0, 0, 0, 0, 0, 0, 0, 0, 0, 0, 0, 0, 0, 0, 0, 0, 0, 0, 10, 6, 2, 0, 0, 0, 0
[2026-05-08 09:36:44.243]<DEBUG> [TCP]TCP cache size: 10 bytes.
[2026-05-08 09:36:44.243]<DEBUG> [TCP]TCP cache: 0, 10, 6, 2, 0, 0, 0, 0, 0, 0
[2026-05-08 09:36:44.344]<DEBUG> [TCP]TCP cache size: 41 bytes.
[2026-05-08 09:36:44.344]<DEBUG> [TCP]TCP cache: 6, 2, 0, 0, 0, 0, 0, 0, 10, 5, 0, 0, 0, 0, 0, 0, 0, 0, 0, 0, 0, 0, 0, 0, 0, 0, 0, 0, 0, 0, 0, 0, 0, 0, 10, 6, 2, 0, 0, 0, 0
[2026-05-08 09:36:44.345]<DEBUG> [TCP]TCP cache size: 10 bytes.
[2026-05-08 09:36:44.345]<DEBUG> [TCP]TCP cache: 0, 10, 6, 2, 0, 0, 0, 0, 0, 0
[2026-05-08 09:36:44.445]<DEBUG> [TCP]TCP cache size: 41 bytes.
[2026-05-08 09:36:44.445]<DEBUG> [TCP]TCP cache: 6, 2, 0, 0, 0, 0, 0, 0, 10, 5, 0, 0, 0, 0, 0, 0, 0, 0, 0, 0, 0, 0, 0, 0, 0, 0, 0, 0, 0, 0, 0, 0, 0, 0, 10, 6, 2, 0, 0, 0, 0
[2026-05-08 09:36:44.445]<DEBUG> [TCP]TCP cache size: 10 bytes.
[2026-05-08 09:36:44.445]<DEBUG> [TCP]TCP cache: 0, 10, 6, 2, 0, 0, 0, 0, 0, 0
[2026-05-08 09:36:44.549]<DEBUG> [TCP]TCP cache size: 41 bytes.
[2026-05-08 09:36:44.549]<DEBUG> [TCP]TCP cache: 6, 2, 0, 0, 0, 0, 0, 0, 10, 5, 0, 0, 0, 0, 0, 0, 0, 0, 0, 0, 0, 0, 0, 0, 0, 0, 0, 0, 0, 0, 0, 0, 0, 0, 10, 6, 2, 0, 0, 0, 0
[2026-05-08 09:36:44.549]<DEBUG> [TCP]TCP cache size: 10 bytes.
[2026-05-08 09:36:44.549]<DEBUG> [TCP]TCP cache: 0, 10, 6, 2, 0, 0, 0, 0, 0, 0
[2026-05-08 09:36:44.647]<DEBUG> [TCP]TCP cache size: 41 bytes.
[2026-05-08 09:36:44.648]<DEBUG> [TCP]TCP cache: 6, 2, 0, 0, 0, 0, 0, 0, 10, 5, 0, 0, 0, 0, 0, 0, 0, 0, 0, 0, 0, 0, 0, 0, 0, 0, 0, 0, 0, 0, 0, 0, 0, 0, 10, 6, 2, 0, 0, 0, 0
[2026-05-08 09:36:44.648]<DEBUG> [TCP]TCP cache size: 10 bytes.
[2026-05-08 09:36:44.648]<DEBUG> [TCP]TCP cache: 0, 10, 6, 2, 0, 0, 0, 0, 0, 0
[2026-05-08 09:36:44.745]<DEBUG> [TCP]TCP cache size: 41 bytes.
[2026-05-08 09:36:44.745]<DEBUG> [TCP]TCP cache: 6, 2, 0, 0, 0, 0, 0, 0, 10, 5, 0, 0, 0, 0, 0, 0, 0, 0, 0, 0, 0, 0, 0, 0, 0, 0, 0, 0, 0, 0, 0, 0, 0, 0, 10, 6, 2, 0, 0, 0, 0
[2026-05-08 09:36:44.745]<DEBUG> [TCP]TCP cache size: 10 bytes.
[2026-05-08 09:36:44.745]<DEBUG> [TCP]TCP cache: 0, 10, 6, 2, 0, 0, 0, 0, 0, 0
[2026-05-08 09:36:44.856]<DEBUG> [TCP]TCP cache size: 41 bytes.
[2026-05-08 09:36:44.856]<DEBUG> [TCP]TCP cache: 6, 2, 0, 0, 0, 0, 0, 0, 10, 5, 0, 0, 0, 0, 0, 0, 0, 0, 0, 0, 0, 0, 0, 0, 0, 0, 0, 0, 0, 0, 0, 0, 0, 0, 10, 6, 2, 0, 0, 0, 0
[2026-05-08 09:36:44.856]<DEBUG> [TCP]TCP cache size: 10 bytes.
[2026-05-08 09:36:44.856]<DEBUG> [TCP]TCP cache: 0, 10, 6, 2, 0, 0, 0, 0, 0, 0
[2026-05-08 09:36:44.955]<DEBUG> [TCP]TCP cache size: 41 bytes.
[2026-05-08 09:36:44.955]<DEBUG> [TCP]TCP cache: 6, 2, 0, 0, 0, 0, 0, 0, 10, 5, 0, 0, 0, 0, 0, 0, 0, 0, 0, 0, 0, 0, 0, 0, 0, 0, 0, 0, 0, 0, 0, 0, 0, 0, 10, 6, 2, 0, 0, 0, 0
[2026-05-08 09:36:44.955]<DEBUG> [TCP]TCP cache size: 10 bytes.
[2026-05-08 09:36:44.955]<DEBUG> [TCP]TCP cache: 0, 10, 6, 2, 0, 0, 0, 0, 0, 0
[2026-05-08 09:36:45.048]<DEBUG> [TCP]TCP cache size: 41 bytes.
[2026-05-08 09:36:45.048]<DEBUG> [TCP]TCP cache: 6, 2, 0, 0, 0, 0, 0, 0, 10, 5, 0, 0, 0, 0, 0, 0, 0, 0, 0, 0, 0, 0, 0, 0, 0, 0, 0, 0, 0, 0, 0, 0, 0, 0, 10, 6, 2, 0, 0, 0, 0
[2026-05-08 09:36:45.048]<DEBUG> [TCP]TCP cache size: 10 bytes.
[2026-05-08 09:36:45.049]<DEBUG> [TCP]TCP cache: 0, 10, 6, 2, 0, 0, 0, 0, 0, 0
[2026-05-08 09:36:45.148]<DEBUG> [TCP]TCP cache size: 41 bytes.
[2026-05-08 09:36:45.149]<DEBUG> [TCP]TCP cache: 6, 2, 0, 0, 0, 0, 0, 0, 10, 5, 0, 0, 0, 0, 0, 0, 0, 0, 0, 0, 0, 0, 0, 0, 0, 0, 0, 0, 0, 0, 0, 0, 0, 0, 10, 6, 2, 0, 0, 0, 0
[2026-05-08 09:36:45.149]<DEBUG> [TCP]TCP cache size: 10 bytes.
[2026-05-08 09:36:45.149]<DEBUG> [TCP]TCP cache: 0, 10, 6, 2, 0, 0, 0, 0, 0, 0
[2026-05-08 09:36:45.248]<DEBUG> [TCP]TCP cache size: 41 bytes.
[2026-05-08 09:36:45.248]<DEBUG> [TCP]TCP cache: 6, 2, 0, 0, 0, 0, 0, 0, 10, 5, 0, 0, 0, 0, 0, 0, 0, 0, 0, 0, 0, 0, 0, 0, 0, 0, 0, 0, 0, 0, 0, 0, 0, 0, 10, 6, 2, 0, 0, 0, 0
[2026-05-08 09:36:45.248]<DEBUG> [TCP]TCP cache size: 10 bytes.
[2026-05-08 09:36:45.249]<DEBUG> [TCP]TCP cache: 0, 10, 6, 2, 0, 0, 0, 0, 0, 0
[2026-05-08 09:36:45.349]<DEBUG> [TCP]TCP cache size: 41 bytes.
[2026-05-08 09:36:45.349]<DEBUG> [TCP]TCP cache: 6, 2, 0, 0, 0, 0, 0, 0, 10, 5, 0, 0, 0, 0, 0, 0, 0, 0, 0, 0, 0, 0, 0, 0, 0, 0, 0, 0, 0, 0, 0, 0, 0, 0, 10, 6, 2, 0, 0, 0, 0
[2026-05-08 09:36:45.349]<DEBUG> [TCP]TCP cache size: 10 bytes.
[2026-05-08 09:36:45.349]<DEBUG> [TCP]TCP cache: 0, 10, 6, 2, 0, 0, 0, 0, 0, 0
[2026-05-08 09:36:45.447]<DEBUG> [TCP]TCP cache size: 41 bytes.
[2026-05-08 09:36:45.448]<DEBUG> [TCP]TCP cache: 6, 2, 0, 0, 0, 0, 0, 0, 10, 5, 0, 0, 0, 0, 0, 0, 0, 0, 0, 0, 0, 0, 0, 0, 0, 0, 0, 0, 0, 0, 0, 0, 0, 0, 10, 6, 2, 0, 0, 0, 0
[2026-05-08 09:36:45.448]<DEBUG> [TCP]TCP cache size: 10 bytes.
[2026-05-08 09:36:45.448]<DEBUG> [TCP]TCP cache: 0, 10, 6, 2, 0, 0, 0, 0, 0, 0
[2026-05-08 09:36:45.547]<DEBUG> [TCP]TCP cache size: 41 bytes.
[2026-05-08 09:36:45.548]<DEBUG> [TCP]TCP cache: 6, 2, 0, 0, 0, 0, 0, 0, 10, 5, 0, 0, 0, 0, 0, 0, 0, 0, 0, 0, 0, 0, 0, 0, 0, 0, 0, 0, 0, 0, 0, 0, 0, 0, 10, 6, 2, 0, 0, 0, 0
[2026-05-08 09:36:45.548]<DEBUG> [TCP]TCP cache size: 10 bytes.
[2026-05-08 09:36:45.548]<DEBUG> [TCP]TCP cache: 0, 10, 6, 2, 0, 0, 0, 0, 0, 0
[2026-05-08 09:36:45.651]<DEBUG> [TCP]TCP cache size: 41 bytes.
[2026-05-08 09:36:45.651]<DEBUG> [TCP]TCP cache: 6, 2, 0, 0, 0, 0, 0, 0, 10, 5, 0, 0, 0, 0, 0, 0, 0, 0, 0, 0, 0, 0, 0, 0, 0, 0, 0, 0, 0, 0, 0, 0, 0, 0, 10, 6, 2, 0, 0, 0, 0
[2026-05-08 09:36:45.651]<DEBUG> [TCP]TCP cache size: 10 bytes.
[2026-05-08 09:36:45.651]<DEBUG> [TCP]TCP cache: 0, 10, 6, 2, 0, 0, 0, 0, 0, 0
[2026-05-08 09:36:45.751]<DEBUG> [TCP]TCP cache size: 41 bytes.
[2026-05-08 09:36:45.751]<DEBUG> [TCP]TCP cache: 6, 2, 0, 0, 0, 0, 0, 0, 10, 5, 0, 0, 0, 0, 0, 0, 0, 0, 0, 0, 0, 0, 0, 0, 0, 0, 0, 0, 0, 0, 0, 0, 0, 0, 10, 6, 2, 0, 0, 0, 0
[2026-05-08 09:36:45.751]<DEBUG> [TCP]TCP cache size: 10 bytes.
[2026-05-08 09:36:45.751]<DEBUG> [TCP]TCP cache: 0, 10, 6, 2, 0, 0, 0, 0, 0, 0
[2026-05-08 09:36:45.850]<DEBUG> [TCP]TCP cache size: 41 bytes.
[2026-05-08 09:36:45.850]<DEBUG> [TCP]TCP cache: 6, 2, 0, 0, 0, 0, 0, 0, 10, 5, 0, 0, 0, 0, 0, 0, 0, 0, 0, 0, 0, 0, 0, 0, 0, 0, 0, 0, 0, 0, 0, 0, 0, 0, 10, 6, 2, 0, 0, 0, 0
[2026-05-08 09:36:45.850]<DEBUG> [TCP]TCP cache size: 10 bytes.
[2026-05-08 09:36:45.850]<DEBUG> [TCP]TCP cache: 0, 10, 6, 2, 0, 0, 0, 0, 0, 0
[2026-05-08 09:36:45.954]<DEBUG> [TCP]TCP cache size: 41 bytes.
[2026-05-08 09:36:45.988]<DEBUG> [TCP]TCP cache: 6, 2, 0, 0, 0, 0, 0, 0, 10, 5, 0, 0, 0, 0, 0, 0, 0, 0, 0, 0, 0, 0, 0, 0, 0, 0, 0, 0, 0, 0, 0, 0, 0, 0, 10, 6, 2, 0, 0, 0, 0
[2026-05-08 09:36:45.988]<DEBUG> [TCP]TCP cache size: 10 bytes.
[2026-05-08 09:36:45.988]<DEBUG> [TCP]TCP cache: 0, 10, 6, 2, 0, 0, 0, 0, 0, 0
[2026-05-08 09:36:46.051]<DEBUG> [TCP]TCP cache size: 41 bytes.
[2026-05-08 09:36:46.051]<DEBUG> [TCP]TCP cache: 6, 2, 0, 0, 0, 0, 0, 0, 10, 5, 0, 0, 0, 0, 0, 0, 0, 0, 0, 0, 0, 0, 0, 0, 0, 0, 0, 0, 0, 0, 0, 0, 0, 0, 10, 6, 2, 0, 0, 0, 0
[2026-05-08 09:36:46.051]<DEBUG> [TCP]TCP cache size: 10 bytes.
[2026-05-08 09:36:46.051]<DEBUG> [TCP]TCP cache: 0, 10, 6, 2, 0, 0, 0, 0, 0, 0
[2026-05-08 09:36:46.148]<DEBUG> [TCP]TCP cache size: 41 bytes.
[2026-05-08 09:36:46.148]<DEBUG> [TCP]TCP cache: 6, 2, 0, 0, 0, 0, 0, 0, 10, 5, 0, 0, 0, 0, 0, 0, 0, 0, 0, 0, 0, 0, 0, 0, 0, 0, 0, 0, 0, 0, 0, 0, 0, 0, 10, 6, 2, 0, 0, 0, 0
[2026-05-08 09:36:46.148]<DEBUG> [TCP]TCP cache size: 10 bytes.
[2026-05-08 09:36:46.148]<DEBUG> [TCP]TCP cache: 0, 10, 6, 2, 0, 0, 0, 0, 0, 0
[2026-05-08 09:36:46.249]<DEBUG> [TCP]TCP cache size: 41 bytes.
[2026-05-08 09:36:46.249]<DEBUG> [TCP]TCP cache: 6, 2, 0, 0, 0, 0, 0, 0, 10, 5, 0, 0, 0, 0, 0, 0, 0, 0, 0, 0, 0, 0, 0, 0, 0, 0, 0, 0, 0, 0, 0, 0, 0, 0, 10, 6, 2, 0, 0, 0, 0
[2026-05-08 09:36:46.249]<DEBUG> [TCP]TCP cache size: 10 bytes.
[2026-05-08 09:36:46.250]<DEBUG> [TCP]TCP cache: 0, 10, 6, 2, 0, 0, 0, 0, 0, 0
[2026-05-08 09:36:46.350]<DEBUG> [TCP]TCP cache size: 41 bytes.
[2026-05-08 09:36:46.350]<DEBUG> [TCP]TCP cache: 6, 2, 0, 0, 0, 0, 0, 0, 10, 5, 0, 0, 0, 0, 0, 0, 0, 0, 0, 0, 0, 0, 0, 0, 0, 0, 0, 0, 0, 0, 0, 0, 0, 0, 10, 6, 2, 0, 0, 0, 0
[2026-05-08 09:36:46.350]<DEBUG> [TCP]TCP cache size: 10 bytes.
[2026-05-08 09:36:46.350]<DEBUG> [TCP]TCP cache: 0, 10, 6, 2, 0, 0, 0, 0, 0, 0
[2026-05-08 09:36:46.451]<DEBUG> [TCP]TCP cache size: 41 bytes.
[2026-05-08 09:36:46.452]<DEBUG> [TCP]TCP cache: 6, 2, 0, 0, 0, 0, 0, 0, 10, 5, 0, 0, 0, 0, 0, 0, 0, 0, 0, 0, 0, 0, 0, 0, 0, 0, 0, 0, 0, 0, 0, 0, 0, 0, 10, 6, 2, 0, 0, 0, 0
[2026-05-08 09:36:46.452]<DEBUG> [TCP]TCP cache size: 10 bytes.
[2026-05-08 09:36:46.452]<DEBUG> [TCP]TCP cache: 0, 10, 6, 2, 0, 0, 0, 0, 0, 0
[2026-05-08 09:36:46.555]<DEBUG> [TCP]TCP cache size: 41 bytes.
[2026-05-08 09:36:46.555]<DEBUG> [TCP]TCP cache: 6, 2, 0, 0, 0, 0, 0, 0, 10, 5, 0, 0, 0, 0, 0, 0, 0, 0, 0, 0, 0, 0, 0, 0, 0, 0, 0, 0, 0, 0, 0, 0, 0, 0, 10, 6, 2, 0, 0, 0, 0
[2026-05-08 09:36:46.555]<DEBUG> [TCP]TCP cache size: 10 bytes.
[2026-05-08 09:36:46.555]<DEBUG> [TCP]TCP cache: 0, 10, 6, 2, 0, 0, 0, 0, 0, 0
[2026-05-08 09:36:46.650]<DEBUG> [TCP]TCP cache size: 41 bytes.
[2026-05-08 09:36:46.651]<DEBUG> [TCP]TCP cache: 6, 2, 0, 0, 0, 0, 0, 0, 10, 5, 0, 0, 0, 0, 0, 0, 0, 0, 0, 0, 0, 0, 0, 0, 0, 0, 0, 0, 0, 0, 0, 0, 0, 0, 10, 6, 2, 0, 0, 0, 0
[2026-05-08 09:36:46.651]<DEBUG> [TCP]TCP cache size: 10 bytes.
[2026-05-08 09:36:46.651]<DEBUG> [TCP]TCP cache: 0, 10, 6, 2, 0, 0, 0, 0, 0, 0
[2026-05-08 09:36:46.752]<DEBUG> [TCP]TCP cache size: 41 bytes.
[2026-05-08 09:36:46.752]<DEBUG> [TCP]TCP cache: 6, 2, 0, 0, 0, 0, 0, 0, 10, 5, 0, 0, 0, 0, 0, 0, 0, 0, 0, 0, 0, 0, 0, 0, 0, 0, 0, 0, 0, 0, 0, 0, 0, 0, 10, 6, 2, 0, 0, 0, 0
[2026-05-08 09:36:46.753]<DEBUG> [TCP]TCP cache size: 10 bytes.
[2026-05-08 09:36:46.753]<DEBUG> [TCP]TCP cache: 0, 10, 6, 2, 0, 0, 0, 0, 0, 0
[2026-05-08 09:36:46.852]<DEBUG> [TCP]TCP cache size: 41 bytes.
[2026-05-08 09:36:46.852]<DEBUG> [TCP]TCP cache: 6, 2, 0, 0, 0, 0, 0, 0, 10, 5, 0, 0, 0, 0, 0, 0, 0, 0, 0, 0, 0, 0, 0, 0, 0, 0, 0, 0, 0, 0, 0, 0, 0, 0, 10, 6, 2, 0, 0, 0, 0
[2026-05-08 09:36:46.852]<DEBUG> [TCP]TCP cache size: 10 bytes.
[2026-05-08 09:36:46.852]<DEBUG> [TCP]TCP cache: 0, 10, 6, 2, 0, 0, 0, 0, 0, 0
[2026-05-08 09:36:46.956]<DEBUG> [TCP]TCP cache size: 41 bytes.
[2026-05-08 09:36:46.957]<DEBUG> [TCP]TCP cache: 6, 2, 0, 0, 0, 0, 0, 0, 10, 5, 0, 0, 0, 0, 0, 0, 0, 0, 0, 0, 0, 0, 0, 0, 0, 0, 0, 0, 0, 0, 0, 0, 0, 0, 10, 6, 2, 0, 0, 0, 0
[2026-05-08 09:36:46.957]<DEBUG> [TCP]TCP cache size: 10 bytes.
[2026-05-08 09:36:46.957]<DEBUG> [TCP]TCP cache: 0, 10, 6, 2, 0, 0, 0, 0, 0, 0
[2026-05-08 09:36:47.058]<DEBUG> [TCP]TCP cache size: 41 bytes.
[2026-05-08 09:36:47.059]<DEBUG> [TCP]TCP cache: 6, 2, 0, 0, 0, 0, 0, 0, 10, 5, 0, 0, 0, 0, 0, 0, 0, 0, 0, 0, 0, 0, 0, 0, 0, 0, 0, 0, 0, 0, 0, 0, 0, 0, 10, 6, 2, 0, 0, 0, 0
[2026-05-08 09:36:47.059]<DEBUG> [TCP]TCP cache size: 10 bytes.
[2026-05-08 09:36:47.059]<DEBUG> [TCP]TCP cache: 0, 10, 6, 2, 0, 0, 0, 0, 0, 0
[2026-05-08 09:36:47.161]<DEBUG> [TCP]TCP cache size: 41 bytes.
[2026-05-08 09:36:47.161]<DEBUG> [TCP]TCP cache: 6, 2, 0, 0, 0, 0, 0, 0, 10, 5, 0, 0, 0, 0, 0, 0, 0, 0, 0, 0, 0, 0, 0, 0, 0, 0, 0, 0, 0, 0, 0, 0, 0, 0, 10, 6, 2, 0, 0, 0, 0
[2026-05-08 09:36:47.161]<DEBUG> [TCP]TCP cache size: 10 bytes.
[2026-05-08 09:36:47.161]<DEBUG> [TCP]TCP cache: 0, 10, 6, 2, 0, 0, 0, 0, 0, 0
[2026-05-08 09:36:47.255]<DEBUG> [TCP]TCP cache size: 41 bytes.
[2026-05-08 09:36:47.255]<DEBUG> [TCP]TCP cache: 6, 2, 0, 0, 0, 0, 0, 0, 10, 5, 0, 0, 0, 0, 0, 0, 0, 0, 0, 0, 0, 0, 0, 0, 0, 0, 0, 0, 0, 0, 0, 0, 0, 0, 10, 6, 2, 0, 0, 0, 0
[2026-05-08 09:36:47.255]<DEBUG> [TCP]TCP cache size: 10 bytes.
[2026-05-08 09:36:47.256]<DEBUG> [TCP]TCP cache: 0, 10, 6, 2, 0, 0, 0, 0, 0, 0
[2026-05-08 09:36:47.359]<DEBUG> [TCP]TCP cache size: 41 bytes.
[2026-05-08 09:36:47.359]<DEBUG> [TCP]TCP cache: 6, 2, 0, 0, 0, 0, 0, 0, 10, 5, 0, 0, 0, 0, 0, 0, 0, 0, 0, 0, 0, 0, 0, 0, 0, 0, 0, 0, 0, 0, 0, 0, 0, 0, 10, 6, 2, 0, 0, 0, 0
[2026-05-08 09:36:47.359]<DEBUG> [TCP]TCP cache size: 10 bytes.
[2026-05-08 09:36:47.360]<DEBUG> [TCP]TCP cache: 0, 10, 6, 2, 0, 0, 0, 0, 0, 0
[2026-05-08 09:36:47.456]<DEBUG> [TCP]TCP cache size: 41 bytes.
[2026-05-08 09:36:47.457]<DEBUG> [TCP]TCP cache: 6, 2, 0, 0, 0, 0, 0, 0, 10, 5, 0, 0, 0, 0, 0, 0, 0, 0, 0, 0, 0, 0, 0, 0, 0, 0, 0, 0, 0, 0, 0, 0, 0, 0, 10, 6, 2, 0, 0, 0, 0
[2026-05-08 09:36:47.457]<DEBUG> [TCP]TCP cache size: 10 bytes.
[2026-05-08 09:36:47.457]<DEBUG> [TCP]TCP cache: 0, 10, 6, 2, 0, 0, 0, 0, 0, 0
[2026-05-08 09:36:47.554]<DEBUG> [TCP]TCP cache size: 41 bytes.
[2026-05-08 09:36:47.555]<DEBUG> [TCP]TCP cache: 6, 2, 0, 0, 0, 0, 0, 0, 10, 5, 0, 0, 0, 0, 0, 0, 0, 0, 0, 0, 0, 0, 0, 0, 0, 0, 0, 0, 0, 0, 0, 0, 0, 0, 10, 6, 2, 0, 0, 0, 0
[2026-05-08 09:36:47.555]<DEBUG> [TCP]TCP cache size: 10 bytes.
[2026-05-08 09:36:47.555]<DEBUG> [TCP]TCP cache: 0, 10, 6, 2, 0, 0, 0, 0, 0, 0
[2026-05-08 09:36:47.656]<DEBUG> [TCP]TCP cache size: 41 bytes.
[2026-05-08 09:36:47.656]<DEBUG> [TCP]TCP cache: 6, 2, 0, 0, 0, 0, 0, 0, 10, 5, 0, 0, 0, 0, 0, 0, 0, 0, 0, 0, 0, 0, 0, 0, 0, 0, 0, 0, 0, 0, 0, 0, 0, 0, 10, 6, 2, 0, 0, 0, 0
[2026-05-08 09:36:47.656]<DEBUG> [TCP]TCP cache size: 10 bytes.
[2026-05-08 09:36:47.656]<DEBUG> [TCP]TCP cache: 0, 10, 6, 2, 0, 0, 0, 0, 0, 0
[2026-05-08 09:36:47.752]<DEBUG> [TCP]TCP cache size: 41 bytes.
[2026-05-08 09:36:47.753]<DEBUG> [TCP]TCP cache: 6, 2, 0, 0, 0, 0, 0, 0, 10, 5, 0, 0, 0, 0, 0, 0, 0, 0, 0, 0, 0, 0, 0, 0, 0, 0, 0, 0, 0, 0, 0, 0, 0, 0, 10, 6, 2, 0, 0, 0, 0
[2026-05-08 09:36:47.753]<DEBUG> [TCP]TCP cache size: 10 bytes.
[2026-05-08 09:36:47.753]<DEBUG> [TCP]TCP cache: 0, 10, 6, 2, 0, 0, 0, 0, 0, 0
[2026-05-08 09:36:47.858]<DEBUG> [TCP]TCP cache size: 41 bytes.
[2026-05-08 09:36:47.858]<DEBUG> [TCP]TCP cache: 6, 2, 0, 0, 0, 0, 0, 0, 10, 5, 0, 0, 0, 0, 0, 0, 0, 0, 0, 0, 0, 0, 0, 0, 0, 0, 0, 0, 0, 0, 0, 0, 0, 0, 10, 6, 2, 0, 0, 0, 0
[2026-05-08 09:36:47.858]<DEBUG> [TCP]TCP cache size: 10 bytes.
[2026-05-08 09:36:47.858]<DEBUG> [TCP]TCP cache: 0, 10, 6, 2, 0, 0, 0, 0, 0, 0
[2026-05-08 09:36:47.954]<DEBUG> [TCP]TCP cache size: 41 bytes.
[2026-05-08 09:36:47.954]<DEBUG> [TCP]TCP cache: 6, 2, 0, 0, 0, 0, 0, 0, 10, 5, 0, 0, 0, 0, 0, 0, 0, 0, 0, 0, 0, 0, 0, 0, 0, 0, 0, 0, 0, 0, 0, 0, 0, 0, 10, 6, 2, 0, 0, 0, 0
[2026-05-08 09:36:47.954]<DEBUG> [TCP]TCP cache size: 10 bytes.
[2026-05-08 09:36:47.954]<DEBUG> [TCP]TCP cache: 0, 10, 6, 2, 0, 0, 0, 0, 0, 0
[2026-05-08 09:36:48.255]<DEBUG> [TCP]TCP cache size: 41 bytes.
[2026-05-08 09:36:48.255]<DEBUG> [TCP]TCP cache: 6, 2, 0, 0, 0, 0, 0, 0, 10, 5, 0, 0, 0, 0, 0, 0, 0, 0, 0, 0, 0, 0, 0, 0, 0, 0, 0, 0, 0, 0, 0, 0, 0, 0, 10, 6, 2, 0, 0, 0, 0
[2026-05-08 09:36:48.255]<DEBUG> [TCP]TCP cache size: 10 bytes.
[2026-05-08 09:36:48.255]<DEBUG> [TCP]TCP cache: 0, 10, 6, 2, 0, 0, 0, 0, 0, 0
[2026-05-08 09:36:48.255]<DEBUG> [TCP]TCP cache size: 41 bytes.
[2026-05-08 09:36:48.255]<DEBUG> [TCP]TCP cache: 6, 2, 0, 0, 0, 0, 0, 0, 10, 5, 0, 0, 0, 0, 0, 0, 0, 0, 0, 0, 0, 0, 0, 0, 0, 0, 0, 0, 0, 0, 0, 0, 0, 0, 10, 6, 2, 0, 0, 0, 0
[2026-05-08 09:36:48.256]<DEBUG> [TCP]TCP cache size: 10 bytes.
[2026-05-08 09:36:48.256]<DEBUG> [TCP]TCP cache: 0, 10, 6, 2, 0, 0, 0, 0, 0, 0
[2026-05-08 09:36:48.256]<DEBUG> [TCP]TCP cache size: 41 bytes.
[2026-05-08 09:36:48.256]<DEBUG> [TCP]TCP cache: 6, 2, 0, 0, 0, 0, 0, 0, 10, 5, 0, 0, 0, 0, 0, 0, 0, 0, 0, 0, 0, 0, 0, 0, 0, 0, 0, 0, 0, 0, 0, 0, 0, 0, 10, 6, 2, 0, 0, 0, 0
[2026-05-08 09:36:48.256]<DEBUG> [TCP]TCP cache size: 10 bytes.
[2026-05-08 09:36:48.256]<DEBUG> [TCP]TCP cache: 0, 10, 6, 2, 0, 0, 0, 0, 0, 0
[2026-05-08 09:36:48.353]<DEBUG> [TCP]TCP cache size: 41 bytes.
[2026-05-08 09:36:48.353]<DEBUG> [TCP]TCP cache: 6, 2, 0, 0, 0, 0, 0, 0, 10, 5, 0, 0, 0, 0, 0, 0, 0, 0, 0, 0, 0, 0, 0, 0, 0, 0, 0, 0, 0, 0, 0, 0, 0, 0, 10, 6, 2, 0, 0, 0, 0
[2026-05-08 09:36:48.353]<DEBUG> [TCP]TCP cache size: 10 bytes.
[2026-05-08 09:36:48.353]<DEBUG> [TCP]TCP cache: 0, 10, 6, 2, 0, 0, 0, 0, 0, 0
[2026-05-08 09:36:48.456]<DEBUG> [TCP]TCP cache size: 41 bytes.
[2026-05-08 09:36:48.456]<DEBUG> [TCP]TCP cache: 6, 2, 0, 0, 0, 0, 0, 0, 10, 5, 0, 0, 0, 0, 0, 0, 0, 0, 0, 0, 0, 0, 0, 0, 0, 0, 0, 0, 0, 0, 0, 0, 0, 0, 10, 6, 2, 0, 0, 0, 0
[2026-05-08 09:36:48.456]<DEBUG> [TCP]TCP cache size: 10 bytes.
[2026-05-08 09:36:48.457]<DEBUG> [TCP]TCP cache: 0, 10, 6, 2, 0, 0, 0, 0, 0, 0
[2026-05-08 09:36:48.560]<DEBUG> [TCP]TCP cache size: 41 bytes.
[2026-05-08 09:36:48.560]<DEBUG> [TCP]TCP cache: 6, 2, 0, 0, 0, 0, 0, 0, 10, 5, 0, 0, 0, 0, 0, 0, 0, 0, 0, 0, 0, 0, 0, 0, 0, 0, 0, 0, 0, 0, 0, 0, 0, 0, 10, 6, 2, 0, 0, 0, 0
[2026-05-08 09:36:48.560]<DEBUG> [TCP]TCP cache size: 10 bytes.
[2026-05-08 09:36:48.560]<DEBUG> [TCP]TCP cache: 0, 10, 6, 2, 0, 0, 0, 0, 0, 0
[2026-05-08 09:36:48.656]<DEBUG> [TCP]TCP cache size: 41 bytes.
[2026-05-08 09:36:48.656]<DEBUG> [TCP]TCP cache: 6, 2, 0, 0, 0, 0, 0, 0, 10, 5, 0, 0, 0, 0, 0, 0, 0, 0, 0, 0, 0, 0, 0, 0, 0, 0, 0, 0, 0, 0, 0, 0, 0, 0, 10, 6, 2, 0, 0, 0, 0
[2026-05-08 09:36:48.656]<DEBUG> [TCP]TCP cache size: 10 bytes.
[2026-05-08 09:36:48.656]<DEBUG> [TCP]TCP cache: 0, 10, 6, 2, 0, 0, 0, 0, 0, 0
[2026-05-08 09:36:48.756]<DEBUG> [TCP]TCP cache size: 41 bytes.
[2026-05-08 09:36:48.756]<DEBUG> [TCP]TCP cache: 6, 2, 0, 0, 0, 0, 0, 0, 10, 5, 0, 0, 0, 0, 0, 0, 0, 0, 0, 0, 0, 0, 0, 0, 0, 0, 0, 0, 0, 0, 0, 0, 0, 0, 10, 6, 2, 0, 0, 0, 0
[2026-05-08 09:36:48.756]<DEBUG> [TCP]TCP cache size: 10 bytes.
[2026-05-08 09:36:48.756]<DEBUG> [TCP]TCP cache: 0, 10, 6, 2, 0, 0, 0, 0, 0, 0
[2026-05-08 09:36:48.858]<DEBUG> [TCP]TCP cache size: 41 bytes.
[2026-05-08 09:36:48.859]<DEBUG> [TCP]TCP cache: 6, 2, 0, 0, 0, 0, 0, 0, 10, 5, 0, 0, 0, 0, 0, 0, 0, 0, 0, 0, 0, 0, 0, 0, 0, 0, 0, 0, 0, 0, 0, 0, 0, 0, 10, 6, 2, 0, 0, 0, 0
[2026-05-08 09:36:48.859]<DEBUG> [TCP]TCP cache size: 10 bytes.
[2026-05-08 09:36:48.859]<DEBUG> [TCP]TCP cache: 0, 10, 6, 2, 0, 0, 0, 0, 0, 0
[2026-05-08 09:36:48.962]<DEBUG> [TCP]TCP cache size: 41 bytes.
[2026-05-08 09:36:48.962]<DEBUG> [TCP]TCP cache: 6, 2, 0, 0, 0, 0, 0, 0, 10, 5, 0, 0, 0, 0, 0, 0, 0, 0, 0, 0, 0, 0, 0, 0, 0, 0, 0, 0, 0, 0, 0, 0, 0, 0, 10, 6, 2, 0, 0, 0, 0
[2026-05-08 09:36:48.962]<DEBUG> [TCP]TCP cache size: 10 bytes.
[2026-05-08 09:36:48.962]<DEBUG> [TCP]TCP cache: 0, 10, 6, 2, 0, 0, 0, 0, 0, 0
[2026-05-08 09:36:49.061]<DEBUG> [TCP]TCP cache size: 41 bytes.
[2026-05-08 09:36:49.061]<DEBUG> [TCP]TCP cache: 6, 2, 0, 0, 0, 0, 0, 0, 10, 5, 0, 0, 0, 0, 0, 0, 0, 0, 0, 0, 0, 0, 0, 0, 0, 0, 0, 0, 0, 0, 0, 0, 0, 0, 10, 6, 2, 0, 0, 0, 0
[2026-05-08 09:36:49.061]<DEBUG> [TCP]TCP cache size: 10 bytes.
[2026-05-08 09:36:49.062]<DEBUG> [TCP]TCP cache: 0, 10, 6, 2, 0, 0, 0, 0, 0, 0
[2026-05-08 09:36:49.161]<DEBUG> [TCP]TCP cache size: 41 bytes.
[2026-05-08 09:36:49.162]<DEBUG> [TCP]TCP cache: 6, 2, 0, 0, 0, 0, 0, 0, 10, 5, 0, 0, 0, 0, 0, 0, 0, 0, 0, 0, 0, 0, 0, 0, 0, 0, 0, 0, 0, 0, 0, 0, 0, 0, 10, 6, 2, 0, 0, 0, 0
[2026-05-08 09:36:49.162]<DEBUG> [TCP]TCP cache size: 10 bytes.
[2026-05-08 09:36:49.162]<DEBUG> [TCP]TCP cache: 0, 10, 6, 2, 0, 0, 0, 0, 0, 0
[2026-05-08 09:36:49.260]<DEBUG> [TCP]TCP cache size: 41 bytes.
[2026-05-08 09:36:49.260]<DEBUG> [TCP]TCP cache: 6, 2, 0, 0, 0, 0, 0, 0, 10, 5, 0, 0, 0, 0, 0, 0, 0, 0, 0, 0, 0, 0, 0, 0, 0, 0, 0, 0, 0, 0, 0, 0, 0, 0, 10, 6, 2, 0, 0, 0, 0
[2026-05-08 09:36:49.261]<DEBUG> [TCP]TCP cache size: 10 bytes.
[2026-05-08 09:36:49.261]<DEBUG> [TCP]TCP cache: 0, 10, 6, 2, 0, 0, 0, 0, 0, 0
[2026-05-08 09:36:49.361]<DEBUG> [TCP]TCP cache size: 41 bytes.
[2026-05-08 09:36:49.361]<DEBUG> [TCP]TCP cache: 6, 2, 0, 0, 0, 0, 0, 0, 10, 5, 0, 0, 0, 0, 0, 0, 0, 0, 0, 0, 0, 0, 0, 0, 0, 0, 0, 0, 0, 0, 0, 0, 0, 0, 10, 6, 2, 0, 0, 0, 0
[2026-05-08 09:36:49.362]<DEBUG> [TCP]TCP cache size: 10 bytes.
[2026-05-08 09:36:49.362]<DEBUG> [TCP]TCP cache: 0, 10, 6, 2, 0, 0, 0, 0, 0, 0
[2026-05-08 09:36:49.456]<DEBUG> [TCP]TCP cache size: 41 bytes.
[2026-05-08 09:36:49.456]<DEBUG> [TCP]TCP cache: 6, 2, 0, 0, 0, 0, 0, 0, 10, 5, 0, 0, 0, 0, 0, 0, 0, 0, 0, 0, 0, 0, 0, 0, 0, 0, 0, 0, 0, 0, 0, 0, 0, 0, 10, 6, 2, 0, 0, 0, 0
[2026-05-08 09:36:49.456]<DEBUG> [TCP]TCP cache size: 10 bytes.
[2026-05-08 09:36:49.456]<DEBUG> [TCP]TCP cache: 0, 10, 6, 2, 0, 0, 0, 0, 0, 0
[2026-05-08 09:36:49.562]<DEBUG> [TCP]TCP cache size: 41 bytes.
[2026-05-08 09:36:49.562]<DEBUG> [TCP]TCP cache: 6, 2, 0, 0, 0, 0, 0, 0, 10, 5, 0, 0, 0, 0, 0, 0, 0, 0, 0, 0, 0, 0, 0, 0, 0, 0, 0, 0, 0, 0, 0, 0, 0, 0, 10, 6, 2, 0, 0, 0, 0
[2026-05-08 09:36:49.562]<DEBUG> [TCP]TCP cache size: 10 bytes.
[2026-05-08 09:36:49.562]<DEBUG> [TCP]TCP cache: 0, 10, 6, 2, 0, 0, 0, 0, 0, 0
[2026-05-08 09:36:49.658]<DEBUG> [TCP]TCP cache size: 41 bytes.
[2026-05-08 09:36:49.659]<DEBUG> [TCP]TCP cache: 6, 2, 0, 0, 0, 0, 0, 0, 10, 5, 0, 0, 0, 0, 0, 0, 0, 0, 0, 0, 0, 0, 0, 0, 0, 0, 0, 0, 0, 0, 0, 0, 0, 0, 10, 6, 2, 0, 0, 0, 0
[2026-05-08 09:36:49.659]<DEBUG> [TCP]TCP cache size: 10 bytes.
[2026-05-08 09:36:49.659]<DEBUG> [TCP]TCP cache: 0, 10, 6, 2, 0, 0, 0, 0, 0, 0
[2026-05-08 09:36:49.764]<DEBUG> [TCP]TCP cache size: 41 bytes.
[2026-05-08 09:36:49.765]<DEBUG> [TCP]TCP cache: 6, 2, 0, 0, 0, 0, 0, 0, 10, 5, 0, 0, 0, 0, 0, 0, 0, 0, 0, 0, 0, 0, 0, 0, 0, 0, 0, 0, 0, 0, 0, 0, 0, 0, 10, 6, 2, 0, 0, 0, 0
[2026-05-08 09:36:49.765]<DEBUG> [TCP]TCP cache size: 10 bytes.
[2026-05-08 09:36:49.765]<DEBUG> [TCP]TCP cache: 0, 10, 6, 2, 0, 0, 0, 0, 0, 0
[2026-05-08 09:36:49.862]<DEBUG> [TCP]TCP cache size: 41 bytes.
[2026-05-08 09:36:49.862]<DEBUG> [TCP]TCP cache: 6, 2, 0, 0, 0, 0, 0, 0, 10, 5, 0, 0, 0, 0, 0, 0, 0, 0, 0, 0, 0, 0, 0, 0, 0, 0, 0, 0, 0, 0, 0, 0, 0, 0, 10, 6, 2, 0, 0, 0, 0
[2026-05-08 09:36:49.862]<DEBUG> [TCP]TCP cache size: 10 bytes.
[2026-05-08 09:36:49.862]<DEBUG> [TCP]TCP cache: 0, 10, 6, 2, 0, 0, 0, 0, 0, 0
[2026-05-08 09:36:49.964]<DEBUG> [TCP]TCP cache size: 41 bytes.
[2026-05-08 09:36:49.964]<DEBUG> [TCP]TCP cache: 6, 2, 0, 0, 0, 0, 0, 0, 10, 5, 0, 0, 0, 0, 0, 0, 0, 0, 0, 0, 0, 0, 0, 0, 0, 0, 0, 0, 0, 0, 0, 0, 0, 0, 10, 6, 2, 0, 0, 0, 0
[2026-05-08 09:36:49.964]<DEBUG> [TCP]TCP cache size: 10 bytes.
[2026-05-08 09:36:49.964]<DEBUG> [TCP]TCP cache: 0, 10, 6, 2, 0, 0, 0, 0, 0, 0
[2026-05-08 09:36:50.058]<DEBUG> [TCP]TCP cache size: 41 bytes.
[2026-05-08 09:36:50.058]<DEBUG> [TCP]TCP cache: 6, 2, 0, 0, 0, 0, 0, 0, 10, 5, 0, 0, 0, 0, 0, 0, 0, 0, 0, 0, 0, 0, 0, 0, 0, 0, 0, 0, 0, 0, 0, 0, 0, 0, 10, 6, 2, 0, 0, 0, 0
[2026-05-08 09:36:50.058]<DEBUG> [TCP]TCP cache size: 10 bytes.
[2026-05-08 09:36:50.059]<DEBUG> [TCP]TCP cache: 0, 10, 6, 2, 0, 0, 0, 0, 0, 0
[2026-05-08 09:36:50.164]<DEBUG> [TCP]TCP cache size: 41 bytes.
[2026-05-08 09:36:50.164]<DEBUG> [TCP]TCP cache: 6, 2, 0, 0, 0, 0, 0, 0, 10, 5, 0, 0, 0, 0, 0, 0, 0, 0, 0, 0, 0, 0, 0, 0, 0, 0, 0, 0, 0, 0, 0, 0, 0, 0, 10, 6, 2, 0, 0, 0, 0
[2026-05-08 09:36:50.164]<DEBUG> [TCP]TCP cache size: 10 bytes.
[2026-05-08 09:36:50.165]<DEBUG> [TCP]TCP cache: 0, 10, 6, 2, 0, 0, 0, 0, 0, 0
[2026-05-08 09:36:50.257]<DEBUG> [TCP]TCP cache size: 41 bytes.
[2026-05-08 09:36:50.258]<DEBUG> [TCP]TCP cache: 6, 2, 0, 0, 0, 0, 0, 0, 10, 5, 0, 0, 0, 0, 0, 0, 0, 0, 0, 0, 0, 0, 0, 0, 0, 0, 0, 0, 0, 0, 0, 0, 0, 0, 10, 6, 2, 0, 0, 0, 0
[2026-05-08 09:36:50.258]<DEBUG> [TCP]TCP cache size: 10 bytes.
[2026-05-08 09:36:50.258]<DEBUG> [TCP]TCP cache: 0, 10, 6, 2, 0, 0, 0, 0, 0, 0
[2026-05-08 09:36:50.358]<DEBUG> [TCP]TCP cache size: 41 bytes.
[2026-05-08 09:36:50.358]<DEBUG> [TCP]TCP cache: 6, 2, 0, 0, 0, 0, 0, 0, 10, 5, 0, 0, 0, 0, 0, 0, 0, 0, 0, 0, 0, 0, 0, 0, 0, 0, 0, 0, 0, 0, 0, 0, 0, 0, 10, 6, 2, 0, 0, 0, 0
[2026-05-08 09:36:50.358]<DEBUG> [TCP]TCP cache size: 10 bytes.
[2026-05-08 09:36:50.358]<DEBUG> [TCP]TCP cache: 0, 10, 6, 2, 0, 0, 0, 0, 0, 0
[2026-05-08 09:36:50.460]<DEBUG> [TCP]TCP cache size: 41 bytes.
[2026-05-08 09:36:50.460]<DEBUG> [TCP]TCP cache: 6, 2, 0, 0, 0, 0, 0, 0, 10, 5, 0, 0, 0, 0, 0, 0, 0, 0, 0, 0, 0, 0, 0, 0, 0, 0, 0, 0, 0, 0, 0, 0, 0, 0, 10, 6, 2, 0, 0, 0, 0
[2026-05-08 09:36:50.460]<DEBUG> [TCP]TCP cache size: 10 bytes.
[2026-05-08 09:36:50.460]<DEBUG> [TCP]TCP cache: 0, 10, 6, 2, 0, 0, 0, 0, 0, 0
[2026-05-08 09:36:50.563]<DEBUG> [TCP]TCP cache size: 41 bytes.
[2026-05-08 09:36:50.563]<DEBUG> [TCP]TCP cache: 6, 2, 0, 0, 0, 0, 0, 0, 10, 5, 0, 0, 0, 0, 0, 0, 0, 0, 0, 0, 0, 0, 0, 0, 0, 0, 0, 0, 0, 0, 0, 0, 0, 0, 10, 6, 2, 0, 0, 0, 0
[2026-05-08 09:36:50.564]<DEBUG> [TCP]TCP cache size: 10 bytes.
[2026-05-08 09:36:50.564]<DEBUG> [TCP]TCP cache: 0, 10, 6, 2, 0, 0, 0, 0, 0, 0
[2026-05-08 09:36:50.663]<DEBUG> [TCP]TCP cache size: 41 bytes.
[2026-05-08 09:36:50.663]<DEBUG> [TCP]TCP cache: 6, 2, 0, 0, 0, 0, 0, 0, 10, 5, 0, 0, 0, 0, 0, 0, 0, 0, 0, 0, 0, 0, 0, 0, 0, 0, 0, 0, 0, 0, 0, 0, 0, 0, 10, 6, 2, 0, 0, 0, 0
[2026-05-08 09:36:50.663]<DEBUG> [TCP]TCP cache size: 10 bytes.
[2026-05-08 09:36:50.663]<DEBUG> [TCP]TCP cache: 0, 10, 6, 2, 0, 0, 0, 0, 0, 0
[2026-05-08 09:36:50.762]<DEBUG> [TCP]TCP cache size: 41 bytes.
[2026-05-08 09:36:50.762]<DEBUG> [TCP]TCP cache: 6, 2, 0, 0, 0, 0, 0, 0, 10, 5, 0, 0, 0, 0, 0, 0, 0, 0, 0, 0, 0, 0, 0, 0, 0, 0, 0, 0, 0, 0, 0, 0, 0, 0, 10, 6, 2, 0, 0, 0, 0
[2026-05-08 09:36:50.762]<DEBUG> [TCP]TCP cache size: 10 bytes.
[2026-05-08 09:36:50.762]<DEBUG> [TCP]TCP cache: 0, 10, 6, 2, 0, 0, 0, 0, 0, 0
[2026-05-08 09:36:50.863]<DEBUG> [TCP]TCP cache size: 41 bytes.
[2026-05-08 09:36:50.863]<DEBUG> [TCP]TCP cache: 6, 2, 0, 0, 0, 0, 0, 0, 10, 5, 0, 0, 0, 0, 0, 0, 0, 0, 0, 0, 0, 0, 0, 0, 0, 0, 0, 0, 0, 0, 0, 0, 0, 0, 10, 6, 2, 0, 0, 0, 0
[2026-05-08 09:36:50.863]<DEBUG> [TCP]TCP cache size: 10 bytes.
[2026-05-08 09:36:50.863]<DEBUG> [TCP]TCP cache: 0, 10, 6, 2, 0, 0, 0, 0, 0, 0
[2026-05-08 09:36:50.966]<DEBUG> [TCP]TCP cache size: 41 bytes.
[2026-05-08 09:36:50.966]<DEBUG> [TCP]TCP cache: 6, 2, 0, 0, 0, 0, 0, 0, 10, 5, 0, 0, 0, 0, 0, 0, 0, 0, 0, 0, 0, 0, 0, 0, 0, 0, 0, 0, 0, 0, 0, 0, 0, 0, 10, 6, 2, 0, 0, 0, 0
[2026-05-08 09:36:50.966]<DEBUG> [TCP]TCP cache size: 10 bytes.
[2026-05-08 09:36:50.966]<DEBUG> [TCP]TCP cache: 0, 10, 6, 2, 0, 0, 0, 0, 0, 0
[2026-05-08 09:36:51.064]<DEBUG> [TCP]TCP cache size: 41 bytes.
[2026-05-08 09:36:51.064]<DEBUG> [TCP]TCP cache: 6, 2, 0, 0, 0, 0, 0, 0, 10, 5, 0, 0, 0, 0, 0, 0, 0, 0, 0, 0, 0, 0, 0, 0, 0, 0, 0, 0, 0, 0, 0, 0, 0, 0, 10, 6, 2, 0, 0, 0, 0
[2026-05-08 09:36:51.064]<DEBUG> [TCP]TCP cache size: 10 bytes.
[2026-05-08 09:36:51.064]<DEBUG> [TCP]TCP cache: 0, 10, 6, 2, 0, 0, 0, 0, 0, 0
[2026-05-08 09:36:51.170]<DEBUG> [TCP]TCP cache size: 41 bytes.
[2026-05-08 09:36:51.170]<DEBUG> [TCP]TCP cache: 6, 2, 0, 0, 0, 0, 0, 0, 10, 5, 0, 0, 0, 0, 0, 0, 0, 0, 0, 0, 0, 0, 0, 0, 0, 0, 0, 0, 0, 0, 0, 0, 0, 0, 10, 6, 2, 0, 0, 0, 0
[2026-05-08 09:36:51.170]<DEBUG> [TCP]TCP cache size: 10 bytes.
[2026-05-08 09:36:51.170]<DEBUG> [TCP]TCP cache: 0, 10, 6, 2, 0, 0, 0, 0, 0, 0
[2026-05-08 09:36:51.261]<DEBUG> [TCP]TCP cache size: 41 bytes.
[2026-05-08 09:36:51.262]<DEBUG> [TCP]TCP cache: 6, 2, 0, 0, 0, 0, 0, 0, 10, 5, 0, 0, 0, 0, 0, 0, 0, 0, 0, 0, 0, 0, 0, 0, 0, 0, 0, 0, 0, 0, 0, 0, 0, 0, 10, 6, 2, 0, 0, 0, 0
[2026-05-08 09:36:51.262]<DEBUG> [TCP]TCP cache size: 10 bytes.
[2026-05-08 09:36:51.262]<DEBUG> [TCP]TCP cache: 0, 10, 6, 2, 0, 0, 0, 0, 0, 0
[2026-05-08 09:36:51.365]<DEBUG> [TCP]TCP cache size: 41 bytes.
[2026-05-08 09:36:51.365]<DEBUG> [TCP]TCP cache: 6, 2, 0, 0, 0, 0, 0, 0, 10, 5, 0, 0, 0, 0, 0, 0, 0, 0, 0, 0, 0, 0, 0, 0, 0, 0, 0, 0, 0, 0, 0, 0, 0, 0, 10, 6, 2, 0, 0, 0, 0
[2026-05-08 09:36:51.365]<DEBUG> [TCP]TCP cache size: 10 bytes.
[2026-05-08 09:36:51.366]<DEBUG> [TCP]TCP cache: 0, 10, 6, 2, 0, 0, 0, 0, 0, 0
[2026-05-08 09:36:51.467]<DEBUG> [TCP]TCP cache size: 41 bytes.
[2026-05-08 09:36:51.467]<DEBUG> [TCP]TCP cache: 6, 2, 0, 0, 0, 0, 0, 0, 10, 5, 0, 0, 0, 0, 0, 0, 0, 0, 0, 0, 0, 0, 0, 0, 0, 0, 0, 0, 0, 0, 0, 0, 0, 0, 10, 6, 2, 0, 0, 0, 0
[2026-05-08 09:36:51.467]<DEBUG> [TCP]TCP cache size: 10 bytes.
[2026-05-08 09:36:51.467]<DEBUG> [TCP]TCP cache: 0, 10, 6, 2, 0, 0, 0, 0, 0, 0
[2026-05-08 09:36:51.567]<DEBUG> [TCP]TCP cache size: 41 bytes.
[2026-05-08 09:36:51.567]<DEBUG> [TCP]TCP cache: 6, 2, 0, 0, 0, 0, 0, 0, 10, 5, 0, 0, 0, 0, 0, 0, 0, 0, 0, 0, 0, 0, 0, 0, 0, 0, 0, 0, 0, 0, 0, 0, 0, 0, 10, 6, 2, 0, 0, 0, 0
[2026-05-08 09:36:51.567]<DEBUG> [TCP]TCP cache size: 10 bytes.
[2026-05-08 09:36:51.567]<DEBUG> [TCP]TCP cache: 0, 10, 6, 2, 0, 0, 0, 0, 0, 0
[2026-05-08 09:36:51.663]<DEBUG> [TCP]TCP cache size: 41 bytes.
[2026-05-08 09:36:51.663]<DEBUG> [TCP]TCP cache: 6, 2, 0, 0, 0, 0, 0, 0, 10, 5, 0, 0, 0, 0, 0, 0, 0, 0, 0, 0, 0, 0, 0, 0, 0, 0, 0, 0, 0, 0, 0, 0, 0, 0, 10, 6, 2, 0, 0, 0, 0
[2026-05-08 09:36:51.663]<DEBUG> [TCP]TCP cache size: 10 bytes.
[2026-05-08 09:36:51.663]<DEBUG> [TCP]TCP cache: 0, 10, 6, 2, 0, 0, 0, 0, 0, 0
[2026-05-08 09:36:51.765]<DEBUG> [TCP]TCP cache size: 41 bytes.
[2026-05-08 09:36:51.765]<DEBUG> [TCP]TCP cache: 6, 2, 0, 0, 0, 0, 0, 0, 10, 5, 0, 0, 0, 0, 0, 0, 0, 0, 0, 0, 0, 0, 0, 0, 0, 0, 0, 0, 0, 0, 0, 0, 0, 0, 10, 6, 2, 0, 0, 0, 0
[2026-05-08 09:36:51.765]<DEBUG> [TCP]TCP cache size: 10 bytes.
[2026-05-08 09:36:51.765]<DEBUG> [TCP]TCP cache: 0, 10, 6, 2, 0, 0, 0, 0, 0, 0
[2026-05-08 09:36:51.868]<DEBUG> [TCP]TCP cache size: 41 bytes.
[2026-05-08 09:36:51.868]<DEBUG> [TCP]TCP cache: 6, 2, 0, 0, 0, 0, 0, 0, 10, 5, 0, 0, 0, 0, 0, 0, 0, 0, 0, 0, 0, 0, 0, 0, 0, 0, 0, 0, 0, 0, 0, 0, 0, 0, 10, 6, 2, 0, 0, 0, 0
[2026-05-08 09:36:51.869]<DEBUG> [TCP]TCP cache size: 10 bytes.
[2026-05-08 09:36:51.869]<DEBUG> [TCP]TCP cache: 0, 10, 6, 2, 0, 0, 0, 0, 0, 0
[2026-05-08 09:36:51.964]<DEBUG> [TCP]TCP cache size: 41 bytes.
[2026-05-08 09:36:51.965]<DEBUG> [TCP]TCP cache: 6, 2, 0, 0, 0, 0, 0, 0, 10, 5, 0, 0, 0, 0, 0, 0, 0, 0, 0, 0, 0, 0, 0, 0, 0, 0, 0, 0, 0, 0, 0, 0, 0, 0, 10, 6, 2, 0, 0, 0, 0
[2026-05-08 09:36:51.965]<DEBUG> [TCP]TCP cache size: 10 bytes.
[2026-05-08 09:36:51.965]<DEBUG> [TCP]TCP cache: 0, 10, 6, 2, 0, 0, 0, 0, 0, 0
[2026-05-08 09:36:52.062]<DEBUG> [TCP]TCP cache size: 41 bytes.
[2026-05-08 09:36:52.062]<DEBUG> [TCP]TCP cache: 6, 2, 0, 0, 0, 0, 0, 0, 10, 5, 0, 0, 0, 0, 0, 0, 0, 0, 0, 0, 0, 0, 0, 0, 0, 0, 0, 0, 0, 0, 0, 0, 0, 0, 10, 6, 2, 0, 0, 0, 0
[2026-05-08 09:36:52.063]<DEBUG> [TCP]TCP cache size: 10 bytes.
[2026-05-08 09:36:52.063]<DEBUG> [TCP]TCP cache: 0, 10, 6, 2, 0, 0, 0, 0, 0, 0
[2026-05-08 09:36:52.169]<DEBUG> [TCP]TCP cache size: 41 bytes.
[2026-05-08 09:36:52.169]<DEBUG> [TCP]TCP cache: 6, 2, 0, 0, 0, 0, 0, 0, 10, 5, 0, 0, 0, 0, 0, 0, 0, 0, 0, 0, 0, 0, 0, 0, 0, 0, 0, 0, 0, 0, 0, 0, 0, 0, 10, 6, 2, 0, 0, 0, 0
[2026-05-08 09:36:52.169]<DEBUG> [TCP]TCP cache size: 10 bytes.
[2026-05-08 09:36:52.169]<DEBUG> [TCP]TCP cache: 0, 10, 6, 2, 0, 0, 0, 0, 0, 0
[2026-05-08 09:36:52.269]<DEBUG> [TCP]TCP cache size: 41 bytes.
[2026-05-08 09:36:52.269]<DEBUG> [TCP]TCP cache: 6, 2, 0, 0, 0, 0, 0, 0, 10, 5, 0, 0, 0, 0, 0, 0, 0, 0, 0, 0, 0, 0, 0, 0, 0, 0, 0, 0, 0, 0, 0, 0, 0, 0, 10, 6, 2, 0, 0, 0, 0
[2026-05-08 09:36:52.269]<DEBUG> [TCP]TCP cache size: 10 bytes.
[2026-05-08 09:36:52.269]<DEBUG> [TCP]TCP cache: 0, 10, 6, 2, 0, 0, 0, 0, 0, 0
[2026-05-08 09:36:52.362]<DEBUG> [TCP]TCP cache size: 41 bytes.
[2026-05-08 09:36:52.362]<DEBUG> [TCP]TCP cache: 6, 2, 0, 0, 0, 0, 0, 0, 10, 5, 0, 0, 0, 0, 0, 0, 0, 0, 0, 0, 0, 0, 0, 0, 0, 0, 0, 0, 0, 0, 0, 0, 0, 0, 10, 6, 2, 0, 0, 0, 0
[2026-05-08 09:36:52.363]<DEBUG> [TCP]TCP cache size: 10 bytes.
[2026-05-08 09:36:52.363]<DEBUG> [TCP]TCP cache: 0, 10, 6, 2, 0, 0, 0, 0, 0, 0
[2026-05-08 09:36:52.469]<DEBUG> [TCP]TCP cache size: 41 bytes.
[2026-05-08 09:36:52.469]<DEBUG> [TCP]TCP cache: 6, 2, 0, 0, 0, 0, 0, 0, 10, 5, 0, 0, 0, 0, 0, 0, 0, 0, 0, 0, 0, 0, 0, 0, 0, 0, 0, 0, 0, 0, 0, 0, 0, 0, 10, 6, 2, 0, 0, 0, 0
[2026-05-08 09:36:52.469]<DEBUG> [TCP]TCP cache size: 10 bytes.
[2026-05-08 09:36:52.469]<DEBUG> [TCP]TCP cache: 0, 10, 6, 2, 0, 0, 0, 0, 0, 0
[2026-05-08 09:36:52.566]<DEBUG> [TCP]TCP cache size: 41 bytes.
[2026-05-08 09:36:52.566]<DEBUG> [TCP]TCP cache: 6, 2, 0, 0, 0, 0, 0, 0, 10, 5, 0, 0, 0, 0, 0, 0, 0, 0, 0, 0, 0, 0, 0, 0, 0, 0, 0, 0, 0, 0, 0, 0, 0, 0, 10, 6, 2, 0, 0, 0, 0
[2026-05-08 09:36:52.566]<DEBUG> [TCP]TCP cache size: 10 bytes.
[2026-05-08 09:36:52.566]<DEBUG> [TCP]TCP cache: 0, 10, 6, 2, 0, 0, 0, 0, 0, 0
[2026-05-08 09:36:52.667]<DEBUG> [TCP]TCP cache size: 41 bytes.
[2026-05-08 09:36:52.667]<DEBUG> [TCP]TCP cache: 6, 2, 0, 0, 0, 0, 0, 0, 10, 5, 0, 0, 0, 0, 0, 0, 0, 0, 0, 0, 0, 0, 0, 0, 0, 0, 0, 0, 0, 0, 0, 0, 0, 0, 10, 6, 2, 0, 0, 0, 0
[2026-05-08 09:36:52.667]<DEBUG> [TCP]TCP cache size: 10 bytes.
[2026-05-08 09:36:52.667]<DEBUG> [TCP]TCP cache: 0, 10, 6, 2, 0, 0, 0, 0, 0, 0
[2026-05-08 09:36:52.770]<DEBUG> [TCP]TCP cache size: 41 bytes.
[2026-05-08 09:36:52.770]<DEBUG> [TCP]TCP cache: 6, 2, 0, 0, 0, 0, 0, 0, 10, 5, 0, 0, 0, 0, 0, 0, 0, 0, 0, 0, 0, 0, 0, 0, 0, 0, 0, 0, 0, 0, 0, 0, 0, 0, 10, 6, 2, 0, 0, 0, 0
[2026-05-08 09:36:52.770]<DEBUG> [TCP]TCP cache size: 10 bytes.
[2026-05-08 09:36:52.770]<DEBUG> [TCP]TCP cache: 0, 10, 6, 2, 0, 0, 0, 0, 0, 0
[2026-05-08 09:36:52.870]<DEBUG> [TCP]TCP cache size: 41 bytes.
[2026-05-08 09:36:52.870]<DEBUG> [TCP]TCP cache: 6, 2, 0, 0, 0, 0, 0, 0, 10, 5, 0, 0, 0, 0, 0, 0, 0, 0, 0, 0, 0, 0, 0, 0, 0, 0, 0, 0, 0, 0, 0, 0, 0, 0, 10, 6, 2, 0, 0, 0, 0
[2026-05-08 09:36:52.870]<DEBUG> [TCP]TCP cache size: 10 bytes.
[2026-05-08 09:36:52.870]<DEBUG> [TCP]TCP cache: 0, 10, 6, 2, 0, 0, 0, 0, 0, 0
[2026-05-08 09:36:52.966]<DEBUG> [TCP]TCP cache size: 41 bytes.
[2026-05-08 09:36:52.966]<DEBUG> [TCP]TCP cache: 6, 2, 0, 0, 0, 0, 0, 0, 10, 5, 0, 0, 0, 0, 0, 0, 0, 0, 0, 0, 0, 0, 0, 0, 0, 0, 0, 0, 0, 0, 0, 0, 0, 0, 10, 6, 2, 0, 0, 0, 0
[2026-05-08 09:36:52.966]<DEBUG> [TCP]TCP cache size: 10 bytes.
[2026-05-08 09:36:52.967]<DEBUG> [TCP]TCP cache: 0, 10, 6, 2, 0, 0, 0, 0, 0, 0
[2026-05-08 09:36:53.067]<DEBUG> [TCP]TCP cache size: 41 bytes.
[2026-05-08 09:36:53.068]<DEBUG> [TCP]TCP cache: 6, 2, 0, 0, 0, 0, 0, 0, 10, 5, 0, 0, 0, 0, 0, 0, 0, 0, 0, 0, 0, 0, 0, 0, 0, 0, 0, 0, 0, 0, 0, 0, 0, 0, 10, 6, 2, 0, 0, 0, 0
[2026-05-08 09:36:53.068]<DEBUG> [TCP]TCP cache size: 10 bytes.
[2026-05-08 09:36:53.068]<DEBUG> [TCP]TCP cache: 0, 10, 6, 2, 0, 0, 0, 0, 0, 0
[2026-05-08 09:36:53.169]<DEBUG> [TCP]TCP cache size: 41 bytes.
[2026-05-08 09:36:53.170]<DEBUG> [TCP]TCP cache: 6, 2, 0, 0, 0, 0, 0, 0, 10, 5, 0, 0, 0, 0, 0, 0, 0, 0, 0, 0, 0, 0, 0, 0, 0, 0, 0, 0, 0, 0, 0, 0, 0, 0, 10, 6, 2, 0, 0, 0, 0
[2026-05-08 09:36:53.170]<DEBUG> [TCP]TCP cache size: 10 bytes.
[2026-05-08 09:36:53.170]<DEBUG> [TCP]TCP cache: 0, 10, 6, 2, 0, 0, 0, 0, 0, 0
[2026-05-08 09:36:53.266]<DEBUG> [TCP]TCP cache size: 41 bytes.
[2026-05-08 09:36:53.266]<DEBUG> [TCP]TCP cache: 6, 2, 0, 0, 0, 0, 0, 0, 10, 5, 0, 0, 0, 0, 0, 0, 0, 0, 0, 0, 0, 0, 0, 0, 0, 0, 0, 0, 0, 0, 0, 0, 0, 0, 10, 6, 2, 0, 0, 0, 0
[2026-05-08 09:36:53.266]<DEBUG> [TCP]TCP cache size: 10 bytes.
[2026-05-08 09:36:53.266]<DEBUG> [TCP]TCP cache: 0, 10, 6, 2, 0, 0, 0, 0, 0, 0
[2026-05-08 09:36:53.365]<DEBUG> [TCP]TCP cache size: 41 bytes.
[2026-05-08 09:36:53.365]<DEBUG> [TCP]TCP cache: 6, 2, 0, 0, 0, 0, 0, 0, 10, 5, 0, 0, 0, 0, 0, 0, 0, 0, 0, 0, 0, 0, 0, 0, 0, 0, 0, 0, 0, 0, 0, 0, 0, 0, 10, 6, 2, 0, 0, 0, 0
[2026-05-08 09:36:53.365]<DEBUG> [TCP]TCP cache size: 10 bytes.
[2026-05-08 09:36:53.365]<DEBUG> [TCP]TCP cache: 0, 10, 6, 2, 0, 0, 0, 0, 0, 0
[2026-05-08 09:36:53.467]<DEBUG> [TCP]TCP cache size: 41 bytes.
[2026-05-08 09:36:53.467]<DEBUG> [TCP]TCP cache: 6, 2, 0, 0, 0, 0, 0, 0, 10, 5, 0, 0, 0, 0, 0, 0, 0, 0, 0, 0, 0, 0, 0, 0, 0, 0, 0, 0, 0, 0, 0, 0, 0, 0, 10, 6, 2, 0, 0, 0, 0
[2026-05-08 09:36:53.467]<DEBUG> [TCP]TCP cache size: 10 bytes.
[2026-05-08 09:36:53.467]<DEBUG> [TCP]TCP cache: 0, 10, 6, 2, 0, 0, 0, 0, 0, 0
[2026-05-08 09:36:53.565]<DEBUG> [TCP]TCP cache size: 41 bytes.
[2026-05-08 09:36:53.565]<DEBUG> [TCP]TCP cache: 6, 2, 0, 0, 0, 0, 0, 0, 10, 5, 0, 0, 0, 0, 0, 0, 0, 0, 0, 0, 0, 0, 0, 0, 0, 0, 0, 0, 0, 0, 0, 0, 0, 0, 10, 6, 2, 0, 0, 0, 0
[2026-05-08 09:36:53.565]<DEBUG> [TCP]TCP cache size: 10 bytes.
[2026-05-08 09:36:53.566]<DEBUG> [TCP]TCP cache: 0, 10, 6, 2, 0, 0, 0, 0, 0, 0
[2026-05-08 09:36:53.670]<DEBUG> [TCP]TCP cache size: 41 bytes.
[2026-05-08 09:36:53.670]<DEBUG> [TCP]TCP cache: 6, 2, 0, 0, 0, 0, 0, 0, 10, 5, 0, 0, 0, 0, 0, 0, 0, 0, 0, 0, 0, 0, 0, 0, 0, 0, 0, 0, 0, 0, 0, 0, 0, 0, 10, 6, 2, 0, 0, 0, 0
[2026-05-08 09:36:53.670]<DEBUG> [TCP]TCP cache size: 10 bytes.
[2026-05-08 09:36:53.670]<DEBUG> [TCP]TCP cache: 0, 10, 6, 2, 0, 0, 0, 0, 0, 0
[2026-05-08 09:36:53.772]<DEBUG> [TCP]TCP cache size: 41 bytes.
[2026-05-08 09:36:53.772]<DEBUG> [TCP]TCP cache: 6, 2, 0, 0, 0, 0, 0, 0, 10, 5, 0, 0, 0, 0, 0, 0, 0, 0, 0, 0, 0, 0, 0, 0, 0, 0, 0, 0, 0, 0, 0, 0, 0, 0, 10, 6, 2, 0, 0, 0, 0
[2026-05-08 09:36:53.772]<DEBUG> [TCP]TCP cache size: 10 bytes.
[2026-05-08 09:36:53.772]<DEBUG> [TCP]TCP cache: 0, 10, 6, 2, 0, 0, 0, 0, 0, 0
[2026-05-08 09:36:53.873]<DEBUG> [TCP]TCP cache size: 41 bytes.
[2026-05-08 09:36:53.873]<DEBUG> [TCP]TCP cache: 6, 2, 0, 0, 0, 0, 0, 0, 10, 5, 0, 0, 0, 0, 0, 0, 0, 0, 0, 0, 0, 0, 0, 0, 0, 0, 0, 0, 0, 0, 0, 0, 0, 0, 10, 6, 2, 0, 0, 0, 0
[2026-05-08 09:36:53.873]<DEBUG> [TCP]TCP cache size: 10 bytes.
[2026-05-08 09:36:53.873]<DEBUG> [TCP]TCP cache: 0, 10, 6, 2, 0, 0, 0, 0, 0, 0
[2026-05-08 09:36:53.974]<DEBUG> [TCP]TCP cache size: 41 bytes.
[2026-05-08 09:36:53.974]<DEBUG> [TCP]TCP cache: 6, 2, 0, 0, 0, 0, 0, 0, 10, 5, 0, 0, 0, 0, 0, 0, 0, 0, 0, 0, 0, 0, 0, 0, 0, 0, 0, 0, 0, 0, 0, 0, 0, 0, 10, 6, 2, 0, 0, 0, 0
[2026-05-08 09:36:53.974]<DEBUG> [TCP]TCP cache size: 10 bytes.
[2026-05-08 09:36:53.974]<DEBUG> [TCP]TCP cache: 0, 10, 6, 2, 0, 0, 0, 0, 0, 0
[2026-05-08 09:36:54.069]<DEBUG> [TCP]TCP cache size: 41 bytes.
[2026-05-08 09:36:54.069]<DEBUG> [TCP]TCP cache: 6, 2, 0, 0, 0, 0, 0, 0, 10, 5, 0, 0, 0, 0, 0, 0, 0, 0, 0, 0, 0, 0, 0, 0, 0, 0, 0, 0, 0, 0, 0, 0, 0, 0, 10, 6, 2, 0, 0, 0, 0
[2026-05-08 09:36:54.069]<DEBUG> [TCP]TCP cache size: 10 bytes.
[2026-05-08 09:36:54.069]<DEBUG> [TCP]TCP cache: 0, 10, 6, 2, 0, 0, 0, 0, 0, 0
[2026-05-08 09:36:54.169]<DEBUG> [TCP]TCP cache size: 41 bytes.
[2026-05-08 09:36:54.169]<DEBUG> [TCP]TCP cache: 6, 2, 0, 0, 0, 0, 0, 0, 10, 5, 0, 0, 0, 0, 0, 0, 0, 0, 0, 0, 0, 0, 0, 0, 0, 0, 0, 0, 0, 0, 0, 0, 0, 0, 10, 6, 2, 0, 0, 0, 0
[2026-05-08 09:36:54.169]<DEBUG> [TCP]TCP cache size: 10 bytes.
[2026-05-08 09:36:54.169]<DEBUG> [TCP]TCP cache: 0, 10, 6, 2, 0, 0, 0, 0, 0, 0
[2026-05-08 09:36:54.271]<DEBUG> [TCP]TCP cache size: 41 bytes.
[2026-05-08 09:36:54.271]<DEBUG> [TCP]TCP cache: 6, 2, 0, 0, 0, 0, 0, 0, 10, 5, 0, 0, 0, 0, 0, 0, 0, 0, 0, 0, 0, 0, 0, 0, 0, 0, 0, 0, 0, 0, 0, 0, 0, 0, 10, 6, 2, 0, 0, 0, 0
[2026-05-08 09:36:54.271]<DEBUG> [TCP]TCP cache size: 10 bytes.
[2026-05-08 09:36:54.271]<DEBUG> [TCP]TCP cache: 0, 10, 6, 2, 0, 0, 0, 0, 0, 0
[2026-05-08 09:36:54.368]<DEBUG> [TCP]TCP cache size: 41 bytes.
[2026-05-08 09:36:54.368]<DEBUG> [TCP]TCP cache: 6, 2, 0, 0, 0, 0, 0, 0, 10, 5, 0, 0, 0, 0, 0, 0, 0, 0, 0, 0, 0, 0, 0, 0, 0, 0, 0, 0, 0, 0, 0, 0, 0, 0, 10, 6, 2, 0, 0, 0, 0
[2026-05-08 09:36:54.368]<DEBUG> [TCP]TCP cache size: 10 bytes.
[2026-05-08 09:36:54.368]<DEBUG> [TCP]TCP cache: 0, 10, 6, 2, 0, 0, 0, 0, 0, 0
[2026-05-08 09:36:54.467]<DEBUG> [TCP]TCP cache size: 41 bytes.
[2026-05-08 09:36:54.467]<DEBUG> [TCP]TCP cache: 6, 2, 0, 0, 0, 0, 0, 0, 10, 5, 0, 0, 0, 0, 0, 0, 0, 0, 0, 0, 0, 0, 0, 0, 0, 0, 0, 0, 0, 0, 0, 0, 0, 0, 10, 6, 2, 0, 0, 0, 0
[2026-05-08 09:36:54.467]<DEBUG> [TCP]TCP cache size: 10 bytes.
[2026-05-08 09:36:54.468]<DEBUG> [TCP]TCP cache: 0, 10, 6, 2, 0, 0, 0, 0, 0, 0
[2026-05-08 09:36:54.573]<DEBUG> [TCP]TCP cache size: 41 bytes.
[2026-05-08 09:36:54.574]<DEBUG> [TCP]TCP cache: 6, 2, 0, 0, 0, 0, 0, 0, 10, 5, 0, 0, 0, 0, 0, 0, 0, 0, 0, 0, 0, 0, 0, 0, 0, 0, 0, 0, 0, 0, 0, 0, 0, 0, 10, 6, 2, 0, 0, 0, 0
[2026-05-08 09:36:54.574]<DEBUG> [TCP]TCP cache size: 10 bytes.
[2026-05-08 09:36:54.574]<DEBUG> [TCP]TCP cache: 0, 10, 6, 2, 0, 0, 0, 0, 0, 0
[2026-05-08 09:36:54.674]<DEBUG> [TCP]TCP cache size: 41 bytes.
[2026-05-08 09:36:54.674]<DEBUG> [TCP]TCP cache: 6, 2, 0, 0, 0, 0, 0, 0, 10, 5, 0, 0, 0, 0, 0, 0, 0, 0, 0, 0, 0, 0, 0, 0, 0, 0, 0, 0, 0, 0, 0, 0, 0, 0, 10, 6, 2, 0, 0, 0, 0
[2026-05-08 09:36:54.674]<DEBUG> [TCP]TCP cache size: 10 bytes.
[2026-05-08 09:36:54.674]<DEBUG> [TCP]TCP cache: 0, 10, 6, 2, 0, 0, 0, 0, 0, 0
[2026-05-08 09:36:54.773]<DEBUG> [TCP]TCP cache size: 41 bytes.
[2026-05-08 09:36:54.773]<DEBUG> [TCP]TCP cache: 6, 2, 0, 0, 0, 0, 0, 0, 10, 5, 0, 0, 0, 0, 0, 0, 0, 0, 0, 0, 0, 0, 0, 0, 0, 0, 0, 0, 0, 0, 0, 0, 0, 0, 10, 6, 2, 0, 0, 0, 0
[2026-05-08 09:36:54.773]<DEBUG> [TCP]TCP cache size: 10 bytes.
[2026-05-08 09:36:54.773]<DEBUG> [TCP]TCP cache: 0, 10, 6, 2, 0, 0, 0, 0, 0, 0
[2026-05-08 09:36:54.876]<DEBUG> [TCP]TCP cache size: 41 bytes.
[2026-05-08 09:36:54.876]<DEBUG> [TCP]TCP cache: 6, 2, 0, 0, 0, 0, 0, 0, 10, 5, 0, 0, 0, 0, 0, 0, 0, 0, 0, 0, 0, 0, 0, 0, 0, 0, 0, 0, 0, 0, 0, 0, 0, 0, 10, 6, 2, 0, 0, 0, 0
[2026-05-08 09:36:54.876]<DEBUG> [TCP]TCP cache size: 10 bytes.
[2026-05-08 09:36:54.876]<DEBUG> [TCP]TCP cache: 0, 10, 6, 2, 0, 0, 0, 0, 0, 0
[2026-05-08 09:36:54.971]<DEBUG> [TCP]TCP cache size: 41 bytes.
[2026-05-08 09:36:54.971]<DEBUG> [TCP]TCP cache: 6, 2, 0, 0, 0, 0, 0, 0, 10, 5, 0, 0, 0, 0, 0, 0, 0, 0, 0, 0, 0, 0, 0, 0, 0, 0, 0, 0, 0, 0, 0, 0, 0, 0, 10, 6, 2, 0, 0, 0, 0
[2026-05-08 09:36:54.971]<DEBUG> [TCP]TCP cache size: 10 bytes.
[2026-05-08 09:36:54.971]<DEBUG> [TCP]TCP cache: 0, 10, 6, 2, 0, 0, 0, 0, 0, 0
[2026-05-08 09:36:55.073]<DEBUG> [TCP]TCP cache size: 41 bytes.
[2026-05-08 09:36:55.073]<DEBUG> [TCP]TCP cache: 6, 2, 0, 0, 0, 0, 0, 0, 10, 5, 0, 0, 0, 0, 0, 0, 0, 0, 0, 0, 0, 0, 0, 0, 0, 0, 0, 0, 0, 0, 0, 0, 0, 0, 10, 6, 2, 0, 0, 0, 0
[2026-05-08 09:36:55.073]<DEBUG> [TCP]TCP cache size: 10 bytes.
[2026-05-08 09:36:55.073]<DEBUG> [TCP]TCP cache: 0, 10, 6, 2, 0, 0, 0, 0, 0, 0
[2026-05-08 09:36:55.175]<DEBUG> [TCP]TCP cache size: 41 bytes.
[2026-05-08 09:36:55.175]<DEBUG> [TCP]TCP cache: 6, 2, 0, 0, 0, 0, 0, 0, 10, 5, 0, 0, 0, 0, 0, 0, 0, 0, 0, 0, 0, 0, 0, 0, 0, 0, 0, 0, 0, 0, 0, 0, 0, 0, 10, 6, 2, 0, 0, 0, 0
[2026-05-08 09:36:55.175]<DEBUG> [TCP]TCP cache size: 10 bytes.
[2026-05-08 09:36:55.175]<DEBUG> [TCP]TCP cache: 0, 10, 6, 2, 0, 0, 0, 0, 0, 0
[2026-05-08 09:36:55.272]<DEBUG> [TCP]TCP cache size: 41 bytes.
[2026-05-08 09:36:55.272]<DEBUG> [TCP]TCP cache: 6, 2, 0, 0, 0, 0, 0, 0, 10, 5, 0, 0, 0, 0, 0, 0, 0, 0, 0, 0, 0, 0, 0, 0, 0, 0, 0, 0, 0, 0, 0, 0, 0, 0, 10, 6, 2, 0, 0, 0, 0
[2026-05-08 09:36:55.272]<DEBUG> [TCP]TCP cache size: 10 bytes.
[2026-05-08 09:36:55.272]<DEBUG> [TCP]TCP cache: 0, 10, 6, 2, 0, 0, 0, 0, 0, 0
[2026-05-08 09:36:55.372]<DEBUG> [TCP]TCP cache size: 41 bytes.
[2026-05-08 09:36:55.373]<DEBUG> [TCP]TCP cache: 6, 2, 0, 0, 0, 0, 0, 0, 10, 5, 0, 0, 0, 0, 0, 0, 0, 0, 0, 0, 0, 0, 0, 0, 0, 0, 0, 0, 0, 0, 0, 0, 0, 0, 10, 6, 2, 0, 0, 0, 0
[2026-05-08 09:36:55.373]<DEBUG> [TCP]TCP cache size: 10 bytes.
[2026-05-08 09:36:55.373]<DEBUG> [TCP]TCP cache: 0, 10, 6, 2, 0, 0, 0, 0, 0, 0
[2026-05-08 09:36:55.475]<DEBUG> [TCP]TCP cache size: 41 bytes.
[2026-05-08 09:36:55.475]<DEBUG> [TCP]TCP cache: 6, 2, 0, 0, 0, 0, 0, 0, 10, 5, 0, 0, 0, 0, 0, 0, 0, 0, 0, 0, 0, 0, 0, 0, 0, 0, 0, 0, 0, 0, 0, 0, 0, 0, 10, 6, 2, 0, 0, 0, 0
[2026-05-08 09:36:55.475]<DEBUG> [TCP]TCP cache size: 10 bytes.
[2026-05-08 09:36:55.475]<DEBUG> [TCP]TCP cache: 0, 10, 6, 2, 0, 0, 0, 0, 0, 0
[2026-05-08 09:36:55.570]<DEBUG> [TCP]TCP cache size: 41 bytes.
[2026-05-08 09:36:55.570]<DEBUG> [TCP]TCP cache: 6, 2, 0, 0, 0, 0, 0, 0, 10, 5, 0, 0, 0, 0, 0, 0, 0, 0, 0, 0, 0, 0, 0, 0, 0, 0, 0, 0, 0, 0, 0, 0, 0, 0, 10, 6, 2, 0, 0, 0, 0
[2026-05-08 09:36:55.570]<DEBUG> [TCP]TCP cache size: 10 bytes.
[2026-05-08 09:36:55.570]<DEBUG> [TCP]TCP cache: 0, 10, 6, 2, 0, 0, 0, 0, 0, 0
[2026-05-08 09:36:55.673]<DEBUG> [TCP]TCP cache size: 41 bytes.
[2026-05-08 09:36:55.673]<DEBUG> [TCP]TCP cache: 6, 2, 0, 0, 0, 0, 0, 0, 10, 5, 0, 0, 0, 0, 0, 0, 0, 0, 0, 0, 0, 0, 0, 0, 0, 0, 0, 0, 0, 0, 0, 0, 0, 0, 10, 6, 2, 0, 0, 0, 0
[2026-05-08 09:36:55.674]<DEBUG> [TCP]TCP cache size: 10 bytes.
[2026-05-08 09:36:55.674]<DEBUG> [TCP]TCP cache: 0, 10, 6, 2, 0, 0, 0, 0, 0, 0
[2026-05-08 09:36:55.770]<DEBUG> [TCP]TCP cache size: 41 bytes.
[2026-05-08 09:36:55.770]<DEBUG> [TCP]TCP cache: 6, 2, 0, 0, 0, 0, 0, 0, 10, 5, 0, 0, 0, 0, 0, 0, 0, 0, 0, 0, 0, 0, 0, 0, 0, 0, 0, 0, 0, 0, 0, 0, 0, 0, 10, 6, 2, 0, 0, 0, 0
[2026-05-08 09:36:55.770]<DEBUG> [TCP]TCP cache size: 10 bytes.
[2026-05-08 09:36:55.770]<DEBUG> [TCP]TCP cache: 0, 10, 6, 2, 0, 0, 0, 0, 0, 0
[2026-05-08 09:36:55.877]<DEBUG> [TCP]TCP cache size: 41 bytes.
[2026-05-08 09:36:55.877]<DEBUG> [TCP]TCP cache: 6, 2, 0, 0, 0, 0, 0, 0, 10, 5, 0, 0, 0, 0, 0, 0, 0, 0, 0, 0, 0, 0, 0, 0, 0, 0, 0, 0, 0, 0, 0, 0, 0, 0, 10, 6, 2, 0, 0, 0, 0
[2026-05-08 09:36:55.878]<DEBUG> [TCP]TCP cache size: 10 bytes.
[2026-05-08 09:36:55.878]<DEBUG> [TCP]TCP cache: 0, 10, 6, 2, 0, 0, 0, 0, 0, 0
[2026-05-08 09:36:55.977]<DEBUG> [TCP]TCP cache size: 41 bytes.
[2026-05-08 09:36:55.978]<DEBUG> [TCP]TCP cache: 6, 2, 0, 0, 0, 0, 0, 0, 10, 5, 0, 0, 0, 0, 0, 0, 0, 0, 0, 0, 0, 0, 0, 0, 0, 0, 0, 0, 0, 0, 0, 0, 0, 0, 10, 6, 2, 0, 0, 0, 0
[2026-05-08 09:36:55.978]<DEBUG> [TCP]TCP cache size: 10 bytes.
[2026-05-08 09:36:55.978]<DEBUG> [TCP]TCP cache: 0, 10, 6, 2, 0, 0, 0, 0, 0, 0
[2026-05-08 09:36:56.071]<DEBUG> [TCP]TCP cache size: 41 bytes.
[2026-05-08 09:36:56.072]<DEBUG> [TCP]TCP cache: 6, 2, 0, 0, 0, 0, 0, 0, 10, 5, 0, 0, 0, 0, 0, 0, 0, 0, 0, 0, 0, 0, 0, 0, 0, 0, 0, 0, 0, 0, 0, 0, 0, 0, 10, 6, 2, 0, 0, 0, 0
[2026-05-08 09:36:56.072]<DEBUG> [TCP]TCP cache size: 10 bytes.
[2026-05-08 09:36:56.072]<DEBUG> [TCP]TCP cache: 0, 10, 6, 2, 0, 0, 0, 0, 0, 0
[2026-05-08 09:36:56.181]<DEBUG> [TCP]TCP cache size: 41 bytes.
[2026-05-08 09:36:56.181]<DEBUG> [TCP]TCP cache: 6, 2, 0, 0, 0, 0, 0, 0, 10, 5, 0, 0, 0, 0, 0, 0, 0, 0, 0, 0, 0, 0, 0, 0, 0, 0, 0, 0, 0, 0, 0, 0, 0, 0, 10, 6, 2, 0, 0, 0, 0
[2026-05-08 09:36:56.181]<DEBUG> [TCP]TCP cache size: 10 bytes.
[2026-05-08 09:36:56.181]<DEBUG> [TCP]TCP cache: 0, 10, 6, 2, 0, 0, 0, 0, 0, 0
[2026-05-08 09:36:56.274]<DEBUG> [TCP]TCP cache size: 41 bytes.
[2026-05-08 09:36:56.274]<DEBUG> [TCP]TCP cache: 6, 2, 0, 0, 0, 0, 0, 0, 10, 5, 0, 0, 0, 0, 0, 0, 0, 0, 0, 0, 0, 0, 0, 0, 0, 0, 0, 0, 0, 0, 0, 0, 0, 0, 10, 6, 2, 0, 0, 0, 0
[2026-05-08 09:36:56.274]<DEBUG> [TCP]TCP cache size: 10 bytes.
[2026-05-08 09:36:56.275]<DEBUG> [TCP]TCP cache: 0, 10, 6, 2, 0, 0, 0, 0, 0, 0
[2026-05-08 09:36:56.375]<DEBUG> [TCP]TCP cache size: 41 bytes.
[2026-05-08 09:36:56.375]<DEBUG> [TCP]TCP cache: 6, 2, 0, 0, 0, 0, 0, 0, 10, 5, 0, 0, 0, 0, 0, 0, 0, 0, 0, 0, 0, 0, 0, 0, 0, 0, 0, 0, 0, 0, 0, 0, 0, 0, 10, 6, 2, 0, 0, 0, 0
[2026-05-08 09:36:56.376]<DEBUG> [TCP]TCP cache size: 10 bytes.
[2026-05-08 09:36:56.376]<DEBUG> [TCP]TCP cache: 0, 10, 6, 2, 0, 0, 0, 0, 0, 0
[2026-05-08 09:36:56.477]<DEBUG> [TCP]TCP cache size: 41 bytes.
[2026-05-08 09:36:56.478]<DEBUG> [TCP]TCP cache: 6, 2, 0, 0, 0, 0, 0, 0, 10, 5, 0, 0, 0, 0, 0, 0, 0, 0, 0, 0, 0, 0, 0, 0, 0, 0, 0, 0, 0, 0, 0, 0, 0, 0, 10, 6, 2, 0, 0, 0, 0
[2026-05-08 09:36:56.478]<DEBUG> [TCP]TCP cache size: 10 bytes.
[2026-05-08 09:36:56.478]<DEBUG> [TCP]TCP cache: 0, 10, 6, 2, 0, 0, 0, 0, 0, 0
[2026-05-08 09:36:56.572]<DEBUG> [TCP]TCP cache size: 41 bytes.
[2026-05-08 09:36:56.572]<DEBUG> [TCP]TCP cache: 6, 2, 0, 0, 0, 0, 0, 0, 10, 5, 0, 0, 0, 0, 0, 0, 0, 0, 0, 0, 0, 0, 0, 0, 0, 0, 0, 0, 0, 0, 0, 0, 0, 0, 10, 6, 2, 0, 0, 0, 0
[2026-05-08 09:36:56.573]<DEBUG> [TCP]TCP cache size: 10 bytes.
[2026-05-08 09:36:56.573]<DEBUG> [TCP]TCP cache: 0, 10, 6, 2, 0, 0, 0, 0, 0, 0
[2026-05-08 09:36:56.679]<DEBUG> [TCP]TCP cache size: 41 bytes.
[2026-05-08 09:36:56.679]<DEBUG> [TCP]TCP cache: 6, 2, 0, 0, 0, 0, 0, 0, 10, 5, 0, 0, 0, 0, 0, 0, 0, 0, 0, 0, 0, 0, 0, 0, 0, 0, 0, 0, 0, 0, 0, 0, 0, 0, 10, 6, 2, 0, 0, 0, 0
[2026-05-08 09:36:56.679]<DEBUG> [TCP]TCP cache size: 10 bytes.
[2026-05-08 09:36:56.679]<DEBUG> [TCP]TCP cache: 0, 10, 6, 2, 0, 0, 0, 0, 0, 0
[2026-05-08 09:36:56.773]<DEBUG> [TCP]TCP cache size: 41 bytes.
[2026-05-08 09:36:56.773]<DEBUG> [TCP]TCP cache: 6, 2, 0, 0, 0, 0, 0, 0, 10, 5, 0, 0, 0, 0, 0, 0, 0, 0, 0, 0, 0, 0, 0, 0, 0, 0, 0, 0, 0, 0, 0, 0, 0, 0, 10, 6, 2, 0, 0, 0, 0
[2026-05-08 09:36:56.773]<DEBUG> [TCP]TCP cache size: 10 bytes.
[2026-05-08 09:36:56.773]<DEBUG> [TCP]TCP cache: 0, 10, 6, 2, 0, 0, 0, 0, 0, 0
[2026-05-08 09:36:56.874]<DEBUG> [TCP]TCP cache size: 41 bytes.
[2026-05-08 09:36:56.875]<DEBUG> [TCP]TCP cache: 6, 2, 0, 0, 0, 0, 0, 0, 10, 5, 0, 0, 0, 0, 0, 0, 0, 0, 0, 0, 0, 0, 0, 0, 0, 0, 0, 0, 0, 0, 0, 0, 0, 0, 10, 6, 2, 0, 0, 0, 0
[2026-05-08 09:36:56.875]<DEBUG> [TCP]TCP cache size: 10 bytes.
[2026-05-08 09:36:56.875]<DEBUG> [TCP]TCP cache: 0, 10, 6, 2, 0, 0, 0, 0, 0, 0
[2026-05-08 09:36:56.983]<DEBUG> [TCP]TCP cache size: 41 bytes.
[2026-05-08 09:36:56.983]<DEBUG> [TCP]TCP cache: 6, 2, 0, 0, 0, 0, 0, 0, 10, 5, 0, 0, 0, 0, 0, 0, 0, 0, 0, 0, 0, 0, 0, 0, 0, 0, 0, 0, 0, 0, 0, 0, 0, 0, 10, 6, 2, 0, 0, 0, 0
[2026-05-08 09:36:56.983]<DEBUG> [TCP]TCP cache size: 10 bytes.
[2026-05-08 09:36:56.983]<DEBUG> [TCP]TCP cache: 0, 10, 6, 2, 0, 0, 0, 0, 0, 0
[2026-05-08 09:36:57.073]<DEBUG> [TCP]TCP cache size: 41 bytes.
[2026-05-08 09:36:57.074]<DEBUG> [TCP]TCP cache: 6, 2, 0, 0, 0, 0, 0, 0, 10, 5, 0, 0, 0, 0, 0, 0, 0, 0, 0, 0, 0, 0, 0, 0, 0, 0, 0, 0, 0, 0, 0, 0, 0, 0, 10, 6, 2, 0, 0, 0, 0
[2026-05-08 09:36:57.074]<DEBUG> [TCP]TCP cache size: 10 bytes.
[2026-05-08 09:36:57.074]<DEBUG> [TCP]TCP cache: 0, 10, 6, 2, 0, 0, 0, 0, 0, 0
[2026-05-08 09:36:57.191]<DEBUG> [TCP]TCP cache size: 41 bytes.
[2026-05-08 09:36:57.191]<DEBUG> [TCP]TCP cache: 6, 2, 0, 0, 0, 0, 0, 0, 10, 5, 0, 0, 0, 0, 0, 0, 0, 0, 0, 0, 0, 0, 0, 0, 0, 0, 0, 0, 0, 0, 0, 0, 0, 0, 10, 6, 2, 0, 0, 0, 0
[2026-05-08 09:36:57.191]<DEBUG> [TCP]TCP cache size: 10 bytes.
[2026-05-08 09:36:57.191]<DEBUG> [TCP]TCP cache: 0, 10, 6, 2, 0, 0, 0, 0, 0, 0
[2026-05-08 09:36:57.280]<DEBUG> [TCP]TCP cache size: 41 bytes.
[2026-05-08 09:36:57.280]<DEBUG> [TCP]TCP cache: 6, 2, 0, 0, 0, 0, 0, 0, 10, 5, 0, 0, 0, 0, 0, 0, 0, 0, 0, 0, 0, 0, 0, 0, 0, 0, 0, 0, 0, 0, 0, 0, 0, 0, 10, 6, 2, 0, 0, 0, 0
[2026-05-08 09:36:57.280]<DEBUG> [TCP]TCP cache size: 10 bytes.
[2026-05-08 09:36:57.280]<DEBUG> [TCP]TCP cache: 0, 10, 6, 2, 0, 0, 0, 0, 0, 0
[2026-05-08 09:36:57.382]<DEBUG> [TCP]TCP cache size: 41 bytes.
[2026-05-08 09:36:57.382]<DEBUG> [TCP]TCP cache: 6, 2, 0, 0, 0, 0, 0, 0, 10, 5, 0, 0, 0, 0, 0, 0, 0, 0, 0, 0, 0, 0, 0, 0, 0, 0, 0, 0, 0, 0, 0, 0, 0, 0, 10, 6, 2, 0, 0, 0, 0
[2026-05-08 09:36:57.382]<DEBUG> [TCP]TCP cache size: 10 bytes.
[2026-05-08 09:36:57.382]<DEBUG> [TCP]TCP cache: 0, 10, 6, 2, 0, 0, 0, 0, 0, 0
[2026-05-08 09:36:57.474]<DEBUG> [TCP]TCP cache size: 41 bytes.
[2026-05-08 09:36:57.474]<DEBUG> [TCP]TCP cache: 6, 2, 0, 0, 0, 0, 0, 0, 10, 5, 0, 0, 0, 0, 0, 0, 0, 0, 0, 0, 0, 0, 0, 0, 0, 0, 0, 0, 0, 0, 0, 0, 0, 0, 10, 6, 2, 0, 0, 0, 0
[2026-05-08 09:36:57.474]<DEBUG> [TCP]TCP cache size: 10 bytes.
[2026-05-08 09:36:57.474]<DEBUG> [TCP]TCP cache: 0, 10, 6, 2, 0, 0, 0, 0, 0, 0
[2026-05-08 09:36:57.580]<DEBUG> [TCP]TCP cache size: 41 bytes.
[2026-05-08 09:36:57.580]<DEBUG> [TCP]TCP cache: 6, 2, 0, 0, 0, 0, 0, 0, 10, 5, 0, 0, 0, 0, 0, 0, 0, 0, 0, 0, 0, 0, 0, 0, 0, 0, 0, 0, 0, 0, 0, 0, 0, 0, 10, 6, 2, 0, 0, 0, 0
[2026-05-08 09:36:57.580]<DEBUG> [TCP]TCP cache size: 10 bytes.
[2026-05-08 09:36:57.580]<DEBUG> [TCP]TCP cache: 0, 10, 6, 2, 0, 0, 0, 0, 0, 0
[2026-05-08 09:36:57.679]<DEBUG> [TCP]TCP cache size: 41 bytes.
[2026-05-08 09:36:57.679]<DEBUG> [TCP]TCP cache: 6, 2, 0, 0, 0, 0, 0, 0, 10, 5, 0, 0, 0, 0, 0, 0, 0, 0, 0, 0, 0, 0, 0, 0, 0, 0, 0, 0, 0, 0, 0, 0, 0, 0, 10, 6, 2, 0, 0, 0, 0
[2026-05-08 09:36:57.679]<DEBUG> [TCP]TCP cache size: 10 bytes.
[2026-05-08 09:36:57.679]<DEBUG> [TCP]TCP cache: 0, 10, 6, 2, 0, 0, 0, 0, 0, 0
[2026-05-08 09:36:57.776]<DEBUG> [TCP]TCP cache size: 41 bytes.
[2026-05-08 09:36:57.776]<DEBUG> [TCP]TCP cache: 6, 2, 0, 0, 0, 0, 0, 0, 10, 5, 0, 0, 0, 0, 0, 0, 0, 0, 0, 0, 0, 0, 0, 0, 0, 0, 0, 0, 0, 0, 0, 0, 0, 0, 10, 6, 2, 0, 0, 0, 0
[2026-05-08 09:36:57.776]<DEBUG> [TCP]TCP cache size: 10 bytes.
[2026-05-08 09:36:57.776]<DEBUG> [TCP]TCP cache: 0, 10, 6, 2, 0, 0, 0, 0, 0, 0
[2026-05-08 09:36:57.877]<DEBUG> [TCP]TCP cache size: 41 bytes.
[2026-05-08 09:36:57.877]<DEBUG> [TCP]TCP cache: 6, 2, 0, 0, 0, 0, 0, 0, 10, 5, 0, 0, 0, 0, 0, 0, 0, 0, 0, 0, 0, 0, 0, 0, 0, 0, 0, 0, 0, 0, 0, 0, 0, 0, 10, 6, 2, 0, 0, 0, 0
[2026-05-08 09:36:57.877]<DEBUG> [TCP]TCP cache size: 10 bytes.
[2026-05-08 09:36:57.877]<DEBUG> [TCP]TCP cache: 0, 10, 6, 2, 0, 0, 0, 0, 0, 0
[2026-05-08 09:36:57.976]<DEBUG> [TCP]TCP cache size: 41 bytes.
[2026-05-08 09:36:57.976]<DEBUG> [TCP]TCP cache: 6, 2, 0, 0, 0, 0, 0, 0, 10, 5, 0, 0, 0, 0, 0, 0, 0, 0, 0, 0, 0, 0, 0, 0, 0, 0, 0, 0, 0, 0, 0, 0, 0, 0, 10, 6, 2, 0, 0, 0, 0
[2026-05-08 09:36:57.976]<DEBUG> [TCP]TCP cache size: 10 bytes.
[2026-05-08 09:36:57.976]<DEBUG> [TCP]TCP cache: 0, 10, 6, 2, 0, 0, 0, 0, 0, 0
[2026-05-08 09:36:58.077]<DEBUG> [TCP]TCP cache size: 41 bytes.
[2026-05-08 09:36:58.077]<DEBUG> [TCP]TCP cache: 6, 2, 0, 0, 0, 0, 0, 0, 10, 5, 0, 0, 0, 0, 0, 0, 0, 0, 0, 0, 0, 0, 0, 0, 0, 0, 0, 0, 0, 0, 0, 0, 0, 0, 10, 6, 2, 0, 0, 0, 0
[2026-05-08 09:36:58.078]<DEBUG> [TCP]TCP cache size: 10 bytes.
[2026-05-08 09:36:58.078]<DEBUG> [TCP]TCP cache: 0, 10, 6, 2, 0, 0, 0, 0, 0, 0
[2026-05-08 09:36:58.177]<DEBUG> [TCP]TCP cache size: 41 bytes.
[2026-05-08 09:36:58.177]<DEBUG> [TCP]TCP cache: 6, 2, 0, 0, 0, 0, 0, 0, 10, 5, 0, 0, 0, 0, 0, 0, 0, 0, 0, 0, 0, 0, 0, 0, 0, 0, 0, 0, 0, 0, 0, 0, 0, 0, 10, 6, 2, 0, 0, 0, 0
[2026-05-08 09:36:58.177]<DEBUG> [TCP]TCP cache size: 10 bytes.
[2026-05-08 09:36:58.177]<DEBUG> [TCP]TCP cache: 0, 10, 6, 2, 0, 0, 0, 0, 0, 0
[2026-05-08 09:36:58.279]<DEBUG> [TCP]TCP cache size: 41 bytes.
[2026-05-08 09:36:58.279]<DEBUG> [TCP]TCP cache: 6, 2, 0, 0, 0, 0, 0, 0, 10, 5, 0, 0, 0, 0, 0, 0, 0, 0, 0, 0, 0, 0, 0, 0, 0, 0, 0, 0, 0, 0, 0, 0, 0, 0, 10, 6, 2, 0, 0, 0, 0
[2026-05-08 09:36:58.279]<DEBUG> [TCP]TCP cache size: 10 bytes.
[2026-05-08 09:36:58.279]<DEBUG> [TCP]TCP cache: 0, 10, 6, 2, 0, 0, 0, 0, 0, 0
[2026-05-08 09:36:58.378]<DEBUG> [TCP]TCP cache size: 41 bytes.
[2026-05-08 09:36:58.378]<DEBUG> [TCP]TCP cache: 6, 2, 0, 0, 0, 0, 0, 0, 10, 5, 0, 0, 0, 0, 0, 0, 0, 0, 0, 0, 0, 0, 0, 0, 0, 0, 0, 0, 0, 0, 0, 0, 0, 0, 10, 6, 2, 0, 0, 0, 0
[2026-05-08 09:36:58.378]<DEBUG> [TCP]TCP cache size: 10 bytes.
[2026-05-08 09:36:58.378]<DEBUG> [TCP]TCP cache: 0, 10, 6, 2, 0, 0, 0, 0, 0, 0
[2026-05-08 09:36:58.479]<DEBUG> [TCP]TCP cache size: 41 bytes.
[2026-05-08 09:36:58.480]<DEBUG> [TCP]TCP cache: 6, 2, 0, 0, 0, 0, 0, 0, 10, 5, 0, 0, 0, 0, 0, 0, 0, 0, 0, 0, 0, 0, 0, 0, 0, 0, 0, 0, 0, 0, 0, 0, 0, 0, 10, 6, 2, 0, 0, 0, 0
[2026-05-08 09:36:58.480]<DEBUG> [TCP]TCP cache size: 10 bytes.
[2026-05-08 09:36:58.480]<DEBUG> [TCP]TCP cache: 0, 10, 6, 2, 0, 0, 0, 0, 0, 0
[2026-05-08 09:36:58.581]<DEBUG> [TCP]TCP cache size: 41 bytes.
[2026-05-08 09:36:58.581]<DEBUG> [TCP]TCP cache: 6, 2, 0, 0, 0, 0, 0, 0, 10, 5, 0, 0, 0, 0, 0, 0, 0, 0, 0, 0, 0, 0, 0, 0, 0, 0, 0, 0, 0, 0, 0, 0, 0, 0, 10, 6, 2, 0, 0, 0, 0
[2026-05-08 09:36:58.581]<DEBUG> [TCP]TCP cache size: 10 bytes.
[2026-05-08 09:36:58.581]<DEBUG> [TCP]TCP cache: 0, 10, 6, 2, 0, 0, 0, 0, 0, 0
[2026-05-08 09:36:58.682]<DEBUG> [TCP]TCP cache size: 41 bytes.
[2026-05-08 09:36:58.682]<DEBUG> [TCP]TCP cache: 6, 2, 0, 0, 0, 0, 0, 0, 10, 5, 0, 0, 0, 0, 0, 0, 0, 0, 0, 0, 0, 0, 0, 0, 0, 0, 0, 0, 0, 0, 0, 0, 0, 0, 10, 6, 2, 0, 0, 0, 0
[2026-05-08 09:36:58.682]<DEBUG> [TCP]TCP cache size: 10 bytes.
[2026-05-08 09:36:58.682]<DEBUG> [TCP]TCP cache: 0, 10, 6, 2, 0, 0, 0, 0, 0, 0
[2026-05-08 09:36:58.781]<DEBUG> [TCP]TCP cache size: 41 bytes.
[2026-05-08 09:36:58.781]<DEBUG> [TCP]TCP cache: 6, 2, 0, 0, 0, 0, 0, 0, 10, 5, 0, 0, 0, 0, 0, 0, 0, 0, 0, 0, 0, 0, 0, 0, 0, 0, 0, 0, 0, 0, 0, 0, 0, 0, 10, 6, 2, 0, 0, 0, 0
[2026-05-08 09:36:58.781]<DEBUG> [TCP]TCP cache size: 10 bytes.
[2026-05-08 09:36:58.781]<DEBUG> [TCP]TCP cache: 0, 10, 6, 2, 0, 0, 0, 0, 0, 0
[2026-05-08 09:36:58.882]<DEBUG> [TCP]TCP cache size: 41 bytes.
[2026-05-08 09:36:58.882]<DEBUG> [TCP]TCP cache: 6, 2, 0, 0, 0, 0, 0, 0, 10, 5, 0, 0, 0, 0, 0, 0, 0, 0, 0, 0, 0, 0, 0, 0, 0, 0, 0, 0, 0, 0, 0, 0, 0, 0, 10, 6, 2, 0, 0, 0, 0
[2026-05-08 09:36:58.882]<DEBUG> [TCP]TCP cache size: 10 bytes.
[2026-05-08 09:36:58.882]<DEBUG> [TCP]TCP cache: 0, 10, 6, 2, 0, 0, 0, 0, 0, 0
[2026-05-08 09:36:58.984]<DEBUG> [TCP]TCP cache size: 41 bytes.
[2026-05-08 09:36:58.984]<DEBUG> [TCP]TCP cache: 6, 2, 0, 0, 0, 0, 0, 0, 10, 5, 0, 0, 0, 0, 0, 0, 0, 0, 0, 0, 0, 0, 0, 0, 0, 0, 0, 0, 0, 0, 0, 0, 0, 0, 10, 6, 2, 0, 0, 0, 0
[2026-05-08 09:36:58.984]<DEBUG> [TCP]TCP cache size: 10 bytes.
[2026-05-08 09:36:58.984]<DEBUG> [TCP]TCP cache: 0, 10, 6, 2, 0, 0, 0, 0, 0, 0
[2026-05-08 09:36:59.083]<DEBUG> [TCP]TCP cache size: 41 bytes.
[2026-05-08 09:36:59.083]<DEBUG> [TCP]TCP cache: 6, 2, 0, 0, 0, 0, 0, 0, 10, 5, 0, 0, 0, 0, 0, 0, 0, 0, 0, 0, 0, 0, 0, 0, 0, 0, 0, 0, 0, 0, 0, 0, 0, 0, 10, 6, 2, 0, 0, 0, 0
[2026-05-08 09:36:59.083]<DEBUG> [TCP]TCP cache size: 10 bytes.
[2026-05-08 09:36:59.086]<DEBUG> [TCP]TCP cache: 0, 10, 6, 2, 0, 0, 0, 0, 0, 0
[2026-05-08 09:36:59.179]<DEBUG> [TCP]TCP cache size: 41 bytes.
[2026-05-08 09:36:59.179]<DEBUG> [TCP]TCP cache: 6, 2, 0, 0, 0, 0, 0, 0, 10, 5, 0, 0, 0, 0, 0, 0, 0, 0, 0, 0, 0, 0, 0, 0, 0, 0, 0, 0, 0, 0, 0, 0, 0, 0, 10, 6, 2, 0, 0, 0, 0
[2026-05-08 09:36:59.180]<DEBUG> [TCP]TCP cache size: 10 bytes.
[2026-05-08 09:36:59.180]<DEBUG> [TCP]TCP cache: 0, 10, 6, 2, 0, 0, 0, 0, 0, 0
[2026-05-08 09:36:59.281]<DEBUG> [TCP]TCP cache size: 41 bytes.
[2026-05-08 09:36:59.282]<DEBUG> [TCP]TCP cache: 6, 2, 0, 0, 0, 0, 0, 0, 10, 5, 0, 0, 0, 0, 0, 0, 0, 0, 0, 0, 0, 0, 0, 0, 0, 0, 0, 0, 0, 0, 0, 0, 0, 0, 10, 6, 2, 0, 0, 0, 0
[2026-05-08 09:36:59.282]<DEBUG> [TCP]TCP cache size: 10 bytes.
[2026-05-08 09:36:59.282]<DEBUG> [TCP]TCP cache: 0, 10, 6, 2, 0, 0, 0, 0, 0, 0
[2026-05-08 09:36:59.386]<DEBUG> [TCP]TCP cache size: 41 bytes.
[2026-05-08 09:36:59.386]<DEBUG> [TCP]TCP cache: 6, 2, 0, 0, 0, 0, 0, 0, 10, 5, 0, 0, 0, 0, 0, 0, 0, 0, 0, 0, 0, 0, 0, 0, 0, 0, 0, 0, 0, 0, 0, 0, 0, 0, 10, 6, 2, 0, 0, 0, 0
[2026-05-08 09:36:59.386]<DEBUG> [TCP]TCP cache size: 10 bytes.
[2026-05-08 09:36:59.387]<DEBUG> [TCP]TCP cache: 0, 10, 6, 2, 0, 0, 0, 0, 0, 0
[2026-05-08 09:36:59.480]<DEBUG> [TCP]TCP cache size: 41 bytes.
[2026-05-08 09:36:59.481]<DEBUG> [TCP]TCP cache: 6, 2, 0, 0, 0, 0, 0, 0, 10, 5, 0, 0, 0, 0, 0, 0, 0, 0, 0, 0, 0, 0, 0, 0, 0, 0, 0, 0, 0, 0, 0, 0, 0, 0, 10, 6, 2, 0, 0, 0, 0
[2026-05-08 09:36:59.481]<DEBUG> [TCP]TCP cache size: 10 bytes.
[2026-05-08 09:36:59.481]<DEBUG> [TCP]TCP cache: 0, 10, 6, 2, 0, 0, 0, 0, 0, 0
[2026-05-08 09:36:59.590]<DEBUG> [TCP]TCP cache size: 41 bytes.
[2026-05-08 09:36:59.590]<DEBUG> [TCP]TCP cache: 6, 2, 0, 0, 0, 0, 0, 0, 10, 5, 0, 0, 0, 0, 0, 0, 0, 0, 0, 0, 0, 0, 0, 0, 0, 0, 0, 0, 0, 0, 0, 0, 0, 0, 10, 6, 2, 0, 0, 0, 0
[2026-05-08 09:36:59.590]<DEBUG> [TCP]TCP cache size: 10 bytes.
[2026-05-08 09:36:59.590]<DEBUG> [TCP]TCP cache: 0, 10, 6, 2, 0, 0, 0, 0, 0, 0
[2026-05-08 09:36:59.686]<DEBUG> [TCP]TCP cache size: 41 bytes.
[2026-05-08 09:36:59.687]<DEBUG> [TCP]TCP cache: 6, 2, 0, 0, 0, 0, 0, 0, 10, 5, 0, 0, 0, 0, 0, 0, 0, 0, 0, 0, 0, 0, 0, 0, 0, 0, 0, 0, 0, 0, 0, 0, 0, 0, 10, 6, 2, 0, 0, 0, 0
[2026-05-08 09:36:59.687]<DEBUG> [TCP]TCP cache size: 10 bytes.
[2026-05-08 09:36:59.687]<DEBUG> [TCP]TCP cache: 0, 10, 6, 2, 0, 0, 0, 0, 0, 0
[2026-05-08 09:36:59.792]<DEBUG> [TCP]TCP cache size: 41 bytes.
[2026-05-08 09:36:59.792]<DEBUG> [TCP]TCP cache: 6, 2, 0, 0, 0, 0, 0, 0, 10, 5, 0, 0, 0, 0, 0, 0, 0, 0, 0, 0, 0, 0, 0, 0, 0, 0, 0, 0, 0, 0, 0, 0, 0, 0, 10, 6, 2, 0, 0, 0, 0
[2026-05-08 09:36:59.792]<DEBUG> [TCP]TCP cache size: 10 bytes.
[2026-05-08 09:36:59.792]<DEBUG> [TCP]TCP cache: 0, 10, 6, 2, 0, 0, 0, 0, 0, 0
[2026-05-08 09:36:59.886]<DEBUG> [TCP]TCP cache size: 41 bytes.
[2026-05-08 09:36:59.887]<DEBUG> [TCP]TCP cache: 6, 2, 0, 0, 0, 0, 0, 0, 10, 5, 0, 0, 0, 0, 0, 0, 0, 0, 0, 0, 0, 0, 0, 0, 0, 0, 0, 0, 0, 0, 0, 0, 0, 0, 10, 6, 2, 0, 0, 0, 0
[2026-05-08 09:36:59.887]<DEBUG> [TCP]TCP cache size: 10 bytes.
[2026-05-08 09:36:59.887]<DEBUG> [TCP]TCP cache: 0, 10, 6, 2, 0, 0, 0, 0, 0, 0
[2026-05-08 09:36:59.983]<DEBUG> [TCP]TCP cache size: 41 bytes.
[2026-05-08 09:36:59.983]<DEBUG> [TCP]TCP cache: 6, 2, 0, 0, 0, 0, 0, 0, 10, 5, 0, 0, 0, 0, 0, 0, 0, 0, 0, 0, 0, 0, 0, 0, 0, 0, 0, 0, 0, 0, 0, 0, 0, 0, 10, 6, 2, 0, 0, 0, 0
[2026-05-08 09:36:59.984]<DEBUG> [TCP]TCP cache size: 10 bytes.
[2026-05-08 09:36:59.984]<DEBUG> [TCP]TCP cache: 0, 10, 6, 2, 0, 0, 0, 0, 0, 0
[2026-05-08 09:37:00.087]<DEBUG> [TCP]TCP cache size: 41 bytes.
[2026-05-08 09:37:00.087]<DEBUG> [TCP]TCP cache: 6, 2, 0, 0, 0, 0, 0, 0, 10, 5, 0, 0, 0, 0, 0, 0, 0, 0, 0, 0, 0, 0, 0, 0, 0, 0, 0, 0, 0, 0, 0, 0, 0, 0, 10, 6, 2, 0, 0, 0, 0
[2026-05-08 09:37:00.087]<DEBUG> [TCP]TCP cache size: 10 bytes.
[2026-05-08 09:37:00.087]<DEBUG> [TCP]TCP cache: 0, 10, 6, 2, 0, 0, 0, 0, 0, 0
[2026-05-08 09:37:00.189]<DEBUG> [TCP]TCP cache size: 41 bytes.
[2026-05-08 09:37:00.189]<DEBUG> [TCP]TCP cache: 6, 2, 0, 0, 0, 0, 0, 0, 10, 5, 0, 0, 0, 0, 0, 0, 0, 0, 0, 0, 0, 0, 0, 0, 0, 0, 0, 0, 0, 0, 0, 0, 0, 0, 10, 6, 2, 0, 0, 0, 0
[2026-05-08 09:37:00.189]<DEBUG> [TCP]TCP cache size: 10 bytes.
[2026-05-08 09:37:00.189]<DEBUG> [TCP]TCP cache: 0, 10, 6, 2, 0, 0, 0, 0, 0, 0
[2026-05-08 09:37:00.286]<DEBUG> [TCP]TCP cache size: 41 bytes.
[2026-05-08 09:37:00.286]<DEBUG> [TCP]TCP cache: 6, 2, 0, 0, 0, 0, 0, 0, 10, 5, 0, 0, 0, 0, 0, 0, 0, 0, 0, 0, 0, 0, 0, 0, 0, 0, 0, 0, 0, 0, 0, 0, 0, 0, 10, 6, 2, 0, 0, 0, 0
[2026-05-08 09:37:00.287]<DEBUG> [TCP]TCP cache size: 10 bytes.
[2026-05-08 09:37:00.287]<DEBUG> [TCP]TCP cache: 0, 10, 6, 2, 0, 0, 0, 0, 0, 0
[2026-05-08 09:37:00.382]<DEBUG> [TCP]TCP cache size: 41 bytes.
[2026-05-08 09:37:00.383]<DEBUG> [TCP]TCP cache: 6, 2, 0, 0, 0, 0, 0, 0, 10, 5, 0, 0, 0, 0, 0, 0, 0, 0, 0, 0, 0, 0, 0, 0, 0, 0, 0, 0, 0, 0, 0, 0, 0, 0, 10, 6, 2, 0, 0, 0, 0
[2026-05-08 09:37:00.383]<DEBUG> [TCP]TCP cache size: 10 bytes.
[2026-05-08 09:37:00.383]<DEBUG> [TCP]TCP cache: 0, 10, 6, 2, 0, 0, 0, 0, 0, 0
[2026-05-08 09:37:00.487]<DEBUG> [TCP]TCP cache size: 41 bytes.
[2026-05-08 09:37:00.487]<DEBUG> [TCP]TCP cache: 6, 2, 0, 0, 0, 0, 0, 0, 10, 5, 0, 0, 0, 0, 0, 0, 0, 0, 0, 0, 0, 0, 0, 0, 0, 0, 0, 0, 0, 0, 0, 0, 0, 0, 10, 6, 2, 0, 0, 0, 0
[2026-05-08 09:37:00.487]<DEBUG> [TCP]TCP cache size: 10 bytes.
[2026-05-08 09:37:00.487]<DEBUG> [TCP]TCP cache: 0, 10, 6, 2, 0, 0, 0, 0, 0, 0
[2026-05-08 09:37:00.585]<DEBUG> [TCP]TCP cache size: 41 bytes.
[2026-05-08 09:37:00.585]<DEBUG> [TCP]TCP cache: 6, 2, 0, 0, 0, 0, 0, 0, 10, 5, 0, 0, 0, 0, 0, 0, 0, 0, 0, 0, 0, 0, 0, 0, 0, 0, 0, 0, 0, 0, 0, 0, 0, 0, 10, 6, 2, 0, 0, 0, 0
[2026-05-08 09:37:00.585]<DEBUG> [TCP]TCP cache size: 10 bytes.
[2026-05-08 09:37:00.585]<DEBUG> [TCP]TCP cache: 0, 10, 6, 2, 0, 0, 0, 0, 0, 0
[2026-05-08 09:37:00.682]<DEBUG> [TCP]TCP cache size: 41 bytes.
[2026-05-08 09:37:00.683]<DEBUG> [TCP]TCP cache: 6, 2, 0, 0, 0, 0, 0, 0, 10, 5, 0, 0, 0, 0, 0, 0, 0, 0, 0, 0, 0, 0, 0, 0, 0, 0, 0, 0, 0, 0, 0, 0, 0, 0, 10, 6, 2, 0, 0, 0, 0
[2026-05-08 09:37:00.683]<DEBUG> [TCP]TCP cache size: 10 bytes.
[2026-05-08 09:37:00.683]<DEBUG> [TCP]TCP cache: 0, 10, 6, 2, 0, 0, 0, 0, 0, 0
[2026-05-08 09:37:00.785]<DEBUG> [TCP]TCP cache size: 41 bytes.
[2026-05-08 09:37:00.785]<DEBUG> [TCP]TCP cache: 6, 2, 0, 0, 0, 0, 0, 0, 10, 5, 0, 0, 0, 0, 0, 0, 0, 0, 0, 0, 0, 0, 0, 0, 0, 0, 0, 0, 0, 0, 0, 0, 0, 0, 10, 6, 2, 0, 0, 0, 0
[2026-05-08 09:37:00.785]<DEBUG> [TCP]TCP cache size: 10 bytes.
[2026-05-08 09:37:00.785]<DEBUG> [TCP]TCP cache: 0, 10, 6, 2, 0, 0, 0, 0, 0, 0
[2026-05-08 09:37:00.887]<DEBUG> [TCP]TCP cache size: 41 bytes.
[2026-05-08 09:37:00.887]<DEBUG> [TCP]TCP cache: 6, 2, 0, 0, 0, 0, 0, 0, 10, 5, 0, 0, 0, 0, 0, 0, 0, 0, 0, 0, 0, 0, 0, 0, 0, 0, 0, 0, 0, 0, 0, 0, 0, 0, 10, 6, 2, 0, 0, 0, 0
[2026-05-08 09:37:00.887]<DEBUG> [TCP]TCP cache size: 10 bytes.
[2026-05-08 09:37:00.887]<DEBUG> [TCP]TCP cache: 0, 10, 6, 2, 0, 0, 0, 0, 0, 0
