--- Log File Created: 2026-03-04 23:02:57.337 ---
[2026-03-04 23:02:57.488]<DEBUG> [Detector]Robot Inferencer initializing...
[2026-03-04 23:02:57.491]<DEBUG> [Yolov8Inferencer]Model loaded: car_v8n
[2026-03-04 23:02:57.495]<DEBUG> [Yolov8Inferencer]Model class count: 1
[2026-03-04 23:02:57.497]<DEBUG> [Yolov8Inferencer]Model loaded: armor_v8n
[2026-03-04 23:02:57.498]<DEBUG> [Yolov8Inferencer]Model class count: 12
[2026-03-04 23:02:57.499]<DEBUG> [Yolov8Inferencer]Model loaded: armor_v8n
[2026-03-04 23:02:57.501]<DEBUG> [Yolov8Inferencer]Model class count: 12
[2026-03-04 23:02:57.501]<DEBUG> [Yolov8Inferencer]Model loaded: armor_v8n
[2026-03-04 23:02:57.503]<DEBUG> [Yolov8Inferencer]Model class count: 12
[2026-03-04 23:02:57.505]<DEBUG> [Yolov8Inferencer]Model loaded: armor_v8n
[2026-03-04 23:02:57.506]<DEBUG> [Yolov8Inferencer]Model class count: 12
[2026-03-04 23:02:57.508]<DEBUG> [Yolov8Inferencer]Model loaded: armor_v8n
[2026-03-04 23:02:57.509]<DEBUG> [Yolov8Inferencer]Model class count: 12
[2026-03-04 23:02:57.511]<DEBUG> [Yolov8Inferencer]Model loaded: armor_v8n
[2026-03-04 23:02:57.512]<DEBUG> [Yolov8Inferencer]Model class count: 12
[2026-03-04 23:02:57.513]<DEBUG> [Yolov8Inferencer]Model loaded: armor_v8n
[2026-03-04 23:02:57.514]<DEBUG> [Yolov8Inferencer]Model class count: 12
[2026-03-04 23:02:57.514]<DEBUG> [Yolov8Inferencer]Model loaded: armor_v8n
[2026-03-04 23:02:57.516]<DEBUG> [Yolov8Inferencer]Model class count: 12
[2026-03-04 23:02:57.516]<DEBUG> [Yolov8Inferencer]Model loaded: armor_v8n
[2026-03-04 23:02:57.518]<DEBUG> [Yolov8Inferencer]Model class count: 12
[2026-03-04 23:02:57.519]<DEBUG> [Yolov8Inferencer]Model loaded: armor_v8n
[2026-03-04 23:02:57.520]<DEBUG> [Yolov8Inferencer]Model class count: 12
[2026-03-04 23:02:57.521]<DEBUG> [Yolov8Inferencer]Model loaded: armor_v8n
[2026-03-04 23:02:57.523]<DEBUG> [Yolov8Inferencer]Model class count: 12
[2026-03-04 23:02:57.524]<DEBUG> [Yolov8Inferencer]Model loaded: armor_v8n
[2026-03-04 23:02:57.524]<DEBUG> [Yolov8Inferencer]Model class count: 12
[2026-03-04 23:02:57.525]<DEBUG> [Detector]initialized.
[2026-03-04 23:04:19.359]<DEBUG> [Detector]Robot Inferencer initializing...
[2026-03-04 23:04:19.362]<DEBUG> [Detector]initialized.
[2026-03-04 23:04:19.364]<DEBUG> [Detector]Detection started.
[2026-03-04 23:05:52.289]<DEBUG> [Detector]Detection stopped.
