--- Log File Created: 2026-03-15 05:52:30.659 ---
[2026-03-15 05:52:30.829]<DEBUG> [Detector]Robot Inferencer initializing...
[2026-03-15 05:52:30.830]<DEBUG> [Yolov8Inferencer]Model loaded: car_v8n
[2026-03-15 05:52:30.830]<DEBUG> [Yolov8Inferencer]Model class count: 1
[2026-03-15 05:52:30.830]<DEBUG> [Yolov8Inferencer]Model loaded: armor_v8n
[2026-03-15 05:52:30.830]<DEBUG> [Yolov8Inferencer]Model class count: 12
[2026-03-15 05:52:30.830]<DEBUG> [Yolov8Inferencer]Model loaded: armor_v8n
[2026-03-15 05:52:30.830]<DEBUG> [Yolov8Inferencer]Model class count: 12
[2026-03-15 05:52:30.830]<DEBUG> [Yolov8Inferencer]Model loaded: armor_v8n
[2026-03-15 05:52:30.830]<DEBUG> [Yolov8Inferencer]Model class count: 12
[2026-03-15 05:52:30.830]<DEBUG> [Yolov8Inferencer]Model loaded: armor_v8n
[2026-03-15 05:52:30.830]<DEBUG> [Yolov8Inferencer]Model class count: 12
[2026-03-15 05:52:30.830]<DEBUG> [Yolov8Inferencer]Model loaded: armor_v8n
[2026-03-15 05:52:30.831]<DEBUG> [Yolov8Inferencer]Model class count: 12
[2026-03-15 05:52:30.831]<DEBUG> [Yolov8Inferencer]Model loaded: armor_v8n
[2026-03-15 05:52:30.831]<DEBUG> [Yolov8Inferencer]Model class count: 12
[2026-03-15 05:52:30.831]<DEBUG> [Yolov8Inferencer]Model loaded: armor_v8n
[2026-03-15 05:52:30.831]<DEBUG> [Yolov8Inferencer]Model class count: 12
[2026-03-15 05:52:30.831]<DEBUG> [Yolov8Inferencer]Model loaded: armor_v8n
[2026-03-15 05:52:30.831]<DEBUG> [Yolov8Inferencer]Model class count: 12
[2026-03-15 05:52:30.831]<DEBUG> [Yolov8Inferencer]Model loaded: armor_v8n
[2026-03-15 05:52:30.831]<DEBUG> [Yolov8Inferencer]Model class count: 12
[2026-03-15 05:52:30.831]<DEBUG> [Yolov8Inferencer]Model loaded: armor_v8n
[2026-03-15 05:52:30.831]<DEBUG> [Yolov8Inferencer]Model class count: 12
[2026-03-15 05:52:30.831]<DEBUG> [Yolov8Inferencer]Model loaded: armor_v8n
[2026-03-15 05:52:30.831]<DEBUG> [Yolov8Inferencer]Model class count: 12
[2026-03-15 05:52:30.831]<DEBUG> [Yolov8Inferencer]Model loaded: armor_v8n
[2026-03-15 05:52:30.831]<DEBUG> [Yolov8Inferencer]Model class count: 12
[2026-03-15 05:52:30.831]<DEBUG> [Detector]initialized.
[2026-03-15 05:52:42.366]<DEBUG> [WebCameraHandler]Camera devices scanned: 5 devices found.
[2026-03-15 05:52:42.366]<DEBUG> [WebCameraHandler]--- Camera device 0: UGREEN 95348: UGREEN 95348 (/dev/video0)
[2026-03-15 05:52:42.366]<DEBUG> [WebCameraHandler]--- Camera device 1: UGREEN 95348: UGREEN 95348 (/dev/video1)
[2026-03-15 05:52:42.366]<DEBUG> [WebCameraHandler]--- Camera device 2: USB2.0 FHD UVC WebCam: USB2.0 F (/dev/video2)
[2026-03-15 05:52:42.366]<DEBUG> [WebCameraHandler]--- Camera device 3: USB2.0 FHD UVC WebCam: USB2.0 F (/dev/video3)
[2026-03-15 05:52:42.366]<DEBUG> [WebCameraHandler]--- Camera device 4: UGREEN Virtual Camera (/dev/video4)
[2026-03-15 05:52:48.314]<ERROR> [WebCameraHandler]Failed to open UGREEN Virtual Camera (/dev/video4).
