---SerialHandler Log File Created: 2026-05-01 03:53:58.566 ---
[2026-05-01 03:53:58.566]<DEBUG> [SerialHandler]Serial port closed.
[2026-05-01 03:53:58.567]<DEBUG> [SerialHandler]Serial port opened: /dev/ttyACM0
[2026-05-01 03:53:58.629]<DEBUG> [SerialHandler] <0x0001> GameStatus: GameType: 1, GameStage: Started, StageRemainTime: 364, SyncTimestamp: 0
[2026-05-01 03:53:58.685]<DEBUG> [SerialHandler] <0x0003> GameRobotHp: Red1: 0, Red2: 0, Red3: 0, Red4: 0, Red5: 0, Red7: 0, RedOutpost: 0, RedBase: 0, Blue1: 31403, Blue2: 0, Blue3: 0, Blue4: 0, Blue5: 0, Blue7: 0, BlueOutpost: 0, BlueBase: 26992
[2026-05-01 03:53:58.979]<DEBUG> [SerialHandler] <0x0003> GameRobotHp: Red1: 0, Red2: 0, Red3: 0, Red4: 0, Red5: 0, Red7: 0, RedOutpost: 0, RedBase: 0, Blue1: 24963, Blue2: 0, Blue3: 82, Blue4: 0, Blue5: 105, Blue7: 0, BlueOutpost: 0, BlueBase: 26992
[2026-05-01 03:53:59.294]<DEBUG> [SerialHandler] <0x0003> GameRobotHp: Red1: 0, Red2: 0, Red3: 0, Red4: 0, Red5: 0, Red7: 0, RedOutpost: 0, RedBase: 0, Blue1: 36025, Blue2: 0, Blue3: 69, Blue4: 0, Blue5: 116, Blue7: 0, BlueOutpost: 0, BlueBase: 864
[2026-05-01 03:53:59.598]<DEBUG> [SerialHandler] <0x020C> RadarMarkProgress: IsOpponentHeroDebuffed: False, IsOpponentEngineerDebuffed: False, IsOpponentInfantry3Debuffed: False, IsOpponentInfantry4Debuffed: False, IsOpponentAerialMarked: False, IsOpponentSentryDebuffed: False, IsAllyHeroMarked: False, IsAllyEngineerMarked: False, IsAllyInfantry3Marked: False, IsAllyInfantry4Marked: False, IsAllyAerialMarked: False, IsAllySentryMarked: False
[2026-05-01 03:53:59.872]<DEBUG> [SerialHandler] <0x0003> GameRobotHp: Red1: 0, Red2: 0, Red3: 0, Red4: 0, Red5: 0, Red7: 0, RedOutpost: 0, RedBase: 0, Blue1: 5897, Blue2: 0, Blue3: 101, Blue4: 115, Blue5: 0, Blue7: 0, BlueOutpost: 0, BlueBase: 26992
[2026-05-01 03:54:00.463]<DEBUG> [SerialHandler] <0x0003> GameRobotHp: Red1: 0, Red2: 0, Red3: 0, Red4: 0, Red5: 0, Red7: 0, RedOutpost: 0, RedBase: 0, Blue1: 34209, Blue2: 0, Blue3: 0, Blue4: 0, Blue5: 0, Blue7: 0, BlueOutpost: 0, BlueBase: 26992
[2026-05-01 03:54:00.581]<DEBUG> [SerialHandler] <0x020C> RadarMarkProgress: IsOpponentHeroDebuffed: False, IsOpponentEngineerDebuffed: False, IsOpponentInfantry3Debuffed: False, IsOpponentInfantry4Debuffed: False, IsOpponentAerialMarked: False, IsOpponentSentryDebuffed: False, IsAllyHeroMarked: False, IsAllyEngineerMarked: False, IsAllyInfantry3Marked: False, IsAllyInfantry4Marked: False, IsAllyAerialMarked: False, IsAllySentryMarked: False
[2026-05-01 03:54:00.582]<DEBUG> [SerialHandler] <0x020E> RadarStatus: DoubleDebuffChances: 0,IsDoubleDebuffAble: False,EncryptionRank: 1,IsModifyKeyAble: True
[2026-05-01 03:54:00.777]<DEBUG> [SerialHandler] <0x0003> GameRobotHp: Red1: 0, Red2: 0, Red3: 0, Red4: 0, Red5: 0, Red7: 0, RedOutpost: 0, RedBase: 0, Blue1: 59505, Blue2: 116, Blue3: 115, Blue4: 0, Blue5: 775, Blue7: 2, BlueOutpost: 0, BlueBase: 45616
[2026-05-01 03:54:01.128]<DEBUG> [SerialHandler] <0x0003> GameRobotHp: Red1: 0, Red2: 0, Red3: 0, Red4: 0, Red5: 0, Red7: 0, RedOutpost: 0, RedBase: 0, Blue1: 50669, Blue2: 116, Blue3: 0, Blue4: 84, Blue5: 0, Blue7: 0, BlueOutpost: 0, BlueBase: 26992
[2026-05-01 03:54:01.385]<DEBUG> [SerialHandler] <0x0003> GameRobotHp: Red1: 0, Red2: 0, Red3: 0, Red4: 0, Red5: 0, Red7: 0, RedOutpost: 0, RedBase: 0, Blue1: 52414, Blue2: 0, Blue3: 89, Blue4: 0, Blue5: 116, Blue7: 0, BlueOutpost: 0, BlueBase: 26992
[2026-05-01 03:54:01.586]<DEBUG> [SerialHandler] <0x020C> RadarMarkProgress: IsOpponentHeroDebuffed: False, IsOpponentEngineerDebuffed: False, IsOpponentInfantry3Debuffed: False, IsOpponentInfantry4Debuffed: False, IsOpponentAerialMarked: False, IsOpponentSentryDebuffed: False, IsAllyHeroMarked: False, IsAllyEngineerMarked: False, IsAllyInfantry3Marked: False, IsAllyInfantry4Marked: False, IsAllyAerialMarked: False, IsAllySentryMarked: False
[2026-05-01 03:54:01.661]<DEBUG> [SerialHandler] <0x0003> GameRobotHp: Red1: 0, Red2: 0, Red3: 0, Red4: 0, Red5: 0, Red7: 0, RedOutpost: 0, RedBase: 0, Blue1: 3096, Blue2: 105, Blue3: 111, Blue4: 110, Blue5: 0, Blue7: 0, BlueOutpost: 0, BlueBase: 26992
[2026-05-01 03:54:01.971]<DEBUG> [SerialHandler] <0x0003> GameRobotHp: Red1: 0, Red2: 0, Red3: 0, Red4: 0, Red5: 0, Red7: 0, RedOutpost: 0, RedBase: 0, Blue1: 64086, Blue2: 25296, Blue3: 0, Blue4: 0, Blue5: 0, Blue7: 0, BlueOutpost: 0, BlueBase: 45616
[2026-05-01 03:54:02.283]<DEBUG> [SerialHandler] <0x0003> GameRobotHp: Red1: 0, Red2: 0, Red3: 0, Red4: 0, Red5: 0, Red7: 0, RedOutpost: 0, RedBase: 0, Blue1: 55261, Blue2: 109, Blue3: 97, Blue4: 108, Blue5: 0, Blue7: 0, BlueOutpost: 57, BlueBase: 26992
[2026-05-01 03:54:02.590]<DEBUG> [SerialHandler] <0x020C> RadarMarkProgress: IsOpponentHeroDebuffed: False, IsOpponentEngineerDebuffed: False, IsOpponentInfantry3Debuffed: False, IsOpponentInfantry4Debuffed: False, IsOpponentAerialMarked: False, IsOpponentSentryDebuffed: False, IsAllyHeroMarked: False, IsAllyEngineerMarked: False, IsAllyInfantry3Marked: False, IsAllyInfantry4Marked: False, IsAllyAerialMarked: False, IsAllySentryMarked: False
[2026-05-01 03:54:02.881]<DEBUG> [SerialHandler] <0x0003> GameRobotHp: Red1: 0, Red2: 0, Red3: 0, Red4: 0, Red5: 0, Red7: 0, RedOutpost: 0, RedBase: 0, Blue1: 52450, Blue2: 101, Blue3: 0, Blue4: 6, Blue5: 0, Blue7: 0, BlueOutpost: 0, BlueBase: 26992
[2026-05-01 03:54:03.168]<DEBUG> [SerialHandler] <0x0003> GameRobotHp: Red1: 0, Red2: 0, Red3: 0, Red4: 0, Red5: 0, Red7: 0, RedOutpost: 0, RedBase: 0, Blue1: 64120, Blue2: 46, Blue3: 112, Blue4: 110, Blue5: 103, Blue7: 0, BlueOutpost: 0, BlueBase: 864
[2026-05-01 03:54:03.460]<DEBUG> [SerialHandler] <0x0003> GameRobotHp: Red1: 0, Red2: 0, Red3: 0, Red4: 0, Red5: 0, Red7: 0, RedOutpost: 0, RedBase: 0, Blue1: 55268, Blue2: 112, Blue3: 111, Blue4: 114, Blue5: 116, Blue7: 0, BlueOutpost: 0, BlueBase: 26992
[2026-05-01 03:54:03.582]<DEBUG> [SerialHandler] <0x020C> RadarMarkProgress: IsOpponentHeroDebuffed: False, IsOpponentEngineerDebuffed: False, IsOpponentInfantry3Debuffed: False, IsOpponentInfantry4Debuffed: False, IsOpponentAerialMarked: False, IsOpponentSentryDebuffed: False, IsAllyHeroMarked: False, IsAllyEngineerMarked: False, IsAllyInfantry3Marked: False, IsAllyInfantry4Marked: False, IsAllyAerialMarked: False, IsAllySentryMarked: False
[2026-05-01 03:54:03.781]<DEBUG> [SerialHandler] <0x0003> GameRobotHp: Red1: 0, Red2: 0, Red3: 0, Red4: 0, Red5: 0, Red7: 0, RedOutpost: 0, RedBase: 0, Blue1: 43126, Blue2: 73, Blue3: 79, Blue4: 78, Blue5: 0, Blue7: 0, BlueOutpost: 0, BlueBase: 5680
[2026-05-01 03:54:04.075]<DEBUG> [SerialHandler] <0x0003> GameRobotHp: Red1: 0, Red2: 0, Red3: 0, Red4: 0, Red5: 0, Red7: 0, RedOutpost: 0, RedBase: 0, Blue1: 8637, Blue2: 0, Blue3: 0, Blue4: 0, Blue5: 0, Blue7: 0, BlueOutpost: 0, BlueBase: 34864
[2026-05-01 03:54:04.367]<DEBUG> [SerialHandler] <0x0003> GameRobotHp: Red1: 0, Red2: 0, Red3: 0, Red4: 0, Red5: 0, Red7: 0, RedOutpost: 0, RedBase: 0, Blue1: 24164, Blue2: 0, Blue3: 0, Blue4: 2, Blue5: 0, Blue7: 0, BlueOutpost: 0, BlueBase: 26992
[2026-05-01 03:54:04.592]<DEBUG> [SerialHandler] <0x020C> RadarMarkProgress: IsOpponentHeroDebuffed: False, IsOpponentEngineerDebuffed: False, IsOpponentInfantry3Debuffed: False, IsOpponentInfantry4Debuffed: False, IsOpponentAerialMarked: False, IsOpponentSentryDebuffed: False, IsAllyHeroMarked: False, IsAllyEngineerMarked: False, IsAllyInfantry3Marked: False, IsAllyInfantry4Marked: False, IsAllyAerialMarked: False, IsAllySentryMarked: False
[2026-05-01 03:54:04.654]<DEBUG> [SerialHandler] <0x0003> GameRobotHp: Red1: 0, Red2: 0, Red3: 0, Red4: 0, Red5: 0, Red7: 0, RedOutpost: 0, RedBase: 0, Blue1: 29578, Blue2: 0, Blue3: 0, Blue4: 0, Blue5: 0, Blue7: 0, BlueOutpost: 0, BlueBase: 26992
[2026-05-01 03:54:04.978]<DEBUG> [SerialHandler] <0x0003> GameRobotHp: Red1: 0, Red2: 0, Red3: 0, Red4: 0, Red5: 0, Red7: 0, RedOutpost: 0, RedBase: 0, Blue1: 31456, Blue2: 0, Blue3: 0, Blue4: 0, Blue5: 0, Blue7: 0, BlueOutpost: 0, BlueBase: 4960
[2026-05-01 03:54:05.272]<DEBUG> [SerialHandler] <0x0003> GameRobotHp: Red1: 0, Red2: 0, Red3: 0, Red4: 0, Red5: 0, Red7: 0, RedOutpost: 0, RedBase: 0, Blue1: 57634, Blue2: 0, Blue3: 0, Blue4: 0, Blue5: 0, Blue7: 0, BlueOutpost: 0, BlueBase: 26992
[2026-05-01 03:54:05.590]<DEBUG> [SerialHandler] <0x020C> RadarMarkProgress: IsOpponentHeroDebuffed: False, IsOpponentEngineerDebuffed: False, IsOpponentInfantry3Debuffed: False, IsOpponentInfantry4Debuffed: False, IsOpponentAerialMarked: False, IsOpponentSentryDebuffed: False, IsAllyHeroMarked: False, IsAllyEngineerMarked: False, IsAllyInfantry3Marked: False, IsAllyInfantry4Marked: False, IsAllyAerialMarked: False, IsAllySentryMarked: False
[2026-05-01 03:54:05.891]<DEBUG> [SerialHandler] <0x0003> GameRobotHp: Red1: 0, Red2: 0, Red3: 0, Red4: 0, Red5: 0, Red7: 0, RedOutpost: 0, RedBase: 0, Blue1: 6011, Blue2: 0, Blue3: 100, Blue4: 101, Blue5: 114, Blue7: 0, BlueOutpost: 0, BlueBase: 26992
[2026-05-01 03:54:06.165]<DEBUG> [SerialHandler] <0x0003> GameRobotHp: Red1: 0, Red2: 0, Red3: 0, Red4: 0, Red5: 0, Red7: 0, RedOutpost: 0, RedBase: 0, Blue1: 26786, Blue2: 105, Blue3: 103, Blue4: 104, Blue5: 116, Blue7: 0, BlueOutpost: 0, BlueBase: 26992
[2026-05-01 03:54:06.472]<DEBUG> [SerialHandler] <0x0003> GameRobotHp: Red1: 0, Red2: 0, Red3: 0, Red4: 0, Red5: 0, Red7: 0, RedOutpost: 0, RedBase: 0, Blue1: 13236, Blue2: 85, Blue3: 88, Blue4: 0, Blue5: 0, Blue7: 0, BlueOutpost: 0, BlueBase: 864
[2026-05-01 03:54:06.578]<DEBUG> [SerialHandler] <0x020C> RadarMarkProgress: IsOpponentHeroDebuffed: False, IsOpponentEngineerDebuffed: False, IsOpponentInfantry3Debuffed: False, IsOpponentInfantry4Debuffed: False, IsOpponentAerialMarked: False, IsOpponentSentryDebuffed: False, IsAllyHeroMarked: False, IsAllyEngineerMarked: False, IsAllyInfantry3Marked: False, IsAllyInfantry4Marked: False, IsAllyAerialMarked: False, IsAllySentryMarked: False
[2026-05-01 03:54:06.601]<DEBUG> [SerialHandler] <0x0001> GameStatus: GameType: 1, GameStage: Started, StageRemainTime: 356, SyncTimestamp: 0
[2026-05-01 03:54:06.765]<DEBUG> [SerialHandler] <0x0003> GameRobotHp: Red1: 0, Red2: 0, Red3: 0, Red4: 0, Red5: 0, Red7: 0, RedOutpost: 0, RedBase: 0, Blue1: 19494, Blue2: 84, Blue3: 121, Blue4: 112, Blue5: 101, Blue7: 0, BlueOutpost: 0, BlueBase: 26992
[2026-05-01 03:54:07.081]<DEBUG> [SerialHandler] <0x0003> GameRobotHp: Red1: 0, Red2: 0, Red3: 0, Red4: 0, Red5: 0, Red7: 0, RedOutpost: 0, RedBase: 0, Blue1: 10379, Blue2: 0, Blue3: 0, Blue4: 4, Blue5: 0, Blue7: 0, BlueOutpost: 0, BlueBase: 26992
[2026-05-01 03:54:07.361]<DEBUG> [SerialHandler] <0x0003> GameRobotHp: Red1: 0, Red2: 0, Red3: 0, Red4: 0, Red5: 0, Red7: 0, RedOutpost: 0, RedBase: 0, Blue1: 38883, Blue2: 116, Blue3: 105, Blue4: 111, Blue5: 110, Blue7: 0, BlueOutpost: 0, BlueBase: 26992
[2026-05-01 03:54:07.620]<DEBUG> [SerialHandler] <0x020C> RadarMarkProgress: IsOpponentHeroDebuffed: False, IsOpponentEngineerDebuffed: False, IsOpponentInfantry3Debuffed: False, IsOpponentInfantry4Debuffed: False, IsOpponentAerialMarked: False, IsOpponentSentryDebuffed: False, IsAllyHeroMarked: False, IsAllyEngineerMarked: False, IsAllyInfantry3Marked: False, IsAllyInfantry4Marked: False, IsAllyAerialMarked: False, IsAllySentryMarked: False
[2026-05-01 03:54:07.677]<DEBUG> [SerialHandler] <0x0003> GameRobotHp: Red1: 0, Red2: 0, Red3: 0, Red4: 0, Red5: 0, Red7: 0, RedOutpost: 0, RedBase: 0, Blue1: 7796, Blue2: 0, Blue3: 0, Blue4: 6, Blue5: 0, Blue7: 0, BlueOutpost: 0, BlueBase: 26992
[2026-05-01 03:54:07.976]<DEBUG> [SerialHandler] <0x0003> GameRobotHp: Red1: 0, Red2: 0, Red3: 0, Red4: 0, Red5: 0, Red7: 0, RedOutpost: 0, RedBase: 0, Blue1: 41227, Blue2: 0, Blue3: 0, Blue4: 0, Blue5: 0, Blue7: 0, BlueOutpost: 0, BlueBase: 26992
[2026-05-01 03:54:08.275]<DEBUG> [SerialHandler] <0x0003> GameRobotHp: Red1: 0, Red2: 0, Red3: 0, Red4: 0, Red5: 0, Red7: 0, RedOutpost: 0, RedBase: 0, Blue1: 38801, Blue2: 0, Blue3: 0, Blue4: 0, Blue5: 0, Blue7: 0, BlueOutpost: 0, BlueBase: 26992
[2026-05-01 03:54:08.575]<DEBUG> [SerialHandler] <0x020C> RadarMarkProgress: IsOpponentHeroDebuffed: False, IsOpponentEngineerDebuffed: False, IsOpponentInfantry3Debuffed: False, IsOpponentInfantry4Debuffed: False, IsOpponentAerialMarked: False, IsOpponentSentryDebuffed: False, IsAllyHeroMarked: False, IsAllyEngineerMarked: False, IsAllyInfantry3Marked: False, IsAllyInfantry4Marked: False, IsAllyAerialMarked: False, IsAllySentryMarked: False
[2026-05-01 03:54:08.594]<DEBUG> [SerialHandler] <0x0101> GameBuff: IsSupplyAreaOccupied: False, IsReservedBit1Set: False, IsSupplyAreaOccupied3: False, LittleEnergyOrganStatus: 0, BigEnergyOrganStatus: 0, CentralHighlandStatus: 0, TrapezoidalHighlandStatus: 0, EnemyDartHitTime: 0, EnemyDartHitTarget: 0, CenterGainPointStatus: 0, FortressGainPointStatus: 0, OutpostGainPointStatus: 0, IsBaseGainPointOccupied: False
[2026-05-01 03:54:08.893]<DEBUG> [SerialHandler] <0x0003> GameRobotHp: Red1: 0, Red2: 0, Red3: 0, Red4: 0, Red5: 0, Red7: 0, RedOutpost: 0, RedBase: 0, Blue1: 7757, Blue2: 25296, Blue3: 0, Blue4: 0, Blue5: 0, Blue7: 0, BlueOutpost: 0, BlueBase: 26992
[2026-05-01 03:54:09.176]<DEBUG> [SerialHandler] <0x0003> GameRobotHp: Red1: 0, Red2: 0, Red3: 0, Red4: 0, Red5: 0, Red7: 0, RedOutpost: 0, RedBase: 0, Blue1: 7697, Blue2: 97, Blue3: 115, Blue4: 115, Blue5: 46, Blue7: 104, BlueOutpost: 108, BlueBase: 26992
[2026-05-01 03:54:09.471]<DEBUG> [SerialHandler] <0x0003> GameRobotHp: Red1: 0, Red2: 0, Red3: 0, Red4: 0, Red5: 0, Red7: 0, RedOutpost: 0, RedBase: 0, Blue1: 31420, Blue2: 0, Blue3: 0, Blue4: 0, Blue5: 0, Blue7: 0, BlueOutpost: 0, BlueBase: 26992
[2026-05-01 03:54:09.565]<DEBUG> [SerialHandler] <0x020C> RadarMarkProgress: IsOpponentHeroDebuffed: False, IsOpponentEngineerDebuffed: False, IsOpponentInfantry3Debuffed: False, IsOpponentInfantry4Debuffed: False, IsOpponentAerialMarked: False, IsOpponentSentryDebuffed: False, IsAllyHeroMarked: False, IsAllyEngineerMarked: False, IsAllyInfantry3Marked: False, IsAllyInfantry4Marked: False, IsAllyAerialMarked: False, IsAllySentryMarked: False
[2026-05-01 03:54:09.585]<DEBUG> [SerialHandler] <0x0101> GameBuff: IsSupplyAreaOccupied: False, IsReservedBit1Set: False, IsSupplyAreaOccupied3: False, LittleEnergyOrganStatus: 0, BigEnergyOrganStatus: 0, CentralHighlandStatus: 0, TrapezoidalHighlandStatus: 0, EnemyDartHitTime: 0, EnemyDartHitTarget: 0, CenterGainPointStatus: 0, FortressGainPointStatus: 0, OutpostGainPointStatus: 0, IsBaseGainPointOccupied: False
[2026-05-01 03:54:09.793]<DEBUG> [SerialHandler] <0x0003> GameRobotHp: Red1: 0, Red2: 0, Red3: 0, Red4: 0, Red5: 0, Red7: 0, RedOutpost: 0, RedBase: 0, Blue1: 47642, Blue2: 104, Blue3: 116, Blue4: 0, Blue5: 0, Blue7: 119, BlueOutpost: 101, BlueBase: 26992
[2026-05-01 03:54:10.077]<DEBUG> [SerialHandler] <0x0003> GameRobotHp: Red1: 0, Red2: 0, Red3: 0, Red4: 0, Red5: 0, Red7: 0, RedOutpost: 0, RedBase: 0, Blue1: 3197, Blue2: 0, Blue3: 0, Blue4: 0, Blue5: 0, Blue7: 0, BlueOutpost: 0, BlueBase: 26992
[2026-05-01 03:54:10.376]<DEBUG> [SerialHandler] <0x0003> GameRobotHp: Red1: 0, Red2: 0, Red3: 0, Red4: 0, Red5: 0, Red7: 0, RedOutpost: 0, RedBase: 0, Blue1: 8673, Blue2: 0, Blue3: 0, Blue4: 0, Blue5: 0, Blue7: 0, BlueOutpost: 0, BlueBase: 26992
[2026-05-01 03:54:10.590]<DEBUG> [SerialHandler] <0x020C> RadarMarkProgress: IsOpponentHeroDebuffed: False, IsOpponentEngineerDebuffed: False, IsOpponentInfantry3Debuffed: False, IsOpponentInfantry4Debuffed: False, IsOpponentAerialMarked: False, IsOpponentSentryDebuffed: False, IsAllyHeroMarked: False, IsAllyEngineerMarked: False, IsAllyInfantry3Marked: False, IsAllyInfantry4Marked: False, IsAllyAerialMarked: False, IsAllySentryMarked: False
[2026-05-01 03:54:10.672]<DEBUG> [SerialHandler] <0x0003> GameRobotHp: Red1: 0, Red2: 0, Red3: 0, Red4: 0, Red5: 0, Red7: 0, RedOutpost: 0, RedBase: 0, Blue1: 34209, Blue2: 0, Blue3: 0, Blue4: 0, Blue5: 0, Blue7: 0, BlueOutpost: 0, BlueBase: 26992
[2026-05-01 03:54:10.990]<DEBUG> [SerialHandler] <0x0003> GameRobotHp: Red1: 0, Red2: 0, Red3: 0, Red4: 0, Red5: 0, Red7: 0, RedOutpost: 0, RedBase: 0, Blue1: 17755, Blue2: 0, Blue3: 0, Blue4: 0, Blue5: 0, Blue7: 0, BlueOutpost: 0, BlueBase: 26992
[2026-05-01 03:54:11.270]<DEBUG> [SerialHandler] <0x0003> GameRobotHp: Red1: 0, Red2: 0, Red3: 0, Red4: 0, Red5: 0, Red7: 0, RedOutpost: 0, RedBase: 0, Blue1: 19578, Blue2: 0, Blue3: 0, Blue4: 0, Blue5: 0, Blue7: 0, BlueOutpost: 0, BlueBase: 26992
[2026-05-01 03:54:11.567]<DEBUG> [SerialHandler] <0x020C> RadarMarkProgress: IsOpponentHeroDebuffed: False, IsOpponentEngineerDebuffed: False, IsOpponentInfantry3Debuffed: False, IsOpponentInfantry4Debuffed: False, IsOpponentAerialMarked: False, IsOpponentSentryDebuffed: False, IsAllyHeroMarked: False, IsAllyEngineerMarked: False, IsAllyInfantry3Marked: False, IsAllyInfantry4Marked: False, IsAllyAerialMarked: False, IsAllySentryMarked: False
[2026-05-01 03:54:11.587]<DEBUG> [SerialHandler] <0x0001> GameStatus: GameType: 1, GameStage: Started, StageRemainTime: 351, SyncTimestamp: 0
[2026-05-01 03:54:11.865]<DEBUG> [SerialHandler] <0x0003> GameRobotHp: Red1: 0, Red2: 0, Red3: 0, Red4: 0, Red5: 0, Red7: 0, RedOutpost: 0, RedBase: 0, Blue1: 26878, Blue2: 0, Blue3: 0, Blue4: 0, Blue5: 0, Blue7: 0, BlueOutpost: 0, BlueBase: 26992
[2026-05-01 03:54:12.183]<DEBUG> [SerialHandler] <0x0003> GameRobotHp: Red1: 0, Red2: 0, Red3: 0, Red4: 0, Red5: 0, Red7: 0, RedOutpost: 0, RedBase: 0, Blue1: 15088, Blue2: 0, Blue3: 0, Blue4: 0, Blue5: 0, Blue7: 0, BlueOutpost: 0, BlueBase: 26992
[2026-05-01 03:54:12.460]<DEBUG> [SerialHandler] <0x0003> GameRobotHp: Red1: 0, Red2: 0, Red3: 0, Red4: 0, Red5: 0, Red7: 0, RedOutpost: 0, RedBase: 0, Blue1: 45883, Blue2: 0, Blue3: 0, Blue4: 0, Blue5: 0, Blue7: 0, BlueOutpost: 0, BlueBase: 26992
[2026-05-01 03:54:12.579]<DEBUG> [SerialHandler] <0x020C> RadarMarkProgress: IsOpponentHeroDebuffed: False, IsOpponentEngineerDebuffed: False, IsOpponentInfantry3Debuffed: False, IsOpponentInfantry4Debuffed: False, IsOpponentAerialMarked: False, IsOpponentSentryDebuffed: False, IsAllyHeroMarked: False, IsAllyEngineerMarked: False, IsAllyInfantry3Marked: False, IsAllyInfantry4Marked: False, IsAllyAerialMarked: False, IsAllySentryMarked: False
[2026-05-01 03:54:12.757]<DEBUG> [SerialHandler] <0x0003> GameRobotHp: Red1: 0, Red2: 0, Red3: 0, Red4: 0, Red5: 0, Red7: 0, RedOutpost: 0, RedBase: 0, Blue1: 15020, Blue2: 0, Blue3: 0, Blue4: 0, Blue5: 0, Blue7: 0, BlueOutpost: 0, BlueBase: 26992
[2026-05-01 03:54:13.070]<DEBUG> [SerialHandler] <0x0003> GameRobotHp: Red1: 0, Red2: 0, Red3: 0, Red4: 0, Red5: 0, Red7: 0, RedOutpost: 0, RedBase: 0, Blue1: 34259, Blue2: 0, Blue3: 0, Blue4: 0, Blue5: 0, Blue7: 0, BlueOutpost: 0, BlueBase: 26992
[2026-05-01 03:54:13.384]<DEBUG> [SerialHandler] <0x0003> GameRobotHp: Red1: 0, Red2: 0, Red3: 0, Red4: 0, Red5: 0, Red7: 0, RedOutpost: 0, RedBase: 0, Blue1: 22354, Blue2: 0, Blue3: 0, Blue4: 0, Blue5: 0, Blue7: 0, BlueOutpost: 0, BlueBase: 26992
[2026-05-01 03:54:13.576]<DEBUG> [SerialHandler] <0x020C> RadarMarkProgress: IsOpponentHeroDebuffed: False, IsOpponentEngineerDebuffed: False, IsOpponentInfantry3Debuffed: False, IsOpponentInfantry4Debuffed: False, IsOpponentAerialMarked: False, IsOpponentSentryDebuffed: False, IsAllyHeroMarked: False, IsAllyEngineerMarked: False, IsAllyInfantry3Marked: False, IsAllyInfantry4Marked: False, IsAllyAerialMarked: False, IsAllySentryMarked: False
[2026-05-01 03:54:13.600]<DEBUG> [SerialHandler] <0x0101> GameBuff: IsSupplyAreaOccupied: False, IsReservedBit1Set: False, IsSupplyAreaOccupied3: False, LittleEnergyOrganStatus: 0, BigEnergyOrganStatus: 0, CentralHighlandStatus: 0, TrapezoidalHighlandStatus: 0, EnemyDartHitTime: 0, EnemyDartHitTarget: 0, CenterGainPointStatus: 0, FortressGainPointStatus: 0, OutpostGainPointStatus: 0, IsBaseGainPointOccupied: False
[2026-05-01 03:54:13.680]<DEBUG> [SerialHandler] <0x0003> GameRobotHp: Red1: 0, Red2: 0, Red3: 0, Red4: 0, Red5: 0, Red7: 0, RedOutpost: 0, RedBase: 0, Blue1: 62226, Blue2: 0, Blue3: 0, Blue4: 0, Blue5: 0, Blue7: 0, BlueOutpost: 0, BlueBase: 26992
[2026-05-01 03:54:13.961]<DEBUG> [SerialHandler] <0x0003> GameRobotHp: Red1: 0, Red2: 0, Red3: 0, Red4: 0, Red5: 0, Red7: 0, RedOutpost: 0, RedBase: 0, Blue1: 1372, Blue2: 0, Blue3: 0, Blue4: 0, Blue5: 0, Blue7: 0, BlueOutpost: 0, BlueBase: 26992
[2026-05-01 03:54:14.276]<DEBUG> [SerialHandler] <0x0003> GameRobotHp: Red1: 0, Red2: 0, Red3: 0, Red4: 0, Red5: 0, Red7: 0, RedOutpost: 0, RedBase: 0, Blue1: 15049, Blue2: 0, Blue3: 0, Blue4: 0, Blue5: 0, Blue7: 0, BlueOutpost: 0, BlueBase: 26992
[2026-05-01 03:54:14.575]<DEBUG> [SerialHandler] <0x020C> RadarMarkProgress: IsOpponentHeroDebuffed: False, IsOpponentEngineerDebuffed: False, IsOpponentInfantry3Debuffed: False, IsOpponentInfantry4Debuffed: False, IsOpponentAerialMarked: False, IsOpponentSentryDebuffed: False, IsAllyHeroMarked: False, IsAllyEngineerMarked: False, IsAllyInfantry3Marked: False, IsAllyInfantry4Marked: False, IsAllyAerialMarked: False, IsAllySentryMarked: False
[2026-05-01 03:54:14.873]<DEBUG> [SerialHandler] <0x0003> GameRobotHp: Red1: 0, Red2: 0, Red3: 0, Red4: 0, Red5: 0, Red7: 0, RedOutpost: 0, RedBase: 0, Blue1: 7743, Blue2: 0, Blue3: 0, Blue4: 0, Blue5: 0, Blue7: 0, BlueOutpost: 0, BlueBase: 26992
[2026-05-01 03:54:15.176]<DEBUG> [SerialHandler] <0x0003> GameRobotHp: Red1: 0, Red2: 0, Red3: 0, Red4: 0, Red5: 0, Red7: 0, RedOutpost: 0, RedBase: 0, Blue1: 62327, Blue2: 0, Blue3: 0, Blue4: 0, Blue5: 0, Blue7: 0, BlueOutpost: 0, BlueBase: 26992
[2026-05-01 03:54:15.469]<DEBUG> [SerialHandler] <0x0003> GameRobotHp: Red1: 0, Red2: 0, Red3: 0, Red4: 0, Red5: 0, Red7: 0, RedOutpost: 0, RedBase: 0, Blue1: 1337, Blue2: 0, Blue3: 0, Blue4: 0, Blue5: 0, Blue7: 0, BlueOutpost: 0, BlueBase: 26992
[2026-05-01 03:54:15.583]<DEBUG> [SerialHandler] <0x020C> RadarMarkProgress: IsOpponentHeroDebuffed: False, IsOpponentEngineerDebuffed: False, IsOpponentInfantry3Debuffed: False, IsOpponentInfantry4Debuffed: False, IsOpponentAerialMarked: False, IsOpponentSentryDebuffed: False, IsAllyHeroMarked: False, IsAllyEngineerMarked: False, IsAllyInfantry3Marked: False, IsAllyInfantry4Marked: False, IsAllyAerialMarked: False, IsAllySentryMarked: False
[2026-05-01 03:54:15.584]<DEBUG> [SerialHandler] <0x0001> GameStatus: GameType: 1, GameStage: Started, StageRemainTime: 347, SyncTimestamp: 0
[2026-05-01 03:54:15.758]<DEBUG> [SerialHandler] <0x0003> GameRobotHp: Red1: 0, Red2: 0, Red3: 0, Red4: 0, Red5: 0, Red7: 0, RedOutpost: 0, RedBase: 0, Blue1: 13210, Blue2: 0, Blue3: 0, Blue4: 0, Blue5: 0, Blue7: 0, BlueOutpost: 0, BlueBase: 26992
[2026-05-01 03:54:16.079]<DEBUG> [SerialHandler] <0x0003> GameRobotHp: Red1: 0, Red2: 0, Red3: 0, Red4: 0, Red5: 0, Red7: 0, RedOutpost: 0, RedBase: 0, Blue1: 24963, Blue2: 100, Blue3: 105, Blue4: 111, Blue5: 47, Blue7: 84, BlueOutpost: 104, BlueBase: 26992
[2026-05-01 03:54:16.377]<DEBUG> [SerialHandler] <0x0003> GameRobotHp: Red1: 0, Red2: 0, Red3: 0, Red4: 0, Red5: 0, Red7: 0, RedOutpost: 0, RedBase: 0, Blue1: 36025, Blue2: 0, Blue3: 0, Blue4: 0, Blue5: 0, Blue7: 0, BlueOutpost: 0, BlueBase: 26992
[2026-05-01 03:54:16.594]<DEBUG> [SerialHandler] <0x020C> RadarMarkProgress: IsOpponentHeroDebuffed: False, IsOpponentEngineerDebuffed: False, IsOpponentInfantry3Debuffed: False, IsOpponentInfantry4Debuffed: False, IsOpponentAerialMarked: False, IsOpponentSentryDebuffed: False, IsAllyHeroMarked: False, IsAllyEngineerMarked: False, IsAllyInfantry3Marked: False, IsAllyInfantry4Marked: False, IsAllyAerialMarked: False, IsAllySentryMarked: False
[2026-05-01 03:54:16.696]<DEBUG> [SerialHandler] <0x0003> GameRobotHp: Red1: 0, Red2: 0, Red3: 0, Red4: 0, Red5: 0, Red7: 0, RedOutpost: 0, RedBase: 0, Blue1: 13236, Blue2: 101, Blue3: 114, Blue4: 97, Blue5: 115, Blue7: 32, BlueOutpost: 114, BlueBase: 26992
[2026-05-01 03:54:16.958]<DEBUG> [SerialHandler] <0x0003> GameRobotHp: Red1: 0, Red2: 0, Red3: 0, Red4: 0, Red5: 0, Red7: 0, RedOutpost: 0, RedBase: 0, Blue1: 15070, Blue2: 1, Blue3: 0, Blue4: 0, Blue5: 0, Blue7: 0, BlueOutpost: 0, BlueBase: 26992
[2026-05-01 03:54:17.273]<DEBUG> [SerialHandler] <0x0003> GameRobotHp: Red1: 0, Red2: 0, Red3: 0, Red4: 0, Red5: 0, Red7: 0, RedOutpost: 0, RedBase: 0, Blue1: 41244, Blue2: 30295, Blue3: 0, Blue4: 28272, Blue5: 24572, Blue7: 30295, BlueOutpost: 0, BlueBase: 26992
[2026-05-01 03:54:17.586]<DEBUG> [SerialHandler] <0x020C> RadarMarkProgress: IsOpponentHeroDebuffed: False, IsOpponentEngineerDebuffed: False, IsOpponentInfantry3Debuffed: False, IsOpponentInfantry4Debuffed: False, IsOpponentAerialMarked: False, IsOpponentSentryDebuffed: False, IsAllyHeroMarked: False, IsAllyEngineerMarked: False, IsAllyInfantry3Marked: False, IsAllyInfantry4Marked: False, IsAllyAerialMarked: False, IsAllySentryMarked: False
[2026-05-01 03:54:17.885]<DEBUG> [SerialHandler] <0x0003> GameRobotHp: Red1: 0, Red2: 0, Red3: 0, Red4: 0, Red5: 0, Red7: 0, RedOutpost: 0, RedBase: 0, Blue1: 22341, Blue2: 0, Blue3: 0, Blue4: 0, Blue5: 0, Blue7: 0, BlueOutpost: 0, BlueBase: 26992
[2026-05-01 03:54:18.185]<DEBUG> [SerialHandler] <0x0003> GameRobotHp: Red1: 0, Red2: 0, Red3: 0, Red4: 0, Red5: 0, Red7: 0, RedOutpost: 0, RedBase: 0, Blue1: 1355, Blue2: 114, Blue3: 101, Blue4: 46, Blue5: 69, Blue7: 100, BlueOutpost: 105, BlueBase: 26992
[2026-05-01 03:54:18.474]<DEBUG> [SerialHandler] <0x0003> GameRobotHp: Red1: 0, Red2: 0, Red3: 0, Red4: 0, Red5: 0, Red7: 0, RedOutpost: 0, RedBase: 0, Blue1: 57705, Blue2: 0, Blue3: 0, Blue4: 0, Blue5: 0, Blue7: 0, BlueOutpost: 0, BlueBase: 26992
[2026-05-01 03:54:18.598]<DEBUG> [SerialHandler] <0x020C> RadarMarkProgress: IsOpponentHeroDebuffed: False, IsOpponentEngineerDebuffed: False, IsOpponentInfantry3Debuffed: False, IsOpponentInfantry4Debuffed: False, IsOpponentAerialMarked: False, IsOpponentSentryDebuffed: False, IsAllyHeroMarked: False, IsAllyEngineerMarked: False, IsAllyInfantry3Marked: False, IsAllyInfantry4Marked: False, IsAllyAerialMarked: False, IsAllySentryMarked: False
[2026-05-01 03:54:18.768]<DEBUG> [SerialHandler] <0x0003> GameRobotHp: Red1: 0, Red2: 0, Red3: 0, Red4: 0, Red5: 0, Red7: 0, RedOutpost: 0, RedBase: 0, Blue1: 3096, Blue2: 52, Blue3: 0, Blue4: 1739, Blue5: 0, Blue7: 0, BlueOutpost: 0, BlueBase: 26992
[2026-05-01 03:54:19.084]<DEBUG> [SerialHandler] <0x0003> GameRobotHp: Red1: 0, Red2: 0, Red3: 0, Red4: 0, Red5: 0, Red7: 0, RedOutpost: 0, RedBase: 0, Blue1: 64086, Blue2: 1056, Blue3: 0, Blue4: 0, Blue5: 0, Blue7: 0, BlueOutpost: 0, BlueBase: 26992
[2026-05-01 03:54:19.384]<DEBUG> [SerialHandler] <0x0003> GameRobotHp: Red1: 0, Red2: 0, Red3: 0, Red4: 0, Red5: 0, Red7: 0, RedOutpost: 0, RedBase: 0, Blue1: 55261, Blue2: 54105, Blue3: 17071, Blue4: 59855, Blue5: 16710, Blue7: 0, BlueOutpost: 0, BlueBase: 26992
[2026-05-01 03:54:19.581]<DEBUG> [SerialHandler] <0x020C> RadarMarkProgress: IsOpponentHeroDebuffed: False, IsOpponentEngineerDebuffed: False, IsOpponentInfantry3Debuffed: False, IsOpponentInfantry4Debuffed: False, IsOpponentAerialMarked: False, IsOpponentSentryDebuffed: False, IsAllyHeroMarked: False, IsAllyEngineerMarked: False, IsAllyInfantry3Marked: False, IsAllyInfantry4Marked: False, IsAllyAerialMarked: False, IsAllySentryMarked: False
[2026-05-01 03:54:19.984]<DEBUG> [SerialHandler] <0x0003> GameRobotHp: Red1: 0, Red2: 0, Red3: 0, Red4: 0, Red5: 0, Red7: 0, RedOutpost: 0, RedBase: 0, Blue1: 24065, Blue2: 0, Blue3: 0, Blue4: 0, Blue5: 0, Blue7: 0, BlueOutpost: 0, BlueBase: 26992
[2026-05-01 03:54:20.264]<DEBUG> [SerialHandler] <0x0003> GameRobotHp: Red1: 0, Red2: 0, Red3: 0, Red4: 0, Red5: 0, Red7: 0, RedOutpost: 0, RedBase: 0, Blue1: 26779, Blue2: 0, Blue3: 0, Blue4: 0, Blue5: 0, Blue7: 0, BlueOutpost: 0, BlueBase: 26992
[2026-05-01 03:54:20.595]<DEBUG> [SerialHandler] <0x020C> RadarMarkProgress: IsOpponentHeroDebuffed: False, IsOpponentEngineerDebuffed: False, IsOpponentInfantry3Debuffed: False, IsOpponentInfantry4Debuffed: False, IsOpponentAerialMarked: False, IsOpponentSentryDebuffed: False, IsAllyHeroMarked: False, IsAllyEngineerMarked: False, IsAllyInfantry3Marked: False, IsAllyInfantry4Marked: False, IsAllyAerialMarked: False, IsAllySentryMarked: False
[2026-05-01 03:54:21.161]<DEBUG> [SerialHandler] <0x0003> GameRobotHp: Red1: 0, Red2: 0, Red3: 0, Red4: 0, Red5: 0, Red7: 0, RedOutpost: 0, RedBase: 0, Blue1: 52368, Blue2: 0, Blue3: 0, Blue4: 0, Blue5: 0, Blue7: 0, BlueOutpost: 0, BlueBase: 26992
